all memory transactions:
1: MEM Rd Req: addr=f0000000 tag=0
2: MEM Rsp: tag=0 data=41050513000015170005006b001005131a0000ef00b5106b1ac5859300000597fc1025730005006b0010051311c000ef00b5106b1285859300000597fc102573
3: MEM Rd Req: addr=f0000100 tag=0
4: MEM Rsp: tag=0 data=ff000137dd418193000021970005006bfff005130005006b0000051300040193000080671050006f1ac505130000051700078863000007930000806700000513
5: MEM Rd Req: addr=f0000140 tag=0
6: MEM Rsp: tag=0 data=00008067fff00513000080670005006b0000051300068663cc3026f3fc02721300a202333cb202130000121702b505330000059340b1013300a51593cc102573
7: MEM Rd Req: addr=f00001c0 tag=0
8: MEM Rsp: tag=0 data=000006130000051303d000ef00020413e18585930000159700020513000006130007806bfff007930081242300112623ff01011300008067f140257300008067
9: MEM Rd Req: addr=f0000a00 tag=0
10: MEM Rsp: tag=0 data=0607946300c508b30037f79300b547b32840006f0000051300000613000006930005059300008067fff0051300008067fff0051300008067fff0051300008067
11: MEM Rd Req: addr=f0000a40 tag=0
12: MEM Rsp: tag=0 data=ff07ae2300468693004787930006a80302c77863000707930005869308d7ce630200079340e606b3ffc8f61306079a63000507130035779306c7f06300300793
13: MEM Rd Req: addr=f0000a80 tag=0
14: MEM Rsp: tag=0 data=fee898e3fef70fa300158593001707130005c7830515786300050713000080670117686300f585b300f7073300478793ffc7f79340e787b3fff60793fec7e8e3
15: MEM Rd Req: addr=f0000ac0 tag=0
16: MEM Rsp: tag=0 data=ff01011300008067f61ff06ffc079ae300158593fed70fa300377793001707130005c683f6078ee300158593fed70fa300377793001707130005c68300008067
17: MEM Rd Req: addr=f0000200 tag=0
18: MEM Rsp: tag=0 data=00001417dcc78793000017970121202300812423ff01011300008067010101130081240300c120830007806b0017b793cc3027f31cd000ef00a4053300000593
19: MEM Rd Req: addr=f0000bc0 tag=0
20: MEM Rsp: tag=0 data=00b7222300b7202300e686b300f67613ff067693080592630a07906300f7779302c37e630005071300f00313fcdff06ffce89ee3fef70fa30015859300170713
21: MEM Rd Req: addr=f0000c00 tag=0
22: MEM Rsp: tag=0 data=00b7052300b705a300b7062300b706a300b7072300c68067005686b3000002970026969340c306b30000806700061463fed766e30107071300b7262300b72423
23: MEM Rd Req: addr=f0000c40 tag=0
24: MEM Rsp: tag=0 data=00d5e5b30105969300d5e5b3008596930ff5f5930000806700b7002300b700a300b7012300b701a300b7022300b702a300b7032300b703a300b7042300b704a3
25: MEM Rd Req: addr=f0000040 tag=0
26: MEM Rsp: tag=0 data=00050413001126230081242300000593ff0101130040006f03c000ef1c8000ef1c1000ef2685051300000517385000ef0000059340a606334a06061300001617
27: MEM Rd Req: addr=f0000c80 tag=0
28: MEM Rsp: tag=0 data=04078c63148727837887270300000717f3dff06ff6c378e300f6063340f70733ff07879300028093fa0680e700008293005686b30000029700279693f6dff06f
29: MEM Wr Req: addr=f0001440 tag=22 byteen=0000000000008000 data=xxxxxxxxxxxxxxxxxxxxxxxxxxxxxxxxxxxxxxxxxxxxxxxxxxxxxxxxxxxxxxxxxxxxxxxxxxxxxxxxxxxxxxxxxxxxxxxx00xxxxxxxxxxxxxxxxxxxxxxxxxxxxxx
30: MEM Wr Req: addr=f0001440 tag=22 byteen=0000000000004000 data=xxxxxxxxxxxxxxxxxxxxxxxxxxxxxxxxxxxxxxxxxxxxxxxxxxxxxxxxxxxxxxxxxxxxxxxxxxxxxxxxxxxxxxxxxxxxxxxxxx00xxxxxxxxxxxxxxxxxxxxxxxxxxxx
31: MEM Wr Req: addr=f0001440 tag=22 byteen=0000000000002000 data=xxxxxxxxxxxxxxxxxxxxxxxxxxxxxxxxxxxxxxxxxxxxxxxxxxxxxxxxxxxxxxxxxxxxxxxxxxxxxxxxxxxxxxxxxxxxxxxxxxxx00xxxxxxxxxxxxxxxxxxxxxxxxxx
32: MEM Wr Req: addr=f0001440 tag=22 byteen=0000000000001000 data=xxxxxxxxxxxxxxxxxxxxxxxxxxxxxxxxxxxxxxxxxxxxxxxxxxxxxxxxxxxxxxxxxxxxxxxxxxxxxxxxxxxxxxxxxxxxxxxxxxxxxx00xxxxxxxxxxxxxxxxxxxxxxxx
33: MEM Wr Req: addr=f0001440 tag=22 byteen=0000000000000800 data=xxxxxxxxxxxxxxxxxxxxxxxxxxxxxxxxxxxxxxxxxxxxxxxxxxxxxxxxxxxxxxxxxxxxxxxxxxxxxxxxxxxxxxxxxxxxxxxxxxxxxxxx00xxxxxxxxxxxxxxxxxxxxxx
34: MEM Wr Req: addr=f0001440 tag=22 byteen=0000000000000400 data=xxxxxxxxxxxxxxxxxxxxxxxxxxxxxxxxxxxxxxxxxxxxxxxxxxxxxxxxxxxxxxxxxxxxxxxxxxxxxxxxxxxxxxxxxxxxxxxxxxxxxxxxxx00xxxxxxxxxxxxxxxxxxxx
35: MEM Wr Req: addr=f0001440 tag=22 byteen=0000000000000200 data=xxxxxxxxxxxxxxxxxxxxxxxxxxxxxxxxxxxxxxxxxxxxxxxxxxxxxxxxxxxxxxxxxxxxxxxxxxxxxxxxxxxxxxxxxxxxxxxxxxxxxxxxxxxx00xxxxxxxxxxxxxxxxxx
36: MEM Wr Req: addr=f0001440 tag=22 byteen=0000000000000100 data=xxxxxxxxxxxxxxxxxxxxxxxxxxxxxxxxxxxxxxxxxxxxxxxxxxxxxxxxxxxxxxxxxxxxxxxxxxxxxxxxxxxxxxxxxxxxxxxxxxxxxxxxxxxxxx00xxxxxxxxxxxxxxxx
37: MEM Wr Req: addr=f0001440 tag=22 byteen=00000000000f0000 data=xxxxxxxxxxxxxxxxxxxxxxxxxxxxxxxxxxxxxxxxxxxxxxxxxxxxxxxxxxxxxxxxxxxxxxxxxxxxxxxxxxxxxxxx00000000xxxxxxxxxxxxxxxxxxxxxxxxxxxxxxxx
38: MEM Wr Req: addr=f0001440 tag=22 byteen=0000000000f00000 data=xxxxxxxxxxxxxxxxxxxxxxxxxxxxxxxxxxxxxxxxxxxxxxxxxxxxxxxxxxxxxxxxxxxxxxxxxxxxxxxx00000000xxxxxxxxxxxxxxxxxxxxxxxxxxxxxxxxxxxxxxxx
39: MEM Wr Req: addr=f0001440 tag=22 byteen=000000000f000000 data=xxxxxxxxxxxxxxxxxxxxxxxxxxxxxxxxxxxxxxxxxxxxxxxxxxxxxxxxxxxxxxxxxxxxxxxx00000000xxxxxxxxxxxxxxxxxxxxxxxxxxxxxxxxxxxxxxxxxxxxxxxx
40: MEM Wr Req: addr=f0001440 tag=22 byteen=00000000f0000000 data=xxxxxxxxxxxxxxxxxxxxxxxxxxxxxxxxxxxxxxxxxxxxxxxxxxxxxxxxxxxxxxxx00000000xxxxxxxxxxxxxxxxxxxxxxxxxxxxxxxxxxxxxxxxxxxxxxxxxxxxxxxx
41: MEM Wr Req: addr=f0001440 tag=22 byteen=0000000f00000000 data=xxxxxxxxxxxxxxxxxxxxxxxxxxxxxxxxxxxxxxxxxxxxxxxxxxxxxxxx00000000xxxxxxxxxxxxxxxxxxxxxxxxxxxxxxxxxxxxxxxxxxxxxxxxxxxxxxxxxxxxxxxx
42: MEM Wr Req: addr=f0001440 tag=22 byteen=000000f000000000 data=xxxxxxxxxxxxxxxxxxxxxxxxxxxxxxxxxxxxxxxxxxxxxxxx00000000xxxxxxxxxxxxxxxxxxxxxxxxxxxxxxxxxxxxxxxxxxxxxxxxxxxxxxxxxxxxxxxxxxxxxxxx
43: MEM Wr Req: addr=f0001440 tag=22 byteen=00000f0000000000 data=xxxxxxxxxxxxxxxxxxxxxxxxxxxxxxxxxxxxxxxx00000000xxxxxxxxxxxxxxxxxxxxxxxxxxxxxxxxxxxxxxxxxxxxxxxxxxxxxxxxxxxxxxxxxxxxxxxxxxxxxxxx
44: MEM Wr Req: addr=f0001440 tag=22 byteen=0000f00000000000 data=xxxxxxxxxxxxxxxxxxxxxxxxxxxxxxxx00000000xxxxxxxxxxxxxxxxxxxxxxxxxxxxxxxxxxxxxxxxxxxxxxxxxxxxxxxxxxxxxxxxxxxxxxxxxxxxxxxxxxxxxxxx
45: MEM Wr Req: addr=f0001440 tag=22 byteen=000f000000000000 data=xxxxxxxxxxxxxxxxxxxxxxxx00000000xxxxxxxxxxxxxxxxxxxxxxxxxxxxxxxxxxxxxxxxxxxxxxxxxxxxxxxxxxxxxxxxxxxxxxxxxxxxxxxxxxxxxxxxxxxxxxxx
46: MEM Wr Req: addr=f0001440 tag=22 byteen=00f0000000000000 data=xxxxxxxxxxxxxxxx00000000xxxxxxxxxxxxxxxxxxxxxxxxxxxxxxxxxxxxxxxxxxxxxxxxxxxxxxxxxxxxxxxxxxxxxxxxxxxxxxxxxxxxxxxxxxxxxxxxxxxxxxxx
47: MEM Wr Req: addr=f0001440 tag=22 byteen=0f00000000000000 data=xxxxxxxx00000000xxxxxxxxxxxxxxxxxxxxxxxxxxxxxxxxxxxxxxxxxxxxxxxxxxxxxxxxxxxxxxxxxxxxxxxxxxxxxxxxxxxxxxxxxxxxxxxxxxxxxxxxxxxxxxxx
48: MEM Wr Req: addr=f0001440 tag=22 byteen=f000000000000000 data=00000000xxxxxxxxxxxxxxxxxxxxxxxxxxxxxxxxxxxxxxxxxxxxxxxxxxxxxxxxxxxxxxxxxxxxxxxxxxxxxxxxxxxxxxxxxxxxxxxxxxxxxxxxxxxxxxxxxxxxxxxx
49: MEM Wr Req: addr=f0001480 tag=42 byteen=000000000000000f data=xxxxxxxxxxxxxxxxxxxxxxxxxxxxxxxxxxxxxxxxxxxxxxxxxxxxxxxxxxxxxxxxxxxxxxxxxxxxxxxxxxxxxxxxxxxxxxxxxxxxxxxxxxxxxxxxxxxxxxxx00000000
50: MEM Wr Req: addr=f0001480 tag=42 byteen=00000000000000f0 data=xxxxxxxxxxxxxxxxxxxxxxxxxxxxxxxxxxxxxxxxxxxxxxxxxxxxxxxxxxxxxxxxxxxxxxxxxxxxxxxxxxxxxxxxxxxxxxxxxxxxxxxxxxxxxxxx00000000xxxxxxxx
51: MEM Wr Req: addr=f0001480 tag=42 byteen=0000000000000f00 data=xxxxxxxxxxxxxxxxxxxxxxxxxxxxxxxxxxxxxxxxxxxxxxxxxxxxxxxxxxxxxxxxxxxxxxxxxxxxxxxxxxxxxxxxxxxxxxxxxxxxxxxx00000000xxxxxxxxxxxxxxxx
52: MEM Wr Req: addr=f0001480 tag=42 byteen=000000000000f000 data=xxxxxxxxxxxxxxxxxxxxxxxxxxxxxxxxxxxxxxxxxxxxxxxxxxxxxxxxxxxxxxxxxxxxxxxxxxxxxxxxxxxxxxxxxxxxxxxx00000000xxxxxxxxxxxxxxxxxxxxxxxx
53: MEM Wr Req: addr=f0001480 tag=42 byteen=00000000000f0000 data=xxxxxxxxxxxxxxxxxxxxxxxxxxxxxxxxxxxxxxxxxxxxxxxxxxxxxxxxxxxxxxxxxxxxxxxxxxxxxxxxxxxxxxxx00000000xxxxxxxxxxxxxxxxxxxxxxxxxxxxxxxx
54: MEM Wr Req: addr=f0001480 tag=42 byteen=0000000000f00000 data=xxxxxxxxxxxxxxxxxxxxxxxxxxxxxxxxxxxxxxxxxxxxxxxxxxxxxxxxxxxxxxxxxxxxxxxxxxxxxxxx00000000xxxxxxxxxxxxxxxxxxxxxxxxxxxxxxxxxxxxxxxx
55: MEM Wr Req: addr=f0001480 tag=42 byteen=000000000f000000 data=xxxxxxxxxxxxxxxxxxxxxxxxxxxxxxxxxxxxxxxxxxxxxxxxxxxxxxxxxxxxxxxxxxxxxxxx00000000xxxxxxxxxxxxxxxxxxxxxxxxxxxxxxxxxxxxxxxxxxxxxxxx
56: MEM Wr Req: addr=f0001480 tag=42 byteen=00000000f0000000 data=xxxxxxxxxxxxxxxxxxxxxxxxxxxxxxxxxxxxxxxxxxxxxxxxxxxxxxxxxxxxxxxx00000000xxxxxxxxxxxxxxxxxxxxxxxxxxxxxxxxxxxxxxxxxxxxxxxxxxxxxxxx
57: MEM Wr Req: addr=f0001480 tag=42 byteen=0000000f00000000 data=xxxxxxxxxxxxxxxxxxxxxxxxxxxxxxxxxxxxxxxxxxxxxxxxxxxxxxxx00000000xxxxxxxxxxxxxxxxxxxxxxxxxxxxxxxxxxxxxxxxxxxxxxxxxxxxxxxxxxxxxxxx
58: MEM Wr Req: addr=f0001480 tag=42 byteen=000000f000000000 data=xxxxxxxxxxxxxxxxxxxxxxxxxxxxxxxxxxxxxxxxxxxxxxxx00000000xxxxxxxxxxxxxxxxxxxxxxxxxxxxxxxxxxxxxxxxxxxxxxxxxxxxxxxxxxxxxxxxxxxxxxxx
59: MEM Wr Req: addr=f0001480 tag=42 byteen=00000f0000000000 data=xxxxxxxxxxxxxxxxxxxxxxxxxxxxxxxxxxxxxxxx00000000xxxxxxxxxxxxxxxxxxxxxxxxxxxxxxxxxxxxxxxxxxxxxxxxxxxxxxxxxxxxxxxxxxxxxxxxxxxxxxxx
60: MEM Wr Req: addr=f0001480 tag=42 byteen=0000f00000000000 data=xxxxxxxxxxxxxxxxxxxxxxxxxxxxxxxx00000000xxxxxxxxxxxxxxxxxxxxxxxxxxxxxxxxxxxxxxxxxxxxxxxxxxxxxxxxxxxxxxxxxxxxxxxxxxxxxxxxxxxxxxxx
61: MEM Wr Req: addr=f0001480 tag=42 byteen=000f000000000000 data=xxxxxxxxxxxxxxxxxxxxxxxx00000000xxxxxxxxxxxxxxxxxxxxxxxxxxxxxxxxxxxxxxxxxxxxxxxxxxxxxxxxxxxxxxxxxxxxxxxxxxxxxxxxxxxxxxxxxxxxxxxx
62: MEM Wr Req: addr=f0001480 tag=42 byteen=00f0000000000000 data=xxxxxxxxxxxxxxxx00000000xxxxxxxxxxxxxxxxxxxxxxxxxxxxxxxxxxxxxxxxxxxxxxxxxxxxxxxxxxxxxxxxxxxxxxxxxxxxxxxxxxxxxxxxxxxxxxxxxxxxxxxx
63: MEM Wr Req: addr=f0001480 tag=42 byteen=0f00000000000000 data=xxxxxxxx00000000xxxxxxxxxxxxxxxxxxxxxxxxxxxxxxxxxxxxxxxxxxxxxxxxxxxxxxxxxxxxxxxxxxxxxxxxxxxxxxxxxxxxxxxxxxxxxxxxxxxxxxxxxxxxxxxx
64: MEM Wr Req: addr=f0001480 tag=42 byteen=f000000000000000 data=00000000xxxxxxxxxxxxxxxxxxxxxxxxxxxxxxxxxxxxxxxxxxxxxxxxxxxxxxxxxxxxxxxxxxxxxxxxxxxxxxxxxxxxxxxxxxxxxxxxxxxxxxxxxxxxxxxxxxxxxxxx
65: MEM Wr Req: addr=f00014c0 tag=62 byteen=000000000000000f data=xxxxxxxxxxxxxxxxxxxxxxxxxxxxxxxxxxxxxxxxxxxxxxxxxxxxxxxxxxxxxxxxxxxxxxxxxxxxxxxxxxxxxxxxxxxxxxxxxxxxxxxxxxxxxxxxxxxxxxxx00000000
66: MEM Wr Req: addr=f00014c0 tag=62 byteen=00000000000000f0 data=xxxxxxxxxxxxxxxxxxxxxxxxxxxxxxxxxxxxxxxxxxxxxxxxxxxxxxxxxxxxxxxxxxxxxxxxxxxxxxxxxxxxxxxxxxxxxxxxxxxxxxxxxxxxxxxx00000000xxxxxxxx
67: MEM Wr Req: addr=f00014c0 tag=62 byteen=0000000000000f00 data=xxxxxxxxxxxxxxxxxxxxxxxxxxxxxxxxxxxxxxxxxxxxxxxxxxxxxxxxxxxxxxxxxxxxxxxxxxxxxxxxxxxxxxxxxxxxxxxxxxxxxxxx00000000xxxxxxxxxxxxxxxx
68: MEM Wr Req: addr=f00014c0 tag=62 byteen=000000000000f000 data=xxxxxxxxxxxxxxxxxxxxxxxxxxxxxxxxxxxxxxxxxxxxxxxxxxxxxxxxxxxxxxxxxxxxxxxxxxxxxxxxxxxxxxxxxxxxxxxx00000000xxxxxxxxxxxxxxxxxxxxxxxx
69: MEM Wr Req: addr=f00014c0 tag=62 byteen=00000000000f0000 data=xxxxxxxxxxxxxxxxxxxxxxxxxxxxxxxxxxxxxxxxxxxxxxxxxxxxxxxxxxxxxxxxxxxxxxxxxxxxxxxxxxxxxxxx00000000xxxxxxxxxxxxxxxxxxxxxxxxxxxxxxxx
70: MEM Wr Req: addr=f00014c0 tag=62 byteen=0000000000f00000 data=xxxxxxxxxxxxxxxxxxxxxxxxxxxxxxxxxxxxxxxxxxxxxxxxxxxxxxxxxxxxxxxxxxxxxxxxxxxxxxxx00000000xxxxxxxxxxxxxxxxxxxxxxxxxxxxxxxxxxxxxxxx
71: MEM Wr Req: addr=f00014c0 tag=62 byteen=000000000f000000 data=xxxxxxxxxxxxxxxxxxxxxxxxxxxxxxxxxxxxxxxxxxxxxxxxxxxxxxxxxxxxxxxxxxxxxxxx00000000xxxxxxxxxxxxxxxxxxxxxxxxxxxxxxxxxxxxxxxxxxxxxxxx
72: MEM Wr Req: addr=f00014c0 tag=62 byteen=00000000f0000000 data=xxxxxxxxxxxxxxxxxxxxxxxxxxxxxxxxxxxxxxxxxxxxxxxxxxxxxxxxxxxxxxxx00000000xxxxxxxxxxxxxxxxxxxxxxxxxxxxxxxxxxxxxxxxxxxxxxxxxxxxxxxx
73: MEM Rd Req: addr=f0001400 tag=2
74: MEM Rsp: tag=2 data=43410ccdf00010100000000000000000000000000000000000000000000000000000000000000000000000000000000000000000000000000000000000000000
75: MEM Rd Req: addr=f0001140 tag=22
76: MEM Rsp: tag=22 data=00000000000000000000000000000000000000000000000000000000000000000000000000000000000000000000000000000000000000000000000000000000
77: MEM Rd Req: addr=f0000d00 tag=0
78: MEM Rsp: tag=0 data=0000051300b7a423010787b318d7a62300c6e6b300e7a2230017071318c7a683fa5ff06f14f7242314c70793000080670000051300b7a423010787b300e7a223
79: MEM Wr Req: addr=f0001140 tag=22 byteen=000000000f000000 data=xxxxxxxxxxxxxxxxxxxxxxxxxxxxxxxxxxxxxxxxxxxxxxxxxxxxxxxxxxxxxxxxxxxxxxxxf000115cxxxxxxxxxxxxxxxxxxxxxxxxxxxxxxxxxxxxxxxxxxxxxxxx
80: MEM Rd Req: addr=f0000cc0 tag=0
81: MEM Rsp: tag=0 data=0017071302d504630020069310d324231917a42300c8e8b300e61633001006131887a88308c3242301078333020506630027181306e84e6301f008130047a703
82: MEM Wr Req: addr=f0001140 tag=22 byteen=0000000f00000000 data=xxxxxxxxxxxxxxxxxxxxxxxxxxxxxxxxxxxxxxxxxxxxxxxxxxxxxxxx00000001xxxxxxxxxxxxxxxxxxxxxxxxxxxxxxxxxxxxxxxxxxxxxxxxxxxxxxxxxxxxxxxx
83: MEM Wr Req: addr=f0001140 tag=22 byteen=000000f000000000 data=xxxxxxxxxxxxxxxxxxxxxxxxxxxxxxxxxxxxxxxxxxxxxxxxf00002bcxxxxxxxxxxxxxxxxxxxxxxxxxxxxxxxxxxxxxxxxxxxxxxxxxxxxxxxxxxxxxxxxxxxxxxxx
84: MEM Rd Req: addr=f0000240 tag=0
85: MEM Rsp: tag=0 data=d884041300001417d947879300001797ff24e8e3000780e7004404130014849300042783000004934029591302878063408789330091222300112623dc440413
86: MEM Rd Req: addr=f0000280 tag=0
87: MEM Rsp: tag=0 data=ff010113000080670101011300012903004124830081240300c12083ff24e8e3000780e70044041300148493000427830000049300878e634029591340878933
88: MEM Rd Req: addr=f0001000 tag=2
89: MEM Rsp: tag=2 data=0000000000000000000000000000000000000000000000000000000000000000f00013ccf0001364f00012fc000000000000000000000000baadf00df0000108
90: MEM Rd Req: addr=f0000080 tag=0
91: MEM Rsp: tag=0 data=08e7f5d308f7755300f7705318f776d33947a787000017973a07a70700001797084000ef00040513000780e70007846303c527833b452503000015174cd000ef
92: MEM Rd Req: addr=f0001440 tag=22
93: MEM Rsp: tag=22 data=0000000000000000000000000000000000000000000000000000000000000000000000000000000000000000000000000000000000000000f000101042371eb8
94: MEM Rd Req: addr=f00000c0 tag=0
95: MEM Rsp: tag=0 data=0007806bfff0079334f7ac270000179736d7a2270000179718e7f7d336c7aa270000179738b7a0270000179738a7a627000017973807ac270000179710f77653
96: MEM Wr Req: addr=f0001440 tag=22 byteen=00000000f0000000 data=xxxxxxxxxxxxxxxxxxxxxxxxxxxxxxxxxxxxxxxxxxxxxxxxxxxxxxxxxxxxxxxx436ed47bxxxxxxxxxxxxxxxxxxxxxxxxxxxxxxxxxxxxxxxxxxxxxxxxxxxxxxxx
97: MEM Wr Req: addr=f0001440 tag=22 byteen=000000000f000000 data=xxxxxxxxxxxxxxxxxxxxxxxxxxxxxxxxxxxxxxxxxxxxxxxxxxxxxxxxxxxxxxxxxxxxxxxxc313451fxxxxxxxxxxxxxxxxxxxxxxxxxxxxxxxxxxxxxxxxxxxxxxxx
98: MEM Wr Req: addr=f0001440 tag=22 byteen=0000000000f00000 data=xxxxxxxxxxxxxxxxxxxxxxxxxxxxxxxxxxxxxxxxxxxxxxxxxxxxxxxxxxxxxxxxxxxxxxxxxxxxxxxx4313451fxxxxxxxxxxxxxxxxxxxxxxxxxxxxxxxxxxxxxxxx
99: MEM Wr Req: addr=f0001440 tag=22 byteen=00000000000f0000 data=xxxxxxxxxxxxxxxxxxxxxxxxxxxxxxxxxxxxxxxxxxxxxxxxxxxxxxxxxxxxxxxxxxxxxxxxxxxxxxxxxxxxxxxx460a1751xxxxxxxxxxxxxxxxxxxxxxxxxxxxxxxx
100: MEM Wr Req: addr=f0001440 tag=22 byteen=000000000000f000 data=xxxxxxxxxxxxxxxxxxxxxxxxxxxxxxxxxxxxxxxxxxxxxxxxxxxxxxxxxxxxxxxxxxxxxxxxxxxxxxxxxxxxxxxxxxxxxxxx3e72d4fexxxxxxxxxxxxxxxxxxxxxxxx
101: MEM Wr Req: addr=f0001440 tag=22 byteen=0000000000000f00 data=xxxxxxxxxxxxxxxxxxxxxxxxxxxxxxxxxxxxxxxxxxxxxxxxxxxxxxxxxxxxxxxxxxxxxxxxxxxxxxxxxxxxxxxxxxxxxxxxxxxxxxxx4086f0e7xxxxxxxxxxxxxxxx
102: MEM Rd Req: addr=f0000d40 tag=0
103: MEM Rsp: tag=0 data=017126230161282301512a2301312e23029122230281242302112623148a2903032120236e4a2a0300000a1701412c23fd01011300008067fff0051300008067
104: MEM Rd Req: addr=f0000d80 tag=0
105: MEM Rsp: tag=0 data=ffc48493fff40413057780631044a783040b8463009904b30024949302044263fff4841300492483fff0099300100a9300058b9300050b130409006301812423
106: MEM Rd Req: addr=f0000dc0 tag=0
107: MEM Rsp: tag=0 data=fff787930044a68300492783000080670301011300812c0300c12b8301012b0301412a8301812a0301c1298302012903024124830281240302c12083ff3416e3
108: MEM Rd Req: addr=f0000e00 tag=0
109: MEM Rsp: tag=0 data=f5dff06f00078913f80788e3f92784e301871463148a278300492703000680e70207926300f777b300492c03008a973318892783fa0688e30004a22304878e63
110: MEM Rd Req: addr=f0000e40 tag=0
111: MEM Rsp: tag=0 data=01017c0100527a030000000000000010fb9ff06f000680e700058513fa9ff06f00892223fcdff06f000680e7000b051300071c6300f777330844a58318c92783
112: MEM Wr Req: addr=f0001140 tag=22 byteen=0000000f00000000 data=xxxxxxxxxxxxxxxxxxxxxxxxxxxxxxxxxxxxxxxxxxxxxxxxxxxxxxxx00000000xxxxxxxxxxxxxxxxxxxxxxxxxxxxxxxxxxxxxxxxxxxxxxxxxxxxxxxxxxxxxxxx
113: MEM Rd Req: addr=f00012c0 tag=62
114: MEM Rsp: tag=62 data=00000000000000000000000000000000000000000000000000000000000000000000000000000000000000000000000000000000000000000000000000000000
115: MEM Rd Req: addr=f00002c0 tag=0
116: MEM Rsp: tag=0 data=000780e7ffc40413fff484930004278300f40433ffc404130204806340245493001126230091222340f40433d384041300001417d40787930000179700812423
117: MEM Rd Req: addr=f0000300 tag=0
118: MEM Rsp: tag=0 data=00001797fc0025f3cc0026f3cc302773cc50267301212023009122230081242300112623ff0101130000806701010113004124830081240300c12083fe0498e3
119: MEM Rd Req: addr=f0001040 tag=22
120: MEM Rsp: tag=22 data=00000000000000000000000000000000000000000000000000000000000000000000000000000000000000000000000000000000000000000000000000000000

memory read request transactions:
1: MEM Rd Req: addr=f0000000 tag=0
2: MEM Rd Req: addr=f0000100 tag=0
3: MEM Rd Req: addr=f0000140 tag=0
4: MEM Rd Req: addr=f00001c0 tag=0
5: MEM Rd Req: addr=f0000a00 tag=0
6: MEM Rd Req: addr=f0000a40 tag=0
7: MEM Rd Req: addr=f0000a80 tag=0
8: MEM Rd Req: addr=f0000ac0 tag=0
9: MEM Rd Req: addr=f0000200 tag=0
10: MEM Rd Req: addr=f0000bc0 tag=0
11: MEM Rd Req: addr=f0000c00 tag=0
12: MEM Rd Req: addr=f0000c40 tag=0
13: MEM Rd Req: addr=f0000040 tag=0
14: MEM Rd Req: addr=f0000c80 tag=0
15: MEM Rd Req: addr=f0001400 tag=2
16: MEM Rd Req: addr=f0001140 tag=22
17: MEM Rd Req: addr=f0000d00 tag=0
18: MEM Rd Req: addr=f0000cc0 tag=0
19: MEM Rd Req: addr=f0000240 tag=0
20: MEM Rd Req: addr=f0000280 tag=0
21: MEM Rd Req: addr=f0001000 tag=2
22: MEM Rd Req: addr=f0000080 tag=0
23: MEM Rd Req: addr=f0001440 tag=22
24: MEM Rd Req: addr=f00000c0 tag=0
25: MEM Rd Req: addr=f0000d40 tag=0
26: MEM Rd Req: addr=f0000d80 tag=0
27: MEM Rd Req: addr=f0000dc0 tag=0
28: MEM Rd Req: addr=f0000e00 tag=0
29: MEM Rd Req: addr=f0000e40 tag=0
30: MEM Rd Req: addr=f00012c0 tag=62
31: MEM Rd Req: addr=f00002c0 tag=0
32: MEM Rd Req: addr=f0000300 tag=0
33: MEM Rd Req: addr=f0001040 tag=22

memory write request transactions:
1: MEM Wr Req: addr=f0001440 tag=22 byteen=0000000000008000 data=xxxxxxxxxxxxxxxxxxxxxxxxxxxxxxxxxxxxxxxxxxxxxxxxxxxxxxxxxxxxxxxxxxxxxxxxxxxxxxxxxxxxxxxxxxxxxxxx00xxxxxxxxxxxxxxxxxxxxxxxxxxxxxx
2: MEM Wr Req: addr=f0001440 tag=22 byteen=0000000000004000 data=xxxxxxxxxxxxxxxxxxxxxxxxxxxxxxxxxxxxxxxxxxxxxxxxxxxxxxxxxxxxxxxxxxxxxxxxxxxxxxxxxxxxxxxxxxxxxxxxxx00xxxxxxxxxxxxxxxxxxxxxxxxxxxx
3: MEM Wr Req: addr=f0001440 tag=22 byteen=0000000000002000 data=xxxxxxxxxxxxxxxxxxxxxxxxxxxxxxxxxxxxxxxxxxxxxxxxxxxxxxxxxxxxxxxxxxxxxxxxxxxxxxxxxxxxxxxxxxxxxxxxxxxx00xxxxxxxxxxxxxxxxxxxxxxxxxx
4: MEM Wr Req: addr=f0001440 tag=22 byteen=0000000000001000 data=xxxxxxxxxxxxxxxxxxxxxxxxxxxxxxxxxxxxxxxxxxxxxxxxxxxxxxxxxxxxxxxxxxxxxxxxxxxxxxxxxxxxxxxxxxxxxxxxxxxxxx00xxxxxxxxxxxxxxxxxxxxxxxx
5: MEM Wr Req: addr=f0001440 tag=22 byteen=0000000000000800 data=xxxxxxxxxxxxxxxxxxxxxxxxxxxxxxxxxxxxxxxxxxxxxxxxxxxxxxxxxxxxxxxxxxxxxxxxxxxxxxxxxxxxxxxxxxxxxxxxxxxxxxxx00xxxxxxxxxxxxxxxxxxxxxx
6: MEM Wr Req: addr=f0001440 tag=22 byteen=0000000000000400 data=xxxxxxxxxxxxxxxxxxxxxxxxxxxxxxxxxxxxxxxxxxxxxxxxxxxxxxxxxxxxxxxxxxxxxxxxxxxxxxxxxxxxxxxxxxxxxxxxxxxxxxxxxx00xxxxxxxxxxxxxxxxxxxx
7: MEM Wr Req: addr=f0001440 tag=22 byteen=0000000000000200 data=xxxxxxxxxxxxxxxxxxxxxxxxxxxxxxxxxxxxxxxxxxxxxxxxxxxxxxxxxxxxxxxxxxxxxxxxxxxxxxxxxxxxxxxxxxxxxxxxxxxxxxxxxxxx00xxxxxxxxxxxxxxxxxx
8: MEM Wr Req: addr=f0001440 tag=22 byteen=0000000000000100 data=xxxxxxxxxxxxxxxxxxxxxxxxxxxxxxxxxxxxxxxxxxxxxxxxxxxxxxxxxxxxxxxxxxxxxxxxxxxxxxxxxxxxxxxxxxxxxxxxxxxxxxxxxxxxxx00xxxxxxxxxxxxxxxx
9: MEM Wr Req: addr=f0001440 tag=22 byteen=00000000000f0000 data=xxxxxxxxxxxxxxxxxxxxxxxxxxxxxxxxxxxxxxxxxxxxxxxxxxxxxxxxxxxxxxxxxxxxxxxxxxxxxxxxxxxxxxxx00000000xxxxxxxxxxxxxxxxxxxxxxxxxxxxxxxx
10: MEM Wr Req: addr=f0001440 tag=22 byteen=0000000000f00000 data=xxxxxxxxxxxxxxxxxxxxxxxxxxxxxxxxxxxxxxxxxxxxxxxxxxxxxxxxxxxxxxxxxxxxxxxxxxxxxxxx00000000xxxxxxxxxxxxxxxxxxxxxxxxxxxxxxxxxxxxxxxx
11: MEM Wr Req: addr=f0001440 tag=22 byteen=000000000f000000 data=xxxxxxxxxxxxxxxxxxxxxxxxxxxxxxxxxxxxxxxxxxxxxxxxxxxxxxxxxxxxxxxxxxxxxxxx00000000xxxxxxxxxxxxxxxxxxxxxxxxxxxxxxxxxxxxxxxxxxxxxxxx
12: MEM Wr Req: addr=f0001440 tag=22 byteen=00000000f0000000 data=xxxxxxxxxxxxxxxxxxxxxxxxxxxxxxxxxxxxxxxxxxxxxxxxxxxxxxxxxxxxxxxx00000000xxxxxxxxxxxxxxxxxxxxxxxxxxxxxxxxxxxxxxxxxxxxxxxxxxxxxxxx
13: MEM Wr Req: addr=f0001440 tag=22 byteen=0000000f00000000 data=xxxxxxxxxxxxxxxxxxxxxxxxxxxxxxxxxxxxxxxxxxxxxxxxxxxxxxxx00000000xxxxxxxxxxxxxxxxxxxxxxxxxxxxxxxxxxxxxxxxxxxxxxxxxxxxxxxxxxxxxxxx
14: MEM Wr Req: addr=f0001440 tag=22 byteen=000000f000000000 data=xxxxxxxxxxxxxxxxxxxxxxxxxxxxxxxxxxxxxxxxxxxxxxxx00000000xxxxxxxxxxxxxxxxxxxxxxxxxxxxxxxxxxxxxxxxxxxxxxxxxxxxxxxxxxxxxxxxxxxxxxxx
15: MEM Wr Req: addr=f0001440 tag=22 byteen=00000f0000000000 data=xxxxxxxxxxxxxxxxxxxxxxxxxxxxxxxxxxxxxxxx00000000xxxxxxxxxxxxxxxxxxxxxxxxxxxxxxxxxxxxxxxxxxxxxxxxxxxxxxxxxxxxxxxxxxxxxxxxxxxxxxxx
16: MEM Wr Req: addr=f0001440 tag=22 byteen=0000f00000000000 data=xxxxxxxxxxxxxxxxxxxxxxxxxxxxxxxx00000000xxxxxxxxxxxxxxxxxxxxxxxxxxxxxxxxxxxxxxxxxxxxxxxxxxxxxxxxxxxxxxxxxxxxxxxxxxxxxxxxxxxxxxxx
17: MEM Wr Req: addr=f0001440 tag=22 byteen=000f000000000000 data=xxxxxxxxxxxxxxxxxxxxxxxx00000000xxxxxxxxxxxxxxxxxxxxxxxxxxxxxxxxxxxxxxxxxxxxxxxxxxxxxxxxxxxxxxxxxxxxxxxxxxxxxxxxxxxxxxxxxxxxxxxx
18: MEM Wr Req: addr=f0001440 tag=22 byteen=00f0000000000000 data=xxxxxxxxxxxxxxxx00000000xxxxxxxxxxxxxxxxxxxxxxxxxxxxxxxxxxxxxxxxxxxxxxxxxxxxxxxxxxxxxxxxxxxxxxxxxxxxxxxxxxxxxxxxxxxxxxxxxxxxxxxx
19: MEM Wr Req: addr=f0001440 tag=22 byteen=0f00000000000000 data=xxxxxxxx00000000xxxxxxxxxxxxxxxxxxxxxxxxxxxxxxxxxxxxxxxxxxxxxxxxxxxxxxxxxxxxxxxxxxxxxxxxxxxxxxxxxxxxxxxxxxxxxxxxxxxxxxxxxxxxxxxx
20: MEM Wr Req: addr=f0001440 tag=22 byteen=f000000000000000 data=00000000xxxxxxxxxxxxxxxxxxxxxxxxxxxxxxxxxxxxxxxxxxxxxxxxxxxxxxxxxxxxxxxxxxxxxxxxxxxxxxxxxxxxxxxxxxxxxxxxxxxxxxxxxxxxxxxxxxxxxxxx
21: MEM Wr Req: addr=f0001480 tag=42 byteen=000000000000000f data=xxxxxxxxxxxxxxxxxxxxxxxxxxxxxxxxxxxxxxxxxxxxxxxxxxxxxxxxxxxxxxxxxxxxxxxxxxxxxxxxxxxxxxxxxxxxxxxxxxxxxxxxxxxxxxxxxxxxxxxx00000000
22: MEM Wr Req: addr=f0001480 tag=42 byteen=00000000000000f0 data=xxxxxxxxxxxxxxxxxxxxxxxxxxxxxxxxxxxxxxxxxxxxxxxxxxxxxxxxxxxxxxxxxxxxxxxxxxxxxxxxxxxxxxxxxxxxxxxxxxxxxxxxxxxxxxxx00000000xxxxxxxx
23: MEM Wr Req: addr=f0001480 tag=42 byteen=0000000000000f00 data=xxxxxxxxxxxxxxxxxxxxxxxxxxxxxxxxxxxxxxxxxxxxxxxxxxxxxxxxxxxxxxxxxxxxxxxxxxxxxxxxxxxxxxxxxxxxxxxxxxxxxxxx00000000xxxxxxxxxxxxxxxx
24: MEM Wr Req: addr=f0001480 tag=42 byteen=000000000000f000 data=xxxxxxxxxxxxxxxxxxxxxxxxxxxxxxxxxxxxxxxxxxxxxxxxxxxxxxxxxxxxxxxxxxxxxxxxxxxxxxxxxxxxxxxxxxxxxxxx00000000xxxxxxxxxxxxxxxxxxxxxxxx
25: MEM Wr Req: addr=f0001480 tag=42 byteen=00000000000f0000 data=xxxxxxxxxxxxxxxxxxxxxxxxxxxxxxxxxxxxxxxxxxxxxxxxxxxxxxxxxxxxxxxxxxxxxxxxxxxxxxxxxxxxxxxx00000000xxxxxxxxxxxxxxxxxxxxxxxxxxxxxxxx
26: MEM Wr Req: addr=f0001480 tag=42 byteen=0000000000f00000 data=xxxxxxxxxxxxxxxxxxxxxxxxxxxxxxxxxxxxxxxxxxxxxxxxxxxxxxxxxxxxxxxxxxxxxxxxxxxxxxxx00000000xxxxxxxxxxxxxxxxxxxxxxxxxxxxxxxxxxxxxxxx
27: MEM Wr Req: addr=f0001480 tag=42 byteen=000000000f000000 data=xxxxxxxxxxxxxxxxxxxxxxxxxxxxxxxxxxxxxxxxxxxxxxxxxxxxxxxxxxxxxxxxxxxxxxxx00000000xxxxxxxxxxxxxxxxxxxxxxxxxxxxxxxxxxxxxxxxxxxxxxxx
28: MEM Wr Req: addr=f0001480 tag=42 byteen=00000000f0000000 data=xxxxxxxxxxxxxxxxxxxxxxxxxxxxxxxxxxxxxxxxxxxxxxxxxxxxxxxxxxxxxxxx00000000xxxxxxxxxxxxxxxxxxxxxxxxxxxxxxxxxxxxxxxxxxxxxxxxxxxxxxxx
29: MEM Wr Req: addr=f0001480 tag=42 byteen=0000000f00000000 data=xxxxxxxxxxxxxxxxxxxxxxxxxxxxxxxxxxxxxxxxxxxxxxxxxxxxxxxx00000000xxxxxxxxxxxxxxxxxxxxxxxxxxxxxxxxxxxxxxxxxxxxxxxxxxxxxxxxxxxxxxxx
30: MEM Wr Req: addr=f0001480 tag=42 byteen=000000f000000000 data=xxxxxxxxxxxxxxxxxxxxxxxxxxxxxxxxxxxxxxxxxxxxxxxx00000000xxxxxxxxxxxxxxxxxxxxxxxxxxxxxxxxxxxxxxxxxxxxxxxxxxxxxxxxxxxxxxxxxxxxxxxx
31: MEM Wr Req: addr=f0001480 tag=42 byteen=00000f0000000000 data=xxxxxxxxxxxxxxxxxxxxxxxxxxxxxxxxxxxxxxxx00000000xxxxxxxxxxxxxxxxxxxxxxxxxxxxxxxxxxxxxxxxxxxxxxxxxxxxxxxxxxxxxxxxxxxxxxxxxxxxxxxx
32: MEM Wr Req: addr=f0001480 tag=42 byteen=0000f00000000000 data=xxxxxxxxxxxxxxxxxxxxxxxxxxxxxxxx00000000xxxxxxxxxxxxxxxxxxxxxxxxxxxxxxxxxxxxxxxxxxxxxxxxxxxxxxxxxxxxxxxxxxxxxxxxxxxxxxxxxxxxxxxx
33: MEM Wr Req: addr=f0001480 tag=42 byteen=000f000000000000 data=xxxxxxxxxxxxxxxxxxxxxxxx00000000xxxxxxxxxxxxxxxxxxxxxxxxxxxxxxxxxxxxxxxxxxxxxxxxxxxxxxxxxxxxxxxxxxxxxxxxxxxxxxxxxxxxxxxxxxxxxxxx
34: MEM Wr Req: addr=f0001480 tag=42 byteen=00f0000000000000 data=xxxxxxxxxxxxxxxx00000000xxxxxxxxxxxxxxxxxxxxxxxxxxxxxxxxxxxxxxxxxxxxxxxxxxxxxxxxxxxxxxxxxxxxxxxxxxxxxxxxxxxxxxxxxxxxxxxxxxxxxxxx
35: MEM Wr Req: addr=f0001480 tag=42 byteen=0f00000000000000 data=xxxxxxxx00000000xxxxxxxxxxxxxxxxxxxxxxxxxxxxxxxxxxxxxxxxxxxxxxxxxxxxxxxxxxxxxxxxxxxxxxxxxxxxxxxxxxxxxxxxxxxxxxxxxxxxxxxxxxxxxxxx
36: MEM Wr Req: addr=f0001480 tag=42 byteen=f000000000000000 data=00000000xxxxxxxxxxxxxxxxxxxxxxxxxxxxxxxxxxxxxxxxxxxxxxxxxxxxxxxxxxxxxxxxxxxxxxxxxxxxxxxxxxxxxxxxxxxxxxxxxxxxxxxxxxxxxxxxxxxxxxxx
37: MEM Wr Req: addr=f00014c0 tag=62 byteen=000000000000000f data=xxxxxxxxxxxxxxxxxxxxxxxxxxxxxxxxxxxxxxxxxxxxxxxxxxxxxxxxxxxxxxxxxxxxxxxxxxxxxxxxxxxxxxxxxxxxxxxxxxxxxxxxxxxxxxxxxxxxxxxx00000000
38: MEM Wr Req: addr=f00014c0 tag=62 byteen=00000000000000f0 data=xxxxxxxxxxxxxxxxxxxxxxxxxxxxxxxxxxxxxxxxxxxxxxxxxxxxxxxxxxxxxxxxxxxxxxxxxxxxxxxxxxxxxxxxxxxxxxxxxxxxxxxxxxxxxxxx00000000xxxxxxxx
39: MEM Wr Req: addr=f00014c0 tag=62 byteen=0000000000000f00 data=xxxxxxxxxxxxxxxxxxxxxxxxxxxxxxxxxxxxxxxxxxxxxxxxxxxxxxxxxxxxxxxxxxxxxxxxxxxxxxxxxxxxxxxxxxxxxxxxxxxxxxxx00000000xxxxxxxxxxxxxxxx
40: MEM Wr Req: addr=f00014c0 tag=62 byteen=000000000000f000 data=xxxxxxxxxxxxxxxxxxxxxxxxxxxxxxxxxxxxxxxxxxxxxxxxxxxxxxxxxxxxxxxxxxxxxxxxxxxxxxxxxxxxxxxxxxxxxxxx00000000xxxxxxxxxxxxxxxxxxxxxxxx
41: MEM Wr Req: addr=f00014c0 tag=62 byteen=00000000000f0000 data=xxxxxxxxxxxxxxxxxxxxxxxxxxxxxxxxxxxxxxxxxxxxxxxxxxxxxxxxxxxxxxxxxxxxxxxxxxxxxxxxxxxxxxxx00000000xxxxxxxxxxxxxxxxxxxxxxxxxxxxxxxx
42: MEM Wr Req: addr=f00014c0 tag=62 byteen=0000000000f00000 data=xxxxxxxxxxxxxxxxxxxxxxxxxxxxxxxxxxxxxxxxxxxxxxxxxxxxxxxxxxxxxxxxxxxxxxxxxxxxxxxx00000000xxxxxxxxxxxxxxxxxxxxxxxxxxxxxxxxxxxxxxxx
43: MEM Wr Req: addr=f00014c0 tag=62 byteen=000000000f000000 data=xxxxxxxxxxxxxxxxxxxxxxxxxxxxxxxxxxxxxxxxxxxxxxxxxxxxxxxxxxxxxxxxxxxxxxxx00000000xxxxxxxxxxxxxxxxxxxxxxxxxxxxxxxxxxxxxxxxxxxxxxxx
44: MEM Wr Req: addr=f00014c0 tag=62 byteen=00000000f0000000 data=xxxxxxxxxxxxxxxxxxxxxxxxxxxxxxxxxxxxxxxxxxxxxxxxxxxxxxxxxxxxxxxx00000000xxxxxxxxxxxxxxxxxxxxxxxxxxxxxxxxxxxxxxxxxxxxxxxxxxxxxxxx
45: MEM Wr Req: addr=f0001140 tag=22 byteen=000000000f000000 data=xxxxxxxxxxxxxxxxxxxxxxxxxxxxxxxxxxxxxxxxxxxxxxxxxxxxxxxxxxxxxxxxxxxxxxxxf000115cxxxxxxxxxxxxxxxxxxxxxxxxxxxxxxxxxxxxxxxxxxxxxxxx
46: MEM Wr Req: addr=f0001140 tag=22 byteen=0000000f00000000 data=xxxxxxxxxxxxxxxxxxxxxxxxxxxxxxxxxxxxxxxxxxxxxxxxxxxxxxxx00000001xxxxxxxxxxxxxxxxxxxxxxxxxxxxxxxxxxxxxxxxxxxxxxxxxxxxxxxxxxxxxxxx
47: MEM Wr Req: addr=f0001140 tag=22 byteen=000000f000000000 data=xxxxxxxxxxxxxxxxxxxxxxxxxxxxxxxxxxxxxxxxxxxxxxxxf00002bcxxxxxxxxxxxxxxxxxxxxxxxxxxxxxxxxxxxxxxxxxxxxxxxxxxxxxxxxxxxxxxxxxxxxxxxx
48: MEM Wr Req: addr=f0001440 tag=22 byteen=00000000f0000000 data=xxxxxxxxxxxxxxxxxxxxxxxxxxxxxxxxxxxxxxxxxxxxxxxxxxxxxxxxxxxxxxxx436ed47bxxxxxxxxxxxxxxxxxxxxxxxxxxxxxxxxxxxxxxxxxxxxxxxxxxxxxxxx
49: MEM Wr Req: addr=f0001440 tag=22 byteen=000000000f000000 data=xxxxxxxxxxxxxxxxxxxxxxxxxxxxxxxxxxxxxxxxxxxxxxxxxxxxxxxxxxxxxxxxxxxxxxxxc313451fxxxxxxxxxxxxxxxxxxxxxxxxxxxxxxxxxxxxxxxxxxxxxxxx
50: MEM Wr Req: addr=f0001440 tag=22 byteen=0000000000f00000 data=xxxxxxxxxxxxxxxxxxxxxxxxxxxxxxxxxxxxxxxxxxxxxxxxxxxxxxxxxxxxxxxxxxxxxxxxxxxxxxxx4313451fxxxxxxxxxxxxxxxxxxxxxxxxxxxxxxxxxxxxxxxx
51: MEM Wr Req: addr=f0001440 tag=22 byteen=00000000000f0000 data=xxxxxxxxxxxxxxxxxxxxxxxxxxxxxxxxxxxxxxxxxxxxxxxxxxxxxxxxxxxxxxxxxxxxxxxxxxxxxxxxxxxxxxxx460a1751xxxxxxxxxxxxxxxxxxxxxxxxxxxxxxxx
52: MEM Wr Req: addr=f0001440 tag=22 byteen=000000000000f000 data=xxxxxxxxxxxxxxxxxxxxxxxxxxxxxxxxxxxxxxxxxxxxxxxxxxxxxxxxxxxxxxxxxxxxxxxxxxxxxxxxxxxxxxxxxxxxxxxx3e72d4fexxxxxxxxxxxxxxxxxxxxxxxx
53: MEM Wr Req: addr=f0001440 tag=22 byteen=0000000000000f00 data=xxxxxxxxxxxxxxxxxxxxxxxxxxxxxxxxxxxxxxxxxxxxxxxxxxxxxxxxxxxxxxxxxxxxxxxxxxxxxxxxxxxxxxxxxxxxxxxxxxxxxxxx4086f0e7xxxxxxxxxxxxxxxx
54: MEM Wr Req: addr=f0001140 tag=22 byteen=0000000f00000000 data=xxxxxxxxxxxxxxxxxxxxxxxxxxxxxxxxxxxxxxxxxxxxxxxxxxxxxxxx00000000xxxxxxxxxxxxxxxxxxxxxxxxxxxxxxxxxxxxxxxxxxxxxxxxxxxxxxxxxxxxxxxx

memory response transactions:
1: MEM Rsp: tag=0 data=41050513000015170005006b001005131a0000ef00b5106b1ac5859300000597fc1025730005006b0010051311c000ef00b5106b1285859300000597fc102573
2: MEM Rsp: tag=0 data=ff000137dd418193000021970005006bfff005130005006b0000051300040193000080671050006f1ac505130000051700078863000007930000806700000513
3: MEM Rsp: tag=0 data=00008067fff00513000080670005006b0000051300068663cc3026f3fc02721300a202333cb202130000121702b505330000059340b1013300a51593cc102573
4: MEM Rsp: tag=0 data=000006130000051303d000ef00020413e18585930000159700020513000006130007806bfff007930081242300112623ff01011300008067f140257300008067
5: MEM Rsp: tag=0 data=0607946300c508b30037f79300b547b32840006f0000051300000613000006930005059300008067fff0051300008067fff0051300008067fff0051300008067
6: MEM Rsp: tag=0 data=ff07ae2300468693004787930006a80302c77863000707930005869308d7ce630200079340e606b3ffc8f61306079a63000507130035779306c7f06300300793
7: MEM Rsp: tag=0 data=fee898e3fef70fa300158593001707130005c7830515786300050713000080670117686300f585b300f7073300478793ffc7f79340e787b3fff60793fec7e8e3
8: MEM Rsp: tag=0 data=ff01011300008067f61ff06ffc079ae300158593fed70fa300377793001707130005c683f6078ee300158593fed70fa300377793001707130005c68300008067
9: MEM Rsp: tag=0 data=00001417dcc78793000017970121202300812423ff01011300008067010101130081240300c120830007806b0017b793cc3027f31cd000ef00a4053300000593
10: MEM Rsp: tag=0 data=00b7222300b7202300e686b300f67613ff067693080592630a07906300f7779302c37e630005071300f00313fcdff06ffce89ee3fef70fa30015859300170713
11: MEM Rsp: tag=0 data=00b7052300b705a300b7062300b706a300b7072300c68067005686b3000002970026969340c306b30000806700061463fed766e30107071300b7262300b72423
12: MEM Rsp: tag=0 data=00d5e5b30105969300d5e5b3008596930ff5f5930000806700b7002300b700a300b7012300b701a300b7022300b702a300b7032300b703a300b7042300b704a3
13: MEM Rsp: tag=0 data=00050413001126230081242300000593ff0101130040006f03c000ef1c8000ef1c1000ef2685051300000517385000ef0000059340a606334a06061300001617
14: MEM Rsp: tag=0 data=04078c63148727837887270300000717f3dff06ff6c378e300f6063340f70733ff07879300028093fa0680e700008293005686b30000029700279693f6dff06f
15: MEM Rsp: tag=2 data=43410ccdf00010100000000000000000000000000000000000000000000000000000000000000000000000000000000000000000000000000000000000000000
16: MEM Rsp: tag=22 data=00000000000000000000000000000000000000000000000000000000000000000000000000000000000000000000000000000000000000000000000000000000
17: MEM Rsp: tag=0 data=0000051300b7a423010787b318d7a62300c6e6b300e7a2230017071318c7a683fa5ff06f14f7242314c70793000080670000051300b7a423010787b300e7a223
18: MEM Rsp: tag=0 data=0017071302d504630020069310d324231917a42300c8e8b300e61633001006131887a88308c3242301078333020506630027181306e84e6301f008130047a703
19: MEM Rsp: tag=0 data=d884041300001417d947879300001797ff24e8e3000780e7004404130014849300042783000004934029591302878063408789330091222300112623dc440413
20: MEM Rsp: tag=0 data=ff010113000080670101011300012903004124830081240300c12083ff24e8e3000780e70044041300148493000427830000049300878e634029591340878933
21: MEM Rsp: tag=2 data=0000000000000000000000000000000000000000000000000000000000000000f00013ccf0001364f00012fc000000000000000000000000baadf00df0000108
22: MEM Rsp: tag=0 data=08e7f5d308f7755300f7705318f776d33947a787000017973a07a70700001797084000ef00040513000780e70007846303c527833b452503000015174cd000ef
23: MEM Rsp: tag=22 data=0000000000000000000000000000000000000000000000000000000000000000000000000000000000000000000000000000000000000000f000101042371eb8
24: MEM Rsp: tag=0 data=0007806bfff0079334f7ac270000179736d7a2270000179718e7f7d336c7aa270000179738b7a0270000179738a7a627000017973807ac270000179710f77653
25: MEM Rsp: tag=0 data=017126230161282301512a2301312e23029122230281242302112623148a2903032120236e4a2a0300000a1701412c23fd01011300008067fff0051300008067
26: MEM Rsp: tag=0 data=ffc48493fff40413057780631044a783040b8463009904b30024949302044263fff4841300492483fff0099300100a9300058b9300050b130409006301812423
27: MEM Rsp: tag=0 data=fff787930044a68300492783000080670301011300812c0300c12b8301012b0301412a8301812a0301c1298302012903024124830281240302c12083ff3416e3
28: MEM Rsp: tag=0 data=f5dff06f00078913f80788e3f92784e301871463148a278300492703000680e70207926300f777b300492c03008a973318892783fa0688e30004a22304878e63
29: MEM Rsp: tag=0 data=01017c0100527a030000000000000010fb9ff06f000680e700058513fa9ff06f00892223fcdff06f000680e7000b051300071c6300f777330844a58318c92783
30: MEM Rsp: tag=62 data=00000000000000000000000000000000000000000000000000000000000000000000000000000000000000000000000000000000000000000000000000000000
31: MEM Rsp: tag=0 data=000780e7ffc40413fff484930004278300f40433ffc404130204806340245493001126230091222340f40433d384041300001417d40787930000179700812423
32: MEM Rsp: tag=0 data=00001797fc0025f3cc0026f3cc302773cc50267301212023009122230081242300112623ff0101130000806701010113004124830081240300c12083fe0498e3
33: MEM Rsp: tag=22 data=00000000000000000000000000000000000000000000000000000000000000000000000000000000000000000000000000000000000000000000000000000000

