all memory transactions:
1: MEM Rd Req: addr=f0000000 tag=0
2: MEM Rsp: tag=0 data=40850513000015170005006b00100513148000ef00b5106b1545859300000597fc1025730005006b001005130c4000ef00b5106b0d05859300000597fc102573
3: MEM Rd Req: addr=f00000c0 tag=0
4: MEM Rsp: tag=0 data=0000121702b505330000059340b1013300a51593cc102573ff000137e2c18193000021970005006bfff005130005006b0000051300040193000080671050006f
5: MEM Rd Req: addr=f0000100 tag=0
6: MEM Rsp: tag=0 data=0000806700000513000080670000051300008067fff0051300008067fff00513000080670005006b0000051300068663cc3026f3fc02721300a2023340320213
7: MEM Rd Req: addr=f0000140 tag=0
8: MEM Rsp: tag=0 data=0081242300112623ff01011300008067f140257300008067fff00513000080670006051300008067000005130010007300008067fff0051300008067fff00513
9: MEM Rd Req: addr=f0000180 tag=0
10: MEM Rsp: tag=0 data=0007806b0017b793cc3027f31cd000ef00a4053300000593000006130000051303d000ef00020413e70585930000159700020513000006130007806bfff00793
11: MEM Rd Req: addr=f00009c0 tag=0
12: MEM Rsp: tag=0 data=ffc8f61306079a63000507130035779306c7f063003007930607946300c508b30037f79300b547b32840006f0000051300000613000006930005059300008067
13: MEM Rd Req: addr=f0000a40 tag=0
14: MEM Rsp: tag=0 data=00158593fed70fa300377793001707130005c68300008067fee898e3fef70fa300158593001707130005c7830515786300050713000080670117686300f585b3
15: MEM Rd Req: addr=f0000a80 tag=0
16: MEM Rsp: tag=0 data=00c5af030085af830045a2830005a3830200041300812623ff01011300008067f61ff06ffc079ae300158593fed70fa300377793001707130005c683f6078ee3
17: MEM Rd Req: addr=f0000b40 tag=0
18: MEM Rsp: tag=0 data=00f00313fcdff06ffce89ee3fef70fa300158593001707130005c783fee882e3fef70fa300158593001707130005c783000080670101011300c1240301176863
19: MEM Rd Req: addr=f0000b80 tag=0
20: MEM Rsp: tag=0 data=0000806700061463fed766e30107071300b7262300b7242300b7222300b7202300e686b300f67613ff067693080592630a07906300f7779302c37e6300050713
21: MEM Rd Req: addr=f0000bc0 tag=0
22: MEM Rsp: tag=0 data=00b7022300b702a300b7032300b703a300b7042300b704a300b7052300b705a300b7062300b706a300b7072300c68067005686b3000002970026969340c306b3
23: MEM Rd Req: addr=f0000c00 tag=0
24: MEM Rsp: tag=0 data=fa0680e700008293005686b30000029700279693f6dff06f00d5e5b30105969300d5e5b3008596930ff5f5930000806700b7002300b700a300b7012300b701a3
25: MEM Rd Req: addr=f00001c0 tag=0
26: MEM Rsp: tag=0 data=4029591302878063408789330091222300112623e1c4041300001417e2478793000017970121202300812423ff01011300008067010101130081240300c12083
27: MEM Rd Req: addr=f0000040 tag=0
28: MEM Rsp: tag=0 data=00050413001126230081242300000593ff0101130040006f03c000ef170000ef169000ef210505130000051732d000ef0000059340a606334806061300001617
29: MEM Wr Req: addr=f0001440 tag=22 byteen=000000000000000f data=xxxxxxxxxxxxxxxxxxxxxxxxxxxxxxxxxxxxxxxxxxxxxxxxxxxxxxxxxxxxxxxxxxxxxxxxxxxxxxxxxxxxxxxxxxxxxxxxxxxxxxxxxxxxxxxxxxxxxxxx00000000
30: MEM Wr Req: addr=f0001440 tag=22 byteen=00000000000000f0 data=xxxxxxxxxxxxxxxxxxxxxxxxxxxxxxxxxxxxxxxxxxxxxxxxxxxxxxxxxxxxxxxxxxxxxxxxxxxxxxxxxxxxxxxxxxxxxxxxxxxxxxxxxxxxxxxx00000000xxxxxxxx
31: MEM Wr Req: addr=f0001440 tag=22 byteen=0000000000000f00 data=xxxxxxxxxxxxxxxxxxxxxxxxxxxxxxxxxxxxxxxxxxxxxxxxxxxxxxxxxxxxxxxxxxxxxxxxxxxxxxxxxxxxxxxxxxxxxxxxxxxxxxxx00000000xxxxxxxxxxxxxxxx
32: MEM Wr Req: addr=f0001440 tag=22 byteen=000000000000f000 data=xxxxxxxxxxxxxxxxxxxxxxxxxxxxxxxxxxxxxxxxxxxxxxxxxxxxxxxxxxxxxxxxxxxxxxxxxxxxxxxxxxxxxxxxxxxxxxxx00000000xxxxxxxxxxxxxxxxxxxxxxxx
33: MEM Wr Req: addr=f0001440 tag=22 byteen=00000000000f0000 data=xxxxxxxxxxxxxxxxxxxxxxxxxxxxxxxxxxxxxxxxxxxxxxxxxxxxxxxxxxxxxxxxxxxxxxxxxxxxxxxxxxxxxxxx00000000xxxxxxxxxxxxxxxxxxxxxxxxxxxxxxxx
34: MEM Wr Req: addr=f0001440 tag=22 byteen=0000000000f00000 data=xxxxxxxxxxxxxxxxxxxxxxxxxxxxxxxxxxxxxxxxxxxxxxxxxxxxxxxxxxxxxxxxxxxxxxxxxxxxxxxx00000000xxxxxxxxxxxxxxxxxxxxxxxxxxxxxxxxxxxxxxxx
35: MEM Wr Req: addr=f0001440 tag=22 byteen=000000000f000000 data=xxxxxxxxxxxxxxxxxxxxxxxxxxxxxxxxxxxxxxxxxxxxxxxxxxxxxxxxxxxxxxxxxxxxxxxx00000000xxxxxxxxxxxxxxxxxxxxxxxxxxxxxxxxxxxxxxxxxxxxxxxx
36: MEM Wr Req: addr=f0001440 tag=22 byteen=00000000f0000000 data=xxxxxxxxxxxxxxxxxxxxxxxxxxxxxxxxxxxxxxxxxxxxxxxxxxxxxxxxxxxxxxxx00000000xxxxxxxxxxxxxxxxxxxxxxxxxxxxxxxxxxxxxxxxxxxxxxxxxxxxxxxx
37: MEM Wr Req: addr=f0001440 tag=22 byteen=0000000f00000000 data=xxxxxxxxxxxxxxxxxxxxxxxxxxxxxxxxxxxxxxxxxxxxxxxxxxxxxxxx00000000xxxxxxxxxxxxxxxxxxxxxxxxxxxxxxxxxxxxxxxxxxxxxxxxxxxxxxxxxxxxxxxx
38: MEM Wr Req: addr=f0001440 tag=22 byteen=000000f000000000 data=xxxxxxxxxxxxxxxxxxxxxxxxxxxxxxxxxxxxxxxxxxxxxxxx00000000xxxxxxxxxxxxxxxxxxxxxxxxxxxxxxxxxxxxxxxxxxxxxxxxxxxxxxxxxxxxxxxxxxxxxxxx
39: MEM Wr Req: addr=f0001440 tag=22 byteen=00000f0000000000 data=xxxxxxxxxxxxxxxxxxxxxxxxxxxxxxxxxxxxxxxx00000000xxxxxxxxxxxxxxxxxxxxxxxxxxxxxxxxxxxxxxxxxxxxxxxxxxxxxxxxxxxxxxxxxxxxxxxxxxxxxxxx
40: MEM Wr Req: addr=f0001440 tag=22 byteen=0000f00000000000 data=xxxxxxxxxxxxxxxxxxxxxxxxxxxxxxxx00000000xxxxxxxxxxxxxxxxxxxxxxxxxxxxxxxxxxxxxxxxxxxxxxxxxxxxxxxxxxxxxxxxxxxxxxxxxxxxxxxxxxxxxxxx
41: MEM Wr Req: addr=f0001440 tag=22 byteen=000f000000000000 data=xxxxxxxxxxxxxxxxxxxxxxxx00000000xxxxxxxxxxxxxxxxxxxxxxxxxxxxxxxxxxxxxxxxxxxxxxxxxxxxxxxxxxxxxxxxxxxxxxxxxxxxxxxxxxxxxxxxxxxxxxxx
42: MEM Wr Req: addr=f0001440 tag=22 byteen=00f0000000000000 data=xxxxxxxxxxxxxxxx00000000xxxxxxxxxxxxxxxxxxxxxxxxxxxxxxxxxxxxxxxxxxxxxxxxxxxxxxxxxxxxxxxxxxxxxxxxxxxxxxxxxxxxxxxxxxxxxxxxxxxxxxxx
43: MEM Wr Req: addr=f0001440 tag=22 byteen=0f00000000000000 data=xxxxxxxx00000000xxxxxxxxxxxxxxxxxxxxxxxxxxxxxxxxxxxxxxxxxxxxxxxxxxxxxxxxxxxxxxxxxxxxxxxxxxxxxxxxxxxxxxxxxxxxxxxxxxxxxxxxxxxxxxxx
44: MEM Wr Req: addr=f0001440 tag=22 byteen=f000000000000000 data=00000000xxxxxxxxxxxxxxxxxxxxxxxxxxxxxxxxxxxxxxxxxxxxxxxxxxxxxxxxxxxxxxxxxxxxxxxxxxxxxxxxxxxxxxxxxxxxxxxxxxxxxxxxxxxxxxxxxxxxxxxx
45: MEM Wr Req: addr=f0001480 tag=42 byteen=000000000000000f data=xxxxxxxxxxxxxxxxxxxxxxxxxxxxxxxxxxxxxxxxxxxxxxxxxxxxxxxxxxxxxxxxxxxxxxxxxxxxxxxxxxxxxxxxxxxxxxxxxxxxxxxxxxxxxxxxxxxxxxxx00000000
46: MEM Wr Req: addr=f0001480 tag=42 byteen=00000000000000f0 data=xxxxxxxxxxxxxxxxxxxxxxxxxxxxxxxxxxxxxxxxxxxxxxxxxxxxxxxxxxxxxxxxxxxxxxxxxxxxxxxxxxxxxxxxxxxxxxxxxxxxxxxxxxxxxxxx00000000xxxxxxxx
47: MEM Wr Req: addr=f0001480 tag=42 byteen=0000000000000f00 data=xxxxxxxxxxxxxxxxxxxxxxxxxxxxxxxxxxxxxxxxxxxxxxxxxxxxxxxxxxxxxxxxxxxxxxxxxxxxxxxxxxxxxxxxxxxxxxxxxxxxxxxx00000000xxxxxxxxxxxxxxxx
48: MEM Wr Req: addr=f0001480 tag=42 byteen=000000000000f000 data=xxxxxxxxxxxxxxxxxxxxxxxxxxxxxxxxxxxxxxxxxxxxxxxxxxxxxxxxxxxxxxxxxxxxxxxxxxxxxxxxxxxxxxxxxxxxxxxx00000000xxxxxxxxxxxxxxxxxxxxxxxx
49: MEM Wr Req: addr=f0001480 tag=42 byteen=00000000000f0000 data=xxxxxxxxxxxxxxxxxxxxxxxxxxxxxxxxxxxxxxxxxxxxxxxxxxxxxxxxxxxxxxxxxxxxxxxxxxxxxxxxxxxxxxxx00000000xxxxxxxxxxxxxxxxxxxxxxxxxxxxxxxx
50: MEM Wr Req: addr=f0001480 tag=42 byteen=0000000000f00000 data=xxxxxxxxxxxxxxxxxxxxxxxxxxxxxxxxxxxxxxxxxxxxxxxxxxxxxxxxxxxxxxxxxxxxxxxxxxxxxxxx00000000xxxxxxxxxxxxxxxxxxxxxxxxxxxxxxxxxxxxxxxx
51: MEM Wr Req: addr=f0001480 tag=42 byteen=000000000f000000 data=xxxxxxxxxxxxxxxxxxxxxxxxxxxxxxxxxxxxxxxxxxxxxxxxxxxxxxxxxxxxxxxxxxxxxxxx00000000xxxxxxxxxxxxxxxxxxxxxxxxxxxxxxxxxxxxxxxxxxxxxxxx
52: MEM Wr Req: addr=f0001480 tag=42 byteen=00000000f0000000 data=xxxxxxxxxxxxxxxxxxxxxxxxxxxxxxxxxxxxxxxxxxxxxxxxxxxxxxxxxxxxxxxx00000000xxxxxxxxxxxxxxxxxxxxxxxxxxxxxxxxxxxxxxxxxxxxxxxxxxxxxxxx
53: MEM Wr Req: addr=f0001480 tag=42 byteen=0000000f00000000 data=xxxxxxxxxxxxxxxxxxxxxxxxxxxxxxxxxxxxxxxxxxxxxxxxxxxxxxxx00000000xxxxxxxxxxxxxxxxxxxxxxxxxxxxxxxxxxxxxxxxxxxxxxxxxxxxxxxxxxxxxxxx
54: MEM Wr Req: addr=f0001480 tag=42 byteen=000000f000000000 data=xxxxxxxxxxxxxxxxxxxxxxxxxxxxxxxxxxxxxxxxxxxxxxxx00000000xxxxxxxxxxxxxxxxxxxxxxxxxxxxxxxxxxxxxxxxxxxxxxxxxxxxxxxxxxxxxxxxxxxxxxxx
55: MEM Wr Req: addr=f0001480 tag=42 byteen=00000f0000000000 data=xxxxxxxxxxxxxxxxxxxxxxxxxxxxxxxxxxxxxxxx00000000xxxxxxxxxxxxxxxxxxxxxxxxxxxxxxxxxxxxxxxxxxxxxxxxxxxxxxxxxxxxxxxxxxxxxxxxxxxxxxxx
56: MEM Wr Req: addr=f0001480 tag=42 byteen=0000f00000000000 data=xxxxxxxxxxxxxxxxxxxxxxxxxxxxxxxx00000000xxxxxxxxxxxxxxxxxxxxxxxxxxxxxxxxxxxxxxxxxxxxxxxxxxxxxxxxxxxxxxxxxxxxxxxxxxxxxxxxxxxxxxxx
57: MEM Wr Req: addr=f0001480 tag=42 byteen=000f000000000000 data=xxxxxxxxxxxxxxxxxxxxxxxx00000000xxxxxxxxxxxxxxxxxxxxxxxxxxxxxxxxxxxxxxxxxxxxxxxxxxxxxxxxxxxxxxxxxxxxxxxxxxxxxxxxxxxxxxxxxxxxxxxx
58: MEM Wr Req: addr=f0001480 tag=42 byteen=00f0000000000000 data=xxxxxxxxxxxxxxxx00000000xxxxxxxxxxxxxxxxxxxxxxxxxxxxxxxxxxxxxxxxxxxxxxxxxxxxxxxxxxxxxxxxxxxxxxxxxxxxxxxxxxxxxxxxxxxxxxxxxxxxxxxx
59: MEM Wr Req: addr=f0001480 tag=42 byteen=0f00000000000000 data=xxxxxxxx00000000xxxxxxxxxxxxxxxxxxxxxxxxxxxxxxxxxxxxxxxxxxxxxxxxxxxxxxxxxxxxxxxxxxxxxxxxxxxxxxxxxxxxxxxxxxxxxxxxxxxxxxxxxxxxxxxx
60: MEM Wr Req: addr=f0001480 tag=42 byteen=f000000000000000 data=00000000xxxxxxxxxxxxxxxxxxxxxxxxxxxxxxxxxxxxxxxxxxxxxxxxxxxxxxxxxxxxxxxxxxxxxxxxxxxxxxxxxxxxxxxxxxxxxxxxxxxxxxxxxxxxxxxxxxxxxxxx
61: MEM Rd Req: addr=f0000c40 tag=0
62: MEM Rsp: tag=0 data=01078333020506630027181306e84e6301f008130047a70304078c63148727837e07270300000717f3dff06ff6c378e300f6063340f70733ff07879300028093
63: MEM Rd Req: addr=f0001400 tag=2
64: MEM Rsp: tag=2 data=f0001010f00010100000000000000000000000000000000000000000000000000000000000000000000000000000000000000000000000000000000000000000
65: MEM Rd Req: addr=f0001140 tag=22
66: MEM Rsp: tag=22 data=00000000000000000000000000000000000000000000000000000000000000000000000000000000000000000000000000000000000000000000000000000000
67: MEM Rd Req: addr=f0000c80 tag=0
68: MEM Rsp: tag=0 data=14c70793000080670000051300b7a423010787b300e7a2230017071302d504630020069310d324231917a42300c8e8b300e61633001006131887a88308c32423
69: MEM Rd Req: addr=f0000cc0 tag=0
70: MEM Rsp: tag=0 data=00000a1701412c23fd01011300008067fff00513000080670000051300b7a423010787b318d7a62300c6e6b300e7a2230017071318c7a683fa5ff06f14f72423
71: MEM Wr Req: addr=f0001140 tag=22 byteen=000000000f000000 data=xxxxxxxxxxxxxxxxxxxxxxxxxxxxxxxxxxxxxxxxxxxxxxxxxxxxxxxxxxxxxxxxxxxxxxxxf000115cxxxxxxxxxxxxxxxxxxxxxxxxxxxxxxxxxxxxxxxxxxxxxxxx
72: MEM Wr Req: addr=f0001140 tag=22 byteen=0000000f00000000 data=xxxxxxxxxxxxxxxxxxxxxxxxxxxxxxxxxxxxxxxxxxxxxxxxxxxxxxxx00000001xxxxxxxxxxxxxxxxxxxxxxxxxxxxxxxxxxxxxxxxxxxxxxxxxxxxxxxxxxxxxxxx
73: MEM Wr Req: addr=f0001140 tag=22 byteen=000000f000000000 data=xxxxxxxxxxxxxxxxxxxxxxxxxxxxxxxxxxxxxxxxxxxxxxxxf0000264xxxxxxxxxxxxxxxxxxxxxxxxxxxxxxxxxxxxxxxxxxxxxxxxxxxxxxxxxxxxxxxxxxxxxxxx
74: MEM Rd Req: addr=f0000200 tag=0
75: MEM Rsp: tag=0 data=00148493000427830000049300878e634029591340878933de04041300001417dec7879300001797ff24e8e3000780e700440413001484930004278300000493
76: MEM Rd Req: addr=f0001000 tag=2
77: MEM Rd Req: addr=f0000240 tag=0
78: MEM Rsp: tag=2 data=0000000000000000000000000000000000000000000000000000000000000000f00013ccf0001364f00012fc000000000000000000000000baadf00df00000b0
79: MEM Rsp: tag=0 data=40f40433d904041300001417d98787930000179700812423ff010113000080670101011300012903004124830081240300c12083ff24e8e3000780e700440413
80: MEM Rd Req: addr=f0000080 tag=0
81: MEM Rsp: tag=0 data=1ac5051300000517000788630000079300008067000005130007806bfff0079302c000ef00040513000780e70007846303c527833b45250300001517475000ef
82: MEM Rd Req: addr=f0000d00 tag=0
83: MEM Rsp: tag=0 data=fff0099300100a9300058b9300050b130409006301812423017126230161282301512a2301312e23029122230281242302112623148a29030321202373ca2a03
84: MEM Rd Req: addr=f0000d40 tag=0
85: MEM Rsp: tag=0 data=01c1298302012903024124830281240302c12083ff3416e3ffc48493fff40413057780631044a783040b8463009904b30024949302044263fff4841300492483
86: MEM Rd Req: addr=f0000d80 tag=0
87: MEM Rsp: tag=0 data=00492c03008a973318892783fa0688e30004a22304878e63fff787930044a68300492783000080670301011300812c0300c12b8301012b0301412a8301812a03
88: MEM Rd Req: addr=f0000e00 tag=0
89: MEM Rsp: tag=0 data=0000000000000008fffffb30000000180000001000020d1b01017c0100527a030000000000000010fb9ff06f000680e700058513fa9ff06f00892223fcdff06f
90: MEM Wr Req: addr=f0001140 tag=22 byteen=0000000f00000000 data=xxxxxxxxxxxxxxxxxxxxxxxxxxxxxxxxxxxxxxxxxxxxxxxxxxxxxxxx00000000xxxxxxxxxxxxxxxxxxxxxxxxxxxxxxxxxxxxxxxxxxxxxxxxxxxxxxxxxxxxxxxx
91: MEM Rd Req: addr=f00012c0 tag=62
92: MEM Rd Req: addr=f0000dc0 tag=0
93: MEM Rsp: tag=62 data=00000000000000000000000000000000000000000000000000000000000000000000000000000000000000000000000000000000000000000000000000000000
94: MEM Rsp: tag=0 data=000680e7000b051300071c6300f777330844a58318c92783f5dff06f00078913f80788e3f92784e301871463148a278300492703000680e70207926300f777b3
95: MEM Rd Req: addr=f0000280 tag=0
96: MEM Rsp: tag=0 data=0000806701010113004124830081240300c12083fe0498e3000780e7ffc40413fff484930004278300f40433ffc4041302048063402454930011262300912223
97: MEM Rd Req: addr=f0001040 tag=22
98: MEM Rsp: tag=22 data=00000000000000000000000000000000000000000000000000000000000000000000000000000000000000000000000000000000000000000000000000000000

memory read request transactions:
1: MEM Rd Req: addr=f0000000 tag=0
2: MEM Rd Req: addr=f00000c0 tag=0
3: MEM Rd Req: addr=f0000100 tag=0
4: MEM Rd Req: addr=f0000140 tag=0
5: MEM Rd Req: addr=f0000180 tag=0
6: MEM Rd Req: addr=f00009c0 tag=0
7: MEM Rd Req: addr=f0000a40 tag=0
8: MEM Rd Req: addr=f0000a80 tag=0
9: MEM Rd Req: addr=f0000b40 tag=0
10: MEM Rd Req: addr=f0000b80 tag=0
11: MEM Rd Req: addr=f0000bc0 tag=0
12: MEM Rd Req: addr=f0000c00 tag=0
13: MEM Rd Req: addr=f00001c0 tag=0
14: MEM Rd Req: addr=f0000040 tag=0
15: MEM Rd Req: addr=f0000c40 tag=0
16: MEM Rd Req: addr=f0001400 tag=2
17: MEM Rd Req: addr=f0001140 tag=22
18: MEM Rd Req: addr=f0000c80 tag=0
19: MEM Rd Req: addr=f0000cc0 tag=0
20: MEM Rd Req: addr=f0000200 tag=0
21: MEM Rd Req: addr=f0001000 tag=2
22: MEM Rd Req: addr=f0000240 tag=0
23: MEM Rd Req: addr=f0000080 tag=0
24: MEM Rd Req: addr=f0000d00 tag=0
25: MEM Rd Req: addr=f0000d40 tag=0
26: MEM Rd Req: addr=f0000d80 tag=0
27: MEM Rd Req: addr=f0000e00 tag=0
28: MEM Rd Req: addr=f00012c0 tag=62
29: MEM Rd Req: addr=f0000dc0 tag=0
30: MEM Rd Req: addr=f0000280 tag=0
31: MEM Rd Req: addr=f0001040 tag=22

memory write request transactions:
1: MEM Wr Req: addr=f0001440 tag=22 byteen=000000000000000f data=xxxxxxxxxxxxxxxxxxxxxxxxxxxxxxxxxxxxxxxxxxxxxxxxxxxxxxxxxxxxxxxxxxxxxxxxxxxxxxxxxxxxxxxxxxxxxxxxxxxxxxxxxxxxxxxxxxxxxxxx00000000
2: MEM Wr Req: addr=f0001440 tag=22 byteen=00000000000000f0 data=xxxxxxxxxxxxxxxxxxxxxxxxxxxxxxxxxxxxxxxxxxxxxxxxxxxxxxxxxxxxxxxxxxxxxxxxxxxxxxxxxxxxxxxxxxxxxxxxxxxxxxxxxxxxxxxx00000000xxxxxxxx
3: MEM Wr Req: addr=f0001440 tag=22 byteen=0000000000000f00 data=xxxxxxxxxxxxxxxxxxxxxxxxxxxxxxxxxxxxxxxxxxxxxxxxxxxxxxxxxxxxxxxxxxxxxxxxxxxxxxxxxxxxxxxxxxxxxxxxxxxxxxxx00000000xxxxxxxxxxxxxxxx
4: MEM Wr Req: addr=f0001440 tag=22 byteen=000000000000f000 data=xxxxxxxxxxxxxxxxxxxxxxxxxxxxxxxxxxxxxxxxxxxxxxxxxxxxxxxxxxxxxxxxxxxxxxxxxxxxxxxxxxxxxxxxxxxxxxxx00000000xxxxxxxxxxxxxxxxxxxxxxxx
5: MEM Wr Req: addr=f0001440 tag=22 byteen=00000000000f0000 data=xxxxxxxxxxxxxxxxxxxxxxxxxxxxxxxxxxxxxxxxxxxxxxxxxxxxxxxxxxxxxxxxxxxxxxxxxxxxxxxxxxxxxxxx00000000xxxxxxxxxxxxxxxxxxxxxxxxxxxxxxxx
6: MEM Wr Req: addr=f0001440 tag=22 byteen=0000000000f00000 data=xxxxxxxxxxxxxxxxxxxxxxxxxxxxxxxxxxxxxxxxxxxxxxxxxxxxxxxxxxxxxxxxxxxxxxxxxxxxxxxx00000000xxxxxxxxxxxxxxxxxxxxxxxxxxxxxxxxxxxxxxxx
7: MEM Wr Req: addr=f0001440 tag=22 byteen=000000000f000000 data=xxxxxxxxxxxxxxxxxxxxxxxxxxxxxxxxxxxxxxxxxxxxxxxxxxxxxxxxxxxxxxxxxxxxxxxx00000000xxxxxxxxxxxxxxxxxxxxxxxxxxxxxxxxxxxxxxxxxxxxxxxx
8: MEM Wr Req: addr=f0001440 tag=22 byteen=00000000f0000000 data=xxxxxxxxxxxxxxxxxxxxxxxxxxxxxxxxxxxxxxxxxxxxxxxxxxxxxxxxxxxxxxxx00000000xxxxxxxxxxxxxxxxxxxxxxxxxxxxxxxxxxxxxxxxxxxxxxxxxxxxxxxx
9: MEM Wr Req: addr=f0001440 tag=22 byteen=0000000f00000000 data=xxxxxxxxxxxxxxxxxxxxxxxxxxxxxxxxxxxxxxxxxxxxxxxxxxxxxxxx00000000xxxxxxxxxxxxxxxxxxxxxxxxxxxxxxxxxxxxxxxxxxxxxxxxxxxxxxxxxxxxxxxx
10: MEM Wr Req: addr=f0001440 tag=22 byteen=000000f000000000 data=xxxxxxxxxxxxxxxxxxxxxxxxxxxxxxxxxxxxxxxxxxxxxxxx00000000xxxxxxxxxxxxxxxxxxxxxxxxxxxxxxxxxxxxxxxxxxxxxxxxxxxxxxxxxxxxxxxxxxxxxxxx
11: MEM Wr Req: addr=f0001440 tag=22 byteen=00000f0000000000 data=xxxxxxxxxxxxxxxxxxxxxxxxxxxxxxxxxxxxxxxx00000000xxxxxxxxxxxxxxxxxxxxxxxxxxxxxxxxxxxxxxxxxxxxxxxxxxxxxxxxxxxxxxxxxxxxxxxxxxxxxxxx
12: MEM Wr Req: addr=f0001440 tag=22 byteen=0000f00000000000 data=xxxxxxxxxxxxxxxxxxxxxxxxxxxxxxxx00000000xxxxxxxxxxxxxxxxxxxxxxxxxxxxxxxxxxxxxxxxxxxxxxxxxxxxxxxxxxxxxxxxxxxxxxxxxxxxxxxxxxxxxxxx
13: MEM Wr Req: addr=f0001440 tag=22 byteen=000f000000000000 data=xxxxxxxxxxxxxxxxxxxxxxxx00000000xxxxxxxxxxxxxxxxxxxxxxxxxxxxxxxxxxxxxxxxxxxxxxxxxxxxxxxxxxxxxxxxxxxxxxxxxxxxxxxxxxxxxxxxxxxxxxxx
14: MEM Wr Req: addr=f0001440 tag=22 byteen=00f0000000000000 data=xxxxxxxxxxxxxxxx00000000xxxxxxxxxxxxxxxxxxxxxxxxxxxxxxxxxxxxxxxxxxxxxxxxxxxxxxxxxxxxxxxxxxxxxxxxxxxxxxxxxxxxxxxxxxxxxxxxxxxxxxxx
15: MEM Wr Req: addr=f0001440 tag=22 byteen=0f00000000000000 data=xxxxxxxx00000000xxxxxxxxxxxxxxxxxxxxxxxxxxxxxxxxxxxxxxxxxxxxxxxxxxxxxxxxxxxxxxxxxxxxxxxxxxxxxxxxxxxxxxxxxxxxxxxxxxxxxxxxxxxxxxxx
16: MEM Wr Req: addr=f0001440 tag=22 byteen=f000000000000000 data=00000000xxxxxxxxxxxxxxxxxxxxxxxxxxxxxxxxxxxxxxxxxxxxxxxxxxxxxxxxxxxxxxxxxxxxxxxxxxxxxxxxxxxxxxxxxxxxxxxxxxxxxxxxxxxxxxxxxxxxxxxx
17: MEM Wr Req: addr=f0001480 tag=42 byteen=000000000000000f data=xxxxxxxxxxxxxxxxxxxxxxxxxxxxxxxxxxxxxxxxxxxxxxxxxxxxxxxxxxxxxxxxxxxxxxxxxxxxxxxxxxxxxxxxxxxxxxxxxxxxxxxxxxxxxxxxxxxxxxxx00000000
18: MEM Wr Req: addr=f0001480 tag=42 byteen=00000000000000f0 data=xxxxxxxxxxxxxxxxxxxxxxxxxxxxxxxxxxxxxxxxxxxxxxxxxxxxxxxxxxxxxxxxxxxxxxxxxxxxxxxxxxxxxxxxxxxxxxxxxxxxxxxxxxxxxxxx00000000xxxxxxxx
19: MEM Wr Req: addr=f0001480 tag=42 byteen=0000000000000f00 data=xxxxxxxxxxxxxxxxxxxxxxxxxxxxxxxxxxxxxxxxxxxxxxxxxxxxxxxxxxxxxxxxxxxxxxxxxxxxxxxxxxxxxxxxxxxxxxxxxxxxxxxx00000000xxxxxxxxxxxxxxxx
20: MEM Wr Req: addr=f0001480 tag=42 byteen=000000000000f000 data=xxxxxxxxxxxxxxxxxxxxxxxxxxxxxxxxxxxxxxxxxxxxxxxxxxxxxxxxxxxxxxxxxxxxxxxxxxxxxxxxxxxxxxxxxxxxxxxx00000000xxxxxxxxxxxxxxxxxxxxxxxx
21: MEM Wr Req: addr=f0001480 tag=42 byteen=00000000000f0000 data=xxxxxxxxxxxxxxxxxxxxxxxxxxxxxxxxxxxxxxxxxxxxxxxxxxxxxxxxxxxxxxxxxxxxxxxxxxxxxxxxxxxxxxxx00000000xxxxxxxxxxxxxxxxxxxxxxxxxxxxxxxx
22: MEM Wr Req: addr=f0001480 tag=42 byteen=0000000000f00000 data=xxxxxxxxxxxxxxxxxxxxxxxxxxxxxxxxxxxxxxxxxxxxxxxxxxxxxxxxxxxxxxxxxxxxxxxxxxxxxxxx00000000xxxxxxxxxxxxxxxxxxxxxxxxxxxxxxxxxxxxxxxx
23: MEM Wr Req: addr=f0001480 tag=42 byteen=000000000f000000 data=xxxxxxxxxxxxxxxxxxxxxxxxxxxxxxxxxxxxxxxxxxxxxxxxxxxxxxxxxxxxxxxxxxxxxxxx00000000xxxxxxxxxxxxxxxxxxxxxxxxxxxxxxxxxxxxxxxxxxxxxxxx
24: MEM Wr Req: addr=f0001480 tag=42 byteen=00000000f0000000 data=xxxxxxxxxxxxxxxxxxxxxxxxxxxxxxxxxxxxxxxxxxxxxxxxxxxxxxxxxxxxxxxx00000000xxxxxxxxxxxxxxxxxxxxxxxxxxxxxxxxxxxxxxxxxxxxxxxxxxxxxxxx
25: MEM Wr Req: addr=f0001480 tag=42 byteen=0000000f00000000 data=xxxxxxxxxxxxxxxxxxxxxxxxxxxxxxxxxxxxxxxxxxxxxxxxxxxxxxxx00000000xxxxxxxxxxxxxxxxxxxxxxxxxxxxxxxxxxxxxxxxxxxxxxxxxxxxxxxxxxxxxxxx
26: MEM Wr Req: addr=f0001480 tag=42 byteen=000000f000000000 data=xxxxxxxxxxxxxxxxxxxxxxxxxxxxxxxxxxxxxxxxxxxxxxxx00000000xxxxxxxxxxxxxxxxxxxxxxxxxxxxxxxxxxxxxxxxxxxxxxxxxxxxxxxxxxxxxxxxxxxxxxxx
27: MEM Wr Req: addr=f0001480 tag=42 byteen=00000f0000000000 data=xxxxxxxxxxxxxxxxxxxxxxxxxxxxxxxxxxxxxxxx00000000xxxxxxxxxxxxxxxxxxxxxxxxxxxxxxxxxxxxxxxxxxxxxxxxxxxxxxxxxxxxxxxxxxxxxxxxxxxxxxxx
28: MEM Wr Req: addr=f0001480 tag=42 byteen=0000f00000000000 data=xxxxxxxxxxxxxxxxxxxxxxxxxxxxxxxx00000000xxxxxxxxxxxxxxxxxxxxxxxxxxxxxxxxxxxxxxxxxxxxxxxxxxxxxxxxxxxxxxxxxxxxxxxxxxxxxxxxxxxxxxxx
29: MEM Wr Req: addr=f0001480 tag=42 byteen=000f000000000000 data=xxxxxxxxxxxxxxxxxxxxxxxx00000000xxxxxxxxxxxxxxxxxxxxxxxxxxxxxxxxxxxxxxxxxxxxxxxxxxxxxxxxxxxxxxxxxxxxxxxxxxxxxxxxxxxxxxxxxxxxxxxx
30: MEM Wr Req: addr=f0001480 tag=42 byteen=00f0000000000000 data=xxxxxxxxxxxxxxxx00000000xxxxxxxxxxxxxxxxxxxxxxxxxxxxxxxxxxxxxxxxxxxxxxxxxxxxxxxxxxxxxxxxxxxxxxxxxxxxxxxxxxxxxxxxxxxxxxxxxxxxxxxx
31: MEM Wr Req: addr=f0001480 tag=42 byteen=0f00000000000000 data=xxxxxxxx00000000xxxxxxxxxxxxxxxxxxxxxxxxxxxxxxxxxxxxxxxxxxxxxxxxxxxxxxxxxxxxxxxxxxxxxxxxxxxxxxxxxxxxxxxxxxxxxxxxxxxxxxxxxxxxxxxx
32: MEM Wr Req: addr=f0001480 tag=42 byteen=f000000000000000 data=00000000xxxxxxxxxxxxxxxxxxxxxxxxxxxxxxxxxxxxxxxxxxxxxxxxxxxxxxxxxxxxxxxxxxxxxxxxxxxxxxxxxxxxxxxxxxxxxxxxxxxxxxxxxxxxxxxxxxxxxxxx
33: MEM Wr Req: addr=f0001140 tag=22 byteen=000000000f000000 data=xxxxxxxxxxxxxxxxxxxxxxxxxxxxxxxxxxxxxxxxxxxxxxxxxxxxxxxxxxxxxxxxxxxxxxxxf000115cxxxxxxxxxxxxxxxxxxxxxxxxxxxxxxxxxxxxxxxxxxxxxxxx
34: MEM Wr Req: addr=f0001140 tag=22 byteen=0000000f00000000 data=xxxxxxxxxxxxxxxxxxxxxxxxxxxxxxxxxxxxxxxxxxxxxxxxxxxxxxxx00000001xxxxxxxxxxxxxxxxxxxxxxxxxxxxxxxxxxxxxxxxxxxxxxxxxxxxxxxxxxxxxxxx
35: MEM Wr Req: addr=f0001140 tag=22 byteen=000000f000000000 data=xxxxxxxxxxxxxxxxxxxxxxxxxxxxxxxxxxxxxxxxxxxxxxxxf0000264xxxxxxxxxxxxxxxxxxxxxxxxxxxxxxxxxxxxxxxxxxxxxxxxxxxxxxxxxxxxxxxxxxxxxxxx
36: MEM Wr Req: addr=f0001140 tag=22 byteen=0000000f00000000 data=xxxxxxxxxxxxxxxxxxxxxxxxxxxxxxxxxxxxxxxxxxxxxxxxxxxxxxxx00000000xxxxxxxxxxxxxxxxxxxxxxxxxxxxxxxxxxxxxxxxxxxxxxxxxxxxxxxxxxxxxxxx

memory response transactions:
1: MEM Rsp: tag=0 data=40850513000015170005006b00100513148000ef00b5106b1545859300000597fc1025730005006b001005130c4000ef00b5106b0d05859300000597fc102573
2: MEM Rsp: tag=0 data=0000121702b505330000059340b1013300a51593cc102573ff000137e2c18193000021970005006bfff005130005006b0000051300040193000080671050006f
3: MEM Rsp: tag=0 data=0000806700000513000080670000051300008067fff0051300008067fff00513000080670005006b0000051300068663cc3026f3fc02721300a2023340320213
4: MEM Rsp: tag=0 data=0081242300112623ff01011300008067f140257300008067fff00513000080670006051300008067000005130010007300008067fff0051300008067fff00513
5: MEM Rsp: tag=0 data=0007806b0017b793cc3027f31cd000ef00a4053300000593000006130000051303d000ef00020413e70585930000159700020513000006130007806bfff00793
6: MEM Rsp: tag=0 data=ffc8f61306079a63000507130035779306c7f063003007930607946300c508b30037f79300b547b32840006f0000051300000613000006930005059300008067
7: MEM Rsp: tag=0 data=00158593fed70fa300377793001707130005c68300008067fee898e3fef70fa300158593001707130005c7830515786300050713000080670117686300f585b3
8: MEM Rsp: tag=0 data=00c5af030085af830045a2830005a3830200041300812623ff01011300008067f61ff06ffc079ae300158593fed70fa300377793001707130005c683f6078ee3
9: MEM Rsp: tag=0 data=00f00313fcdff06ffce89ee3fef70fa300158593001707130005c783fee882e3fef70fa300158593001707130005c783000080670101011300c1240301176863
10: MEM Rsp: tag=0 data=0000806700061463fed766e30107071300b7262300b7242300b7222300b7202300e686b300f67613ff067693080592630a07906300f7779302c37e6300050713
11: MEM Rsp: tag=0 data=00b7022300b702a300b7032300b703a300b7042300b704a300b7052300b705a300b7062300b706a300b7072300c68067005686b3000002970026969340c306b3
12: MEM Rsp: tag=0 data=fa0680e700008293005686b30000029700279693f6dff06f00d5e5b30105969300d5e5b3008596930ff5f5930000806700b7002300b700a300b7012300b701a3
13: MEM Rsp: tag=0 data=4029591302878063408789330091222300112623e1c4041300001417e2478793000017970121202300812423ff01011300008067010101130081240300c12083
14: MEM Rsp: tag=0 data=00050413001126230081242300000593ff0101130040006f03c000ef170000ef169000ef210505130000051732d000ef0000059340a606334806061300001617
15: MEM Rsp: tag=0 data=01078333020506630027181306e84e6301f008130047a70304078c63148727837e07270300000717f3dff06ff6c378e300f6063340f70733ff07879300028093
16: MEM Rsp: tag=2 data=f0001010f00010100000000000000000000000000000000000000000000000000000000000000000000000000000000000000000000000000000000000000000
17: MEM Rsp: tag=22 data=00000000000000000000000000000000000000000000000000000000000000000000000000000000000000000000000000000000000000000000000000000000
18: MEM Rsp: tag=0 data=14c70793000080670000051300b7a423010787b300e7a2230017071302d504630020069310d324231917a42300c8e8b300e61633001006131887a88308c32423
19: MEM Rsp: tag=0 data=00000a1701412c23fd01011300008067fff00513000080670000051300b7a423010787b318d7a62300c6e6b300e7a2230017071318c7a683fa5ff06f14f72423
20: MEM Rsp: tag=0 data=00148493000427830000049300878e634029591340878933de04041300001417dec7879300001797ff24e8e3000780e700440413001484930004278300000493
21: MEM Rsp: tag=2 data=0000000000000000000000000000000000000000000000000000000000000000f00013ccf0001364f00012fc000000000000000000000000baadf00df00000b0
22: MEM Rsp: tag=0 data=40f40433d904041300001417d98787930000179700812423ff010113000080670101011300012903004124830081240300c12083ff24e8e3000780e700440413
23: MEM Rsp: tag=0 data=1ac5051300000517000788630000079300008067000005130007806bfff0079302c000ef00040513000780e70007846303c527833b45250300001517475000ef
24: MEM Rsp: tag=0 data=fff0099300100a9300058b9300050b130409006301812423017126230161282301512a2301312e23029122230281242302112623148a29030321202373ca2a03
25: MEM Rsp: tag=0 data=01c1298302012903024124830281240302c12083ff3416e3ffc48493fff40413057780631044a783040b8463009904b30024949302044263fff4841300492483
26: MEM Rsp: tag=0 data=00492c03008a973318892783fa0688e30004a22304878e63fff787930044a68300492783000080670301011300812c0300c12b8301012b0301412a8301812a03
27: MEM Rsp: tag=0 data=0000000000000008fffffb30000000180000001000020d1b01017c0100527a030000000000000010fb9ff06f000680e700058513fa9ff06f00892223fcdff06f
28: MEM Rsp: tag=62 data=00000000000000000000000000000000000000000000000000000000000000000000000000000000000000000000000000000000000000000000000000000000
29: MEM Rsp: tag=0 data=000680e7000b051300071c6300f777330844a58318c92783f5dff06f00078913f80788e3f92784e301871463148a278300492703000680e70207926300f777b3
30: MEM Rsp: tag=0 data=0000806701010113004124830081240300c12083fe0498e3000780e7ffc40413fff484930004278300f40433ffc4041302048063402454930011262300912223
31: MEM Rsp: tag=22 data=00000000000000000000000000000000000000000000000000000000000000000000000000000000000000000000000000000000000000000000000000000000

