all memory transactions:
1: MEM Rd Req: addr=f0000000 tag=0
2: MEM Rsp: tag=0 data=44850513000015170005006b0010051322c000ef00b5106b2385859300000597fc1025730005006b001005131a8000ef00b5106b1b45859300000597fc102573
3: MEM Rd Req: addr=f0000180 tag=0
4: MEM Rsp: tag=0 data=0005006bfff005130005006b00000513000401930000806700e7a02300c6873300f707b3000626030006a6830085a70300f6063300f686b3002797930045a603
5: MEM Rd Req: addr=f00001c0 tag=0
6: MEM Rsp: tag=0 data=0005006b0000051300068663cc3026f3fc02721300a20233383202130000121702b505330000059340b1013300a51593cc102573ff000137d481819300002197
7: MEM Rd Req: addr=f0000200 tag=1
8: MEM Rsp: tag=1 data=00008067000005130010007300008067fff0051300008067fff005130000806700000513000080670000051300008067fff0051300008067fff0051300008067
9: MEM Rd Req: addr=f0000240 tag=0
10: MEM Rsp: tag=0 data=00020413d8c585930000159700020513000006130007806bfff007930081242300112623ff01011300008067f140257300008067fff005130000806700060513
11: MEM Rd Req: addr=f0000280 tag=0
12: MEM Rsp: tag=0 data=0121202300812423ff01011300008067010101130081240300c120830007806b0017b793cc3027f31cd000ef00a4053300000593000006130000051303d000ef
13: MEM Rd Req: addr=f0000a80 tag=0
14: MEM Rsp: tag=0 data=00b547b32840006f0000051300000613000006930005059300008067fff0051300008067fff0051300008067fff0051300008067fff0051300008067fff00513
15: MEM Rd Req: addr=f0000ac0 tag=0
16: MEM Rsp: tag=0 data=0006a80302c77863000707930005869308d7ce630200079340e606b3ffc8f61306079a63000507130035779306c7f063003007930607946300c508b30037f793
17: MEM Rd Req: addr=f0000b00 tag=0
18: MEM Rsp: tag=0 data=001707130005c7830515786300050713000080670117686300f585b300f7073300478793ffc7f79340e787b3fff60793fec7e8e3ff07ae230046869300478793
19: MEM Rd Req: addr=f0000b80 tag=0
20: MEM Rsp: tag=0 data=40e607b3024707130205a68301c5a8030185a3030145ae030105ae8300c5af030085af830045a2830005a3830200041300812623ff01011300008067f61ff06f
21: MEM Rd Req: addr=f0000c40 tag=0
22: MEM Rsp: tag=0 data=00f67613ff067693080592630a07906300f7779302c37e630005071300f00313fcdff06ffce89ee3fef70fa300158593001707130005c783fee882e3fef70fa3
23: MEM Rd Req: addr=f0000c80 tag=0
24: MEM Rsp: tag=0 data=00b706a300b7072300c68067005686b3000002970026969340c306b30000806700061463fed766e30107071300b7262300b7242300b7222300b7202300e686b3
25: MEM Rd Req: addr=f0000cc0 tag=0
26: MEM Rsp: tag=0 data=008596930ff5f5930000806700b7002300b700a300b7012300b701a300b7022300b702a300b7032300b703a300b7042300b704a300b7052300b705a300b70623
27: MEM Rd Req: addr=f0000040 tag=0
28: MEM Rsp: tag=0 data=00050413001126230081242300000593ff0101130040006f03c000ef254000ef24d000ef2f45051300000517411000ef0000059340a606334e46061300001617
29: MEM Wr Req: addr=f0001480 tag=42 byteen=000000000000000f data=xxxxxxxxxxxxxxxxxxxxxxxxxxxxxxxxxxxxxxxxxxxxxxxxxxxxxxxxxxxxxxxxxxxxxxxxxxxxxxxxxxxxxxxxxxxxxxxxxxxxxxxxxxxxxxxxxxxxxxxx00000000
30: MEM Wr Req: addr=f0001480 tag=42 byteen=00000000000000f0 data=xxxxxxxxxxxxxxxxxxxxxxxxxxxxxxxxxxxxxxxxxxxxxxxxxxxxxxxxxxxxxxxxxxxxxxxxxxxxxxxxxxxxxxxxxxxxxxxxxxxxxxxxxxxxxxxx00000000xxxxxxxx
31: MEM Wr Req: addr=f0001480 tag=42 byteen=0000000000000f00 data=xxxxxxxxxxxxxxxxxxxxxxxxxxxxxxxxxxxxxxxxxxxxxxxxxxxxxxxxxxxxxxxxxxxxxxxxxxxxxxxxxxxxxxxxxxxxxxxxxxxxxxxx00000000xxxxxxxxxxxxxxxx
32: MEM Wr Req: addr=f0001480 tag=42 byteen=000000000000f000 data=xxxxxxxxxxxxxxxxxxxxxxxxxxxxxxxxxxxxxxxxxxxxxxxxxxxxxxxxxxxxxxxxxxxxxxxxxxxxxxxxxxxxxxxxxxxxxxxx00000000xxxxxxxxxxxxxxxxxxxxxxxx
33: MEM Wr Req: addr=f0001480 tag=42 byteen=00000000000f0000 data=xxxxxxxxxxxxxxxxxxxxxxxxxxxxxxxxxxxxxxxxxxxxxxxxxxxxxxxxxxxxxxxxxxxxxxxxxxxxxxxxxxxxxxxx00000000xxxxxxxxxxxxxxxxxxxxxxxxxxxxxxxx
34: MEM Wr Req: addr=f0001480 tag=42 byteen=0000000000f00000 data=xxxxxxxxxxxxxxxxxxxxxxxxxxxxxxxxxxxxxxxxxxxxxxxxxxxxxxxxxxxxxxxxxxxxxxxxxxxxxxxx00000000xxxxxxxxxxxxxxxxxxxxxxxxxxxxxxxxxxxxxxxx
35: MEM Wr Req: addr=f0001480 tag=42 byteen=000000000f000000 data=xxxxxxxxxxxxxxxxxxxxxxxxxxxxxxxxxxxxxxxxxxxxxxxxxxxxxxxxxxxxxxxxxxxxxxxx00000000xxxxxxxxxxxxxxxxxxxxxxxxxxxxxxxxxxxxxxxxxxxxxxxx
36: MEM Wr Req: addr=f0001480 tag=42 byteen=00000000f0000000 data=xxxxxxxxxxxxxxxxxxxxxxxxxxxxxxxxxxxxxxxxxxxxxxxxxxxxxxxxxxxxxxxx00000000xxxxxxxxxxxxxxxxxxxxxxxxxxxxxxxxxxxxxxxxxxxxxxxxxxxxxxxx
37: MEM Wr Req: addr=f0001480 tag=42 byteen=0000000f00000000 data=xxxxxxxxxxxxxxxxxxxxxxxxxxxxxxxxxxxxxxxxxxxxxxxxxxxxxxxx00000000xxxxxxxxxxxxxxxxxxxxxxxxxxxxxxxxxxxxxxxxxxxxxxxxxxxxxxxxxxxxxxxx
38: MEM Wr Req: addr=f0001480 tag=42 byteen=000000f000000000 data=xxxxxxxxxxxxxxxxxxxxxxxxxxxxxxxxxxxxxxxxxxxxxxxx00000000xxxxxxxxxxxxxxxxxxxxxxxxxxxxxxxxxxxxxxxxxxxxxxxxxxxxxxxxxxxxxxxxxxxxxxxx
39: MEM Wr Req: addr=f0001480 tag=42 byteen=00000f0000000000 data=xxxxxxxxxxxxxxxxxxxxxxxxxxxxxxxxxxxxxxxx00000000xxxxxxxxxxxxxxxxxxxxxxxxxxxxxxxxxxxxxxxxxxxxxxxxxxxxxxxxxxxxxxxxxxxxxxxxxxxxxxxx
40: MEM Wr Req: addr=f0001480 tag=42 byteen=0000f00000000000 data=xxxxxxxxxxxxxxxxxxxxxxxxxxxxxxxx00000000xxxxxxxxxxxxxxxxxxxxxxxxxxxxxxxxxxxxxxxxxxxxxxxxxxxxxxxxxxxxxxxxxxxxxxxxxxxxxxxxxxxxxxxx
41: MEM Wr Req: addr=f0001480 tag=42 byteen=000f000000000000 data=xxxxxxxxxxxxxxxxxxxxxxxx00000000xxxxxxxxxxxxxxxxxxxxxxxxxxxxxxxxxxxxxxxxxxxxxxxxxxxxxxxxxxxxxxxxxxxxxxxxxxxxxxxxxxxxxxxxxxxxxxxx
42: MEM Wr Req: addr=f0001480 tag=42 byteen=00f0000000000000 data=xxxxxxxxxxxxxxxx00000000xxxxxxxxxxxxxxxxxxxxxxxxxxxxxxxxxxxxxxxxxxxxxxxxxxxxxxxxxxxxxxxxxxxxxxxxxxxxxxxxxxxxxxxxxxxxxxxxxxxxxxxx
43: MEM Wr Req: addr=f0001480 tag=42 byteen=0f00000000000000 data=xxxxxxxx00000000xxxxxxxxxxxxxxxxxxxxxxxxxxxxxxxxxxxxxxxxxxxxxxxxxxxxxxxxxxxxxxxxxxxxxxxxxxxxxxxxxxxxxxxxxxxxxxxxxxxxxxxxxxxxxxxx
44: MEM Wr Req: addr=f0001480 tag=42 byteen=f000000000000000 data=00000000xxxxxxxxxxxxxxxxxxxxxxxxxxxxxxxxxxxxxxxxxxxxxxxxxxxxxxxxxxxxxxxxxxxxxxxxxxxxxxxxxxxxxxxxxxxxxxxxxxxxxxxxxxxxxxxxxxxxxxxx
45: MEM Wr Req: addr=f00014c0 tag=62 byteen=000000000000000f data=xxxxxxxxxxxxxxxxxxxxxxxxxxxxxxxxxxxxxxxxxxxxxxxxxxxxxxxxxxxxxxxxxxxxxxxxxxxxxxxxxxxxxxxxxxxxxxxxxxxxxxxxxxxxxxxxxxxxxxxx00000000
46: MEM Wr Req: addr=f00014c0 tag=62 byteen=00000000000000f0 data=xxxxxxxxxxxxxxxxxxxxxxxxxxxxxxxxxxxxxxxxxxxxxxxxxxxxxxxxxxxxxxxxxxxxxxxxxxxxxxxxxxxxxxxxxxxxxxxxxxxxxxxxxxxxxxxx00000000xxxxxxxx
47: MEM Wr Req: addr=f00014c0 tag=62 byteen=0000000000000f00 data=xxxxxxxxxxxxxxxxxxxxxxxxxxxxxxxxxxxxxxxxxxxxxxxxxxxxxxxxxxxxxxxxxxxxxxxxxxxxxxxxxxxxxxxxxxxxxxxxxxxxxxxx00000000xxxxxxxxxxxxxxxx
48: MEM Wr Req: addr=f00014c0 tag=62 byteen=000000000000f000 data=xxxxxxxxxxxxxxxxxxxxxxxxxxxxxxxxxxxxxxxxxxxxxxxxxxxxxxxxxxxxxxxxxxxxxxxxxxxxxxxxxxxxxxxxxxxxxxxx00000000xxxxxxxxxxxxxxxxxxxxxxxx
49: MEM Wr Req: addr=f00014c0 tag=62 byteen=00000000000f0000 data=xxxxxxxxxxxxxxxxxxxxxxxxxxxxxxxxxxxxxxxxxxxxxxxxxxxxxxxxxxxxxxxxxxxxxxxxxxxxxxxxxxxxxxxx00000000xxxxxxxxxxxxxxxxxxxxxxxxxxxxxxxx
50: MEM Wr Req: addr=f00014c0 tag=62 byteen=0000000000f00000 data=xxxxxxxxxxxxxxxxxxxxxxxxxxxxxxxxxxxxxxxxxxxxxxxxxxxxxxxxxxxxxxxxxxxxxxxxxxxxxxxx00000000xxxxxxxxxxxxxxxxxxxxxxxxxxxxxxxxxxxxxxxx
51: MEM Wr Req: addr=f00014c0 tag=62 byteen=000000000f000000 data=xxxxxxxxxxxxxxxxxxxxxxxxxxxxxxxxxxxxxxxxxxxxxxxxxxxxxxxxxxxxxxxxxxxxxxxx00000000xxxxxxxxxxxxxxxxxxxxxxxxxxxxxxxxxxxxxxxxxxxxxxxx
52: MEM Wr Req: addr=f00014c0 tag=62 byteen=00000000f0000000 data=xxxxxxxxxxxxxxxxxxxxxxxxxxxxxxxxxxxxxxxxxxxxxxxxxxxxxxxxxxxxxxxx00000000xxxxxxxxxxxxxxxxxxxxxxxxxxxxxxxxxxxxxxxxxxxxxxxxxxxxxxxx
53: MEM Wr Req: addr=f00014c0 tag=62 byteen=0000000f00000000 data=xxxxxxxxxxxxxxxxxxxxxxxxxxxxxxxxxxxxxxxxxxxxxxxxxxxxxxxx00000000xxxxxxxxxxxxxxxxxxxxxxxxxxxxxxxxxxxxxxxxxxxxxxxxxxxxxxxxxxxxxxxx
54: MEM Wr Req: addr=f00014c0 tag=62 byteen=000000f000000000 data=xxxxxxxxxxxxxxxxxxxxxxxxxxxxxxxxxxxxxxxxxxxxxxxx00000000xxxxxxxxxxxxxxxxxxxxxxxxxxxxxxxxxxxxxxxxxxxxxxxxxxxxxxxxxxxxxxxxxxxxxxxx
55: MEM Wr Req: addr=f00014c0 tag=62 byteen=00000f0000000000 data=xxxxxxxxxxxxxxxxxxxxxxxxxxxxxxxxxxxxxxxx00000000xxxxxxxxxxxxxxxxxxxxxxxxxxxxxxxxxxxxxxxxxxxxxxxxxxxxxxxxxxxxxxxxxxxxxxxxxxxxxxxx
56: MEM Wr Req: addr=f00014c0 tag=62 byteen=0000f00000000000 data=xxxxxxxxxxxxxxxxxxxxxxxxxxxxxxxx00000000xxxxxxxxxxxxxxxxxxxxxxxxxxxxxxxxxxxxxxxxxxxxxxxxxxxxxxxxxxxxxxxxxxxxxxxxxxxxxxxxxxxxxxxx
57: MEM Wr Req: addr=f00014c0 tag=62 byteen=000f000000000000 data=xxxxxxxxxxxxxxxxxxxxxxxx00000000xxxxxxxxxxxxxxxxxxxxxxxxxxxxxxxxxxxxxxxxxxxxxxxxxxxxxxxxxxxxxxxxxxxxxxxxxxxxxxxxxxxxxxxxxxxxxxxx
58: MEM Wr Req: addr=f00014c0 tag=62 byteen=00f0000000000000 data=xxxxxxxxxxxxxxxx00000000xxxxxxxxxxxxxxxxxxxxxxxxxxxxxxxxxxxxxxxxxxxxxxxxxxxxxxxxxxxxxxxxxxxxxxxxxxxxxxxxxxxxxxxxxxxxxxxxxxxxxxxx
59: MEM Wr Req: addr=f00014c0 tag=62 byteen=0f00000000000000 data=xxxxxxxx00000000xxxxxxxxxxxxxxxxxxxxxxxxxxxxxxxxxxxxxxxxxxxxxxxxxxxxxxxxxxxxxxxxxxxxxxxxxxxxxxxxxxxxxxxxxxxxxxxxxxxxxxxxxxxxxxxx
60: MEM Wr Req: addr=f00014c0 tag=62 byteen=f000000000000000 data=00000000xxxxxxxxxxxxxxxxxxxxxxxxxxxxxxxxxxxxxxxxxxxxxxxxxxxxxxxxxxxxxxxxxxxxxxxxxxxxxxxxxxxxxxxxxxxxxxxxxxxxxxxxxxxxxxxxxxxxxxxx
61: MEM Wr Req: addr=f0001500 tag=2 byteen=000000000000000f data=xxxxxxxxxxxxxxxxxxxxxxxxxxxxxxxxxxxxxxxxxxxxxxxxxxxxxxxxxxxxxxxxxxxxxxxxxxxxxxxxxxxxxxxxxxxxxxxxxxxxxxxxxxxxxxxxxxxxxxxx00000000
62: MEM Wr Req: addr=f0001500 tag=2 byteen=00000000000000f0 data=xxxxxxxxxxxxxxxxxxxxxxxxxxxxxxxxxxxxxxxxxxxxxxxxxxxxxxxxxxxxxxxxxxxxxxxxxxxxxxxxxxxxxxxxxxxxxxxxxxxxxxxxxxxxxxxx00000000xxxxxxxx
63: MEM Wr Req: addr=f0001500 tag=2 byteen=0000000000000f00 data=xxxxxxxxxxxxxxxxxxxxxxxxxxxxxxxxxxxxxxxxxxxxxxxxxxxxxxxxxxxxxxxxxxxxxxxxxxxxxxxxxxxxxxxxxxxxxxxxxxxxxxxx00000000xxxxxxxxxxxxxxxx
64: MEM Wr Req: addr=f0001500 tag=2 byteen=000000000000f000 data=xxxxxxxxxxxxxxxxxxxxxxxxxxxxxxxxxxxxxxxxxxxxxxxxxxxxxxxxxxxxxxxxxxxxxxxxxxxxxxxxxxxxxxxxxxxxxxxx00000000xxxxxxxxxxxxxxxxxxxxxxxx
65: MEM Wr Req: addr=f0001500 tag=2 byteen=00000000000f0000 data=xxxxxxxxxxxxxxxxxxxxxxxxxxxxxxxxxxxxxxxxxxxxxxxxxxxxxxxxxxxxxxxxxxxxxxxxxxxxxxxxxxxxxxxx00000000xxxxxxxxxxxxxxxxxxxxxxxxxxxxxxxx
66: MEM Wr Req: addr=f0001500 tag=2 byteen=0000000000f00000 data=xxxxxxxxxxxxxxxxxxxxxxxxxxxxxxxxxxxxxxxxxxxxxxxxxxxxxxxxxxxxxxxxxxxxxxxxxxxxxxxx00000000xxxxxxxxxxxxxxxxxxxxxxxxxxxxxxxxxxxxxxxx
67: MEM Wr Req: addr=f0001500 tag=2 byteen=000000000f000000 data=xxxxxxxxxxxxxxxxxxxxxxxxxxxxxxxxxxxxxxxxxxxxxxxxxxxxxxxxxxxxxxxxxxxxxxxx00000000xxxxxxxxxxxxxxxxxxxxxxxxxxxxxxxxxxxxxxxxxxxxxxxx
68: MEM Wr Req: addr=f0001500 tag=2 byteen=00000000f0000000 data=xxxxxxxxxxxxxxxxxxxxxxxxxxxxxxxxxxxxxxxxxxxxxxxxxxxxxxxxxxxxxxxx00000000xxxxxxxxxxxxxxxxxxxxxxxxxxxxxxxxxxxxxxxxxxxxxxxxxxxxxxxx
69: MEM Wr Req: addr=f0001500 tag=2 byteen=0000000800000000 data=xxxxxxxxxxxxxxxxxxxxxxxxxxxxxxxxxxxxxxxxxxxxxxxxxxxxxxxx00xxxxxxxxxxxxxxxxxxxxxxxxxxxxxxxxxxxxxxxxxxxxxxxxxxxxxxxxxxxxxxxxxxxxxx
70: MEM Wr Req: addr=f0001500 tag=2 byteen=0000000400000000 data=xxxxxxxxxxxxxxxxxxxxxxxxxxxxxxxxxxxxxxxxxxxxxxxxxxxxxxxxxx00xxxxxxxxxxxxxxxxxxxxxxxxxxxxxxxxxxxxxxxxxxxxxxxxxxxxxxxxxxxxxxxxxxxx
71: MEM Wr Req: addr=f0001500 tag=2 byteen=0000000200000000 data=xxxxxxxxxxxxxxxxxxxxxxxxxxxxxxxxxxxxxxxxxxxxxxxxxxxxxxxxxxxx00xxxxxxxxxxxxxxxxxxxxxxxxxxxxxxxxxxxxxxxxxxxxxxxxxxxxxxxxxxxxxxxxxx
72: MEM Wr Req: addr=f0001500 tag=2 byteen=0000000100000000 data=xxxxxxxxxxxxxxxxxxxxxxxxxxxxxxxxxxxxxxxxxxxxxxxxxxxxxxxxxxxxxx00xxxxxxxxxxxxxxxxxxxxxxxxxxxxxxxxxxxxxxxxxxxxxxxxxxxxxxxxxxxxxxxx
73: MEM Rd Req: addr=f0000d00 tag=0
74: MEM Rsp: tag=0 data=00000717f3dff06ff6c378e300f6063340f70733ff07879300028093fa0680e700008293005686b30000029700279693f6dff06f00d5e5b30105969300d5e5b3
75: MEM Rd Req: addr=f0000d40 tag=0
76: MEM Rsp: tag=0 data=10d324231917a42300c8e8b300e61633001006131887a88308c3242301078333020506630027181306e84e6301f008130047a70304078c631487278373c72703
77: MEM Rd Req: addr=f0001440 tag=22
78: MEM Rsp: tag=22 data=f0001050f00010500000000000000000000000000000000000000000000000000000000000000000000000000000000000000000000000000000000000000000
79: MEM Rd Req: addr=f0001180 tag=42
80: MEM Rsp: tag=42 data=00000000000000000000000000000000000000000000000000000000000000000000000000000000000000000000000000000000000000000000000000000000
81: MEM Rd Req: addr=f0000d80 tag=0
82: MEM Rsp: tag=0 data=18d7a62300c6e6b300e7a2230017071318c7a683fa5ff06f14f7242314c70793000080670000051300b7a423010787b300e7a2230017071302d5046300200693
83: MEM Wr Req: addr=f0001180 tag=42 byteen=000000000f000000 data=xxxxxxxxxxxxxxxxxxxxxxxxxxxxxxxxxxxxxxxxxxxxxxxxxxxxxxxxxxxxxxxxxxxxxxxxf000119cxxxxxxxxxxxxxxxxxxxxxxxxxxxxxxxxxxxxxxxxxxxxxxxx
84: MEM Wr Req: addr=f0001180 tag=42 byteen=0000000f00000000 data=xxxxxxxxxxxxxxxxxxxxxxxxxxxxxxxxxxxxxxxxxxxxxxxxxxxxxxxx00000001xxxxxxxxxxxxxxxxxxxxxxxxxxxxxxxxxxxxxxxxxxxxxxxxxxxxxxxxxxxxxxxx
85: MEM Wr Req: addr=f0001180 tag=42 byteen=000000f000000000 data=xxxxxxxxxxxxxxxxxxxxxxxxxxxxxxxxxxxxxxxxxxxxxxxxf0000348xxxxxxxxxxxxxxxxxxxxxxxxxxxxxxxxxxxxxxxxxxxxxxxxxxxxxxxxxxxxxxxxxxxxxxxx
86: MEM Rd Req: addr=f00002c0 tag=0
87: MEM Rsp: tag=0 data=00001797ff24e8e3000780e7004404130014849300042783000004934029591302878063408789330091222300112623d384041300001417d407879300001797
88: MEM Rd Req: addr=f0000300 tag=0
89: MEM Rsp: tag=0 data=00012903004124830081240300c12083ff24e8e3000780e70044041300148493000427830000049300878e634029591340878933cfc4041300001417d0878793
90: MEM Rd Req: addr=f0001000 tag=2
91: MEM Rsp: tag=2 data=0000000500000004000000050000000300000001000000000000000300000001000000050000000900000002000000080000000200000003baadf00df0000160
92: MEM Rd Req: addr=f0000140 tag=0
93: MEM Rsp: tag=0 data=0005a683cc2027f3000080671390006f1e05051300000517000788630000079300008067050101130000051300f7202300d787b300c787b30481240304c12083
94: MEM Rd Req: addr=f0000340 tag=0
95: MEM Rsp: tag=0 data=0004278300f40433ffc404130204806340245493001126230091222340f40433cac4041300001417cb4787930000179700812423ff0101130000806701010113
96: MEM Rd Req: addr=f0000080 tag=0
97: MEM Rsp: tag=0 data=00c1051304812423f78787930000179702f12e2300f1262300100793fb010113110000ef00040513000780e70007846303c527833f45250300001517559000ef
98: MEM Rd Req: addr=f00000c0 tag=0
99: MEM Rsp: tag=0 data=00001717718000ef00012c230081242300f1222302e1222304112623f2c78793000017970a4585930000059700f1202300800713000106133c44041300001417
100: MEM Rd Req: addr=f0000800 tag=0
101: MEM Rsp: tag=0 data=cc502773fc002473fc1028f3fc20237303212023029122230281242302112623008526830045280300052283fd01011300008067030101130201290302412483
102: MEM Rd Req: addr=f0000840 tag=0
103: MEM Rsp: tag=0 data=01e684b302f6e6b300e31663000f049302f6cf33fff303130cf758630ef3466303c6c7b300de546302888e33030686b300100793025808330ee7c86301f00793
104: MEM Rd Req: addr=f0000880 tag=0
105: MEM Rsp: tag=0 data=0107f7b34176d693005fffb3d002f7d3e00786d3fff80793fff28f93d00877d303196e33000e0e93000e066303194e3300100e930d1948630284e4b30284c933
106: MEM Rd Req: addr=f0000940 tag=0
107: MEM Rsp: tag=0 data=00e7906bd18707130000071700f12c23000887930128d46300090793f41ff06f00100e9300000e13fe1ff06ff0f74ce300030793000080670301011302012903
108: MEM Rd Req: addr=f00008c0 tag=0
109: MEM Rsp: tag=0 data=00012c2301c12a2301d1282300c1242300b1222300a12023bc4686930000169700d7e7b301f7e7b3010696930ff6f6930017b793008f9f93f8168693001fbf93
110: MEM Rd Req: addr=f0000900 tag=0
111: MEM Rsp: tag=0 data=024124830281240302c120830604966303204c63006126230027202300f12e230107e7b301881813f8180813417f581300e6873300271713e0078f5302ef0333
112: MEM Wr Req: addr=f0001480 tag=42 byteen=000000f000000000 data=xxxxxxxxxxxxxxxxxxxxxxxxxxxxxxxxxxxxxxxxxxxxxxxxfeffff80xxxxxxxxxxxxxxxxxxxxxxxxxxxxxxxxxxxxxxxxxxxxxxxxxxxxxxxxxxxxxxxxxxxxxxxx
113: MEM Rd Req: addr=f0000100 tag=0
114: MEM Rsp: tag=0 data=00b787b300a787b301c426830184260300d787b300c787b3014425830104250300b787b300a787b300c426830084260300442583000727830004250338470713
115: MEM Rd Req: addr=f0001480 tag=42
116: MEM Rsp: tag=42 data=000000000000000000000000000000000000000000000000feffff80000000000000000000000000000000000000000000000000000000000000000000000000
117: MEM Wr Req: addr=f0001480 tag=42 byteen=000000000000000f data=xxxxxxxxxxxxxxxxxxxxxxxxxxxxxxxxxxxxxxxxxxxxxxxxxxxxxxxxxxxxxxxxxxxxxxxxxxxxxxxxxxxxxxxxxxxxxxxxxxxxxxxxxxxxxxxxxxxxxxxx00000000
118: MEM Rd Req: addr=f0000dc0 tag=0
119: MEM Rsp: tag=0 data=01312e23029122230281242302112623148a290303212023698a2a0300000a1701412c23fd01011300008067fff00513000080670000051300b7a423010787b3
120: MEM Rd Req: addr=f0000e00 tag=0
121: MEM Rsp: tag=0 data=1044a783040b8463009904b30024949302044263fff4841300492483fff0099300100a9300058b9300050b130409006301812423017126230161282301512a23
122: MEM Rd Req: addr=f0000e80 tag=0
123: MEM Rsp: tag=0 data=f92784e301871463148a278300492703000680e70207926300f777b300492c03008a973318892783fa0688e30004a22304878e63fff787930044a68300492783
124: MEM Rd Req: addr=f0000ec0 tag=0
125: MEM Rsp: tag=0 data=00000010fb9ff06f000680e700058513fa9ff06f00892223fcdff06f000680e7000b051300071c6300f777330844a58318c92783f5dff06f00078913f80788e3
126: MEM Wr Req: addr=f0001180 tag=42 byteen=0000000f00000000 data=xxxxxxxxxxxxxxxxxxxxxxxxxxxxxxxxxxxxxxxxxxxxxxxxxxxxxxxx00000000xxxxxxxxxxxxxxxxxxxxxxxxxxxxxxxxxxxxxxxxxxxxxxxxxxxxxxxxxxxxxxxx
127: MEM Rd Req: addr=f0001300 tag=2
128: MEM Rsp: tag=2 data=00000000000000000000000000000000000000000000000000000000000000000000000000000000000000000000000000000000000000000000000000000000
129: MEM Rd Req: addr=f0000380 tag=0
130: MEM Rsp: tag=0 data=cc302773cc50267301212023009122230081242300112623ff0101130000806701010113004124830081240300c12083fe0498e3000780e7ffc40413fff48493
131: MEM Rd Req: addr=f0000e40 tag=0
132: MEM Rsp: tag=0 data=000080670301011300812c0300c12b8301012b0301412a8301812a0301c1298302012903024124830281240302c12083ff3416e3ffc48493fff4041305778063
133: MEM Rd Req: addr=f0001080 tag=42
134: MEM Rsp: tag=42 data=00000000000000000000000000000000000000000000000000000000000000000000000000000000000000000000000000000000000000000000000000000000

memory read request transactions:
1: MEM Rd Req: addr=f0000000 tag=0
2: MEM Rd Req: addr=f0000180 tag=0
3: MEM Rd Req: addr=f00001c0 tag=0
4: MEM Rd Req: addr=f0000200 tag=1
5: MEM Rd Req: addr=f0000240 tag=0
6: MEM Rd Req: addr=f0000280 tag=0
7: MEM Rd Req: addr=f0000a80 tag=0
8: MEM Rd Req: addr=f0000ac0 tag=0
9: MEM Rd Req: addr=f0000b00 tag=0
10: MEM Rd Req: addr=f0000b80 tag=0
11: MEM Rd Req: addr=f0000c40 tag=0
12: MEM Rd Req: addr=f0000c80 tag=0
13: MEM Rd Req: addr=f0000cc0 tag=0
14: MEM Rd Req: addr=f0000040 tag=0
15: MEM Rd Req: addr=f0000d00 tag=0
16: MEM Rd Req: addr=f0000d40 tag=0
17: MEM Rd Req: addr=f0001440 tag=22
18: MEM Rd Req: addr=f0001180 tag=42
19: MEM Rd Req: addr=f0000d80 tag=0
20: MEM Rd Req: addr=f00002c0 tag=0
21: MEM Rd Req: addr=f0000300 tag=0
22: MEM Rd Req: addr=f0001000 tag=2
23: MEM Rd Req: addr=f0000140 tag=0
24: MEM Rd Req: addr=f0000340 tag=0
25: MEM Rd Req: addr=f0000080 tag=0
26: MEM Rd Req: addr=f00000c0 tag=0
27: MEM Rd Req: addr=f0000800 tag=0
28: MEM Rd Req: addr=f0000840 tag=0
29: MEM Rd Req: addr=f0000880 tag=0
30: MEM Rd Req: addr=f0000940 tag=0
31: MEM Rd Req: addr=f00008c0 tag=0
32: MEM Rd Req: addr=f0000900 tag=0
33: MEM Rd Req: addr=f0000100 tag=0
34: MEM Rd Req: addr=f0001480 tag=42
35: MEM Rd Req: addr=f0000dc0 tag=0
36: MEM Rd Req: addr=f0000e00 tag=0
37: MEM Rd Req: addr=f0000e80 tag=0
38: MEM Rd Req: addr=f0000ec0 tag=0
39: MEM Rd Req: addr=f0001300 tag=2
40: MEM Rd Req: addr=f0000380 tag=0
41: MEM Rd Req: addr=f0000e40 tag=0
42: MEM Rd Req: addr=f0001080 tag=42

memory write request transactions:
1: MEM Wr Req: addr=f0001480 tag=42 byteen=000000000000000f data=xxxxxxxxxxxxxxxxxxxxxxxxxxxxxxxxxxxxxxxxxxxxxxxxxxxxxxxxxxxxxxxxxxxxxxxxxxxxxxxxxxxxxxxxxxxxxxxxxxxxxxxxxxxxxxxxxxxxxxxx00000000
2: MEM Wr Req: addr=f0001480 tag=42 byteen=00000000000000f0 data=xxxxxxxxxxxxxxxxxxxxxxxxxxxxxxxxxxxxxxxxxxxxxxxxxxxxxxxxxxxxxxxxxxxxxxxxxxxxxxxxxxxxxxxxxxxxxxxxxxxxxxxxxxxxxxxx00000000xxxxxxxx
3: MEM Wr Req: addr=f0001480 tag=42 byteen=0000000000000f00 data=xxxxxxxxxxxxxxxxxxxxxxxxxxxxxxxxxxxxxxxxxxxxxxxxxxxxxxxxxxxxxxxxxxxxxxxxxxxxxxxxxxxxxxxxxxxxxxxxxxxxxxxx00000000xxxxxxxxxxxxxxxx
4: MEM Wr Req: addr=f0001480 tag=42 byteen=000000000000f000 data=xxxxxxxxxxxxxxxxxxxxxxxxxxxxxxxxxxxxxxxxxxxxxxxxxxxxxxxxxxxxxxxxxxxxxxxxxxxxxxxxxxxxxxxxxxxxxxxx00000000xxxxxxxxxxxxxxxxxxxxxxxx
5: MEM Wr Req: addr=f0001480 tag=42 byteen=00000000000f0000 data=xxxxxxxxxxxxxxxxxxxxxxxxxxxxxxxxxxxxxxxxxxxxxxxxxxxxxxxxxxxxxxxxxxxxxxxxxxxxxxxxxxxxxxxx00000000xxxxxxxxxxxxxxxxxxxxxxxxxxxxxxxx
6: MEM Wr Req: addr=f0001480 tag=42 byteen=0000000000f00000 data=xxxxxxxxxxxxxxxxxxxxxxxxxxxxxxxxxxxxxxxxxxxxxxxxxxxxxxxxxxxxxxxxxxxxxxxxxxxxxxxx00000000xxxxxxxxxxxxxxxxxxxxxxxxxxxxxxxxxxxxxxxx
7: MEM Wr Req: addr=f0001480 tag=42 byteen=000000000f000000 data=xxxxxxxxxxxxxxxxxxxxxxxxxxxxxxxxxxxxxxxxxxxxxxxxxxxxxxxxxxxxxxxxxxxxxxxx00000000xxxxxxxxxxxxxxxxxxxxxxxxxxxxxxxxxxxxxxxxxxxxxxxx
8: MEM Wr Req: addr=f0001480 tag=42 byteen=00000000f0000000 data=xxxxxxxxxxxxxxxxxxxxxxxxxxxxxxxxxxxxxxxxxxxxxxxxxxxxxxxxxxxxxxxx00000000xxxxxxxxxxxxxxxxxxxxxxxxxxxxxxxxxxxxxxxxxxxxxxxxxxxxxxxx
9: MEM Wr Req: addr=f0001480 tag=42 byteen=0000000f00000000 data=xxxxxxxxxxxxxxxxxxxxxxxxxxxxxxxxxxxxxxxxxxxxxxxxxxxxxxxx00000000xxxxxxxxxxxxxxxxxxxxxxxxxxxxxxxxxxxxxxxxxxxxxxxxxxxxxxxxxxxxxxxx
10: MEM Wr Req: addr=f0001480 tag=42 byteen=000000f000000000 data=xxxxxxxxxxxxxxxxxxxxxxxxxxxxxxxxxxxxxxxxxxxxxxxx00000000xxxxxxxxxxxxxxxxxxxxxxxxxxxxxxxxxxxxxxxxxxxxxxxxxxxxxxxxxxxxxxxxxxxxxxxx
11: MEM Wr Req: addr=f0001480 tag=42 byteen=00000f0000000000 data=xxxxxxxxxxxxxxxxxxxxxxxxxxxxxxxxxxxxxxxx00000000xxxxxxxxxxxxxxxxxxxxxxxxxxxxxxxxxxxxxxxxxxxxxxxxxxxxxxxxxxxxxxxxxxxxxxxxxxxxxxxx
12: MEM Wr Req: addr=f0001480 tag=42 byteen=0000f00000000000 data=xxxxxxxxxxxxxxxxxxxxxxxxxxxxxxxx00000000xxxxxxxxxxxxxxxxxxxxxxxxxxxxxxxxxxxxxxxxxxxxxxxxxxxxxxxxxxxxxxxxxxxxxxxxxxxxxxxxxxxxxxxx
13: MEM Wr Req: addr=f0001480 tag=42 byteen=000f000000000000 data=xxxxxxxxxxxxxxxxxxxxxxxx00000000xxxxxxxxxxxxxxxxxxxxxxxxxxxxxxxxxxxxxxxxxxxxxxxxxxxxxxxxxxxxxxxxxxxxxxxxxxxxxxxxxxxxxxxxxxxxxxxx
14: MEM Wr Req: addr=f0001480 tag=42 byteen=00f0000000000000 data=xxxxxxxxxxxxxxxx00000000xxxxxxxxxxxxxxxxxxxxxxxxxxxxxxxxxxxxxxxxxxxxxxxxxxxxxxxxxxxxxxxxxxxxxxxxxxxxxxxxxxxxxxxxxxxxxxxxxxxxxxxx
15: MEM Wr Req: addr=f0001480 tag=42 byteen=0f00000000000000 data=xxxxxxxx00000000xxxxxxxxxxxxxxxxxxxxxxxxxxxxxxxxxxxxxxxxxxxxxxxxxxxxxxxxxxxxxxxxxxxxxxxxxxxxxxxxxxxxxxxxxxxxxxxxxxxxxxxxxxxxxxxx
16: MEM Wr Req: addr=f0001480 tag=42 byteen=f000000000000000 data=00000000xxxxxxxxxxxxxxxxxxxxxxxxxxxxxxxxxxxxxxxxxxxxxxxxxxxxxxxxxxxxxxxxxxxxxxxxxxxxxxxxxxxxxxxxxxxxxxxxxxxxxxxxxxxxxxxxxxxxxxxx
17: MEM Wr Req: addr=f00014c0 tag=62 byteen=000000000000000f data=xxxxxxxxxxxxxxxxxxxxxxxxxxxxxxxxxxxxxxxxxxxxxxxxxxxxxxxxxxxxxxxxxxxxxxxxxxxxxxxxxxxxxxxxxxxxxxxxxxxxxxxxxxxxxxxxxxxxxxxx00000000
18: MEM Wr Req: addr=f00014c0 tag=62 byteen=00000000000000f0 data=xxxxxxxxxxxxxxxxxxxxxxxxxxxxxxxxxxxxxxxxxxxxxxxxxxxxxxxxxxxxxxxxxxxxxxxxxxxxxxxxxxxxxxxxxxxxxxxxxxxxxxxxxxxxxxxx00000000xxxxxxxx
19: MEM Wr Req: addr=f00014c0 tag=62 byteen=0000000000000f00 data=xxxxxxxxxxxxxxxxxxxxxxxxxxxxxxxxxxxxxxxxxxxxxxxxxxxxxxxxxxxxxxxxxxxxxxxxxxxxxxxxxxxxxxxxxxxxxxxxxxxxxxxx00000000xxxxxxxxxxxxxxxx
20: MEM Wr Req: addr=f00014c0 tag=62 byteen=000000000000f000 data=xxxxxxxxxxxxxxxxxxxxxxxxxxxxxxxxxxxxxxxxxxxxxxxxxxxxxxxxxxxxxxxxxxxxxxxxxxxxxxxxxxxxxxxxxxxxxxxx00000000xxxxxxxxxxxxxxxxxxxxxxxx
21: MEM Wr Req: addr=f00014c0 tag=62 byteen=00000000000f0000 data=xxxxxxxxxxxxxxxxxxxxxxxxxxxxxxxxxxxxxxxxxxxxxxxxxxxxxxxxxxxxxxxxxxxxxxxxxxxxxxxxxxxxxxxx00000000xxxxxxxxxxxxxxxxxxxxxxxxxxxxxxxx
22: MEM Wr Req: addr=f00014c0 tag=62 byteen=0000000000f00000 data=xxxxxxxxxxxxxxxxxxxxxxxxxxxxxxxxxxxxxxxxxxxxxxxxxxxxxxxxxxxxxxxxxxxxxxxxxxxxxxxx00000000xxxxxxxxxxxxxxxxxxxxxxxxxxxxxxxxxxxxxxxx
23: MEM Wr Req: addr=f00014c0 tag=62 byteen=000000000f000000 data=xxxxxxxxxxxxxxxxxxxxxxxxxxxxxxxxxxxxxxxxxxxxxxxxxxxxxxxxxxxxxxxxxxxxxxxx00000000xxxxxxxxxxxxxxxxxxxxxxxxxxxxxxxxxxxxxxxxxxxxxxxx
24: MEM Wr Req: addr=f00014c0 tag=62 byteen=00000000f0000000 data=xxxxxxxxxxxxxxxxxxxxxxxxxxxxxxxxxxxxxxxxxxxxxxxxxxxxxxxxxxxxxxxx00000000xxxxxxxxxxxxxxxxxxxxxxxxxxxxxxxxxxxxxxxxxxxxxxxxxxxxxxxx
25: MEM Wr Req: addr=f00014c0 tag=62 byteen=0000000f00000000 data=xxxxxxxxxxxxxxxxxxxxxxxxxxxxxxxxxxxxxxxxxxxxxxxxxxxxxxxx00000000xxxxxxxxxxxxxxxxxxxxxxxxxxxxxxxxxxxxxxxxxxxxxxxxxxxxxxxxxxxxxxxx
26: MEM Wr Req: addr=f00014c0 tag=62 byteen=000000f000000000 data=xxxxxxxxxxxxxxxxxxxxxxxxxxxxxxxxxxxxxxxxxxxxxxxx00000000xxxxxxxxxxxxxxxxxxxxxxxxxxxxxxxxxxxxxxxxxxxxxxxxxxxxxxxxxxxxxxxxxxxxxxxx
27: MEM Wr Req: addr=f00014c0 tag=62 byteen=00000f0000000000 data=xxxxxxxxxxxxxxxxxxxxxxxxxxxxxxxxxxxxxxxx00000000xxxxxxxxxxxxxxxxxxxxxxxxxxxxxxxxxxxxxxxxxxxxxxxxxxxxxxxxxxxxxxxxxxxxxxxxxxxxxxxx
28: MEM Wr Req: addr=f00014c0 tag=62 byteen=0000f00000000000 data=xxxxxxxxxxxxxxxxxxxxxxxxxxxxxxxx00000000xxxxxxxxxxxxxxxxxxxxxxxxxxxxxxxxxxxxxxxxxxxxxxxxxxxxxxxxxxxxxxxxxxxxxxxxxxxxxxxxxxxxxxxx
29: MEM Wr Req: addr=f00014c0 tag=62 byteen=000f000000000000 data=xxxxxxxxxxxxxxxxxxxxxxxx00000000xxxxxxxxxxxxxxxxxxxxxxxxxxxxxxxxxxxxxxxxxxxxxxxxxxxxxxxxxxxxxxxxxxxxxxxxxxxxxxxxxxxxxxxxxxxxxxxx
30: MEM Wr Req: addr=f00014c0 tag=62 byteen=00f0000000000000 data=xxxxxxxxxxxxxxxx00000000xxxxxxxxxxxxxxxxxxxxxxxxxxxxxxxxxxxxxxxxxxxxxxxxxxxxxxxxxxxxxxxxxxxxxxxxxxxxxxxxxxxxxxxxxxxxxxxxxxxxxxxx
31: MEM Wr Req: addr=f00014c0 tag=62 byteen=0f00000000000000 data=xxxxxxxx00000000xxxxxxxxxxxxxxxxxxxxxxxxxxxxxxxxxxxxxxxxxxxxxxxxxxxxxxxxxxxxxxxxxxxxxxxxxxxxxxxxxxxxxxxxxxxxxxxxxxxxxxxxxxxxxxxx
32: MEM Wr Req: addr=f00014c0 tag=62 byteen=f000000000000000 data=00000000xxxxxxxxxxxxxxxxxxxxxxxxxxxxxxxxxxxxxxxxxxxxxxxxxxxxxxxxxxxxxxxxxxxxxxxxxxxxxxxxxxxxxxxxxxxxxxxxxxxxxxxxxxxxxxxxxxxxxxxx
33: MEM Wr Req: addr=f0001500 tag=2 byteen=000000000000000f data=xxxxxxxxxxxxxxxxxxxxxxxxxxxxxxxxxxxxxxxxxxxxxxxxxxxxxxxxxxxxxxxxxxxxxxxxxxxxxxxxxxxxxxxxxxxxxxxxxxxxxxxxxxxxxxxxxxxxxxxx00000000
34: MEM Wr Req: addr=f0001500 tag=2 byteen=00000000000000f0 data=xxxxxxxxxxxxxxxxxxxxxxxxxxxxxxxxxxxxxxxxxxxxxxxxxxxxxxxxxxxxxxxxxxxxxxxxxxxxxxxxxxxxxxxxxxxxxxxxxxxxxxxxxxxxxxxx00000000xxxxxxxx
35: MEM Wr Req: addr=f0001500 tag=2 byteen=0000000000000f00 data=xxxxxxxxxxxxxxxxxxxxxxxxxxxxxxxxxxxxxxxxxxxxxxxxxxxxxxxxxxxxxxxxxxxxxxxxxxxxxxxxxxxxxxxxxxxxxxxxxxxxxxxx00000000xxxxxxxxxxxxxxxx
36: MEM Wr Req: addr=f0001500 tag=2 byteen=000000000000f000 data=xxxxxxxxxxxxxxxxxxxxxxxxxxxxxxxxxxxxxxxxxxxxxxxxxxxxxxxxxxxxxxxxxxxxxxxxxxxxxxxxxxxxxxxxxxxxxxxx00000000xxxxxxxxxxxxxxxxxxxxxxxx
37: MEM Wr Req: addr=f0001500 tag=2 byteen=00000000000f0000 data=xxxxxxxxxxxxxxxxxxxxxxxxxxxxxxxxxxxxxxxxxxxxxxxxxxxxxxxxxxxxxxxxxxxxxxxxxxxxxxxxxxxxxxxx00000000xxxxxxxxxxxxxxxxxxxxxxxxxxxxxxxx
38: MEM Wr Req: addr=f0001500 tag=2 byteen=0000000000f00000 data=xxxxxxxxxxxxxxxxxxxxxxxxxxxxxxxxxxxxxxxxxxxxxxxxxxxxxxxxxxxxxxxxxxxxxxxxxxxxxxxx00000000xxxxxxxxxxxxxxxxxxxxxxxxxxxxxxxxxxxxxxxx
39: MEM Wr Req: addr=f0001500 tag=2 byteen=000000000f000000 data=xxxxxxxxxxxxxxxxxxxxxxxxxxxxxxxxxxxxxxxxxxxxxxxxxxxxxxxxxxxxxxxxxxxxxxxx00000000xxxxxxxxxxxxxxxxxxxxxxxxxxxxxxxxxxxxxxxxxxxxxxxx
40: MEM Wr Req: addr=f0001500 tag=2 byteen=00000000f0000000 data=xxxxxxxxxxxxxxxxxxxxxxxxxxxxxxxxxxxxxxxxxxxxxxxxxxxxxxxxxxxxxxxx00000000xxxxxxxxxxxxxxxxxxxxxxxxxxxxxxxxxxxxxxxxxxxxxxxxxxxxxxxx
41: MEM Wr Req: addr=f0001500 tag=2 byteen=0000000800000000 data=xxxxxxxxxxxxxxxxxxxxxxxxxxxxxxxxxxxxxxxxxxxxxxxxxxxxxxxx00xxxxxxxxxxxxxxxxxxxxxxxxxxxxxxxxxxxxxxxxxxxxxxxxxxxxxxxxxxxxxxxxxxxxxx
42: MEM Wr Req: addr=f0001500 tag=2 byteen=0000000400000000 data=xxxxxxxxxxxxxxxxxxxxxxxxxxxxxxxxxxxxxxxxxxxxxxxxxxxxxxxxxx00xxxxxxxxxxxxxxxxxxxxxxxxxxxxxxxxxxxxxxxxxxxxxxxxxxxxxxxxxxxxxxxxxxxx
43: MEM Wr Req: addr=f0001500 tag=2 byteen=0000000200000000 data=xxxxxxxxxxxxxxxxxxxxxxxxxxxxxxxxxxxxxxxxxxxxxxxxxxxxxxxxxxxx00xxxxxxxxxxxxxxxxxxxxxxxxxxxxxxxxxxxxxxxxxxxxxxxxxxxxxxxxxxxxxxxxxx
44: MEM Wr Req: addr=f0001500 tag=2 byteen=0000000100000000 data=xxxxxxxxxxxxxxxxxxxxxxxxxxxxxxxxxxxxxxxxxxxxxxxxxxxxxxxxxxxxxx00xxxxxxxxxxxxxxxxxxxxxxxxxxxxxxxxxxxxxxxxxxxxxxxxxxxxxxxxxxxxxxxx
45: MEM Wr Req: addr=f0001180 tag=42 byteen=000000000f000000 data=xxxxxxxxxxxxxxxxxxxxxxxxxxxxxxxxxxxxxxxxxxxxxxxxxxxxxxxxxxxxxxxxxxxxxxxxf000119cxxxxxxxxxxxxxxxxxxxxxxxxxxxxxxxxxxxxxxxxxxxxxxxx
46: MEM Wr Req: addr=f0001180 tag=42 byteen=0000000f00000000 data=xxxxxxxxxxxxxxxxxxxxxxxxxxxxxxxxxxxxxxxxxxxxxxxxxxxxxxxx00000001xxxxxxxxxxxxxxxxxxxxxxxxxxxxxxxxxxxxxxxxxxxxxxxxxxxxxxxxxxxxxxxx
47: MEM Wr Req: addr=f0001180 tag=42 byteen=000000f000000000 data=xxxxxxxxxxxxxxxxxxxxxxxxxxxxxxxxxxxxxxxxxxxxxxxxf0000348xxxxxxxxxxxxxxxxxxxxxxxxxxxxxxxxxxxxxxxxxxxxxxxxxxxxxxxxxxxxxxxxxxxxxxxx
48: MEM Wr Req: addr=f0001480 tag=42 byteen=000000f000000000 data=xxxxxxxxxxxxxxxxxxxxxxxxxxxxxxxxxxxxxxxxxxxxxxxxfeffff80xxxxxxxxxxxxxxxxxxxxxxxxxxxxxxxxxxxxxxxxxxxxxxxxxxxxxxxxxxxxxxxxxxxxxxxx
49: MEM Wr Req: addr=f0001480 tag=42 byteen=000000000000000f data=xxxxxxxxxxxxxxxxxxxxxxxxxxxxxxxxxxxxxxxxxxxxxxxxxxxxxxxxxxxxxxxxxxxxxxxxxxxxxxxxxxxxxxxxxxxxxxxxxxxxxxxxxxxxxxxxxxxxxxxx00000000
50: MEM Wr Req: addr=f0001180 tag=42 byteen=0000000f00000000 data=xxxxxxxxxxxxxxxxxxxxxxxxxxxxxxxxxxxxxxxxxxxxxxxxxxxxxxxx00000000xxxxxxxxxxxxxxxxxxxxxxxxxxxxxxxxxxxxxxxxxxxxxxxxxxxxxxxxxxxxxxxx

memory response transactions:
1: MEM Rsp: tag=0 data=44850513000015170005006b0010051322c000ef00b5106b2385859300000597fc1025730005006b001005131a8000ef00b5106b1b45859300000597fc102573
2: MEM Rsp: tag=0 data=0005006bfff005130005006b00000513000401930000806700e7a02300c6873300f707b3000626030006a6830085a70300f6063300f686b3002797930045a603
3: MEM Rsp: tag=0 data=0005006b0000051300068663cc3026f3fc02721300a20233383202130000121702b505330000059340b1013300a51593cc102573ff000137d481819300002197
4: MEM Rsp: tag=1 data=00008067000005130010007300008067fff0051300008067fff005130000806700000513000080670000051300008067fff0051300008067fff0051300008067
5: MEM Rsp: tag=0 data=00020413d8c585930000159700020513000006130007806bfff007930081242300112623ff01011300008067f140257300008067fff005130000806700060513
6: MEM Rsp: tag=0 data=0121202300812423ff01011300008067010101130081240300c120830007806b0017b793cc3027f31cd000ef00a4053300000593000006130000051303d000ef
7: MEM Rsp: tag=0 data=00b547b32840006f0000051300000613000006930005059300008067fff0051300008067fff0051300008067fff0051300008067fff0051300008067fff00513
8: MEM Rsp: tag=0 data=0006a80302c77863000707930005869308d7ce630200079340e606b3ffc8f61306079a63000507130035779306c7f063003007930607946300c508b30037f793
9: MEM Rsp: tag=0 data=001707130005c7830515786300050713000080670117686300f585b300f7073300478793ffc7f79340e787b3fff60793fec7e8e3ff07ae230046869300478793
10: MEM Rsp: tag=0 data=40e607b3024707130205a68301c5a8030185a3030145ae030105ae8300c5af030085af830045a2830005a3830200041300812623ff01011300008067f61ff06f
11: MEM Rsp: tag=0 data=00f67613ff067693080592630a07906300f7779302c37e630005071300f00313fcdff06ffce89ee3fef70fa300158593001707130005c783fee882e3fef70fa3
12: MEM Rsp: tag=0 data=00b706a300b7072300c68067005686b3000002970026969340c306b30000806700061463fed766e30107071300b7262300b7242300b7222300b7202300e686b3
13: MEM Rsp: tag=0 data=008596930ff5f5930000806700b7002300b700a300b7012300b701a300b7022300b702a300b7032300b703a300b7042300b704a300b7052300b705a300b70623
14: MEM Rsp: tag=0 data=00050413001126230081242300000593ff0101130040006f03c000ef254000ef24d000ef2f45051300000517411000ef0000059340a606334e46061300001617
15: MEM Rsp: tag=0 data=00000717f3dff06ff6c378e300f6063340f70733ff07879300028093fa0680e700008293005686b30000029700279693f6dff06f00d5e5b30105969300d5e5b3
16: MEM Rsp: tag=0 data=10d324231917a42300c8e8b300e61633001006131887a88308c3242301078333020506630027181306e84e6301f008130047a70304078c631487278373c72703
17: MEM Rsp: tag=22 data=f0001050f00010500000000000000000000000000000000000000000000000000000000000000000000000000000000000000000000000000000000000000000
18: MEM Rsp: tag=42 data=00000000000000000000000000000000000000000000000000000000000000000000000000000000000000000000000000000000000000000000000000000000
19: MEM Rsp: tag=0 data=18d7a62300c6e6b300e7a2230017071318c7a683fa5ff06f14f7242314c70793000080670000051300b7a423010787b300e7a2230017071302d5046300200693
20: MEM Rsp: tag=0 data=00001797ff24e8e3000780e7004404130014849300042783000004934029591302878063408789330091222300112623d384041300001417d407879300001797
21: MEM Rsp: tag=0 data=00012903004124830081240300c12083ff24e8e3000780e70044041300148493000427830000049300878e634029591340878933cfc4041300001417d0878793
22: MEM Rsp: tag=2 data=0000000500000004000000050000000300000001000000000000000300000001000000050000000900000002000000080000000200000003baadf00df0000160
23: MEM Rsp: tag=0 data=0005a683cc2027f3000080671390006f1e05051300000517000788630000079300008067050101130000051300f7202300d787b300c787b30481240304c12083
24: MEM Rsp: tag=0 data=0004278300f40433ffc404130204806340245493001126230091222340f40433cac4041300001417cb4787930000179700812423ff0101130000806701010113
25: MEM Rsp: tag=0 data=00c1051304812423f78787930000179702f12e2300f1262300100793fb010113110000ef00040513000780e70007846303c527833f45250300001517559000ef
26: MEM Rsp: tag=0 data=00001717718000ef00012c230081242300f1222302e1222304112623f2c78793000017970a4585930000059700f1202300800713000106133c44041300001417
27: MEM Rsp: tag=0 data=cc502773fc002473fc1028f3fc20237303212023029122230281242302112623008526830045280300052283fd01011300008067030101130201290302412483
28: MEM Rsp: tag=0 data=01e684b302f6e6b300e31663000f049302f6cf33fff303130cf758630ef3466303c6c7b300de546302888e33030686b300100793025808330ee7c86301f00793
29: MEM Rsp: tag=0 data=0107f7b34176d693005fffb3d002f7d3e00786d3fff80793fff28f93d00877d303196e33000e0e93000e066303194e3300100e930d1948630284e4b30284c933
30: MEM Rsp: tag=0 data=00e7906bd18707130000071700f12c23000887930128d46300090793f41ff06f00100e9300000e13fe1ff06ff0f74ce300030793000080670301011302012903
31: MEM Rsp: tag=0 data=00012c2301c12a2301d1282300c1242300b1222300a12023bc4686930000169700d7e7b301f7e7b3010696930ff6f6930017b793008f9f93f8168693001fbf93
32: MEM Rsp: tag=0 data=024124830281240302c120830604966303204c63006126230027202300f12e230107e7b301881813f8180813417f581300e6873300271713e0078f5302ef0333
33: MEM Rsp: tag=0 data=00b787b300a787b301c426830184260300d787b300c787b3014425830104250300b787b300a787b300c426830084260300442583000727830004250338470713
34: MEM Rsp: tag=42 data=000000000000000000000000000000000000000000000000feffff80000000000000000000000000000000000000000000000000000000000000000000000000
35: MEM Rsp: tag=0 data=01312e23029122230281242302112623148a290303212023698a2a0300000a1701412c23fd01011300008067fff00513000080670000051300b7a423010787b3
36: MEM Rsp: tag=0 data=1044a783040b8463009904b30024949302044263fff4841300492483fff0099300100a9300058b9300050b130409006301812423017126230161282301512a23
37: MEM Rsp: tag=0 data=f92784e301871463148a278300492703000680e70207926300f777b300492c03008a973318892783fa0688e30004a22304878e63fff787930044a68300492783
38: MEM Rsp: tag=0 data=00000010fb9ff06f000680e700058513fa9ff06f00892223fcdff06f000680e7000b051300071c6300f777330844a58318c92783f5dff06f00078913f80788e3
39: MEM Rsp: tag=2 data=00000000000000000000000000000000000000000000000000000000000000000000000000000000000000000000000000000000000000000000000000000000
40: MEM Rsp: tag=0 data=cc302773cc50267301212023009122230081242300112623ff0101130000806701010113004124830081240300c12083fe0498e3000780e7ffc40413fff48493
41: MEM Rsp: tag=0 data=000080670301011300812c0300c12b8301012b0301412a8301812a0301c1298302012903024124830281240302c12083ff3416e3ffc48493fff4041305778063
42: MEM Rsp: tag=42 data=00000000000000000000000000000000000000000000000000000000000000000000000000000000000000000000000000000000000000000000000000000000

