all memory transactions:
1: MEM Rd Req: addr=f0000000 tag=0
2: MEM Rsp: tag=0 data=44850513000015170005006b001005131d4000ef00b5106b1e05859300000597fc1025730005006b00100513150000ef00b5106b15c5859300000597fc102573
3: MEM Rd Req: addr=f0000140 tag=0
4: MEM Rsp: tag=0 data=40b1013300a51593cc102573ff000137da018193000021970005006bfff005130005006b00000513000401930000806700e7a02300c6873300f707b300062603
5: MEM Rd Req: addr=f0000180 tag=0
6: MEM Rsp: tag=0 data=0000051300008067fff0051300008067fff00513000080670005006b0000051300068663cc3026f3fc02721300a202333d7202130000121702b5053300000593
7: MEM Rd Req: addr=f0000200 tag=0
8: MEM Rsp: tag=0 data=1cd000ef00a4053300000593000006130000051303d000ef00020413de4585930000159700020513000006130007806bfff007930081242300112623ff010113
9: MEM Rd Req: addr=f0000a40 tag=0
10: MEM Rsp: tag=0 data=0035779306c7f063003007930607946300c508b30037f79300b547b32840006f0000051300000613000006930005059300008067fff0051300008067fff00513
11: MEM Rd Req: addr=f0000ac0 tag=0
12: MEM Rsp: tag=0 data=001707130005c68300008067fee898e3fef70fa300158593001707130005c7830515786300050713000080670117686300f585b300f7073300478793ffc7f793
13: MEM Rd Req: addr=f0000b00 tag=0
14: MEM Rsp: tag=0 data=0005a3830200041300812623ff01011300008067f61ff06ffc079ae300158593fed70fa300377793001707130005c683f6078ee300158593fed70fa300377793
15: MEM Rd Req: addr=f0000c00 tag=0
16: MEM Rsp: tag=0 data=0107071300b7262300b7242300b7222300b7202300e686b300f67613ff067693080592630a07906300f7779302c37e630005071300f00313fcdff06ffce89ee3
17: MEM Rd Req: addr=f0000c40 tag=0
18: MEM Rsp: tag=0 data=00b703a300b7042300b704a300b7052300b705a300b7062300b706a300b7072300c68067005686b3000002970026969340c306b30000806700061463fed766e3
19: MEM Rd Req: addr=f0000c80 tag=0
20: MEM Rsp: tag=0 data=0000029700279693f6dff06f00d5e5b30105969300d5e5b3008596930ff5f5930000806700b7002300b700a300b7012300b701a300b7022300b702a300b70323
21: MEM Rd Req: addr=f0000240 tag=0
22: MEM Rsp: tag=0 data=0091222300112623d904041300001417d9878793000017970121202300812423ff01011300008067010101130081240300c120830007806b0017b793cc3027f3
23: MEM Rd Req: addr=f0000040 tag=0
24: MEM Rsp: tag=0 data=00050413001126230081242300000593ff0101130040006f03c000ef1fc000ef1f5000ef29c50513000005173b9000ef0000059340a606334e06061300001617
25: MEM Wr Req: addr=f0001480 tag=42 byteen=000000000000000f data=xxxxxxxxxxxxxxxxxxxxxxxxxxxxxxxxxxxxxxxxxxxxxxxxxxxxxxxxxxxxxxxxxxxxxxxxxxxxxxxxxxxxxxxxxxxxxxxxxxxxxxxxxxxxxxxxxxxxxxxx00000000
26: MEM Wr Req: addr=f0001480 tag=42 byteen=00000000000000f0 data=xxxxxxxxxxxxxxxxxxxxxxxxxxxxxxxxxxxxxxxxxxxxxxxxxxxxxxxxxxxxxxxxxxxxxxxxxxxxxxxxxxxxxxxxxxxxxxxxxxxxxxxxxxxxxxxx00000000xxxxxxxx
27: MEM Wr Req: addr=f0001480 tag=42 byteen=0000000000000f00 data=xxxxxxxxxxxxxxxxxxxxxxxxxxxxxxxxxxxxxxxxxxxxxxxxxxxxxxxxxxxxxxxxxxxxxxxxxxxxxxxxxxxxxxxxxxxxxxxxxxxxxxxx00000000xxxxxxxxxxxxxxxx
28: MEM Wr Req: addr=f0001480 tag=42 byteen=000000000000f000 data=xxxxxxxxxxxxxxxxxxxxxxxxxxxxxxxxxxxxxxxxxxxxxxxxxxxxxxxxxxxxxxxxxxxxxxxxxxxxxxxxxxxxxxxxxxxxxxxx00000000xxxxxxxxxxxxxxxxxxxxxxxx
29: MEM Wr Req: addr=f0001480 tag=42 byteen=00000000000f0000 data=xxxxxxxxxxxxxxxxxxxxxxxxxxxxxxxxxxxxxxxxxxxxxxxxxxxxxxxxxxxxxxxxxxxxxxxxxxxxxxxxxxxxxxxx00000000xxxxxxxxxxxxxxxxxxxxxxxxxxxxxxxx
30: MEM Wr Req: addr=f0001480 tag=42 byteen=0000000000f00000 data=xxxxxxxxxxxxxxxxxxxxxxxxxxxxxxxxxxxxxxxxxxxxxxxxxxxxxxxxxxxxxxxxxxxxxxxxxxxxxxxx00000000xxxxxxxxxxxxxxxxxxxxxxxxxxxxxxxxxxxxxxxx
31: MEM Wr Req: addr=f0001480 tag=42 byteen=000000000f000000 data=xxxxxxxxxxxxxxxxxxxxxxxxxxxxxxxxxxxxxxxxxxxxxxxxxxxxxxxxxxxxxxxxxxxxxxxx00000000xxxxxxxxxxxxxxxxxxxxxxxxxxxxxxxxxxxxxxxxxxxxxxxx
32: MEM Wr Req: addr=f0001480 tag=42 byteen=00000000f0000000 data=xxxxxxxxxxxxxxxxxxxxxxxxxxxxxxxxxxxxxxxxxxxxxxxxxxxxxxxxxxxxxxxx00000000xxxxxxxxxxxxxxxxxxxxxxxxxxxxxxxxxxxxxxxxxxxxxxxxxxxxxxxx
33: MEM Wr Req: addr=f0001480 tag=42 byteen=0000000f00000000 data=xxxxxxxxxxxxxxxxxxxxxxxxxxxxxxxxxxxxxxxxxxxxxxxxxxxxxxxx00000000xxxxxxxxxxxxxxxxxxxxxxxxxxxxxxxxxxxxxxxxxxxxxxxxxxxxxxxxxxxxxxxx
34: MEM Wr Req: addr=f0001480 tag=42 byteen=000000f000000000 data=xxxxxxxxxxxxxxxxxxxxxxxxxxxxxxxxxxxxxxxxxxxxxxxx00000000xxxxxxxxxxxxxxxxxxxxxxxxxxxxxxxxxxxxxxxxxxxxxxxxxxxxxxxxxxxxxxxxxxxxxxxx
35: MEM Wr Req: addr=f0001480 tag=42 byteen=00000f0000000000 data=xxxxxxxxxxxxxxxxxxxxxxxxxxxxxxxxxxxxxxxx00000000xxxxxxxxxxxxxxxxxxxxxxxxxxxxxxxxxxxxxxxxxxxxxxxxxxxxxxxxxxxxxxxxxxxxxxxxxxxxxxxx
36: MEM Wr Req: addr=f0001480 tag=42 byteen=0000f00000000000 data=xxxxxxxxxxxxxxxxxxxxxxxxxxxxxxxx00000000xxxxxxxxxxxxxxxxxxxxxxxxxxxxxxxxxxxxxxxxxxxxxxxxxxxxxxxxxxxxxxxxxxxxxxxxxxxxxxxxxxxxxxxx
37: MEM Wr Req: addr=f0001480 tag=42 byteen=000f000000000000 data=xxxxxxxxxxxxxxxxxxxxxxxx00000000xxxxxxxxxxxxxxxxxxxxxxxxxxxxxxxxxxxxxxxxxxxxxxxxxxxxxxxxxxxxxxxxxxxxxxxxxxxxxxxxxxxxxxxxxxxxxxxx
38: MEM Wr Req: addr=f0001480 tag=42 byteen=00f0000000000000 data=xxxxxxxxxxxxxxxx00000000xxxxxxxxxxxxxxxxxxxxxxxxxxxxxxxxxxxxxxxxxxxxxxxxxxxxxxxxxxxxxxxxxxxxxxxxxxxxxxxxxxxxxxxxxxxxxxxxxxxxxxxx
39: MEM Wr Req: addr=f0001480 tag=42 byteen=0f00000000000000 data=xxxxxxxx00000000xxxxxxxxxxxxxxxxxxxxxxxxxxxxxxxxxxxxxxxxxxxxxxxxxxxxxxxxxxxxxxxxxxxxxxxxxxxxxxxxxxxxxxxxxxxxxxxxxxxxxxxxxxxxxxxx
40: MEM Wr Req: addr=f0001480 tag=42 byteen=f000000000000000 data=00000000xxxxxxxxxxxxxxxxxxxxxxxxxxxxxxxxxxxxxxxxxxxxxxxxxxxxxxxxxxxxxxxxxxxxxxxxxxxxxxxxxxxxxxxxxxxxxxxxxxxxxxxxxxxxxxxxxxxxxxxx
41: MEM Wr Req: addr=f00014c0 tag=62 byteen=000000000000000f data=xxxxxxxxxxxxxxxxxxxxxxxxxxxxxxxxxxxxxxxxxxxxxxxxxxxxxxxxxxxxxxxxxxxxxxxxxxxxxxxxxxxxxxxxxxxxxxxxxxxxxxxxxxxxxxxxxxxxxxxx00000000
42: MEM Wr Req: addr=f00014c0 tag=62 byteen=00000000000000f0 data=xxxxxxxxxxxxxxxxxxxxxxxxxxxxxxxxxxxxxxxxxxxxxxxxxxxxxxxxxxxxxxxxxxxxxxxxxxxxxxxxxxxxxxxxxxxxxxxxxxxxxxxxxxxxxxxx00000000xxxxxxxx
43: MEM Wr Req: addr=f00014c0 tag=62 byteen=0000000000000f00 data=xxxxxxxxxxxxxxxxxxxxxxxxxxxxxxxxxxxxxxxxxxxxxxxxxxxxxxxxxxxxxxxxxxxxxxxxxxxxxxxxxxxxxxxxxxxxxxxxxxxxxxxx00000000xxxxxxxxxxxxxxxx
44: MEM Wr Req: addr=f00014c0 tag=62 byteen=000000000000f000 data=xxxxxxxxxxxxxxxxxxxxxxxxxxxxxxxxxxxxxxxxxxxxxxxxxxxxxxxxxxxxxxxxxxxxxxxxxxxxxxxxxxxxxxxxxxxxxxxx00000000xxxxxxxxxxxxxxxxxxxxxxxx
45: MEM Wr Req: addr=f00014c0 tag=62 byteen=00000000000f0000 data=xxxxxxxxxxxxxxxxxxxxxxxxxxxxxxxxxxxxxxxxxxxxxxxxxxxxxxxxxxxxxxxxxxxxxxxxxxxxxxxxxxxxxxxx00000000xxxxxxxxxxxxxxxxxxxxxxxxxxxxxxxx
46: MEM Wr Req: addr=f00014c0 tag=62 byteen=0000000000f00000 data=xxxxxxxxxxxxxxxxxxxxxxxxxxxxxxxxxxxxxxxxxxxxxxxxxxxxxxxxxxxxxxxxxxxxxxxxxxxxxxxx00000000xxxxxxxxxxxxxxxxxxxxxxxxxxxxxxxxxxxxxxxx
47: MEM Wr Req: addr=f00014c0 tag=62 byteen=000000000f000000 data=xxxxxxxxxxxxxxxxxxxxxxxxxxxxxxxxxxxxxxxxxxxxxxxxxxxxxxxxxxxxxxxxxxxxxxxx00000000xxxxxxxxxxxxxxxxxxxxxxxxxxxxxxxxxxxxxxxxxxxxxxxx
48: MEM Wr Req: addr=f00014c0 tag=62 byteen=00000000f0000000 data=xxxxxxxxxxxxxxxxxxxxxxxxxxxxxxxxxxxxxxxxxxxxxxxxxxxxxxxxxxxxxxxx00000000xxxxxxxxxxxxxxxxxxxxxxxxxxxxxxxxxxxxxxxxxxxxxxxxxxxxxxxx
49: MEM Wr Req: addr=f00014c0 tag=62 byteen=0000000f00000000 data=xxxxxxxxxxxxxxxxxxxxxxxxxxxxxxxxxxxxxxxxxxxxxxxxxxxxxxxx00000000xxxxxxxxxxxxxxxxxxxxxxxxxxxxxxxxxxxxxxxxxxxxxxxxxxxxxxxxxxxxxxxx
50: MEM Wr Req: addr=f00014c0 tag=62 byteen=000000f000000000 data=xxxxxxxxxxxxxxxxxxxxxxxxxxxxxxxxxxxxxxxxxxxxxxxx00000000xxxxxxxxxxxxxxxxxxxxxxxxxxxxxxxxxxxxxxxxxxxxxxxxxxxxxxxxxxxxxxxxxxxxxxxx
51: MEM Wr Req: addr=f00014c0 tag=62 byteen=00000f0000000000 data=xxxxxxxxxxxxxxxxxxxxxxxxxxxxxxxxxxxxxxxx00000000xxxxxxxxxxxxxxxxxxxxxxxxxxxxxxxxxxxxxxxxxxxxxxxxxxxxxxxxxxxxxxxxxxxxxxxxxxxxxxxx
52: MEM Wr Req: addr=f00014c0 tag=62 byteen=0000f00000000000 data=xxxxxxxxxxxxxxxxxxxxxxxxxxxxxxxx00000000xxxxxxxxxxxxxxxxxxxxxxxxxxxxxxxxxxxxxxxxxxxxxxxxxxxxxxxxxxxxxxxxxxxxxxxxxxxxxxxxxxxxxxxx
53: MEM Wr Req: addr=f00014c0 tag=62 byteen=000f000000000000 data=xxxxxxxxxxxxxxxxxxxxxxxx00000000xxxxxxxxxxxxxxxxxxxxxxxxxxxxxxxxxxxxxxxxxxxxxxxxxxxxxxxxxxxxxxxxxxxxxxxxxxxxxxxxxxxxxxxxxxxxxxxx
54: MEM Wr Req: addr=f00014c0 tag=62 byteen=00f0000000000000 data=xxxxxxxxxxxxxxxx00000000xxxxxxxxxxxxxxxxxxxxxxxxxxxxxxxxxxxxxxxxxxxxxxxxxxxxxxxxxxxxxxxxxxxxxxxxxxxxxxxxxxxxxxxxxxxxxxxxxxxxxxxx
55: MEM Wr Req: addr=f00014c0 tag=62 byteen=0f00000000000000 data=xxxxxxxx00000000xxxxxxxxxxxxxxxxxxxxxxxxxxxxxxxxxxxxxxxxxxxxxxxxxxxxxxxxxxxxxxxxxxxxxxxxxxxxxxxxxxxxxxxxxxxxxxxxxxxxxxxxxxxxxxxx
56: MEM Wr Req: addr=f00014c0 tag=62 byteen=f000000000000000 data=00000000xxxxxxxxxxxxxxxxxxxxxxxxxxxxxxxxxxxxxxxxxxxxxxxxxxxxxxxxxxxxxxxxxxxxxxxxxxxxxxxxxxxxxxxxxxxxxxxxxxxxxxxxxxxxxxxxxxxxxxxx
57: MEM Wr Req: addr=f0001500 tag=2 byteen=000000000000000f data=xxxxxxxxxxxxxxxxxxxxxxxxxxxxxxxxxxxxxxxxxxxxxxxxxxxxxxxxxxxxxxxxxxxxxxxxxxxxxxxxxxxxxxxxxxxxxxxxxxxxxxxxxxxxxxxxxxxxxxxx00000000
58: MEM Wr Req: addr=f0001500 tag=2 byteen=00000000000000f0 data=xxxxxxxxxxxxxxxxxxxxxxxxxxxxxxxxxxxxxxxxxxxxxxxxxxxxxxxxxxxxxxxxxxxxxxxxxxxxxxxxxxxxxxxxxxxxxxxxxxxxxxxxxxxxxxxx00000000xxxxxxxx
59: MEM Wr Req: addr=f0001500 tag=2 byteen=0000000000000f00 data=xxxxxxxxxxxxxxxxxxxxxxxxxxxxxxxxxxxxxxxxxxxxxxxxxxxxxxxxxxxxxxxxxxxxxxxxxxxxxxxxxxxxxxxxxxxxxxxxxxxxxxxx00000000xxxxxxxxxxxxxxxx
60: MEM Wr Req: addr=f0001500 tag=2 byteen=000000000000f000 data=xxxxxxxxxxxxxxxxxxxxxxxxxxxxxxxxxxxxxxxxxxxxxxxxxxxxxxxxxxxxxxxxxxxxxxxxxxxxxxxxxxxxxxxxxxxxxxxx00000000xxxxxxxxxxxxxxxxxxxxxxxx
61: MEM Wr Req: addr=f0001500 tag=2 byteen=00000000000f0000 data=xxxxxxxxxxxxxxxxxxxxxxxxxxxxxxxxxxxxxxxxxxxxxxxxxxxxxxxxxxxxxxxxxxxxxxxxxxxxxxxxxxxxxxxx00000000xxxxxxxxxxxxxxxxxxxxxxxxxxxxxxxx
62: MEM Wr Req: addr=f0001500 tag=2 byteen=0000000000f00000 data=xxxxxxxxxxxxxxxxxxxxxxxxxxxxxxxxxxxxxxxxxxxxxxxxxxxxxxxxxxxxxxxxxxxxxxxxxxxxxxxx00000000xxxxxxxxxxxxxxxxxxxxxxxxxxxxxxxxxxxxxxxx
63: MEM Wr Req: addr=f0001500 tag=2 byteen=000000000f000000 data=xxxxxxxxxxxxxxxxxxxxxxxxxxxxxxxxxxxxxxxxxxxxxxxxxxxxxxxxxxxxxxxxxxxxxxxx00000000xxxxxxxxxxxxxxxxxxxxxxxxxxxxxxxxxxxxxxxxxxxxxxxx
64: MEM Wr Req: addr=f0001500 tag=2 byteen=00000000f0000000 data=xxxxxxxxxxxxxxxxxxxxxxxxxxxxxxxxxxxxxxxxxxxxxxxxxxxxxxxxxxxxxxxx00000000xxxxxxxxxxxxxxxxxxxxxxxxxxxxxxxxxxxxxxxxxxxxxxxxxxxxxxxx
65: MEM Rd Req: addr=f0000cc0 tag=0
66: MEM Rsp: tag=0 data=06e84e6301f008130047a70304078c63148727837947270300000717f3dff06ff6c378e300f6063340f70733ff07879300028093fa0680e700008293005686b3
67: MEM Rd Req: addr=f0001440 tag=22
68: MEM Rsp: tag=22 data=f0001050f00010500000000000000000000000000000000000000000000000000000000000000000000000000000000000000000000000000000000000000000
69: MEM Rd Req: addr=f0001180 tag=42
70: MEM Rsp: tag=42 data=00000000000000000000000000000000000000000000000000000000000000000000000000000000000000000000000000000000000000000000000000000000
71: MEM Rd Req: addr=f0000d40 tag=0
72: MEM Rsp: tag=0 data=00008067fff00513000080670000051300b7a423010787b318d7a62300c6e6b300e7a2230017071318c7a683fa5ff06f14f7242314c707930000806700000513
73: MEM Wr Req: addr=f0001180 tag=42 byteen=000000000f000000 data=xxxxxxxxxxxxxxxxxxxxxxxxxxxxxxxxxxxxxxxxxxxxxxxxxxxxxxxxxxxxxxxxxxxxxxxxf000119cxxxxxxxxxxxxxxxxxxxxxxxxxxxxxxxxxxxxxxxxxxxxxxxx
74: MEM Rd Req: addr=f0000d00 tag=0
75: MEM Rsp: tag=0 data=00b7a423010787b300e7a2230017071302d504630020069310d324231917a42300c8e8b300e61633001006131887a88308c32423010783330205066300271813
76: MEM Wr Req: addr=f0001180 tag=42 byteen=0000000f00000000 data=xxxxxxxxxxxxxxxxxxxxxxxxxxxxxxxxxxxxxxxxxxxxxxxxxxxxxxxx00000001xxxxxxxxxxxxxxxxxxxxxxxxxxxxxxxxxxxxxxxxxxxxxxxxxxxxxxxxxxxxxxxx
77: MEM Wr Req: addr=f0001180 tag=42 byteen=000000f000000000 data=xxxxxxxxxxxxxxxxxxxxxxxxxxxxxxxxxxxxxxxxxxxxxxxxf00002f0xxxxxxxxxxxxxxxxxxxxxxxxxxxxxxxxxxxxxxxxxxxxxxxxxxxxxxxxxxxxxxxxxxxxxxxx
78: MEM Rd Req: addr=f0000280 tag=0
79: MEM Rsp: tag=0 data=00878e634029591340878933d544041300001417d607879300001797ff24e8e3000780e700440413001484930004278300000493402959130287806340878933
80: MEM Rd Req: addr=f00002c0 tag=0
81: MEM Rsp: tag=0 data=d0c787930000179700812423ff010113000080670101011300012903004124830081240300c12083ff24e8e3000780e700440413001484930004278300000493
82: MEM Rd Req: addr=f0001000 tag=2
83: MEM Rsp: tag=2 data=0000000500000004000000050000000300000001000000000000000300000001000000050000000900000002000000080000000200000003baadf00df0000108
84: MEM Rd Req: addr=f0000100 tag=0
85: MEM Rsp: tag=0 data=0006a6830085a70300f6063300f686b3002797930045a6030005a683cc2027f3000080671390006f1e0505130000051700078863000007930000806705010113
86: MEM Rd Req: addr=f0000080 tag=0
87: MEM Rsp: tag=0 data=0000179700f12023f78787930000179702f12e2300f1262300100793fb0101130b8000ef00040513000780e70007846303c527833f45250300001517501000ef
88: MEM Rd Req: addr=f00000c0 tag=0
89: MEM Rsp: tag=0 data=0000051304c120836c4000ef00f1242302e1222300012c230411262304458593000005973ac7879300001797008007130001061300f1222300c10513f4c78793
90: MEM Rd Req: addr=f0000780 tag=0
91: MEM Rsp: tag=0 data=00052283fd010113000080670301011302012903024124830281240302c120830004806bc65ff0ef0008006b01212823fff80813008498330010049302990933
92: MEM Rd Req: addr=f00007c0 tag=0
93: MEM Rsp: tag=0 data=02888e33030686b300100793025808330ee7c86301f00793cc502773fc002473fc1028f3fc202373032120230291222302812423021126230085268300452803
94: MEM Rd Req: addr=f0000800 tag=0
95: MEM Rsp: tag=0 data=000e066303194e3300100e930d1948630284e4b30284c93301e684b302f6e6b300e31663000f049302f6cf33fff303130cf758630ef3466303c6c7b300de5463
96: MEM Rd Req: addr=f0000900 tag=0
97: MEM Rsp: tag=0 data=0007806b0017b793cc3027f3b29ff0ef0007806bfff0079300e7906bd18707130000071700f12c23000887930128d46300090793f41ff06f00100e9300000e13
98: MEM Rd Req: addr=f0000840 tag=0
99: MEM Rsp: tag=0 data=010696930ff6f6930017b793008f9f93f8168693001fbf930107f7b34176d693005fffb3d002f7d3e00786d3fff80793fff28f93d00877d303196e33000e0e93
100: MEM Rd Req: addr=f0000880 tag=0
101: MEM Rsp: tag=0 data=f8180813417f581300e6873300271713e0078f5302ef033300012c2301c12a2301d1282300c1242300b1222300a12023c18686930000169700d7e7b301f7e7b3
102: MEM Rd Req: addr=f00008c0 tag=0
103: MEM Rsp: tag=0 data=fe1ff06ff0f74ce300030793000080670301011302012903024124830281240302c120830604966303204c63006126230027202300f12e230107e7b301881813
104: MEM Wr Req: addr=f0001480 tag=42 byteen=0000000f00000000 data=xxxxxxxxxxxxxxxxxxxxxxxxxxxxxxxxxxxxxxxxxxxxxxxxxxxxxxxxfeffff80xxxxxxxxxxxxxxxxxxxxxxxxxxxxxxxxxxxxxxxxxxxxxxxxxxxxxxxxxxxxxxxx
105: MEM Rd Req: addr=f0000d80 tag=0
106: MEM Rsp: tag=0 data=00050b130409006301812423017126230161282301512a2301312e23029122230281242302112623148a2903032120236f0a2a0300000a1701412c23fd010113
107: MEM Rd Req: addr=f0000dc0 tag=0
108: MEM Rsp: tag=0 data=0281240302c12083ff3416e3ffc48493fff40413057780631044a783040b8463009904b30024949302044263fff4841300492483fff0099300100a9300058b93
109: MEM Rd Req: addr=f0000e00 tag=0
110: MEM Rsp: tag=0 data=fa0688e30004a22304878e63fff787930044a68300492783000080670301011300812c0300c12b8301012b0301412a8301812a0301c129830201290302412483
111: MEM Rd Req: addr=f0000e80 tag=0
112: MEM Rsp: tag=0 data=000000180000001000020d1b01017c0100527a030000000000000010fb9ff06f000680e700058513fa9ff06f00892223fcdff06f000680e7000b051300071c63
113: MEM Wr Req: addr=f0001180 tag=42 byteen=0000000f00000000 data=xxxxxxxxxxxxxxxxxxxxxxxxxxxxxxxxxxxxxxxxxxxxxxxxxxxxxxxx00000000xxxxxxxxxxxxxxxxxxxxxxxxxxxxxxxxxxxxxxxxxxxxxxxxxxxxxxxxxxxxxxxx
114: MEM Rd Req: addr=f0000e40 tag=0
115: MEM Rsp: tag=0 data=00f777330844a58318c92783f5dff06f00078913f80788e3f92784e301871463148a278300492703000680e70207926300f777b300492c03008a973318892783
116: MEM Rd Req: addr=f0001300 tag=2
117: MEM Rsp: tag=2 data=00000000000000000000000000000000000000000000000000000000000000000000000000000000000000000000000000000000000000000000000000000000
118: MEM Rd Req: addr=f0000300 tag=0
119: MEM Rsp: tag=0 data=0081240300c12083fe0498e3000780e7ffc40413fff484930004278300f40433ffc404130204806340245493001126230091222340f40433d044041300001417
120: MEM Rd Req: addr=f0000340 tag=0
121: MEM Rsp: tag=0 data=00c787b3002616131307879300001797fc0025f3cc0026f3cc302773cc50267301212023009122230081242300112623ff010113000080670101011300412483
122: MEM Rd Req: addr=f0001080 tag=42
123: MEM Rsp: tag=42 data=00000000000000000000000000000000000000000000000000000000000000000000000000000000000000000000000000000000000000000000000000000000

memory read request transactions:
1: MEM Rd Req: addr=f0000000 tag=0
2: MEM Rd Req: addr=f0000140 tag=0
3: MEM Rd Req: addr=f0000180 tag=0
4: MEM Rd Req: addr=f0000200 tag=0
5: MEM Rd Req: addr=f0000a40 tag=0
6: MEM Rd Req: addr=f0000ac0 tag=0
7: MEM Rd Req: addr=f0000b00 tag=0
8: MEM Rd Req: addr=f0000c00 tag=0
9: MEM Rd Req: addr=f0000c40 tag=0
10: MEM Rd Req: addr=f0000c80 tag=0
11: MEM Rd Req: addr=f0000240 tag=0
12: MEM Rd Req: addr=f0000040 tag=0
13: MEM Rd Req: addr=f0000cc0 tag=0
14: MEM Rd Req: addr=f0001440 tag=22
15: MEM Rd Req: addr=f0001180 tag=42
16: MEM Rd Req: addr=f0000d40 tag=0
17: MEM Rd Req: addr=f0000d00 tag=0
18: MEM Rd Req: addr=f0000280 tag=0
19: MEM Rd Req: addr=f00002c0 tag=0
20: MEM Rd Req: addr=f0001000 tag=2
21: MEM Rd Req: addr=f0000100 tag=0
22: MEM Rd Req: addr=f0000080 tag=0
23: MEM Rd Req: addr=f00000c0 tag=0
24: MEM Rd Req: addr=f0000780 tag=0
25: MEM Rd Req: addr=f00007c0 tag=0
26: MEM Rd Req: addr=f0000800 tag=0
27: MEM Rd Req: addr=f0000900 tag=0
28: MEM Rd Req: addr=f0000840 tag=0
29: MEM Rd Req: addr=f0000880 tag=0
30: MEM Rd Req: addr=f00008c0 tag=0
31: MEM Rd Req: addr=f0000d80 tag=0
32: MEM Rd Req: addr=f0000dc0 tag=0
33: MEM Rd Req: addr=f0000e00 tag=0
34: MEM Rd Req: addr=f0000e80 tag=0
35: MEM Rd Req: addr=f0000e40 tag=0
36: MEM Rd Req: addr=f0001300 tag=2
37: MEM Rd Req: addr=f0000300 tag=0
38: MEM Rd Req: addr=f0000340 tag=0
39: MEM Rd Req: addr=f0001080 tag=42

memory write request transactions:
1: MEM Wr Req: addr=f0001480 tag=42 byteen=000000000000000f data=xxxxxxxxxxxxxxxxxxxxxxxxxxxxxxxxxxxxxxxxxxxxxxxxxxxxxxxxxxxxxxxxxxxxxxxxxxxxxxxxxxxxxxxxxxxxxxxxxxxxxxxxxxxxxxxxxxxxxxxx00000000
2: MEM Wr Req: addr=f0001480 tag=42 byteen=00000000000000f0 data=xxxxxxxxxxxxxxxxxxxxxxxxxxxxxxxxxxxxxxxxxxxxxxxxxxxxxxxxxxxxxxxxxxxxxxxxxxxxxxxxxxxxxxxxxxxxxxxxxxxxxxxxxxxxxxxx00000000xxxxxxxx
3: MEM Wr Req: addr=f0001480 tag=42 byteen=0000000000000f00 data=xxxxxxxxxxxxxxxxxxxxxxxxxxxxxxxxxxxxxxxxxxxxxxxxxxxxxxxxxxxxxxxxxxxxxxxxxxxxxxxxxxxxxxxxxxxxxxxxxxxxxxxx00000000xxxxxxxxxxxxxxxx
4: MEM Wr Req: addr=f0001480 tag=42 byteen=000000000000f000 data=xxxxxxxxxxxxxxxxxxxxxxxxxxxxxxxxxxxxxxxxxxxxxxxxxxxxxxxxxxxxxxxxxxxxxxxxxxxxxxxxxxxxxxxxxxxxxxxx00000000xxxxxxxxxxxxxxxxxxxxxxxx
5: MEM Wr Req: addr=f0001480 tag=42 byteen=00000000000f0000 data=xxxxxxxxxxxxxxxxxxxxxxxxxxxxxxxxxxxxxxxxxxxxxxxxxxxxxxxxxxxxxxxxxxxxxxxxxxxxxxxxxxxxxxxx00000000xxxxxxxxxxxxxxxxxxxxxxxxxxxxxxxx
6: MEM Wr Req: addr=f0001480 tag=42 byteen=0000000000f00000 data=xxxxxxxxxxxxxxxxxxxxxxxxxxxxxxxxxxxxxxxxxxxxxxxxxxxxxxxxxxxxxxxxxxxxxxxxxxxxxxxx00000000xxxxxxxxxxxxxxxxxxxxxxxxxxxxxxxxxxxxxxxx
7: MEM Wr Req: addr=f0001480 tag=42 byteen=000000000f000000 data=xxxxxxxxxxxxxxxxxxxxxxxxxxxxxxxxxxxxxxxxxxxxxxxxxxxxxxxxxxxxxxxxxxxxxxxx00000000xxxxxxxxxxxxxxxxxxxxxxxxxxxxxxxxxxxxxxxxxxxxxxxx
8: MEM Wr Req: addr=f0001480 tag=42 byteen=00000000f0000000 data=xxxxxxxxxxxxxxxxxxxxxxxxxxxxxxxxxxxxxxxxxxxxxxxxxxxxxxxxxxxxxxxx00000000xxxxxxxxxxxxxxxxxxxxxxxxxxxxxxxxxxxxxxxxxxxxxxxxxxxxxxxx
9: MEM Wr Req: addr=f0001480 tag=42 byteen=0000000f00000000 data=xxxxxxxxxxxxxxxxxxxxxxxxxxxxxxxxxxxxxxxxxxxxxxxxxxxxxxxx00000000xxxxxxxxxxxxxxxxxxxxxxxxxxxxxxxxxxxxxxxxxxxxxxxxxxxxxxxxxxxxxxxx
10: MEM Wr Req: addr=f0001480 tag=42 byteen=000000f000000000 data=xxxxxxxxxxxxxxxxxxxxxxxxxxxxxxxxxxxxxxxxxxxxxxxx00000000xxxxxxxxxxxxxxxxxxxxxxxxxxxxxxxxxxxxxxxxxxxxxxxxxxxxxxxxxxxxxxxxxxxxxxxx
11: MEM Wr Req: addr=f0001480 tag=42 byteen=00000f0000000000 data=xxxxxxxxxxxxxxxxxxxxxxxxxxxxxxxxxxxxxxxx00000000xxxxxxxxxxxxxxxxxxxxxxxxxxxxxxxxxxxxxxxxxxxxxxxxxxxxxxxxxxxxxxxxxxxxxxxxxxxxxxxx
12: MEM Wr Req: addr=f0001480 tag=42 byteen=0000f00000000000 data=xxxxxxxxxxxxxxxxxxxxxxxxxxxxxxxx00000000xxxxxxxxxxxxxxxxxxxxxxxxxxxxxxxxxxxxxxxxxxxxxxxxxxxxxxxxxxxxxxxxxxxxxxxxxxxxxxxxxxxxxxxx
13: MEM Wr Req: addr=f0001480 tag=42 byteen=000f000000000000 data=xxxxxxxxxxxxxxxxxxxxxxxx00000000xxxxxxxxxxxxxxxxxxxxxxxxxxxxxxxxxxxxxxxxxxxxxxxxxxxxxxxxxxxxxxxxxxxxxxxxxxxxxxxxxxxxxxxxxxxxxxxx
14: MEM Wr Req: addr=f0001480 tag=42 byteen=00f0000000000000 data=xxxxxxxxxxxxxxxx00000000xxxxxxxxxxxxxxxxxxxxxxxxxxxxxxxxxxxxxxxxxxxxxxxxxxxxxxxxxxxxxxxxxxxxxxxxxxxxxxxxxxxxxxxxxxxxxxxxxxxxxxxx
15: MEM Wr Req: addr=f0001480 tag=42 byteen=0f00000000000000 data=xxxxxxxx00000000xxxxxxxxxxxxxxxxxxxxxxxxxxxxxxxxxxxxxxxxxxxxxxxxxxxxxxxxxxxxxxxxxxxxxxxxxxxxxxxxxxxxxxxxxxxxxxxxxxxxxxxxxxxxxxxx
16: MEM Wr Req: addr=f0001480 tag=42 byteen=f000000000000000 data=00000000xxxxxxxxxxxxxxxxxxxxxxxxxxxxxxxxxxxxxxxxxxxxxxxxxxxxxxxxxxxxxxxxxxxxxxxxxxxxxxxxxxxxxxxxxxxxxxxxxxxxxxxxxxxxxxxxxxxxxxxx
17: MEM Wr Req: addr=f00014c0 tag=62 byteen=000000000000000f data=xxxxxxxxxxxxxxxxxxxxxxxxxxxxxxxxxxxxxxxxxxxxxxxxxxxxxxxxxxxxxxxxxxxxxxxxxxxxxxxxxxxxxxxxxxxxxxxxxxxxxxxxxxxxxxxxxxxxxxxx00000000
18: MEM Wr Req: addr=f00014c0 tag=62 byteen=00000000000000f0 data=xxxxxxxxxxxxxxxxxxxxxxxxxxxxxxxxxxxxxxxxxxxxxxxxxxxxxxxxxxxxxxxxxxxxxxxxxxxxxxxxxxxxxxxxxxxxxxxxxxxxxxxxxxxxxxxx00000000xxxxxxxx
19: MEM Wr Req: addr=f00014c0 tag=62 byteen=0000000000000f00 data=xxxxxxxxxxxxxxxxxxxxxxxxxxxxxxxxxxxxxxxxxxxxxxxxxxxxxxxxxxxxxxxxxxxxxxxxxxxxxxxxxxxxxxxxxxxxxxxxxxxxxxxx00000000xxxxxxxxxxxxxxxx
20: MEM Wr Req: addr=f00014c0 tag=62 byteen=000000000000f000 data=xxxxxxxxxxxxxxxxxxxxxxxxxxxxxxxxxxxxxxxxxxxxxxxxxxxxxxxxxxxxxxxxxxxxxxxxxxxxxxxxxxxxxxxxxxxxxxxx00000000xxxxxxxxxxxxxxxxxxxxxxxx
21: MEM Wr Req: addr=f00014c0 tag=62 byteen=00000000000f0000 data=xxxxxxxxxxxxxxxxxxxxxxxxxxxxxxxxxxxxxxxxxxxxxxxxxxxxxxxxxxxxxxxxxxxxxxxxxxxxxxxxxxxxxxxx00000000xxxxxxxxxxxxxxxxxxxxxxxxxxxxxxxx
22: MEM Wr Req: addr=f00014c0 tag=62 byteen=0000000000f00000 data=xxxxxxxxxxxxxxxxxxxxxxxxxxxxxxxxxxxxxxxxxxxxxxxxxxxxxxxxxxxxxxxxxxxxxxxxxxxxxxxx00000000xxxxxxxxxxxxxxxxxxxxxxxxxxxxxxxxxxxxxxxx
23: MEM Wr Req: addr=f00014c0 tag=62 byteen=000000000f000000 data=xxxxxxxxxxxxxxxxxxxxxxxxxxxxxxxxxxxxxxxxxxxxxxxxxxxxxxxxxxxxxxxxxxxxxxxx00000000xxxxxxxxxxxxxxxxxxxxxxxxxxxxxxxxxxxxxxxxxxxxxxxx
24: MEM Wr Req: addr=f00014c0 tag=62 byteen=00000000f0000000 data=xxxxxxxxxxxxxxxxxxxxxxxxxxxxxxxxxxxxxxxxxxxxxxxxxxxxxxxxxxxxxxxx00000000xxxxxxxxxxxxxxxxxxxxxxxxxxxxxxxxxxxxxxxxxxxxxxxxxxxxxxxx
25: MEM Wr Req: addr=f00014c0 tag=62 byteen=0000000f00000000 data=xxxxxxxxxxxxxxxxxxxxxxxxxxxxxxxxxxxxxxxxxxxxxxxxxxxxxxxx00000000xxxxxxxxxxxxxxxxxxxxxxxxxxxxxxxxxxxxxxxxxxxxxxxxxxxxxxxxxxxxxxxx
26: MEM Wr Req: addr=f00014c0 tag=62 byteen=000000f000000000 data=xxxxxxxxxxxxxxxxxxxxxxxxxxxxxxxxxxxxxxxxxxxxxxxx00000000xxxxxxxxxxxxxxxxxxxxxxxxxxxxxxxxxxxxxxxxxxxxxxxxxxxxxxxxxxxxxxxxxxxxxxxx
27: MEM Wr Req: addr=f00014c0 tag=62 byteen=00000f0000000000 data=xxxxxxxxxxxxxxxxxxxxxxxxxxxxxxxxxxxxxxxx00000000xxxxxxxxxxxxxxxxxxxxxxxxxxxxxxxxxxxxxxxxxxxxxxxxxxxxxxxxxxxxxxxxxxxxxxxxxxxxxxxx
28: MEM Wr Req: addr=f00014c0 tag=62 byteen=0000f00000000000 data=xxxxxxxxxxxxxxxxxxxxxxxxxxxxxxxx00000000xxxxxxxxxxxxxxxxxxxxxxxxxxxxxxxxxxxxxxxxxxxxxxxxxxxxxxxxxxxxxxxxxxxxxxxxxxxxxxxxxxxxxxxx
29: MEM Wr Req: addr=f00014c0 tag=62 byteen=000f000000000000 data=xxxxxxxxxxxxxxxxxxxxxxxx00000000xxxxxxxxxxxxxxxxxxxxxxxxxxxxxxxxxxxxxxxxxxxxxxxxxxxxxxxxxxxxxxxxxxxxxxxxxxxxxxxxxxxxxxxxxxxxxxxx
30: MEM Wr Req: addr=f00014c0 tag=62 byteen=00f0000000000000 data=xxxxxxxxxxxxxxxx00000000xxxxxxxxxxxxxxxxxxxxxxxxxxxxxxxxxxxxxxxxxxxxxxxxxxxxxxxxxxxxxxxxxxxxxxxxxxxxxxxxxxxxxxxxxxxxxxxxxxxxxxxx
31: MEM Wr Req: addr=f00014c0 tag=62 byteen=0f00000000000000 data=xxxxxxxx00000000xxxxxxxxxxxxxxxxxxxxxxxxxxxxxxxxxxxxxxxxxxxxxxxxxxxxxxxxxxxxxxxxxxxxxxxxxxxxxxxxxxxxxxxxxxxxxxxxxxxxxxxxxxxxxxxx
32: MEM Wr Req: addr=f00014c0 tag=62 byteen=f000000000000000 data=00000000xxxxxxxxxxxxxxxxxxxxxxxxxxxxxxxxxxxxxxxxxxxxxxxxxxxxxxxxxxxxxxxxxxxxxxxxxxxxxxxxxxxxxxxxxxxxxxxxxxxxxxxxxxxxxxxxxxxxxxxx
33: MEM Wr Req: addr=f0001500 tag=2 byteen=000000000000000f data=xxxxxxxxxxxxxxxxxxxxxxxxxxxxxxxxxxxxxxxxxxxxxxxxxxxxxxxxxxxxxxxxxxxxxxxxxxxxxxxxxxxxxxxxxxxxxxxxxxxxxxxxxxxxxxxxxxxxxxxx00000000
34: MEM Wr Req: addr=f0001500 tag=2 byteen=00000000000000f0 data=xxxxxxxxxxxxxxxxxxxxxxxxxxxxxxxxxxxxxxxxxxxxxxxxxxxxxxxxxxxxxxxxxxxxxxxxxxxxxxxxxxxxxxxxxxxxxxxxxxxxxxxxxxxxxxxx00000000xxxxxxxx
35: MEM Wr Req: addr=f0001500 tag=2 byteen=0000000000000f00 data=xxxxxxxxxxxxxxxxxxxxxxxxxxxxxxxxxxxxxxxxxxxxxxxxxxxxxxxxxxxxxxxxxxxxxxxxxxxxxxxxxxxxxxxxxxxxxxxxxxxxxxxx00000000xxxxxxxxxxxxxxxx
36: MEM Wr Req: addr=f0001500 tag=2 byteen=000000000000f000 data=xxxxxxxxxxxxxxxxxxxxxxxxxxxxxxxxxxxxxxxxxxxxxxxxxxxxxxxxxxxxxxxxxxxxxxxxxxxxxxxxxxxxxxxxxxxxxxxx00000000xxxxxxxxxxxxxxxxxxxxxxxx
37: MEM Wr Req: addr=f0001500 tag=2 byteen=00000000000f0000 data=xxxxxxxxxxxxxxxxxxxxxxxxxxxxxxxxxxxxxxxxxxxxxxxxxxxxxxxxxxxxxxxxxxxxxxxxxxxxxxxxxxxxxxxx00000000xxxxxxxxxxxxxxxxxxxxxxxxxxxxxxxx
38: MEM Wr Req: addr=f0001500 tag=2 byteen=0000000000f00000 data=xxxxxxxxxxxxxxxxxxxxxxxxxxxxxxxxxxxxxxxxxxxxxxxxxxxxxxxxxxxxxxxxxxxxxxxxxxxxxxxx00000000xxxxxxxxxxxxxxxxxxxxxxxxxxxxxxxxxxxxxxxx
39: MEM Wr Req: addr=f0001500 tag=2 byteen=000000000f000000 data=xxxxxxxxxxxxxxxxxxxxxxxxxxxxxxxxxxxxxxxxxxxxxxxxxxxxxxxxxxxxxxxxxxxxxxxx00000000xxxxxxxxxxxxxxxxxxxxxxxxxxxxxxxxxxxxxxxxxxxxxxxx
40: MEM Wr Req: addr=f0001500 tag=2 byteen=00000000f0000000 data=xxxxxxxxxxxxxxxxxxxxxxxxxxxxxxxxxxxxxxxxxxxxxxxxxxxxxxxxxxxxxxxx00000000xxxxxxxxxxxxxxxxxxxxxxxxxxxxxxxxxxxxxxxxxxxxxxxxxxxxxxxx
41: MEM Wr Req: addr=f0001180 tag=42 byteen=000000000f000000 data=xxxxxxxxxxxxxxxxxxxxxxxxxxxxxxxxxxxxxxxxxxxxxxxxxxxxxxxxxxxxxxxxxxxxxxxxf000119cxxxxxxxxxxxxxxxxxxxxxxxxxxxxxxxxxxxxxxxxxxxxxxxx
42: MEM Wr Req: addr=f0001180 tag=42 byteen=0000000f00000000 data=xxxxxxxxxxxxxxxxxxxxxxxxxxxxxxxxxxxxxxxxxxxxxxxxxxxxxxxx00000001xxxxxxxxxxxxxxxxxxxxxxxxxxxxxxxxxxxxxxxxxxxxxxxxxxxxxxxxxxxxxxxx
43: MEM Wr Req: addr=f0001180 tag=42 byteen=000000f000000000 data=xxxxxxxxxxxxxxxxxxxxxxxxxxxxxxxxxxxxxxxxxxxxxxxxf00002f0xxxxxxxxxxxxxxxxxxxxxxxxxxxxxxxxxxxxxxxxxxxxxxxxxxxxxxxxxxxxxxxxxxxxxxxx
44: MEM Wr Req: addr=f0001480 tag=42 byteen=0000000f00000000 data=xxxxxxxxxxxxxxxxxxxxxxxxxxxxxxxxxxxxxxxxxxxxxxxxxxxxxxxxfeffff80xxxxxxxxxxxxxxxxxxxxxxxxxxxxxxxxxxxxxxxxxxxxxxxxxxxxxxxxxxxxxxxx
45: MEM Wr Req: addr=f0001180 tag=42 byteen=0000000f00000000 data=xxxxxxxxxxxxxxxxxxxxxxxxxxxxxxxxxxxxxxxxxxxxxxxxxxxxxxxx00000000xxxxxxxxxxxxxxxxxxxxxxxxxxxxxxxxxxxxxxxxxxxxxxxxxxxxxxxxxxxxxxxx

memory response transactions:
1: MEM Rsp: tag=0 data=44850513000015170005006b001005131d4000ef00b5106b1e05859300000597fc1025730005006b00100513150000ef00b5106b15c5859300000597fc102573
2: MEM Rsp: tag=0 data=40b1013300a51593cc102573ff000137da018193000021970005006bfff005130005006b00000513000401930000806700e7a02300c6873300f707b300062603
3: MEM Rsp: tag=0 data=0000051300008067fff0051300008067fff00513000080670005006b0000051300068663cc3026f3fc02721300a202333d7202130000121702b5053300000593
4: MEM Rsp: tag=0 data=1cd000ef00a4053300000593000006130000051303d000ef00020413de4585930000159700020513000006130007806bfff007930081242300112623ff010113
5: MEM Rsp: tag=0 data=0035779306c7f063003007930607946300c508b30037f79300b547b32840006f0000051300000613000006930005059300008067fff0051300008067fff00513
6: MEM Rsp: tag=0 data=001707130005c68300008067fee898e3fef70fa300158593001707130005c7830515786300050713000080670117686300f585b300f7073300478793ffc7f793
7: MEM Rsp: tag=0 data=0005a3830200041300812623ff01011300008067f61ff06ffc079ae300158593fed70fa300377793001707130005c683f6078ee300158593fed70fa300377793
8: MEM Rsp: tag=0 data=0107071300b7262300b7242300b7222300b7202300e686b300f67613ff067693080592630a07906300f7779302c37e630005071300f00313fcdff06ffce89ee3
9: MEM Rsp: tag=0 data=00b703a300b7042300b704a300b7052300b705a300b7062300b706a300b7072300c68067005686b3000002970026969340c306b30000806700061463fed766e3
10: MEM Rsp: tag=0 data=0000029700279693f6dff06f00d5e5b30105969300d5e5b3008596930ff5f5930000806700b7002300b700a300b7012300b701a300b7022300b702a300b70323
11: MEM Rsp: tag=0 data=0091222300112623d904041300001417d9878793000017970121202300812423ff01011300008067010101130081240300c120830007806b0017b793cc3027f3
12: MEM Rsp: tag=0 data=00050413001126230081242300000593ff0101130040006f03c000ef1fc000ef1f5000ef29c50513000005173b9000ef0000059340a606334e06061300001617
13: MEM Rsp: tag=0 data=06e84e6301f008130047a70304078c63148727837947270300000717f3dff06ff6c378e300f6063340f70733ff07879300028093fa0680e700008293005686b3
14: MEM Rsp: tag=22 data=f0001050f00010500000000000000000000000000000000000000000000000000000000000000000000000000000000000000000000000000000000000000000
15: MEM Rsp: tag=42 data=00000000000000000000000000000000000000000000000000000000000000000000000000000000000000000000000000000000000000000000000000000000
16: MEM Rsp: tag=0 data=00008067fff00513000080670000051300b7a423010787b318d7a62300c6e6b300e7a2230017071318c7a683fa5ff06f14f7242314c707930000806700000513
17: MEM Rsp: tag=0 data=00b7a423010787b300e7a2230017071302d504630020069310d324231917a42300c8e8b300e61633001006131887a88308c32423010783330205066300271813
18: MEM Rsp: tag=0 data=00878e634029591340878933d544041300001417d607879300001797ff24e8e3000780e700440413001484930004278300000493402959130287806340878933
19: MEM Rsp: tag=0 data=d0c787930000179700812423ff010113000080670101011300012903004124830081240300c12083ff24e8e3000780e700440413001484930004278300000493
20: MEM Rsp: tag=2 data=0000000500000004000000050000000300000001000000000000000300000001000000050000000900000002000000080000000200000003baadf00df0000108
21: MEM Rsp: tag=0 data=0006a6830085a70300f6063300f686b3002797930045a6030005a683cc2027f3000080671390006f1e0505130000051700078863000007930000806705010113
22: MEM Rsp: tag=0 data=0000179700f12023f78787930000179702f12e2300f1262300100793fb0101130b8000ef00040513000780e70007846303c527833f45250300001517501000ef
23: MEM Rsp: tag=0 data=0000051304c120836c4000ef00f1242302e1222300012c230411262304458593000005973ac7879300001797008007130001061300f1222300c10513f4c78793
24: MEM Rsp: tag=0 data=00052283fd010113000080670301011302012903024124830281240302c120830004806bc65ff0ef0008006b01212823fff80813008498330010049302990933
25: MEM Rsp: tag=0 data=02888e33030686b300100793025808330ee7c86301f00793cc502773fc002473fc1028f3fc202373032120230291222302812423021126230085268300452803
26: MEM Rsp: tag=0 data=000e066303194e3300100e930d1948630284e4b30284c93301e684b302f6e6b300e31663000f049302f6cf33fff303130cf758630ef3466303c6c7b300de5463
27: MEM Rsp: tag=0 data=0007806b0017b793cc3027f3b29ff0ef0007806bfff0079300e7906bd18707130000071700f12c23000887930128d46300090793f41ff06f00100e9300000e13
28: MEM Rsp: tag=0 data=010696930ff6f6930017b793008f9f93f8168693001fbf930107f7b34176d693005fffb3d002f7d3e00786d3fff80793fff28f93d00877d303196e33000e0e93
29: MEM Rsp: tag=0 data=f8180813417f581300e6873300271713e0078f5302ef033300012c2301c12a2301d1282300c1242300b1222300a12023c18686930000169700d7e7b301f7e7b3
30: MEM Rsp: tag=0 data=fe1ff06ff0f74ce300030793000080670301011302012903024124830281240302c120830604966303204c63006126230027202300f12e230107e7b301881813
31: MEM Rsp: tag=0 data=00050b130409006301812423017126230161282301512a2301312e23029122230281242302112623148a2903032120236f0a2a0300000a1701412c23fd010113
32: MEM Rsp: tag=0 data=0281240302c12083ff3416e3ffc48493fff40413057780631044a783040b8463009904b30024949302044263fff4841300492483fff0099300100a9300058b93
33: MEM Rsp: tag=0 data=fa0688e30004a22304878e63fff787930044a68300492783000080670301011300812c0300c12b8301012b0301412a8301812a0301c129830201290302412483
34: MEM Rsp: tag=0 data=000000180000001000020d1b01017c0100527a030000000000000010fb9ff06f000680e700058513fa9ff06f00892223fcdff06f000680e7000b051300071c63
35: MEM Rsp: tag=0 data=00f777330844a58318c92783f5dff06f00078913f80788e3f92784e301871463148a278300492703000680e70207926300f777b300492c03008a973318892783
36: MEM Rsp: tag=2 data=00000000000000000000000000000000000000000000000000000000000000000000000000000000000000000000000000000000000000000000000000000000
37: MEM Rsp: tag=0 data=0081240300c12083fe0498e3000780e7ffc40413fff484930004278300f40433ffc404130204806340245493001126230091222340f40433d044041300001417
38: MEM Rsp: tag=0 data=00c787b3002616131307879300001797fc0025f3cc0026f3cc302773cc50267301212023009122230081242300112623ff010113000080670101011300412483
39: MEM Rsp: tag=42 data=00000000000000000000000000000000000000000000000000000000000000000000000000000000000000000000000000000000000000000000000000000000

