              555000: MEM Rd Req: addr=80000000, tag=0, byteen=x

              557000: MEM Rsp: tag=0, data=41050513000015170005006b0010051316c000ef00b5106b1785859300000597fc1025730005006b001005130e8000ef00b5106b0f45859300000597fc102573

              617000: MEM Rd Req: addr=800000c0, tag=0, byteen=x

              619000: MEM Rsp: tag=0, data=5006bfff005130005006b0000051300040193000080670fd0006f2885051380000537000788630000079300008067000005130007806bfff0079338f7a827

              659000: MEM Rd Req: addr=80000100, tag=0, byteen=x

              661000: MEM Rsp: tag=0, data=5006b0000051300068663cc3026f3fc02721300a202333ff202130000121702b505330000059340b1013300a51593cc102573ff0001377081819300001197

              827000: MEM Rd Req: addr=80000140, tag=1, byteen=x

              829000: MEM Rsp: tag=1, data=8067000005130010007300008067fff0051300008067fff005130000806700000513000080670000051300008067fff0051300008067fff0051300008067

              931000: MEM Rd Req: addr=80000180, tag=0, byteen=x

              933000: MEM Rsp: tag=0, data=20413e4c585930000159700020513000006130007806bfff007930081242300112623ff01011300008067f140257300008067fff005130000806700060513

             1053000: MEM Rd Req: addr=800001c0, tag=0, byteen=x

             1055000: MEM Rsp: tag=0, data=121202300812423ff01011300008067010101130081240300c120830007806b0017b793cc3027f3171000ef00a40533000005930000061300000513069000ef

             1085000: MEM Rd Req: addr=80000a00, tag=0, byteen=x

             1087000: MEM Rsp: tag=0, data=4c7fe63003007930607926300c508b30037f79300a5c7b3ec8ff0ef00040513000780e70007846303c527834387a503800017b72b4000ef0005041300112623

             1173000: MEM Rd Req: addr=80000a80, tag=0, byteen=x

             1175000: MEM Rsp: tag=0, data=1707130005c68300008067ff1768e3fef70fa300158593001707130005c783ff157ce300050713000080670117686300f585b300f7073300478793ffc7f793

             1287000: MEM Rd Req: addr=80000b40, tag=0, byteen=x

             1289000: MEM Rsp: tag=0, data=fed766e30107071300b7262300b7242300b7222300b7202300e686b300f67613ff067693080592630a07906300f7779302c37e630005071300f00313f19ff06f

             1339000: MEM Rd Req: addr=80000b80, tag=0, byteen=x

             1341000: MEM Rsp: tag=0, data=b7032300b703a300b7042300b704a300b7052300b705a300b7062300b706a300b7072300c68067005686b3000002970026969340c306b30000806700061463

             1411000: MEM Rd Req: addr=80000bc0, tag=0, byteen=x

             1413000: MEM Rsp: tag=0, data=5686b30000029700279693f6dff06f00d5e5b30105969300d5e5b3008596930ff5f5930000806700b7002300b700a300b7012300b701a300b7022300b702a3

             1577000: MEM Rd Req: addr=80000040, tag=0, byteen=x

             1579000: MEM Rsp: tag=0, data=18f776d33cc7a787000017973d07a7070000179718d0006f008000ef194000ef185000ef23450513000005172f5000ef0000059340a606334a06061300001617

             1741000: MEM Rd Req: addr=80000c00, tag=0, byteen=x

             1743000: MEM Rsp: tag=0, data=27181306e84e6301f008130047a70304078c63148727834387a703800017b7f3dff06ff6c378e300f6063340f70733ff07879300028093fa0680e700008293

             1799000: MEM Wr Req: addr=80001440, tag=22, byteen=8000 data=x00000000xxxxxxxxxxxxxxxxxxxxxxxx

             1809000: MEM Wr Req: addr=80001440, tag=22, byteen=4000 data=x00000000xxxxxxxxxxxxxxxxxxxxxxxx

             1819000: MEM Wr Req: addr=80001440, tag=22, byteen=2000 data=x00000000xxxxxxxxxxxxxxxxxxxxxxxx

             1829000: MEM Wr Req: addr=80001440, tag=22, byteen=1000 data=x00000000xxxxxxxxxxxxxxxxxxxxxxxx

             1839000: MEM Wr Req: addr=80001440, tag=22, byteen=800 data=x00000000xxxxxxxxxxxxxxxx

             1849000: MEM Wr Req: addr=80001440, tag=22, byteen=400 data=x00000000xxxxxxxxxxxxxxxx

             1859000: MEM Wr Req: addr=80001440, tag=22, byteen=200 data=x00000000xxxxxxxxxxxxxxxx

             1869000: MEM Wr Req: addr=80001440, tag=22, byteen=100 data=x00000000xxxxxxxxxxxxxxxx

             2013000: MEM Wr Req: addr=80001440, tag=22, byteen=f0000 data=x00000000xxxxxxxxxxxxxxxxxxxxxxxxxxxxxxxx

             2023000: MEM Wr Req: addr=80001440, tag=22, byteen=f00000 data=x00000000xxxxxxxxxxxxxxxxxxxxxxxxxxxxxxxxxxxxxxxx

             2033000: MEM Wr Req: addr=80001440, tag=22, byteen=f000000 data=x00000000xxxxxxxxxxxxxxxxxxxxxxxxxxxxxxxxxxxxxxxxxxxxxxxx

             2043000: MEM Wr Req: addr=80001440, tag=22, byteen=f0000000 data=x00000000xxxxxxxxxxxxxxxxxxxxxxxxxxxxxxxxxxxxxxxxxxxxxxxxxxxxxxxx

             2079000: MEM Wr Req: addr=80001440, tag=22, byteen=f00000000 data=x00000000xxxxxxxxxxxxxxxxxxxxxxxxxxxxxxxxxxxxxxxxxxxxxxxxxxxxxxxxxxxxxxxx

             2089000: MEM Wr Req: addr=80001440, tag=22, byteen=f000000000 data=x00000000xxxxxxxxxxxxxxxxxxxxxxxxxxxxxxxxxxxxxxxxxxxxxxxxxxxxxxxxxxxxxxxxxxxxxxxx

             2099000: MEM Wr Req: addr=80001440, tag=22, byteen=f0000000000 data=x00000000xxxxxxxxxxxxxxxxxxxxxxxxxxxxxxxxxxxxxxxxxxxxxxxxxxxxxxxxxxxxxxxxxxxxxxxxxxxxxxxx

             2109000: MEM Wr Req: addr=80001440, tag=22, byteen=f00000000000 data=x00000000xxxxxxxxxxxxxxxxxxxxxxxxxxxxxxxxxxxxxxxxxxxxxxxxxxxxxxxxxxxxxxxxxxxxxxxxxxxxxxxxxxxxxxxx

             2145000: MEM Wr Req: addr=80001440, tag=22, byteen=f000000000000 data=x00000000xxxxxxxxxxxxxxxxxxxxxxxxxxxxxxxxxxxxxxxxxxxxxxxxxxxxxxxxxxxxxxxxxxxxxxxxxxxxxxxxxxxxxxxxxxxxxxxx

             2155000: MEM Wr Req: addr=80001440, tag=22, byteen=f0000000000000 data=x00000000xxxxxxxxxxxxxxxxxxxxxxxxxxxxxxxxxxxxxxxxxxxxxxxxxxxxxxxxxxxxxxxxxxxxxxxxxxxxxxxxxxxxxxxxxxxxxxxxxxxxxxxx

             2165000: MEM Wr Req: addr=80001440, tag=22, byteen=f00000000000000 data=x00000000xxxxxxxxxxxxxxxxxxxxxxxxxxxxxxxxxxxxxxxxxxxxxxxxxxxxxxxxxxxxxxxxxxxxxxxxxxxxxxxxxxxxxxxxxxxxxxxxxxxxxxxxxxxxxxxx

             2175000: MEM Wr Req: addr=80001440, tag=22, byteen=f000000000000000 data=0xxxxxxxxxxxxxxxxxxxxxxxxxxxxxxxxxxxxxxxxxxxxxxxxxxxxxxxxxxxxxxxxxxxxxxxxxxxxxxxxxxxxxxxxxxxxxxxxxxxxxxxxxxxxxxxxxxxxxxxx

             2211000: MEM Wr Req: addr=80001480, tag=42, byteen=f data=x00000000

             2221000: MEM Wr Req: addr=80001480, tag=42, byteen=f0 data=x00000000xxxxxxxx

             2231000: MEM Wr Req: addr=80001480, tag=42, byteen=f00 data=x00000000xxxxxxxxxxxxxxxx

             2241000: MEM Wr Req: addr=80001480, tag=42, byteen=f000 data=x00000000xxxxxxxxxxxxxxxxxxxxxxxx

             2277000: MEM Wr Req: addr=80001480, tag=42, byteen=f0000 data=x00000000xxxxxxxxxxxxxxxxxxxxxxxxxxxxxxxx

             2287000: MEM Wr Req: addr=80001480, tag=42, byteen=f00000 data=x00000000xxxxxxxxxxxxxxxxxxxxxxxxxxxxxxxxxxxxxxxx

             2297000: MEM Wr Req: addr=80001480, tag=42, byteen=f000000 data=x00000000xxxxxxxxxxxxxxxxxxxxxxxxxxxxxxxxxxxxxxxxxxxxxxxx

             2307000: MEM Wr Req: addr=80001480, tag=42, byteen=f0000000 data=x00000000xxxxxxxxxxxxxxxxxxxxxxxxxxxxxxxxxxxxxxxxxxxxxxxxxxxxxxxx

             2343000: MEM Wr Req: addr=80001480, tag=42, byteen=f00000000 data=x00000000xxxxxxxxxxxxxxxxxxxxxxxxxxxxxxxxxxxxxxxxxxxxxxxxxxxxxxxxxxxxxxxx

             2353000: MEM Wr Req: addr=80001480, tag=42, byteen=f000000000 data=x00000000xxxxxxxxxxxxxxxxxxxxxxxxxxxxxxxxxxxxxxxxxxxxxxxxxxxxxxxxxxxxxxxxxxxxxxxx

             2363000: MEM Wr Req: addr=80001480, tag=42, byteen=f0000000000 data=x00000000xxxxxxxxxxxxxxxxxxxxxxxxxxxxxxxxxxxxxxxxxxxxxxxxxxxxxxxxxxxxxxxxxxxxxxxxxxxxxxxx

             2373000: MEM Wr Req: addr=80001480, tag=42, byteen=f00000000000 data=x00000000xxxxxxxxxxxxxxxxxxxxxxxxxxxxxxxxxxxxxxxxxxxxxxxxxxxxxxxxxxxxxxxxxxxxxxxxxxxxxxxxxxxxxxxx

             2409000: MEM Wr Req: addr=80001480, tag=42, byteen=f000000000000 data=x00000000xxxxxxxxxxxxxxxxxxxxxxxxxxxxxxxxxxxxxxxxxxxxxxxxxxxxxxxxxxxxxxxxxxxxxxxxxxxxxxxxxxxxxxxxxxxxxxxx

             2419000: MEM Wr Req: addr=80001480, tag=42, byteen=f0000000000000 data=x00000000xxxxxxxxxxxxxxxxxxxxxxxxxxxxxxxxxxxxxxxxxxxxxxxxxxxxxxxxxxxxxxxxxxxxxxxxxxxxxxxxxxxxxxxxxxxxxxxxxxxxxxxx

             2429000: MEM Wr Req: addr=80001480, tag=42, byteen=f00000000000000 data=x00000000xxxxxxxxxxxxxxxxxxxxxxxxxxxxxxxxxxxxxxxxxxxxxxxxxxxxxxxxxxxxxxxxxxxxxxxxxxxxxxxxxxxxxxxxxxxxxxxxxxxxxxxxxxxxxxxx

             2439000: MEM Wr Req: addr=80001480, tag=42, byteen=f000000000000000 data=0xxxxxxxxxxxxxxxxxxxxxxxxxxxxxxxxxxxxxxxxxxxxxxxxxxxxxxxxxxxxxxxxxxxxxxxxxxxxxxxxxxxxxxxxxxxxxxxxxxxxxxxxxxxxxxxxxxxxxxxx

             2475000: MEM Wr Req: addr=800014c0, tag=62, byteen=f data=x00000000

             2485000: MEM Wr Req: addr=800014c0, tag=62, byteen=f0 data=x00000000xxxxxxxx

             2495000: MEM Wr Req: addr=800014c0, tag=62, byteen=f00 data=x00000000xxxxxxxxxxxxxxxx

             2505000: MEM Wr Req: addr=800014c0, tag=62, byteen=f000 data=x00000000xxxxxxxxxxxxxxxxxxxxxxxx

             2541000: MEM Wr Req: addr=800014c0, tag=62, byteen=f0000 data=x00000000xxxxxxxxxxxxxxxxxxxxxxxxxxxxxxxx

             2551000: MEM Wr Req: addr=800014c0, tag=62, byteen=f00000 data=x00000000xxxxxxxxxxxxxxxxxxxxxxxxxxxxxxxxxxxxxxxx

             2561000: MEM Wr Req: addr=800014c0, tag=62, byteen=f000000 data=x00000000xxxxxxxxxxxxxxxxxxxxxxxxxxxxxxxxxxxxxxxxxxxxxxxx

             2571000: MEM Wr Req: addr=800014c0, tag=62, byteen=f0000000 data=x00000000xxxxxxxxxxxxxxxxxxxxxxxxxxxxxxxxxxxxxxxxxxxxxxxxxxxxxxxx

             2659000: MEM Rd Req: addr=800009c0, tag=0, byteen=x

             2661000: MEM Rsp: tag=0, data=81242300000593ff0101132300006f0000051300000613000006930005059300008067fff0051300008067fff0051300008067fff0051300008067fff00513

             2757000: MEM Rd Req: addr=80001400, tag=2, byteen=f00000000000000

             2759000: MEM Rsp: tag=2, data=42371eb8800010100000000000000000000000000000000000000000000000000000000000000000000000000000000000000000000000000000000000000000

             2799000: MEM Rd Req: addr=80001140, tag=22, byteen=f000000

             2801000: MEM Rsp: tag=22, data=0

             2841000: MEM Rd Req: addr=80000c80, tag=0, byteen=x

             2843000: MEM Rsp: tag=0, data=fd01011300008067fff00513000080670000051300b7a423010787b318c7a62300c6e63300e7a2230017071318c7a683fa5ff06f14f7242314c7079300008067

             2883000: MEM Wr Req: addr=80001140, tag=22, byteen=f000000 data=x8000115cxxxxxxxxxxxxxxxxxxxxxxxxxxxxxxxxxxxxxxxxxxxxxxxx

             2943000: MEM Rd Req: addr=80000c40, tag=0, byteen=x

             2945000: MEM Rsp: tag=0, data=51300b7a423010787b300e7a2230017071302d504630020069310d324231917a42300c8e8b300e61633001006131887a88308c324230107833302050663

             3001000: MEM Wr Req: addr=80001140, tag=22, byteen=f00000000 data=x00000001xxxxxxxxxxxxxxxxxxxxxxxxxxxxxxxxxxxxxxxxxxxxxxxxxxxxxxxxxxxxxxxx

             3021000: MEM Wr Req: addr=80001140, tag=22, byteen=f000000000 data=x80000288xxxxxxxxxxxxxxxxxxxxxxxxxxxxxxxxxxxxxxxxxxxxxxxxxxxxxxxxxxxxxxxxxxxxxxxx

             3087000: MEM Rd Req: addr=80000200, tag=0, byteen=x

             3089000: MEM Rsp: tag=0, data=1417fe9918e3000780e70044041300148493000427830000049300090e6340295913009122230011262340890933df89091300001917e004041300001417

             3209000: MEM Rd Req: addr=80000240, tag=0, byteen=x

             3211000: MEM Rsp: tag=0, data=12903004124830081240300c12083fe9918e3000780e70044041300148493000427830000049300090e634029591340890933dc09091300001917dc440413

             3317000: MEM Rd Req: addr=80001000, tag=2, byteen=f

             3319000: MEM Rsp: tag=2, data=800013cc80001364800012fc00000000000000000000000000000000800000d4

             3457000: MEM Rd Req: addr=80000280, tag=0, byteen=x

             3459000: MEM Rsp: tag=0, data=4278300878433ffc78793020480634027d4930011262300912223408787b3d6c4041300001417d74787930000179700812423ff0101130000806701010113

             3561000: MEM Rd Req: addr=80001440, tag=22, byteen=f

             3563000: MEM Rsp: tag=22, data=8000101043410ccd

             3565000: MEM Rd Req: addr=80000080, tag=0, byteen=x

             3567000: MEM Rsp: tag=0, data=17973ad7a2270000179718e7f7d33ac7a627000017973ab7a427000017973aa7ac27000017973c07a6270000179710f7765308e7f5d308f7755300f77053

             3647000: MEM Wr Req: addr=80001440, tag=22, byteen=f0000000 data=x436ed47bxxxxxxxxxxxxxxxxxxxxxxxxxxxxxxxxxxxxxxxxxxxxxxxxxxxxxxxx

             3667000: MEM Wr Req: addr=80001440, tag=22, byteen=f0000 data=xc313451fxxxxxxxxxxxxxxxxxxxxxxxxxxxxxxxx

             3687000: MEM Wr Req: addr=80001440, tag=22, byteen=f00 data=x4313451fxxxxxxxxxxxxxxxx

             3707000: MEM Wr Req: addr=80001440, tag=22, byteen=f00000 data=x460a1751xxxxxxxxxxxxxxxxxxxxxxxxxxxxxxxxxxxxxxxx

             3737000: MEM Wr Req: addr=80001440, tag=22, byteen=f000000 data=x3e72d4fexxxxxxxxxxxxxxxxxxxxxxxxxxxxxxxxxxxxxxxxxxxxxxxx

             3811000: MEM Wr Req: addr=80001440, tag=22, byteen=f000 data=x4086f0e7xxxxxxxxxxxxxxxxxxxxxxxx

             3941000: MEM Rd Req: addr=80000cc0, tag=0, byteen=x

             3943000: MEM Rsp: tag=0, data=58b9300050b130409006301812423017126230161282301512a2301312e230291222302812423148a290302112623032120234387aa0301412c23800017b7

             4123000: MEM Rd Req: addr=80000d00, tag=0, byteen=x

             4125000: MEM Rsp: tag=0, data=24124830281240302c12083ff3416e3ffc48493fff40413057780631044a783040b8463009904b30024949302044263fff4841300492483fff0099300100a93

             4245000: MEM Rd Req: addr=80000d40, tag=0, byteen=x

             4247000: MEM Rsp: tag=0, data=18892783fa0688e30004a22304878e63fff787930044a68300492783000080670301011300812c0300c12b8301012b0301412a8301812a0301c1298302012903

             4311000: MEM Rd Req: addr=80000dc0, tag=0, byteen=x

             4313000: MEM Rsp: tag=0, data=fffffb84000000180000001000020d1b01017c0100527a030000000000000010fb9ff06f000680e700058513fa9ff06f00892223fcdff06f000680e7000b0513

             4343000: MEM Wr Req: addr=80001140, tag=22, byteen=f00000000 data=x00000000xxxxxxxxxxxxxxxxxxxxxxxxxxxxxxxxxxxxxxxxxxxxxxxxxxxxxxxxxxxxxxxx

             4379000: MEM Rd Req: addr=80000d80, tag=0, byteen=x

             4381000: MEM Rsp: tag=0, data=71c6300f777330844a58318c92783f5dff06f00078913f80788e3f8f904e301871463148a278300492703000680e70207926300f777b300492c03008a9733

             4385000: MEM Rd Req: addr=800012c0, tag=62, byteen=f000000000

             4387000: MEM Rsp: tag=62, data=0

             4573000: MEM Rd Req: addr=800002c0, tag=0, byteen=x

             4575000: MEM Rsp: tag=0, data=cc302773cc5027f301212023009122230081242300112623ff0101130000806701010113004124830081240300c12083fe0498e3000780e7ffc40413fff48493

             4913000: MEM Rd Req: addr=80001040, tag=22, byteen=f000

             4915000: MEM Rsp: tag=22, data=0

