all memory transactions:
1: MEM Rd Req: addr=80000000 tag=0
2: MEM Rsp: tag=0 data=41050513000015170005006b0010051316c000ef00b5106b1785859300000597fc1025730005006b001005130e8000ef00b5106b0f45859300000597fc102573
3: MEM Rd Req: addr=800000c0 tag=0
4: MEM Rsp: tag=0 data=0005006bfff005130005006b0000051300040193000080670fd0006f2885051380000537000788630000079300008067000005130007806bfff0079338f7a827
5: MEM Rd Req: addr=80000100 tag=0
6: MEM Rsp: tag=0 data=0005006b0000051300068663cc3026f3fc02721300a202333ff202130000121702b505330000059340b1013300a51593cc102573ff0001377081819300001197
7: MEM Rd Req: addr=80000140 tag=1
8: MEM Rsp: tag=1 data=00008067000005130010007300008067fff0051300008067fff005130000806700000513000080670000051300008067fff0051300008067fff0051300008067
9: MEM Rd Req: addr=80000180 tag=0
10: MEM Rsp: tag=0 data=00020413e4c585930000159700020513000006130007806bfff007930081242300112623ff01011300008067f140257300008067fff005130000806700060513
11: MEM Rd Req: addr=800001c0 tag=0
12: MEM Rsp: tag=0 data=0121202300812423ff01011300008067010101130081240300c120830007806b0017b793cc3027f3171000ef00a40533000005930000061300000513069000ef
13: MEM Rd Req: addr=80000a00 tag=0
14: MEM Rsp: tag=0 data=04c7fe63003007930607926300c508b30037f79300a5c7b3ec8ff0ef00040513000780e70007846303c527834387a503800017b72b4000ef0005041300112623
15: MEM Rd Req: addr=80000a80 tag=0
16: MEM Rsp: tag=0 data=001707130005c68300008067ff1768e3fef70fa300158593001707130005c783ff157ce300050713000080670117686300f585b300f7073300478793ffc7f793
17: MEM Rd Req: addr=80000b40 tag=0
18: MEM Rsp: tag=0 data=fed766e30107071300b7262300b7242300b7222300b7202300e686b300f67613ff067693080592630a07906300f7779302c37e630005071300f00313f19ff06f
19: MEM Rd Req: addr=80000b80 tag=0
20: MEM Rsp: tag=0 data=00b7032300b703a300b7042300b704a300b7052300b705a300b7062300b706a300b7072300c68067005686b3000002970026969340c306b30000806700061463
21: MEM Rd Req: addr=80000bc0 tag=0
22: MEM Rsp: tag=0 data=005686b30000029700279693f6dff06f00d5e5b30105969300d5e5b3008596930ff5f5930000806700b7002300b700a300b7012300b701a300b7022300b702a3
23: MEM Rd Req: addr=80000040 tag=0
24: MEM Rsp: tag=0 data=18f776d33cc7a787000017973d07a7070000179718d0006f008000ef194000ef185000ef23450513000005172f5000ef0000059340a606334a06061300001617
25: MEM Rd Req: addr=80000c00 tag=0
26: MEM Rsp: tag=0 data=0027181306e84e6301f008130047a70304078c63148727834387a703800017b7f3dff06ff6c378e300f6063340f70733ff07879300028093fa0680e700008293
27: MEM Wr Req: addr=80001440 tag=22 byteen=0000000000008000 data=xxxxxxxxxxxxxxxxxxxxxxxxxxxxxxxxxxxxxxxxxxxxxxxxxxxxxxxxxxxxxxxxxxxxxxxxxxxxxxxxxxxxxxxxxxxxxxxx00xxxxxxxxxxxxxxxxxxxxxxxxxxxxxx
28: MEM Wr Req: addr=80001440 tag=22 byteen=0000000000004000 data=xxxxxxxxxxxxxxxxxxxxxxxxxxxxxxxxxxxxxxxxxxxxxxxxxxxxxxxxxxxxxxxxxxxxxxxxxxxxxxxxxxxxxxxxxxxxxxxxxx00xxxxxxxxxxxxxxxxxxxxxxxxxxxx
29: MEM Wr Req: addr=80001440 tag=22 byteen=0000000000002000 data=xxxxxxxxxxxxxxxxxxxxxxxxxxxxxxxxxxxxxxxxxxxxxxxxxxxxxxxxxxxxxxxxxxxxxxxxxxxxxxxxxxxxxxxxxxxxxxxxxxxx00xxxxxxxxxxxxxxxxxxxxxxxxxx
30: MEM Wr Req: addr=80001440 tag=22 byteen=0000000000001000 data=xxxxxxxxxxxxxxxxxxxxxxxxxxxxxxxxxxxxxxxxxxxxxxxxxxxxxxxxxxxxxxxxxxxxxxxxxxxxxxxxxxxxxxxxxxxxxxxxxxxxxx00xxxxxxxxxxxxxxxxxxxxxxxx
31: MEM Wr Req: addr=80001440 tag=22 byteen=0000000000000800 data=xxxxxxxxxxxxxxxxxxxxxxxxxxxxxxxxxxxxxxxxxxxxxxxxxxxxxxxxxxxxxxxxxxxxxxxxxxxxxxxxxxxxxxxxxxxxxxxxxxxxxxxx00xxxxxxxxxxxxxxxxxxxxxx
32: MEM Wr Req: addr=80001440 tag=22 byteen=0000000000000400 data=xxxxxxxxxxxxxxxxxxxxxxxxxxxxxxxxxxxxxxxxxxxxxxxxxxxxxxxxxxxxxxxxxxxxxxxxxxxxxxxxxxxxxxxxxxxxxxxxxxxxxxxxxx00xxxxxxxxxxxxxxxxxxxx
33: MEM Wr Req: addr=80001440 tag=22 byteen=0000000000000200 data=xxxxxxxxxxxxxxxxxxxxxxxxxxxxxxxxxxxxxxxxxxxxxxxxxxxxxxxxxxxxxxxxxxxxxxxxxxxxxxxxxxxxxxxxxxxxxxxxxxxxxxxxxxxx00xxxxxxxxxxxxxxxxxx
34: MEM Wr Req: addr=80001440 tag=22 byteen=0000000000000100 data=xxxxxxxxxxxxxxxxxxxxxxxxxxxxxxxxxxxxxxxxxxxxxxxxxxxxxxxxxxxxxxxxxxxxxxxxxxxxxxxxxxxxxxxxxxxxxxxxxxxxxxxxxxxxxx00xxxxxxxxxxxxxxxx
35: MEM Wr Req: addr=80001440 tag=22 byteen=00000000000f0000 data=xxxxxxxxxxxxxxxxxxxxxxxxxxxxxxxxxxxxxxxxxxxxxxxxxxxxxxxxxxxxxxxxxxxxxxxxxxxxxxxxxxxxxxxx00000000xxxxxxxxxxxxxxxxxxxxxxxxxxxxxxxx
36: MEM Wr Req: addr=80001440 tag=22 byteen=0000000000f00000 data=xxxxxxxxxxxxxxxxxxxxxxxxxxxxxxxxxxxxxxxxxxxxxxxxxxxxxxxxxxxxxxxxxxxxxxxxxxxxxxxx00000000xxxxxxxxxxxxxxxxxxxxxxxxxxxxxxxxxxxxxxxx
37: MEM Wr Req: addr=80001440 tag=22 byteen=000000000f000000 data=xxxxxxxxxxxxxxxxxxxxxxxxxxxxxxxxxxxxxxxxxxxxxxxxxxxxxxxxxxxxxxxxxxxxxxxx00000000xxxxxxxxxxxxxxxxxxxxxxxxxxxxxxxxxxxxxxxxxxxxxxxx
38: MEM Wr Req: addr=80001440 tag=22 byteen=00000000f0000000 data=xxxxxxxxxxxxxxxxxxxxxxxxxxxxxxxxxxxxxxxxxxxxxxxxxxxxxxxxxxxxxxxx00000000xxxxxxxxxxxxxxxxxxxxxxxxxxxxxxxxxxxxxxxxxxxxxxxxxxxxxxxx
39: MEM Wr Req: addr=80001440 tag=22 byteen=0000000f00000000 data=xxxxxxxxxxxxxxxxxxxxxxxxxxxxxxxxxxxxxxxxxxxxxxxxxxxxxxxx00000000xxxxxxxxxxxxxxxxxxxxxxxxxxxxxxxxxxxxxxxxxxxxxxxxxxxxxxxxxxxxxxxx
40: MEM Wr Req: addr=80001440 tag=22 byteen=000000f000000000 data=xxxxxxxxxxxxxxxxxxxxxxxxxxxxxxxxxxxxxxxxxxxxxxxx00000000xxxxxxxxxxxxxxxxxxxxxxxxxxxxxxxxxxxxxxxxxxxxxxxxxxxxxxxxxxxxxxxxxxxxxxxx
41: MEM Wr Req: addr=80001440 tag=22 byteen=00000f0000000000 data=xxxxxxxxxxxxxxxxxxxxxxxxxxxxxxxxxxxxxxxx00000000xxxxxxxxxxxxxxxxxxxxxxxxxxxxxxxxxxxxxxxxxxxxxxxxxxxxxxxxxxxxxxxxxxxxxxxxxxxxxxxx
42: MEM Wr Req: addr=80001440 tag=22 byteen=0000f00000000000 data=xxxxxxxxxxxxxxxxxxxxxxxxxxxxxxxx00000000xxxxxxxxxxxxxxxxxxxxxxxxxxxxxxxxxxxxxxxxxxxxxxxxxxxxxxxxxxxxxxxxxxxxxxxxxxxxxxxxxxxxxxxx
43: MEM Wr Req: addr=80001440 tag=22 byteen=000f000000000000 data=xxxxxxxxxxxxxxxxxxxxxxxx00000000xxxxxxxxxxxxxxxxxxxxxxxxxxxxxxxxxxxxxxxxxxxxxxxxxxxxxxxxxxxxxxxxxxxxxxxxxxxxxxxxxxxxxxxxxxxxxxxx
44: MEM Wr Req: addr=80001440 tag=22 byteen=00f0000000000000 data=xxxxxxxxxxxxxxxx00000000xxxxxxxxxxxxxxxxxxxxxxxxxxxxxxxxxxxxxxxxxxxxxxxxxxxxxxxxxxxxxxxxxxxxxxxxxxxxxxxxxxxxxxxxxxxxxxxxxxxxxxxx
45: MEM Wr Req: addr=80001440 tag=22 byteen=0f00000000000000 data=xxxxxxxx00000000xxxxxxxxxxxxxxxxxxxxxxxxxxxxxxxxxxxxxxxxxxxxxxxxxxxxxxxxxxxxxxxxxxxxxxxxxxxxxxxxxxxxxxxxxxxxxxxxxxxxxxxxxxxxxxxx
46: MEM Wr Req: addr=80001440 tag=22 byteen=f000000000000000 data=00000000xxxxxxxxxxxxxxxxxxxxxxxxxxxxxxxxxxxxxxxxxxxxxxxxxxxxxxxxxxxxxxxxxxxxxxxxxxxxxxxxxxxxxxxxxxxxxxxxxxxxxxxxxxxxxxxxxxxxxxxx
47: MEM Wr Req: addr=80001480 tag=42 byteen=000000000000000f data=xxxxxxxxxxxxxxxxxxxxxxxxxxxxxxxxxxxxxxxxxxxxxxxxxxxxxxxxxxxxxxxxxxxxxxxxxxxxxxxxxxxxxxxxxxxxxxxxxxxxxxxxxxxxxxxxxxxxxxxx00000000
48: MEM Wr Req: addr=80001480 tag=42 byteen=00000000000000f0 data=xxxxxxxxxxxxxxxxxxxxxxxxxxxxxxxxxxxxxxxxxxxxxxxxxxxxxxxxxxxxxxxxxxxxxxxxxxxxxxxxxxxxxxxxxxxxxxxxxxxxxxxxxxxxxxxx00000000xxxxxxxx
49: MEM Wr Req: addr=80001480 tag=42 byteen=0000000000000f00 data=xxxxxxxxxxxxxxxxxxxxxxxxxxxxxxxxxxxxxxxxxxxxxxxxxxxxxxxxxxxxxxxxxxxxxxxxxxxxxxxxxxxxxxxxxxxxxxxxxxxxxxxx00000000xxxxxxxxxxxxxxxx
50: MEM Wr Req: addr=80001480 tag=42 byteen=000000000000f000 data=xxxxxxxxxxxxxxxxxxxxxxxxxxxxxxxxxxxxxxxxxxxxxxxxxxxxxxxxxxxxxxxxxxxxxxxxxxxxxxxxxxxxxxxxxxxxxxxx00000000xxxxxxxxxxxxxxxxxxxxxxxx
51: MEM Wr Req: addr=80001480 tag=42 byteen=00000000000f0000 data=xxxxxxxxxxxxxxxxxxxxxxxxxxxxxxxxxxxxxxxxxxxxxxxxxxxxxxxxxxxxxxxxxxxxxxxxxxxxxxxxxxxxxxxx00000000xxxxxxxxxxxxxxxxxxxxxxxxxxxxxxxx
52: MEM Wr Req: addr=80001480 tag=42 byteen=0000000000f00000 data=xxxxxxxxxxxxxxxxxxxxxxxxxxxxxxxxxxxxxxxxxxxxxxxxxxxxxxxxxxxxxxxxxxxxxxxxxxxxxxxx00000000xxxxxxxxxxxxxxxxxxxxxxxxxxxxxxxxxxxxxxxx
53: MEM Wr Req: addr=80001480 tag=42 byteen=000000000f000000 data=xxxxxxxxxxxxxxxxxxxxxxxxxxxxxxxxxxxxxxxxxxxxxxxxxxxxxxxxxxxxxxxxxxxxxxxx00000000xxxxxxxxxxxxxxxxxxxxxxxxxxxxxxxxxxxxxxxxxxxxxxxx
54: MEM Wr Req: addr=80001480 tag=42 byteen=00000000f0000000 data=xxxxxxxxxxxxxxxxxxxxxxxxxxxxxxxxxxxxxxxxxxxxxxxxxxxxxxxxxxxxxxxx00000000xxxxxxxxxxxxxxxxxxxxxxxxxxxxxxxxxxxxxxxxxxxxxxxxxxxxxxxx
55: MEM Wr Req: addr=80001480 tag=42 byteen=0000000f00000000 data=xxxxxxxxxxxxxxxxxxxxxxxxxxxxxxxxxxxxxxxxxxxxxxxxxxxxxxxx00000000xxxxxxxxxxxxxxxxxxxxxxxxxxxxxxxxxxxxxxxxxxxxxxxxxxxxxxxxxxxxxxxx
56: MEM Wr Req: addr=80001480 tag=42 byteen=000000f000000000 data=xxxxxxxxxxxxxxxxxxxxxxxxxxxxxxxxxxxxxxxxxxxxxxxx00000000xxxxxxxxxxxxxxxxxxxxxxxxxxxxxxxxxxxxxxxxxxxxxxxxxxxxxxxxxxxxxxxxxxxxxxxx
57: MEM Wr Req: addr=80001480 tag=42 byteen=00000f0000000000 data=xxxxxxxxxxxxxxxxxxxxxxxxxxxxxxxxxxxxxxxx00000000xxxxxxxxxxxxxxxxxxxxxxxxxxxxxxxxxxxxxxxxxxxxxxxxxxxxxxxxxxxxxxxxxxxxxxxxxxxxxxxx
58: MEM Wr Req: addr=80001480 tag=42 byteen=0000f00000000000 data=xxxxxxxxxxxxxxxxxxxxxxxxxxxxxxxx00000000xxxxxxxxxxxxxxxxxxxxxxxxxxxxxxxxxxxxxxxxxxxxxxxxxxxxxxxxxxxxxxxxxxxxxxxxxxxxxxxxxxxxxxxx
59: MEM Wr Req: addr=80001480 tag=42 byteen=000f000000000000 data=xxxxxxxxxxxxxxxxxxxxxxxx00000000xxxxxxxxxxxxxxxxxxxxxxxxxxxxxxxxxxxxxxxxxxxxxxxxxxxxxxxxxxxxxxxxxxxxxxxxxxxxxxxxxxxxxxxxxxxxxxxx
60: MEM Wr Req: addr=80001480 tag=42 byteen=00f0000000000000 data=xxxxxxxxxxxxxxxx00000000xxxxxxxxxxxxxxxxxxxxxxxxxxxxxxxxxxxxxxxxxxxxxxxxxxxxxxxxxxxxxxxxxxxxxxxxxxxxxxxxxxxxxxxxxxxxxxxxxxxxxxxx
61: MEM Wr Req: addr=80001480 tag=42 byteen=0f00000000000000 data=xxxxxxxx00000000xxxxxxxxxxxxxxxxxxxxxxxxxxxxxxxxxxxxxxxxxxxxxxxxxxxxxxxxxxxxxxxxxxxxxxxxxxxxxxxxxxxxxxxxxxxxxxxxxxxxxxxxxxxxxxxx
62: MEM Wr Req: addr=80001480 tag=42 byteen=f000000000000000 data=00000000xxxxxxxxxxxxxxxxxxxxxxxxxxxxxxxxxxxxxxxxxxxxxxxxxxxxxxxxxxxxxxxxxxxxxxxxxxxxxxxxxxxxxxxxxxxxxxxxxxxxxxxxxxxxxxxxxxxxxxxx
63: MEM Wr Req: addr=800014c0 tag=62 byteen=000000000000000f data=xxxxxxxxxxxxxxxxxxxxxxxxxxxxxxxxxxxxxxxxxxxxxxxxxxxxxxxxxxxxxxxxxxxxxxxxxxxxxxxxxxxxxxxxxxxxxxxxxxxxxxxxxxxxxxxxxxxxxxxx00000000
64: MEM Wr Req: addr=800014c0 tag=62 byteen=00000000000000f0 data=xxxxxxxxxxxxxxxxxxxxxxxxxxxxxxxxxxxxxxxxxxxxxxxxxxxxxxxxxxxxxxxxxxxxxxxxxxxxxxxxxxxxxxxxxxxxxxxxxxxxxxxxxxxxxxxx00000000xxxxxxxx
65: MEM Wr Req: addr=800014c0 tag=62 byteen=0000000000000f00 data=xxxxxxxxxxxxxxxxxxxxxxxxxxxxxxxxxxxxxxxxxxxxxxxxxxxxxxxxxxxxxxxxxxxxxxxxxxxxxxxxxxxxxxxxxxxxxxxxxxxxxxxx00000000xxxxxxxxxxxxxxxx
66: MEM Wr Req: addr=800014c0 tag=62 byteen=000000000000f000 data=xxxxxxxxxxxxxxxxxxxxxxxxxxxxxxxxxxxxxxxxxxxxxxxxxxxxxxxxxxxxxxxxxxxxxxxxxxxxxxxxxxxxxxxxxxxxxxxx00000000xxxxxxxxxxxxxxxxxxxxxxxx
67: MEM Wr Req: addr=800014c0 tag=62 byteen=00000000000f0000 data=xxxxxxxxxxxxxxxxxxxxxxxxxxxxxxxxxxxxxxxxxxxxxxxxxxxxxxxxxxxxxxxxxxxxxxxxxxxxxxxxxxxxxxxx00000000xxxxxxxxxxxxxxxxxxxxxxxxxxxxxxxx
68: MEM Wr Req: addr=800014c0 tag=62 byteen=0000000000f00000 data=xxxxxxxxxxxxxxxxxxxxxxxxxxxxxxxxxxxxxxxxxxxxxxxxxxxxxxxxxxxxxxxxxxxxxxxxxxxxxxxx00000000xxxxxxxxxxxxxxxxxxxxxxxxxxxxxxxxxxxxxxxx
69: MEM Wr Req: addr=800014c0 tag=62 byteen=000000000f000000 data=xxxxxxxxxxxxxxxxxxxxxxxxxxxxxxxxxxxxxxxxxxxxxxxxxxxxxxxxxxxxxxxxxxxxxxxx00000000xxxxxxxxxxxxxxxxxxxxxxxxxxxxxxxxxxxxxxxxxxxxxxxx
70: MEM Wr Req: addr=800014c0 tag=62 byteen=00000000f0000000 data=xxxxxxxxxxxxxxxxxxxxxxxxxxxxxxxxxxxxxxxxxxxxxxxxxxxxxxxxxxxxxxxx00000000xxxxxxxxxxxxxxxxxxxxxxxxxxxxxxxxxxxxxxxxxxxxxxxxxxxxxxxx
71: MEM Rd Req: addr=800009c0 tag=0
72: MEM Rsp: tag=0 data=0081242300000593ff0101132300006f0000051300000613000006930005059300008067fff0051300008067fff0051300008067fff0051300008067fff00513
73: MEM Rd Req: addr=80001400 tag=2
74: MEM Rsp: tag=2 data=42371eb8800010100000000000000000000000000000000000000000000000000000000000000000000000000000000000000000000000000000000000000000
75: MEM Rd Req: addr=80001140 tag=22
76: MEM Rsp: tag=22 data=00000000000000000000000000000000000000000000000000000000000000000000000000000000000000000000000000000000000000000000000000000000
77: MEM Rd Req: addr=80000c80 tag=0
78: MEM Rsp: tag=0 data=fd01011300008067fff00513000080670000051300b7a423010787b318c7a62300c6e63300e7a2230017071318c7a683fa5ff06f14f7242314c7079300008067
79: MEM Wr Req: addr=80001140 tag=22 byteen=000000000f000000 data=xxxxxxxxxxxxxxxxxxxxxxxxxxxxxxxxxxxxxxxxxxxxxxxxxxxxxxxxxxxxxxxxxxxxxxxx8000115cxxxxxxxxxxxxxxxxxxxxxxxxxxxxxxxxxxxxxxxxxxxxxxxx
80: MEM Rd Req: addr=80000c40 tag=0
81: MEM Rsp: tag=0 data=0000051300b7a423010787b300e7a2230017071302d504630020069310d324231917a42300c8e8b300e61633001006131887a88308c324230107833302050663
82: MEM Wr Req: addr=80001140 tag=22 byteen=0000000f00000000 data=xxxxxxxxxxxxxxxxxxxxxxxxxxxxxxxxxxxxxxxxxxxxxxxxxxxxxxxx00000001xxxxxxxxxxxxxxxxxxxxxxxxxxxxxxxxxxxxxxxxxxxxxxxxxxxxxxxxxxxxxxxx
83: MEM Wr Req: addr=80001140 tag=22 byteen=000000f000000000 data=xxxxxxxxxxxxxxxxxxxxxxxxxxxxxxxxxxxxxxxxxxxxxxxx80000288xxxxxxxxxxxxxxxxxxxxxxxxxxxxxxxxxxxxxxxxxxxxxxxxxxxxxxxxxxxxxxxxxxxxxxxx
84: MEM Rd Req: addr=80000200 tag=0
85: MEM Rsp: tag=0 data=00001417fe9918e3000780e70044041300148493000427830000049300090e6340295913009122230011262340890933df89091300001917e004041300001417
86: MEM Rd Req: addr=80000240 tag=0
87: MEM Rsp: tag=0 data=00012903004124830081240300c12083fe9918e3000780e70044041300148493000427830000049300090e634029591340890933dc09091300001917dc440413
88: MEM Rd Req: addr=80001000 tag=2
89: MEM Rsp: tag=2 data=0000000000000000000000000000000000000000000000000000000000000000800013cc80001364800012fc000000000000000000000000baadf00d800000d4
90: MEM Rd Req: addr=80000280 tag=0
91: MEM Rsp: tag=0 data=0004278300878433ffc78793020480634027d4930011262300912223408787b3d6c4041300001417d74787930000179700812423ff0101130000806701010113
92: MEM Rd Req: addr=80001440 tag=22
93: MEM Rd Req: addr=80000080 tag=0
94: MEM Rsp: tag=22 data=00000000000000000000000000000000000000000000000000000000000000000000000000000000000000000000000000000000000000008000101043410ccd
95: MEM Rsp: tag=0 data=000017973ad7a2270000179718e7f7d33ac7a627000017973ab7a427000017973aa7ac27000017973c07a6270000179710f7765308e7f5d308f7755300f77053
96: MEM Wr Req: addr=80001440 tag=22 byteen=00000000f0000000 data=xxxxxxxxxxxxxxxxxxxxxxxxxxxxxxxxxxxxxxxxxxxxxxxxxxxxxxxxxxxxxxxx436ed47bxxxxxxxxxxxxxxxxxxxxxxxxxxxxxxxxxxxxxxxxxxxxxxxxxxxxxxxx
97: MEM Wr Req: addr=80001440 tag=22 byteen=00000000000f0000 data=xxxxxxxxxxxxxxxxxxxxxxxxxxxxxxxxxxxxxxxxxxxxxxxxxxxxxxxxxxxxxxxxxxxxxxxxxxxxxxxxxxxxxxxxc313451fxxxxxxxxxxxxxxxxxxxxxxxxxxxxxxxx
98: MEM Wr Req: addr=80001440 tag=22 byteen=0000000000000f00 data=xxxxxxxxxxxxxxxxxxxxxxxxxxxxxxxxxxxxxxxxxxxxxxxxxxxxxxxxxxxxxxxxxxxxxxxxxxxxxxxxxxxxxxxxxxxxxxxxxxxxxxxx4313451fxxxxxxxxxxxxxxxx
99: MEM Wr Req: addr=80001440 tag=22 byteen=0000000000f00000 data=xxxxxxxxxxxxxxxxxxxxxxxxxxxxxxxxxxxxxxxxxxxxxxxxxxxxxxxxxxxxxxxxxxxxxxxxxxxxxxxx460a1751xxxxxxxxxxxxxxxxxxxxxxxxxxxxxxxxxxxxxxxx
100: MEM Wr Req: addr=80001440 tag=22 byteen=000000000f000000 data=xxxxxxxxxxxxxxxxxxxxxxxxxxxxxxxxxxxxxxxxxxxxxxxxxxxxxxxxxxxxxxxxxxxxxxxx3e72d4fexxxxxxxxxxxxxxxxxxxxxxxxxxxxxxxxxxxxxxxxxxxxxxxx
101: MEM Wr Req: addr=80001440 tag=22 byteen=000000000000f000 data=xxxxxxxxxxxxxxxxxxxxxxxxxxxxxxxxxxxxxxxxxxxxxxxxxxxxxxxxxxxxxxxxxxxxxxxxxxxxxxxxxxxxxxxxxxxxxxxx4086f0e7xxxxxxxxxxxxxxxxxxxxxxxx
102: MEM Rd Req: addr=80000cc0 tag=0
103: MEM Rsp: tag=0 data=00058b9300050b130409006301812423017126230161282301512a2301312e230291222302812423148a290302112623032120234387aa0301412c23800017b7
104: MEM Rd Req: addr=80000d00 tag=0
105: MEM Rsp: tag=0 data=024124830281240302c12083ff3416e3ffc48493fff40413057780631044a783040b8463009904b30024949302044263fff4841300492483fff0099300100a93
106: MEM Rd Req: addr=80000d40 tag=0
107: MEM Rsp: tag=0 data=18892783fa0688e30004a22304878e63fff787930044a68300492783000080670301011300812c0300c12b8301012b0301412a8301812a0301c1298302012903
108: MEM Rd Req: addr=80000dc0 tag=0
109: MEM Rsp: tag=0 data=fffffb84000000180000001000020d1b01017c0100527a030000000000000010fb9ff06f000680e700058513fa9ff06f00892223fcdff06f000680e7000b0513
110: MEM Wr Req: addr=80001140 tag=22 byteen=0000000f00000000 data=xxxxxxxxxxxxxxxxxxxxxxxxxxxxxxxxxxxxxxxxxxxxxxxxxxxxxxxx00000000xxxxxxxxxxxxxxxxxxxxxxxxxxxxxxxxxxxxxxxxxxxxxxxxxxxxxxxxxxxxxxxx
111: MEM Rd Req: addr=80000d80 tag=0
112: MEM Rd Req: addr=800012c0 tag=62
113: MEM Rsp: tag=0 data=00071c6300f777330844a58318c92783f5dff06f00078913f80788e3f8f904e301871463148a278300492703000680e70207926300f777b300492c03008a9733
114: MEM Rsp: tag=62 data=00000000000000000000000000000000000000000000000000000000000000000000000000000000000000000000000000000000000000000000000000000000
115: MEM Rd Req: addr=800002c0 tag=0
116: MEM Rsp: tag=0 data=cc302773cc5027f301212023009122230081242300112623ff0101130000806701010113004124830081240300c12083fe0498e3000780e7ffc40413fff48493
117: MEM Rd Req: addr=80001040 tag=22
118: MEM Rsp: tag=22 data=00000000000000000000000000000000000000000000000000000000000000000000000000000000000000000000000000000000000000000000000000000000

memory read request transactions:
1: MEM Rd Req: addr=80000000 tag=0
2: MEM Rd Req: addr=800000c0 tag=0
3: MEM Rd Req: addr=80000100 tag=0
4: MEM Rd Req: addr=80000140 tag=1
5: MEM Rd Req: addr=80000180 tag=0
6: MEM Rd Req: addr=800001c0 tag=0
7: MEM Rd Req: addr=80000a00 tag=0
8: MEM Rd Req: addr=80000a80 tag=0
9: MEM Rd Req: addr=80000b40 tag=0
10: MEM Rd Req: addr=80000b80 tag=0
11: MEM Rd Req: addr=80000bc0 tag=0
12: MEM Rd Req: addr=80000040 tag=0
13: MEM Rd Req: addr=80000c00 tag=0
14: MEM Rd Req: addr=800009c0 tag=0
15: MEM Rd Req: addr=80001400 tag=2
16: MEM Rd Req: addr=80001140 tag=22
17: MEM Rd Req: addr=80000c80 tag=0
18: MEM Rd Req: addr=80000c40 tag=0
19: MEM Rd Req: addr=80000200 tag=0
20: MEM Rd Req: addr=80000240 tag=0
21: MEM Rd Req: addr=80001000 tag=2
22: MEM Rd Req: addr=80000280 tag=0
23: MEM Rd Req: addr=80001440 tag=22
24: MEM Rd Req: addr=80000080 tag=0
25: MEM Rd Req: addr=80000cc0 tag=0
26: MEM Rd Req: addr=80000d00 tag=0
27: MEM Rd Req: addr=80000d40 tag=0
28: MEM Rd Req: addr=80000dc0 tag=0
29: MEM Rd Req: addr=80000d80 tag=0
30: MEM Rd Req: addr=800012c0 tag=62
31: MEM Rd Req: addr=800002c0 tag=0
32: MEM Rd Req: addr=80001040 tag=22

memory write request transactions:
1: MEM Wr Req: addr=80001440 tag=22 byteen=0000000000008000 data=xxxxxxxxxxxxxxxxxxxxxxxxxxxxxxxxxxxxxxxxxxxxxxxxxxxxxxxxxxxxxxxxxxxxxxxxxxxxxxxxxxxxxxxxxxxxxxxx00xxxxxxxxxxxxxxxxxxxxxxxxxxxxxx
2: MEM Wr Req: addr=80001440 tag=22 byteen=0000000000004000 data=xxxxxxxxxxxxxxxxxxxxxxxxxxxxxxxxxxxxxxxxxxxxxxxxxxxxxxxxxxxxxxxxxxxxxxxxxxxxxxxxxxxxxxxxxxxxxxxxxx00xxxxxxxxxxxxxxxxxxxxxxxxxxxx
3: MEM Wr Req: addr=80001440 tag=22 byteen=0000000000002000 data=xxxxxxxxxxxxxxxxxxxxxxxxxxxxxxxxxxxxxxxxxxxxxxxxxxxxxxxxxxxxxxxxxxxxxxxxxxxxxxxxxxxxxxxxxxxxxxxxxxxx00xxxxxxxxxxxxxxxxxxxxxxxxxx
4: MEM Wr Req: addr=80001440 tag=22 byteen=0000000000001000 data=xxxxxxxxxxxxxxxxxxxxxxxxxxxxxxxxxxxxxxxxxxxxxxxxxxxxxxxxxxxxxxxxxxxxxxxxxxxxxxxxxxxxxxxxxxxxxxxxxxxxxx00xxxxxxxxxxxxxxxxxxxxxxxx
5: MEM Wr Req: addr=80001440 tag=22 byteen=0000000000000800 data=xxxxxxxxxxxxxxxxxxxxxxxxxxxxxxxxxxxxxxxxxxxxxxxxxxxxxxxxxxxxxxxxxxxxxxxxxxxxxxxxxxxxxxxxxxxxxxxxxxxxxxxx00xxxxxxxxxxxxxxxxxxxxxx
6: MEM Wr Req: addr=80001440 tag=22 byteen=0000000000000400 data=xxxxxxxxxxxxxxxxxxxxxxxxxxxxxxxxxxxxxxxxxxxxxxxxxxxxxxxxxxxxxxxxxxxxxxxxxxxxxxxxxxxxxxxxxxxxxxxxxxxxxxxxxx00xxxxxxxxxxxxxxxxxxxx
7: MEM Wr Req: addr=80001440 tag=22 byteen=0000000000000200 data=xxxxxxxxxxxxxxxxxxxxxxxxxxxxxxxxxxxxxxxxxxxxxxxxxxxxxxxxxxxxxxxxxxxxxxxxxxxxxxxxxxxxxxxxxxxxxxxxxxxxxxxxxxxx00xxxxxxxxxxxxxxxxxx
8: MEM Wr Req: addr=80001440 tag=22 byteen=0000000000000100 data=xxxxxxxxxxxxxxxxxxxxxxxxxxxxxxxxxxxxxxxxxxxxxxxxxxxxxxxxxxxxxxxxxxxxxxxxxxxxxxxxxxxxxxxxxxxxxxxxxxxxxxxxxxxxxx00xxxxxxxxxxxxxxxx
9: MEM Wr Req: addr=80001440 tag=22 byteen=00000000000f0000 data=xxxxxxxxxxxxxxxxxxxxxxxxxxxxxxxxxxxxxxxxxxxxxxxxxxxxxxxxxxxxxxxxxxxxxxxxxxxxxxxxxxxxxxxx00000000xxxxxxxxxxxxxxxxxxxxxxxxxxxxxxxx
10: MEM Wr Req: addr=80001440 tag=22 byteen=0000000000f00000 data=xxxxxxxxxxxxxxxxxxxxxxxxxxxxxxxxxxxxxxxxxxxxxxxxxxxxxxxxxxxxxxxxxxxxxxxxxxxxxxxx00000000xxxxxxxxxxxxxxxxxxxxxxxxxxxxxxxxxxxxxxxx
11: MEM Wr Req: addr=80001440 tag=22 byteen=000000000f000000 data=xxxxxxxxxxxxxxxxxxxxxxxxxxxxxxxxxxxxxxxxxxxxxxxxxxxxxxxxxxxxxxxxxxxxxxxx00000000xxxxxxxxxxxxxxxxxxxxxxxxxxxxxxxxxxxxxxxxxxxxxxxx
12: MEM Wr Req: addr=80001440 tag=22 byteen=00000000f0000000 data=xxxxxxxxxxxxxxxxxxxxxxxxxxxxxxxxxxxxxxxxxxxxxxxxxxxxxxxxxxxxxxxx00000000xxxxxxxxxxxxxxxxxxxxxxxxxxxxxxxxxxxxxxxxxxxxxxxxxxxxxxxx
13: MEM Wr Req: addr=80001440 tag=22 byteen=0000000f00000000 data=xxxxxxxxxxxxxxxxxxxxxxxxxxxxxxxxxxxxxxxxxxxxxxxxxxxxxxxx00000000xxxxxxxxxxxxxxxxxxxxxxxxxxxxxxxxxxxxxxxxxxxxxxxxxxxxxxxxxxxxxxxx
14: MEM Wr Req: addr=80001440 tag=22 byteen=000000f000000000 data=xxxxxxxxxxxxxxxxxxxxxxxxxxxxxxxxxxxxxxxxxxxxxxxx00000000xxxxxxxxxxxxxxxxxxxxxxxxxxxxxxxxxxxxxxxxxxxxxxxxxxxxxxxxxxxxxxxxxxxxxxxx
15: MEM Wr Req: addr=80001440 tag=22 byteen=00000f0000000000 data=xxxxxxxxxxxxxxxxxxxxxxxxxxxxxxxxxxxxxxxx00000000xxxxxxxxxxxxxxxxxxxxxxxxxxxxxxxxxxxxxxxxxxxxxxxxxxxxxxxxxxxxxxxxxxxxxxxxxxxxxxxx
16: MEM Wr Req: addr=80001440 tag=22 byteen=0000f00000000000 data=xxxxxxxxxxxxxxxxxxxxxxxxxxxxxxxx00000000xxxxxxxxxxxxxxxxxxxxxxxxxxxxxxxxxxxxxxxxxxxxxxxxxxxxxxxxxxxxxxxxxxxxxxxxxxxxxxxxxxxxxxxx
17: MEM Wr Req: addr=80001440 tag=22 byteen=000f000000000000 data=xxxxxxxxxxxxxxxxxxxxxxxx00000000xxxxxxxxxxxxxxxxxxxxxxxxxxxxxxxxxxxxxxxxxxxxxxxxxxxxxxxxxxxxxxxxxxxxxxxxxxxxxxxxxxxxxxxxxxxxxxxx
18: MEM Wr Req: addr=80001440 tag=22 byteen=00f0000000000000 data=xxxxxxxxxxxxxxxx00000000xxxxxxxxxxxxxxxxxxxxxxxxxxxxxxxxxxxxxxxxxxxxxxxxxxxxxxxxxxxxxxxxxxxxxxxxxxxxxxxxxxxxxxxxxxxxxxxxxxxxxxxx
19: MEM Wr Req: addr=80001440 tag=22 byteen=0f00000000000000 data=xxxxxxxx00000000xxxxxxxxxxxxxxxxxxxxxxxxxxxxxxxxxxxxxxxxxxxxxxxxxxxxxxxxxxxxxxxxxxxxxxxxxxxxxxxxxxxxxxxxxxxxxxxxxxxxxxxxxxxxxxxx
20: MEM Wr Req: addr=80001440 tag=22 byteen=f000000000000000 data=00000000xxxxxxxxxxxxxxxxxxxxxxxxxxxxxxxxxxxxxxxxxxxxxxxxxxxxxxxxxxxxxxxxxxxxxxxxxxxxxxxxxxxxxxxxxxxxxxxxxxxxxxxxxxxxxxxxxxxxxxxx
21: MEM Wr Req: addr=80001480 tag=42 byteen=000000000000000f data=xxxxxxxxxxxxxxxxxxxxxxxxxxxxxxxxxxxxxxxxxxxxxxxxxxxxxxxxxxxxxxxxxxxxxxxxxxxxxxxxxxxxxxxxxxxxxxxxxxxxxxxxxxxxxxxxxxxxxxxx00000000
22: MEM Wr Req: addr=80001480 tag=42 byteen=00000000000000f0 data=xxxxxxxxxxxxxxxxxxxxxxxxxxxxxxxxxxxxxxxxxxxxxxxxxxxxxxxxxxxxxxxxxxxxxxxxxxxxxxxxxxxxxxxxxxxxxxxxxxxxxxxxxxxxxxxx00000000xxxxxxxx
23: MEM Wr Req: addr=80001480 tag=42 byteen=0000000000000f00 data=xxxxxxxxxxxxxxxxxxxxxxxxxxxxxxxxxxxxxxxxxxxxxxxxxxxxxxxxxxxxxxxxxxxxxxxxxxxxxxxxxxxxxxxxxxxxxxxxxxxxxxxx00000000xxxxxxxxxxxxxxxx
24: MEM Wr Req: addr=80001480 tag=42 byteen=000000000000f000 data=xxxxxxxxxxxxxxxxxxxxxxxxxxxxxxxxxxxxxxxxxxxxxxxxxxxxxxxxxxxxxxxxxxxxxxxxxxxxxxxxxxxxxxxxxxxxxxxx00000000xxxxxxxxxxxxxxxxxxxxxxxx
25: MEM Wr Req: addr=80001480 tag=42 byteen=00000000000f0000 data=xxxxxxxxxxxxxxxxxxxxxxxxxxxxxxxxxxxxxxxxxxxxxxxxxxxxxxxxxxxxxxxxxxxxxxxxxxxxxxxxxxxxxxxx00000000xxxxxxxxxxxxxxxxxxxxxxxxxxxxxxxx
26: MEM Wr Req: addr=80001480 tag=42 byteen=0000000000f00000 data=xxxxxxxxxxxxxxxxxxxxxxxxxxxxxxxxxxxxxxxxxxxxxxxxxxxxxxxxxxxxxxxxxxxxxxxxxxxxxxxx00000000xxxxxxxxxxxxxxxxxxxxxxxxxxxxxxxxxxxxxxxx
27: MEM Wr Req: addr=80001480 tag=42 byteen=000000000f000000 data=xxxxxxxxxxxxxxxxxxxxxxxxxxxxxxxxxxxxxxxxxxxxxxxxxxxxxxxxxxxxxxxxxxxxxxxx00000000xxxxxxxxxxxxxxxxxxxxxxxxxxxxxxxxxxxxxxxxxxxxxxxx
28: MEM Wr Req: addr=80001480 tag=42 byteen=00000000f0000000 data=xxxxxxxxxxxxxxxxxxxxxxxxxxxxxxxxxxxxxxxxxxxxxxxxxxxxxxxxxxxxxxxx00000000xxxxxxxxxxxxxxxxxxxxxxxxxxxxxxxxxxxxxxxxxxxxxxxxxxxxxxxx
29: MEM Wr Req: addr=80001480 tag=42 byteen=0000000f00000000 data=xxxxxxxxxxxxxxxxxxxxxxxxxxxxxxxxxxxxxxxxxxxxxxxxxxxxxxxx00000000xxxxxxxxxxxxxxxxxxxxxxxxxxxxxxxxxxxxxxxxxxxxxxxxxxxxxxxxxxxxxxxx
30: MEM Wr Req: addr=80001480 tag=42 byteen=000000f000000000 data=xxxxxxxxxxxxxxxxxxxxxxxxxxxxxxxxxxxxxxxxxxxxxxxx00000000xxxxxxxxxxxxxxxxxxxxxxxxxxxxxxxxxxxxxxxxxxxxxxxxxxxxxxxxxxxxxxxxxxxxxxxx
31: MEM Wr Req: addr=80001480 tag=42 byteen=00000f0000000000 data=xxxxxxxxxxxxxxxxxxxxxxxxxxxxxxxxxxxxxxxx00000000xxxxxxxxxxxxxxxxxxxxxxxxxxxxxxxxxxxxxxxxxxxxxxxxxxxxxxxxxxxxxxxxxxxxxxxxxxxxxxxx
32: MEM Wr Req: addr=80001480 tag=42 byteen=0000f00000000000 data=xxxxxxxxxxxxxxxxxxxxxxxxxxxxxxxx00000000xxxxxxxxxxxxxxxxxxxxxxxxxxxxxxxxxxxxxxxxxxxxxxxxxxxxxxxxxxxxxxxxxxxxxxxxxxxxxxxxxxxxxxxx
33: MEM Wr Req: addr=80001480 tag=42 byteen=000f000000000000 data=xxxxxxxxxxxxxxxxxxxxxxxx00000000xxxxxxxxxxxxxxxxxxxxxxxxxxxxxxxxxxxxxxxxxxxxxxxxxxxxxxxxxxxxxxxxxxxxxxxxxxxxxxxxxxxxxxxxxxxxxxxx
34: MEM Wr Req: addr=80001480 tag=42 byteen=00f0000000000000 data=xxxxxxxxxxxxxxxx00000000xxxxxxxxxxxxxxxxxxxxxxxxxxxxxxxxxxxxxxxxxxxxxxxxxxxxxxxxxxxxxxxxxxxxxxxxxxxxxxxxxxxxxxxxxxxxxxxxxxxxxxxx
35: MEM Wr Req: addr=80001480 tag=42 byteen=0f00000000000000 data=xxxxxxxx00000000xxxxxxxxxxxxxxxxxxxxxxxxxxxxxxxxxxxxxxxxxxxxxxxxxxxxxxxxxxxxxxxxxxxxxxxxxxxxxxxxxxxxxxxxxxxxxxxxxxxxxxxxxxxxxxxx
36: MEM Wr Req: addr=80001480 tag=42 byteen=f000000000000000 data=00000000xxxxxxxxxxxxxxxxxxxxxxxxxxxxxxxxxxxxxxxxxxxxxxxxxxxxxxxxxxxxxxxxxxxxxxxxxxxxxxxxxxxxxxxxxxxxxxxxxxxxxxxxxxxxxxxxxxxxxxxx
37: MEM Wr Req: addr=800014c0 tag=62 byteen=000000000000000f data=xxxxxxxxxxxxxxxxxxxxxxxxxxxxxxxxxxxxxxxxxxxxxxxxxxxxxxxxxxxxxxxxxxxxxxxxxxxxxxxxxxxxxxxxxxxxxxxxxxxxxxxxxxxxxxxxxxxxxxxx00000000
38: MEM Wr Req: addr=800014c0 tag=62 byteen=00000000000000f0 data=xxxxxxxxxxxxxxxxxxxxxxxxxxxxxxxxxxxxxxxxxxxxxxxxxxxxxxxxxxxxxxxxxxxxxxxxxxxxxxxxxxxxxxxxxxxxxxxxxxxxxxxxxxxxxxxx00000000xxxxxxxx
39: MEM Wr Req: addr=800014c0 tag=62 byteen=0000000000000f00 data=xxxxxxxxxxxxxxxxxxxxxxxxxxxxxxxxxxxxxxxxxxxxxxxxxxxxxxxxxxxxxxxxxxxxxxxxxxxxxxxxxxxxxxxxxxxxxxxxxxxxxxxx00000000xxxxxxxxxxxxxxxx
40: MEM Wr Req: addr=800014c0 tag=62 byteen=000000000000f000 data=xxxxxxxxxxxxxxxxxxxxxxxxxxxxxxxxxxxxxxxxxxxxxxxxxxxxxxxxxxxxxxxxxxxxxxxxxxxxxxxxxxxxxxxxxxxxxxxx00000000xxxxxxxxxxxxxxxxxxxxxxxx
41: MEM Wr Req: addr=800014c0 tag=62 byteen=00000000000f0000 data=xxxxxxxxxxxxxxxxxxxxxxxxxxxxxxxxxxxxxxxxxxxxxxxxxxxxxxxxxxxxxxxxxxxxxxxxxxxxxxxxxxxxxxxx00000000xxxxxxxxxxxxxxxxxxxxxxxxxxxxxxxx
42: MEM Wr Req: addr=800014c0 tag=62 byteen=0000000000f00000 data=xxxxxxxxxxxxxxxxxxxxxxxxxxxxxxxxxxxxxxxxxxxxxxxxxxxxxxxxxxxxxxxxxxxxxxxxxxxxxxxx00000000xxxxxxxxxxxxxxxxxxxxxxxxxxxxxxxxxxxxxxxx
43: MEM Wr Req: addr=800014c0 tag=62 byteen=000000000f000000 data=xxxxxxxxxxxxxxxxxxxxxxxxxxxxxxxxxxxxxxxxxxxxxxxxxxxxxxxxxxxxxxxxxxxxxxxx00000000xxxxxxxxxxxxxxxxxxxxxxxxxxxxxxxxxxxxxxxxxxxxxxxx
44: MEM Wr Req: addr=800014c0 tag=62 byteen=00000000f0000000 data=xxxxxxxxxxxxxxxxxxxxxxxxxxxxxxxxxxxxxxxxxxxxxxxxxxxxxxxxxxxxxxxx00000000xxxxxxxxxxxxxxxxxxxxxxxxxxxxxxxxxxxxxxxxxxxxxxxxxxxxxxxx
45: MEM Wr Req: addr=80001140 tag=22 byteen=000000000f000000 data=xxxxxxxxxxxxxxxxxxxxxxxxxxxxxxxxxxxxxxxxxxxxxxxxxxxxxxxxxxxxxxxxxxxxxxxx8000115cxxxxxxxxxxxxxxxxxxxxxxxxxxxxxxxxxxxxxxxxxxxxxxxx
46: MEM Wr Req: addr=80001140 tag=22 byteen=0000000f00000000 data=xxxxxxxxxxxxxxxxxxxxxxxxxxxxxxxxxxxxxxxxxxxxxxxxxxxxxxxx00000001xxxxxxxxxxxxxxxxxxxxxxxxxxxxxxxxxxxxxxxxxxxxxxxxxxxxxxxxxxxxxxxx
47: MEM Wr Req: addr=80001140 tag=22 byteen=000000f000000000 data=xxxxxxxxxxxxxxxxxxxxxxxxxxxxxxxxxxxxxxxxxxxxxxxx80000288xxxxxxxxxxxxxxxxxxxxxxxxxxxxxxxxxxxxxxxxxxxxxxxxxxxxxxxxxxxxxxxxxxxxxxxx
48: MEM Wr Req: addr=80001440 tag=22 byteen=00000000f0000000 data=xxxxxxxxxxxxxxxxxxxxxxxxxxxxxxxxxxxxxxxxxxxxxxxxxxxxxxxxxxxxxxxx436ed47bxxxxxxxxxxxxxxxxxxxxxxxxxxxxxxxxxxxxxxxxxxxxxxxxxxxxxxxx
49: MEM Wr Req: addr=80001440 tag=22 byteen=00000000000f0000 data=xxxxxxxxxxxxxxxxxxxxxxxxxxxxxxxxxxxxxxxxxxxxxxxxxxxxxxxxxxxxxxxxxxxxxxxxxxxxxxxxxxxxxxxxc313451fxxxxxxxxxxxxxxxxxxxxxxxxxxxxxxxx
50: MEM Wr Req: addr=80001440 tag=22 byteen=0000000000000f00 data=xxxxxxxxxxxxxxxxxxxxxxxxxxxxxxxxxxxxxxxxxxxxxxxxxxxxxxxxxxxxxxxxxxxxxxxxxxxxxxxxxxxxxxxxxxxxxxxxxxxxxxxx4313451fxxxxxxxxxxxxxxxx
51: MEM Wr Req: addr=80001440 tag=22 byteen=0000000000f00000 data=xxxxxxxxxxxxxxxxxxxxxxxxxxxxxxxxxxxxxxxxxxxxxxxxxxxxxxxxxxxxxxxxxxxxxxxxxxxxxxxx460a1751xxxxxxxxxxxxxxxxxxxxxxxxxxxxxxxxxxxxxxxx
52: MEM Wr Req: addr=80001440 tag=22 byteen=000000000f000000 data=xxxxxxxxxxxxxxxxxxxxxxxxxxxxxxxxxxxxxxxxxxxxxxxxxxxxxxxxxxxxxxxxxxxxxxxx3e72d4fexxxxxxxxxxxxxxxxxxxxxxxxxxxxxxxxxxxxxxxxxxxxxxxx
53: MEM Wr Req: addr=80001440 tag=22 byteen=000000000000f000 data=xxxxxxxxxxxxxxxxxxxxxxxxxxxxxxxxxxxxxxxxxxxxxxxxxxxxxxxxxxxxxxxxxxxxxxxxxxxxxxxxxxxxxxxxxxxxxxxx4086f0e7xxxxxxxxxxxxxxxxxxxxxxxx
54: MEM Wr Req: addr=80001140 tag=22 byteen=0000000f00000000 data=xxxxxxxxxxxxxxxxxxxxxxxxxxxxxxxxxxxxxxxxxxxxxxxxxxxxxxxx00000000xxxxxxxxxxxxxxxxxxxxxxxxxxxxxxxxxxxxxxxxxxxxxxxxxxxxxxxxxxxxxxxx

memory response transactions:
1: MEM Rsp: tag=0 data=41050513000015170005006b0010051316c000ef00b5106b1785859300000597fc1025730005006b001005130e8000ef00b5106b0f45859300000597fc102573
2: MEM Rsp: tag=0 data=0005006bfff005130005006b0000051300040193000080670fd0006f2885051380000537000788630000079300008067000005130007806bfff0079338f7a827
3: MEM Rsp: tag=0 data=0005006b0000051300068663cc3026f3fc02721300a202333ff202130000121702b505330000059340b1013300a51593cc102573ff0001377081819300001197
4: MEM Rsp: tag=1 data=00008067000005130010007300008067fff0051300008067fff005130000806700000513000080670000051300008067fff0051300008067fff0051300008067
5: MEM Rsp: tag=0 data=00020413e4c585930000159700020513000006130007806bfff007930081242300112623ff01011300008067f140257300008067fff005130000806700060513
6: MEM Rsp: tag=0 data=0121202300812423ff01011300008067010101130081240300c120830007806b0017b793cc3027f3171000ef00a40533000005930000061300000513069000ef
7: MEM Rsp: tag=0 data=04c7fe63003007930607926300c508b30037f79300a5c7b3ec8ff0ef00040513000780e70007846303c527834387a503800017b72b4000ef0005041300112623
8: MEM Rsp: tag=0 data=001707130005c68300008067ff1768e3fef70fa300158593001707130005c783ff157ce300050713000080670117686300f585b300f7073300478793ffc7f793
9: MEM Rsp: tag=0 data=fed766e30107071300b7262300b7242300b7222300b7202300e686b300f67613ff067693080592630a07906300f7779302c37e630005071300f00313f19ff06f
10: MEM Rsp: tag=0 data=00b7032300b703a300b7042300b704a300b7052300b705a300b7062300b706a300b7072300c68067005686b3000002970026969340c306b30000806700061463
11: MEM Rsp: tag=0 data=005686b30000029700279693f6dff06f00d5e5b30105969300d5e5b3008596930ff5f5930000806700b7002300b700a300b7012300b701a300b7022300b702a3
12: MEM Rsp: tag=0 data=18f776d33cc7a787000017973d07a7070000179718d0006f008000ef194000ef185000ef23450513000005172f5000ef0000059340a606334a06061300001617
13: MEM Rsp: tag=0 data=0027181306e84e6301f008130047a70304078c63148727834387a703800017b7f3dff06ff6c378e300f6063340f70733ff07879300028093fa0680e700008293
14: MEM Rsp: tag=0 data=0081242300000593ff0101132300006f0000051300000613000006930005059300008067fff0051300008067fff0051300008067fff0051300008067fff00513
15: MEM Rsp: tag=2 data=42371eb8800010100000000000000000000000000000000000000000000000000000000000000000000000000000000000000000000000000000000000000000
16: MEM Rsp: tag=22 data=00000000000000000000000000000000000000000000000000000000000000000000000000000000000000000000000000000000000000000000000000000000
17: MEM Rsp: tag=0 data=fd01011300008067fff00513000080670000051300b7a423010787b318c7a62300c6e63300e7a2230017071318c7a683fa5ff06f14f7242314c7079300008067
18: MEM Rsp: tag=0 data=0000051300b7a423010787b300e7a2230017071302d504630020069310d324231917a42300c8e8b300e61633001006131887a88308c324230107833302050663
19: MEM Rsp: tag=0 data=00001417fe9918e3000780e70044041300148493000427830000049300090e6340295913009122230011262340890933df89091300001917e004041300001417
20: MEM Rsp: tag=0 data=00012903004124830081240300c12083fe9918e3000780e70044041300148493000427830000049300090e634029591340890933dc09091300001917dc440413
21: MEM Rsp: tag=2 data=0000000000000000000000000000000000000000000000000000000000000000800013cc80001364800012fc000000000000000000000000baadf00d800000d4
22: MEM Rsp: tag=0 data=0004278300878433ffc78793020480634027d4930011262300912223408787b3d6c4041300001417d74787930000179700812423ff0101130000806701010113
23: MEM Rsp: tag=22 data=00000000000000000000000000000000000000000000000000000000000000000000000000000000000000000000000000000000000000008000101043410ccd
24: MEM Rsp: tag=0 data=000017973ad7a2270000179718e7f7d33ac7a627000017973ab7a427000017973aa7ac27000017973c07a6270000179710f7765308e7f5d308f7755300f77053
25: MEM Rsp: tag=0 data=00058b9300050b130409006301812423017126230161282301512a2301312e230291222302812423148a290302112623032120234387aa0301412c23800017b7
26: MEM Rsp: tag=0 data=024124830281240302c12083ff3416e3ffc48493fff40413057780631044a783040b8463009904b30024949302044263fff4841300492483fff0099300100a93
27: MEM Rsp: tag=0 data=18892783fa0688e30004a22304878e63fff787930044a68300492783000080670301011300812c0300c12b8301012b0301412a8301812a0301c1298302012903
28: MEM Rsp: tag=0 data=fffffb84000000180000001000020d1b01017c0100527a030000000000000010fb9ff06f000680e700058513fa9ff06f00892223fcdff06f000680e7000b0513
29: MEM Rsp: tag=0 data=00071c6300f777330844a58318c92783f5dff06f00078913f80788e3f8f904e301871463148a278300492703000680e70207926300f777b300492c03008a9733
30: MEM Rsp: tag=62 data=00000000000000000000000000000000000000000000000000000000000000000000000000000000000000000000000000000000000000000000000000000000
31: MEM Rsp: tag=0 data=cc302773cc5027f301212023009122230081242300112623ff0101130000806701010113004124830081240300c12083fe0498e3000780e7ffc40413fff48493
32: MEM Rsp: tag=22 data=00000000000000000000000000000000000000000000000000000000000000000000000000000000000000000000000000000000000000000000000000000000

