              555000: MEM Rd Req: addr=80000000, tag=0, byteen=x

              557000: MEM Rsp: tag=0, data=41850513000015170005006b0010051314c000ef00b5106b1585859300000597fc1025730005006b001005130c8000ef00b5106b0d45859300000597fc102573

              617000: MEM Rd Req: addr=800000c0, tag=0, byteen=x

              619000: MEM Rsp: tag=0, data=2b505330000059340b1013300a51593cc102573ff00013772818193000011970005006bfff005130005006b0000051300040193000080670fd0006f26850513

              739000: MEM Rd Req: addr=80000100, tag=0, byteen=x

              741000: MEM Rsp: tag=0, data=513000080670000051300008067fff0051300008067fff00513000080670005006b0000051300068663cc3026f3fc02721300a2023340f2021300001217

              915000: MEM Rd Req: addr=80000140, tag=0, byteen=x

              917000: MEM Rsp: tag=0, data=112623ff01011300008067f140257300008067fff00513000080670006051300008067000005130010007300008067fff0051300008067fff0051300008067

              951000: MEM Rd Req: addr=80000180, tag=0, byteen=x

              953000: MEM Rsp: tag=0, data=17b793cc3027f3171000ef00a40533000005930000061300000513069000ef00020413e6c585930000159700020513000006130007806bfff0079300812423

             1069000: MEM Rd Req: addr=80000a00, tag=0, byteen=x

             1071000: MEM Rsp: tag=0, data=5869302c77c6308f76c63fe060793ffc8f61306079863000507130035779304c7fe63003007930607926300c508b30037f79300a5c7b3ec8ff0ef00040513

             1157000: MEM Rd Req: addr=80000a40, tag=0, byteen=x

             1159000: MEM Rsp: tag=0, data=ff157ce300050713000080670117686300f585b300f7073300478793ffc7f79340e787b3fff60793fec7e8e3ff07ae2300468693004787930006a80300070793

             1271000: MEM Rd Req: addr=80000b00, tag=0, byteen=x

             1273000: MEM Rsp: tag=0, data=ff067693080592630a07906300f7779302c37e630005071300f00313f19ff06ffaf768e3024585930247071302d7202301072e2300672c2301c72a2301d72823

             1323000: MEM Rd Req: addr=80000b40, tag=0, byteen=x

             1325000: MEM Rsp: tag=0, data=b7072300c68067005686b3000002970026969340c306b30000806700061463fed766e30107071300b7262300b7242300b7222300b7202300e686b300f67613

             1395000: MEM Rd Req: addr=80000b80, tag=0, byteen=x

             1397000: MEM Rsp: tag=0, data=ff5f5930000806700b7002300b700a300b7012300b701a300b7022300b702a300b7032300b703a300b7042300b704a300b7052300b705a300b7062300b706a3

             1447000: MEM Rd Req: addr=800001c0, tag=0, byteen=x

             1449000: MEM Rsp: tag=0, data=40295913009122230011262340890933e189091300001917e2040413000014170121202300812423ff01011300008067010101130081240300c120830007806b

             1577000: MEM Rd Req: addr=80000040, tag=0, byteen=x

             1579000: MEM Rsp: tag=0, data=87a6830047a6030007a583f9c787930000179716d0006f008000ef174000ef165000ef21450513000005172d5000ef0000059340a606334906061300001617

             1773000: MEM Wr Req: addr=80001440, tag=22, byteen=f0000 data=x00000000xxxxxxxxxxxxxxxxxxxxxxxxxxxxxxxx

             1783000: MEM Wr Req: addr=80001440, tag=22, byteen=f00000 data=x00000000xxxxxxxxxxxxxxxxxxxxxxxxxxxxxxxxxxxxxxxx

             1793000: MEM Wr Req: addr=80001440, tag=22, byteen=f000000 data=x00000000xxxxxxxxxxxxxxxxxxxxxxxxxxxxxxxxxxxxxxxxxxxxxxxx

             1803000: MEM Wr Req: addr=80001440, tag=22, byteen=f0000000 data=x00000000xxxxxxxxxxxxxxxxxxxxxxxxxxxxxxxxxxxxxxxxxxxxxxxxxxxxxxxx

             1839000: MEM Wr Req: addr=80001440, tag=22, byteen=f00000000 data=x00000000xxxxxxxxxxxxxxxxxxxxxxxxxxxxxxxxxxxxxxxxxxxxxxxxxxxxxxxxxxxxxxxx

             1849000: MEM Wr Req: addr=80001440, tag=22, byteen=f000000000 data=x00000000xxxxxxxxxxxxxxxxxxxxxxxxxxxxxxxxxxxxxxxxxxxxxxxxxxxxxxxxxxxxxxxxxxxxxxxx

             1859000: MEM Wr Req: addr=80001440, tag=22, byteen=f0000000000 data=x00000000xxxxxxxxxxxxxxxxxxxxxxxxxxxxxxxxxxxxxxxxxxxxxxxxxxxxxxxxxxxxxxxxxxxxxxxxxxxxxxxx

             1869000: MEM Wr Req: addr=80001440, tag=22, byteen=f00000000000 data=x00000000xxxxxxxxxxxxxxxxxxxxxxxxxxxxxxxxxxxxxxxxxxxxxxxxxxxxxxxxxxxxxxxxxxxxxxxxxxxxxxxxxxxxxxxx

             1905000: MEM Wr Req: addr=80001440, tag=22, byteen=f000000000000 data=x00000000xxxxxxxxxxxxxxxxxxxxxxxxxxxxxxxxxxxxxxxxxxxxxxxxxxxxxxxxxxxxxxxxxxxxxxxxxxxxxxxxxxxxxxxxxxxxxxxx

             1915000: MEM Wr Req: addr=80001440, tag=22, byteen=f0000000000000 data=x00000000xxxxxxxxxxxxxxxxxxxxxxxxxxxxxxxxxxxxxxxxxxxxxxxxxxxxxxxxxxxxxxxxxxxxxxxxxxxxxxxxxxxxxxxxxxxxxxxxxxxxxxxx

             1925000: MEM Wr Req: addr=80001440, tag=22, byteen=f00000000000000 data=x00000000xxxxxxxxxxxxxxxxxxxxxxxxxxxxxxxxxxxxxxxxxxxxxxxxxxxxxxxxxxxxxxxxxxxxxxxxxxxxxxxxxxxxxxxxxxxxxxxxxxxxxxxxxxxxxxxx

             1935000: MEM Wr Req: addr=80001440, tag=22, byteen=f000000000000000 data=0xxxxxxxxxxxxxxxxxxxxxxxxxxxxxxxxxxxxxxxxxxxxxxxxxxxxxxxxxxxxxxxxxxxxxxxxxxxxxxxxxxxxxxxxxxxxxxxxxxxxxxxxxxxxxxxxxxxxxxxx

             1971000: MEM Wr Req: addr=80001480, tag=42, byteen=f data=x00000000

             1981000: MEM Wr Req: addr=80001480, tag=42, byteen=f0 data=x00000000xxxxxxxx

             1991000: MEM Wr Req: addr=80001480, tag=42, byteen=f00 data=x00000000xxxxxxxxxxxxxxxx

             2001000: MEM Wr Req: addr=80001480, tag=42, byteen=f000 data=x00000000xxxxxxxxxxxxxxxxxxxxxxxx

             2037000: MEM Wr Req: addr=80001480, tag=42, byteen=f0000 data=x00000000xxxxxxxxxxxxxxxxxxxxxxxxxxxxxxxx

             2047000: MEM Wr Req: addr=80001480, tag=42, byteen=f00000 data=x00000000xxxxxxxxxxxxxxxxxxxxxxxxxxxxxxxxxxxxxxxx

             2057000: MEM Wr Req: addr=80001480, tag=42, byteen=f000000 data=x00000000xxxxxxxxxxxxxxxxxxxxxxxxxxxxxxxxxxxxxxxxxxxxxxxx

             2067000: MEM Wr Req: addr=80001480, tag=42, byteen=f0000000 data=x00000000xxxxxxxxxxxxxxxxxxxxxxxxxxxxxxxxxxxxxxxxxxxxxxxxxxxxxxxx

             2103000: MEM Wr Req: addr=80001480, tag=42, byteen=f00000000 data=x00000000xxxxxxxxxxxxxxxxxxxxxxxxxxxxxxxxxxxxxxxxxxxxxxxxxxxxxxxxxxxxxxxx

             2113000: MEM Wr Req: addr=80001480, tag=42, byteen=f000000000 data=x00000000xxxxxxxxxxxxxxxxxxxxxxxxxxxxxxxxxxxxxxxxxxxxxxxxxxxxxxxxxxxxxxxxxxxxxxxx

             2123000: MEM Wr Req: addr=80001480, tag=42, byteen=f0000000000 data=x00000000xxxxxxxxxxxxxxxxxxxxxxxxxxxxxxxxxxxxxxxxxxxxxxxxxxxxxxxxxxxxxxxxxxxxxxxxxxxxxxxx

             2133000: MEM Wr Req: addr=80001480, tag=42, byteen=f00000000000 data=x00000000xxxxxxxxxxxxxxxxxxxxxxxxxxxxxxxxxxxxxxxxxxxxxxxxxxxxxxxxxxxxxxxxxxxxxxxxxxxxxxxxxxxxxxxx

             2169000: MEM Wr Req: addr=80001480, tag=42, byteen=f000000000000 data=x00000000xxxxxxxxxxxxxxxxxxxxxxxxxxxxxxxxxxxxxxxxxxxxxxxxxxxxxxxxxxxxxxxxxxxxxxxxxxxxxxxxxxxxxxxxxxxxxxxx

             2179000: MEM Wr Req: addr=80001480, tag=42, byteen=f0000000000000 data=x00000000xxxxxxxxxxxxxxxxxxxxxxxxxxxxxxxxxxxxxxxxxxxxxxxxxxxxxxxxxxxxxxxxxxxxxxxxxxxxxxxxxxxxxxxxxxxxxxxxxxxxxxxx

             2189000: MEM Wr Req: addr=80001480, tag=42, byteen=f00000000000000 data=x00000000xxxxxxxxxxxxxxxxxxxxxxxxxxxxxxxxxxxxxxxxxxxxxxxxxxxxxxxxxxxxxxxxxxxxxxxxxxxxxxxxxxxxxxxxxxxxxxxxxxxxxxxxxxxxxxxx

             2199000: MEM Wr Req: addr=80001480, tag=42, byteen=f000000000000000 data=0xxxxxxxxxxxxxxxxxxxxxxxxxxxxxxxxxxxxxxxxxxxxxxxxxxxxxxxxxxxxxxxxxxxxxxxxxxxxxxxxxxxxxxxxxxxxxxxxxxxxxxxxxxxxxxxxxxxxxxxx

             2235000: MEM Wr Req: addr=800014c0, tag=62, byteen=f data=x00000000

             2245000: MEM Wr Req: addr=800014c0, tag=62, byteen=f0 data=x00000000xxxxxxxx

             2255000: MEM Wr Req: addr=800014c0, tag=62, byteen=f00 data=x00000000xxxxxxxxxxxxxxxx

             2265000: MEM Wr Req: addr=800014c0, tag=62, byteen=f000 data=x00000000xxxxxxxxxxxxxxxxxxxxxxxx

             2353000: MEM Rd Req: addr=800009c0, tag=0, byteen=x

             2355000: MEM Rsp: tag=0, data=780e70007846303c527834487a503800017b72b4000ef00050413001126230081242300000593ff0101132300006f00000513000006130000069300050593

             2425000: MEM Rd Req: addr=80000c00, tag=0, byteen=x

             2427000: MEM Rsp: tag=0, data=1917a42300c8e8b300e61633001006131887a88308c3242301078333020506630027181306e84e6301f008130047a70304078c63148727834487a703800017b7

             2467000: MEM Rd Req: addr=80001440, tag=22, byteen=f00

             2469000: MEM Rsp: tag=22, data=80001020800010200000000000000000

             2509000: MEM Rd Req: addr=80001140, tag=22, byteen=f0000000000

             2511000: MEM Rsp: tag=22, data=0

             2551000: MEM Rd Req: addr=80000c40, tag=0, byteen=x

             2553000: MEM Rsp: tag=0, data=c6e63300e7a2230017071318c7a683fa5ff06f14f7242314c70793000080670000051300b7a423010787b300e7a2230017071302d504630020069310d32423

             2593000: MEM Wr Req: addr=80001140, tag=22, byteen=f0000000000 data=x8000116cxxxxxxxxxxxxxxxxxxxxxxxxxxxxxxxxxxxxxxxxxxxxxxxxxxxxxxxxxxxxxxxxxxxxxxxxxxxxxxxx

             2695000: MEM Wr Req: addr=80001140, tag=22, byteen=f000000000000 data=x00000001xxxxxxxxxxxxxxxxxxxxxxxxxxxxxxxxxxxxxxxxxxxxxxxxxxxxxxxxxxxxxxxxxxxxxxxxxxxxxxxxxxxxxxxxxxxxxxxx

             2715000: MEM Wr Req: addr=80001140, tag=22, byteen=f0000000000000 data=x80000268xxxxxxxxxxxxxxxxxxxxxxxxxxxxxxxxxxxxxxxxxxxxxxxxxxxxxxxxxxxxxxxxxxxxxxxxxxxxxxxxxxxxxxxxxxxxxxxxxxxxxxxx

             2861000: MEM Rd Req: addr=80000200, tag=0, byteen=x

             2863000: MEM Rsp: tag=0, data=427830000049300090e634029591340890933de09091300001917de44041300001417fe9918e3000780e70044041300148493000427830000049300090e63

             2989000: MEM Rd Req: addr=80000240, tag=0, byteen=x

             2991000: MEM Rsp: tag=0, data=d8c4041300001417d94787930000179700812423ff010113000080670101011300012903004124830081240300c12083fe9918e3000780e70044041300148493

             2995000: MEM Rd Req: addr=80001000, tag=2, byteen=f

             2997000: MEM Rsp: tag=2, data=800013dc800013748000130c0000000000000000000000000000000300000002000000010000000000000000800000b4

             3041000: MEM Rd Req: addr=80000080, tag=0, byteen=x

             3043000: MEM Rsp: tag=0, data=80000537000788630000079300008067000005130007806bfff0079300e7a62300d7a42300c7a22300b7a0230017071300168693001606130015859300c7a703

             3313000: MEM Wr Req: addr=80001000, tag=2, byteen=f00 data=x00000001xxxxxxxxxxxxxxxx

             3323000: MEM Wr Req: addr=80001000, tag=2, byteen=f000 data=x00000002xxxxxxxxxxxxxxxxxxxxxxxx

             3333000: MEM Wr Req: addr=80001000, tag=2, byteen=f0000 data=x00000003xxxxxxxxxxxxxxxxxxxxxxxxxxxxxxxx

             3343000: MEM Wr Req: addr=80001000, tag=2, byteen=f00000 data=x00000004xxxxxxxxxxxxxxxxxxxxxxxxxxxxxxxxxxxxxxxx

             3471000: MEM Rd Req: addr=80000c80, tag=0, byteen=x

             3473000: MEM Rsp: tag=0, data=291222302812423148a290302112623032120234487aa0301412c23800017b7fd01011300008067fff00513000080670000051300b7a423010787b318c7a623

             3577000: MEM Rd Req: addr=80000cc0, tag=0, byteen=x

             3579000: MEM Rsp: tag=0, data=40b8463009904b30024949302044263fff4841300492483fff0099300100a9300058b9300050b130409006301812423017126230161282301512a2301312e23

             3785000: MEM Rd Req: addr=80000d40, tag=0, byteen=x

             3787000: MEM Rsp: tag=0, data=1871463148a278300492703000680e70207926300f777b300492c03008a973318892783fa0688e30004a22304878e63fff787930044a6830049278300008067

             3851000: MEM Rd Req: addr=80000d80, tag=0, byteen=x

             3853000: MEM Rsp: tag=0, data=fb9ff06f000680e700058513fa9ff06f00892223fcdff06f000680e7000b051300071c6300f777330844a58318c92783f5dff06f00078913f80788e3f8f904e3

             3883000: MEM Wr Req: addr=80001140, tag=22, byteen=f000000000000 data=x00000000xxxxxxxxxxxxxxxxxxxxxxxxxxxxxxxxxxxxxxxxxxxxxxxxxxxxxxxxxxxxxxxxxxxxxxxxxxxxxxxxxxxxxxxxxxxxxxxx

             3925000: MEM Rd Req: addr=800012c0, tag=62, byteen=f0000000000000

             3927000: MEM Rsp: tag=62, data=0

             4053000: MEM Rd Req: addr=80000280, tag=0, byteen=x

             4055000: MEM Rsp: tag=0, data=1010113004124830081240300c12083fe0498e3000780e7ffc40413fff484930004278300878433ffc78793020480634027d4930011262300912223408787b3

             4165000: MEM Rd Req: addr=800002c0, tag=0, byteen=x

             4167000: MEM Rsp: tag=0, data=104a4030007a48300c787b3164787930000179700279613fc0025f3cc0026f3cc302773cc5027f301212023009122230081242300112623ff01011300008067

             4253000: MEM Rd Req: addr=80000d00, tag=0, byteen=x

             4255000: MEM Rsp: tag=0, data=301011300812c0300c12b8301012b0301412a8301812a0301c1298302012903024124830281240302c12083ff3416e3ffc48493fff40413057780631044a783

             4481000: MEM Rd Req: addr=80001040, tag=22, byteen=f0000000

             4483000: MEM Rsp: tag=22, data=0

