all memory transactions:
1: MEM Rd Req: addr=80000000 tag=0
2: MEM Rsp: tag=0 data=00001f175391e1930040006f000f546334202f73000f0067000f046300000f1303ff006300b00f9303ff046300900f9303ff086300800f9334202f730480006f
3: MEM Rd Req: addr=80000040 tag=0
4: MEM Rsp: tag=0 data=0000071300000693000006130000059300000513000004930000041300000393000003130000029300000213000001930000011300000093ff9ff06ffc3f2223
5: MEM Rd Req: addr=80000080 tag=0
6: MEM Rsp: tag=0 data=00000f1300000e9300000e1300000d9300000d1300000c9300000c1300000b9300000b1300000a9300000a130000099300000913000008930000081300000793
7: MEM Rd Req: addr=800000c0 tag=0
8: MEM Rsp: tag=0 data=304050733a02907301f002933b029073fff28293800002b73052907302028293000002971800507330529073010282930000029700051063f140257300000f93
9: MEM Rd Req: addr=80000100 tag=0
10: MEM Rsp: tag=0 data=0000051305d00893001001930ff0000f00054c6301f515130010051330529073eec2829300000297000001933030507330205073305290730142829300000297
11: MEM Rd Req: addr=80000140 tag=0
12: MEM Rsp: tag=0 data=30200073f14025733412907301428293000002970030507330052073000025373000507330229073109282930000b2b71052907300028a630000029300000073
13: MEM Rd Req: addr=80000180 tag=0
14: MEM Rsp: tag=0 data=2673186326d51a6300000613001015f3000525030045238300353027021071d301c5230301852683010531070085308700053007e7c505130000251700200193
15: MEM Rd Req: addr=80002000 tag=2
16: MEM Rsp: tag=2 data=c09348000000000000000000000000003ff199999999999ac0934c6666666666400c00000000000000000000000000003ff00000000000004004000000000000
17: MEM Wr Req: addr=80002000 tag=2 byteen=000000000000000f data=xxxxxxxxxxxxxxxxxxxxxxxxxxxxxxxxxxxxxxxxxxxxxxxxxxxxxxxxxxxxxxxxxxxxxxxxxxxxxxxxxxxxxxxxxxxxxxxxxxxxxxxxxxxxxxxxxxxxxxxx00000000
18: MEM Rd Req: addr=80000400 tag=0
19: MEM Rsp: tag=0 data=05d008930011e19300119193000180630ff0000f0230106300c594630073166300d5186301000613001015f30005250300452383003530270a1071d301c52303
20: MEM Wr Req: addr=0573a080 tag=42 byteen=000000000000f000 data=xxxxxxxxxxxxxxxxxxxxxxxxxxxxxxxxxxxxxxxxxxxxxxxxxxxxxxxxxxxxxxxxxxxxxxxxxxxxxxxxxxxxxxxxxxxxxxxx00000000xxxxxxxxxxxxxxxxxxxxxxxx
21: MEM Rd Req: addr=80000440 tag=0
22: MEM Rsp: tag=0 data=baadf00d00000000000000000000000000000000000000000000000000000000c0001073000000730000051305d00893001001930ff0000f0000007300018513

memory read request transactions:
1: MEM Rd Req: addr=80000000 tag=0
2: MEM Rd Req: addr=80000040 tag=0
3: MEM Rd Req: addr=80000080 tag=0
4: MEM Rd Req: addr=800000c0 tag=0
5: MEM Rd Req: addr=80000100 tag=0
6: MEM Rd Req: addr=80000140 tag=0
7: MEM Rd Req: addr=80000180 tag=0
8: MEM Rd Req: addr=80002000 tag=2
9: MEM Rd Req: addr=80000400 tag=0
10: MEM Rd Req: addr=80000440 tag=0

memory write request transactions:
1: MEM Wr Req: addr=80002000 tag=2 byteen=000000000000000f data=xxxxxxxxxxxxxxxxxxxxxxxxxxxxxxxxxxxxxxxxxxxxxxxxxxxxxxxxxxxxxxxxxxxxxxxxxxxxxxxxxxxxxxxxxxxxxxxxxxxxxxxxxxxxxxxxxxxxxxxx00000000
2: MEM Wr Req: addr=0573a080 tag=42 byteen=000000000000f000 data=xxxxxxxxxxxxxxxxxxxxxxxxxxxxxxxxxxxxxxxxxxxxxxxxxxxxxxxxxxxxxxxxxxxxxxxxxxxxxxxxxxxxxxxxxxxxxxxx00000000xxxxxxxxxxxxxxxxxxxxxxxx

memory response transactions:
1: MEM Rsp: tag=0 data=00001f175391e1930040006f000f546334202f73000f0067000f046300000f1303ff006300b00f9303ff046300900f9303ff086300800f9334202f730480006f
2: MEM Rsp: tag=0 data=0000071300000693000006130000059300000513000004930000041300000393000003130000029300000213000001930000011300000093ff9ff06ffc3f2223
3: MEM Rsp: tag=0 data=00000f1300000e9300000e1300000d9300000d1300000c9300000c1300000b9300000b1300000a9300000a130000099300000913000008930000081300000793
4: MEM Rsp: tag=0 data=304050733a02907301f002933b029073fff28293800002b73052907302028293000002971800507330529073010282930000029700051063f140257300000f93
5: MEM Rsp: tag=0 data=0000051305d00893001001930ff0000f00054c6301f515130010051330529073eec2829300000297000001933030507330205073305290730142829300000297
6: MEM Rsp: tag=0 data=30200073f14025733412907301428293000002970030507330052073000025373000507330229073109282930000b2b71052907300028a630000029300000073
7: MEM Rsp: tag=0 data=2673186326d51a6300000613001015f3000525030045238300353027021071d301c5230301852683010531070085308700053007e7c505130000251700200193
8: MEM Rsp: tag=2 data=c09348000000000000000000000000003ff199999999999ac0934c6666666666400c00000000000000000000000000003ff00000000000004004000000000000
9: MEM Rsp: tag=0 data=05d008930011e19300119193000180630ff0000f0230106300c594630073166300d5186301000613001015f30005250300452383003530270a1071d301c52303
10: MEM Rsp: tag=0 data=baadf00d00000000000000000000000000000000000000000000000000000000c0001073000000730000051305d00893001001930ff0000f0000007300018513

