              555000: MEM Rd Req: addr=80000000, tag=0, byteen=x

              557000: MEM Rsp: tag=0, data=1f175391e1930040006f000f546334202f73000f0067000f046300000f1303ff006300b00f9303ff046300900f9303ff086300800f9334202f730480006f

              587000: MEM Rd Req: addr=80000040, tag=0, byteen=x

              589000: MEM Rsp: tag=0, data=71300000693000006130000059300000513000004930000041300000393000003130000029300000213000001930000011300000093ff9ff06ffc3f2223

              743000: MEM Rd Req: addr=80000080, tag=0, byteen=x

              745000: MEM Rsp: tag=0, data=f1300000e9300000e1300000d9300000d1300000c9300000c1300000b9300000b1300000a9300000a130000099300000913000008930000081300000793

              919000: MEM Rd Req: addr=800000c0, tag=0, byteen=x

              921000: MEM Rsp: tag=0, data=304050733a02907301f002933b029073fff28293800002b73052907302028293000002971800507330529073010282930000029700051063f140257300000f93

             1101000: MEM Rd Req: addr=80000100, tag=0, byteen=x

             1103000: MEM Rsp: tag=0, data=51305d00893001001930ff0000f00054c6301f515130010051330529073eec2829300000297000001933030507330205073305290730142829300000297

             1243000: MEM Rd Req: addr=80000140, tag=0, byteen=x

             1245000: MEM Rsp: tag=0, data=30200073f14025733412907301428293000002970030507330052073000025373000507330229073109282930000b2b71052907300028a630000029300000073

             1381000: MEM Rd Req: addr=80000180, tag=0, byteen=x

             1383000: MEM Rsp: tag=0, data=2673186326d51a6300000613001015f3000525030045238300353027021071d301c5230301852683010531070085308700053007e7c505130000251700200193

             1443000: MEM Rd Req: addr=80002000, tag=2, byteen=f

             1445000: MEM Rsp: tag=2, data=c09348000000000000000000000000003ff199999999999ac0934c6666666666400c00000000000000000000000000003ff00000000000004004000000000000

             1503000: MEM Wr Req: addr=80002000, tag=2, byteen=f data=x00000000

             1569000: MEM Rd Req: addr=80000400, tag=0, byteen=x

             1571000: MEM Rsp: tag=0, data=5d008930011e19300119193000180630ff0000f0230106300c594630073166300d5186301000613001015f30005250300452383003530270a1071d301c52303

             1641000: MEM Rd Req: addr=80000440, tag=0, byteen=x

             1643000: MEM Rsp: tag=0, data=c0001073000000730000051305d00893001001930ff0000f0000007300018513

             1829000: MEM Rd Req: addr=80000480, tag=0, byteen=x

             1831000: MEM Rsp: tag=0, data=0

             2005000: MEM Rd Req: addr=800004c0, tag=0, byteen=x

             2007000: MEM Rsp: tag=0, data=0

             2181000: MEM Rd Req: addr=80000500, tag=0, byteen=x

             2183000: MEM Rsp: tag=0, data=0

             2357000: MEM Rd Req: addr=80000540, tag=0, byteen=x

             2359000: MEM Rsp: tag=0, data=0

             2533000: MEM Rd Req: addr=80000580, tag=0, byteen=x

             2535000: MEM Rsp: tag=0, data=0

             2709000: MEM Rd Req: addr=800005c0, tag=0, byteen=x

             2711000: MEM Rsp: tag=0, data=0

             2885000: MEM Rd Req: addr=80000600, tag=0, byteen=x

             2887000: MEM Rsp: tag=0, data=0

             3061000: MEM Rd Req: addr=80000640, tag=0, byteen=x

             3063000: MEM Rsp: tag=0, data=0

             3237000: MEM Rd Req: addr=80000680, tag=0, byteen=x

             3239000: MEM Rsp: tag=0, data=0

             3413000: MEM Rd Req: addr=800006c0, tag=0, byteen=x

             3415000: MEM Rsp: tag=0, data=0

             3589000: MEM Rd Req: addr=80000700, tag=0, byteen=x

             3591000: MEM Rsp: tag=0, data=0

             3765000: MEM Rd Req: addr=80000740, tag=0, byteen=x

             3767000: MEM Rsp: tag=0, data=0

             3941000: MEM Rd Req: addr=80000780, tag=0, byteen=x

             3943000: MEM Rsp: tag=0, data=0

             4117000: MEM Rd Req: addr=800007c0, tag=0, byteen=x

             4119000: MEM Rsp: tag=0, data=0

             4293000: MEM Rd Req: addr=80000800, tag=0, byteen=x

             4295000: MEM Rsp: tag=0, data=0

             4469000: MEM Rd Req: addr=80000840, tag=0, byteen=x

             4471000: MEM Rsp: tag=0, data=0

             4645000: MEM Rd Req: addr=80000880, tag=0, byteen=x

             4647000: MEM Rsp: tag=0, data=0

             4821000: MEM Rd Req: addr=800008c0, tag=0, byteen=x

             4823000: MEM Rsp: tag=0, data=0

             4997000: MEM Rd Req: addr=80000900, tag=0, byteen=x

             4999000: MEM Rsp: tag=0, data=0

             5173000: MEM Rd Req: addr=80000940, tag=0, byteen=x

             5175000: MEM Rsp: tag=0, data=0

             5349000: MEM Rd Req: addr=80000980, tag=0, byteen=x

             5351000: MEM Rsp: tag=0, data=0

             5525000: MEM Rd Req: addr=800009c0, tag=0, byteen=x

             5527000: MEM Rsp: tag=0, data=0

             5701000: MEM Rd Req: addr=80000a00, tag=0, byteen=x

             5703000: MEM Rsp: tag=0, data=0

             5877000: MEM Rd Req: addr=80000a40, tag=0, byteen=x

             5879000: MEM Rsp: tag=0, data=0

             6053000: MEM Rd Req: addr=80000a80, tag=0, byteen=x

             6055000: MEM Rsp: tag=0, data=0

             6229000: MEM Rd Req: addr=80000ac0, tag=0, byteen=x

             6231000: MEM Rsp: tag=0, data=0

             6405000: MEM Rd Req: addr=80000b00, tag=0, byteen=x

             6407000: MEM Rsp: tag=0, data=0

             6581000: MEM Rd Req: addr=80000b40, tag=0, byteen=x

             6583000: MEM Rsp: tag=0, data=0

             6757000: MEM Rd Req: addr=80000b80, tag=0, byteen=x

             6759000: MEM Rsp: tag=0, data=0

             6933000: MEM Rd Req: addr=80000bc0, tag=0, byteen=x

             6935000: MEM Rsp: tag=0, data=0

             7109000: MEM Rd Req: addr=80000c00, tag=0, byteen=x

             7111000: MEM Rsp: tag=0, data=0

             7285000: MEM Rd Req: addr=80000c40, tag=0, byteen=x

             7287000: MEM Rsp: tag=0, data=0

             7461000: MEM Rd Req: addr=80000c80, tag=0, byteen=x

             7463000: MEM Rsp: tag=0, data=0

             7637000: MEM Rd Req: addr=80000cc0, tag=0, byteen=x

             7639000: MEM Rsp: tag=0, data=0

             7813000: MEM Rd Req: addr=80000d00, tag=0, byteen=x

             7815000: MEM Rsp: tag=0, data=0

             7989000: MEM Rd Req: addr=80000d40, tag=0, byteen=x

             7991000: MEM Rsp: tag=0, data=0

             8165000: MEM Rd Req: addr=80000d80, tag=0, byteen=x

             8167000: MEM Rsp: tag=0, data=0

             8341000: MEM Rd Req: addr=80000dc0, tag=0, byteen=x

             8343000: MEM Rsp: tag=0, data=0

             8517000: MEM Rd Req: addr=80000e00, tag=0, byteen=x

             8519000: MEM Rsp: tag=0, data=0

             8693000: MEM Rd Req: addr=80000e40, tag=0, byteen=x

             8695000: MEM Rsp: tag=0, data=0

             8869000: MEM Rd Req: addr=80000e80, tag=0, byteen=x

             8871000: MEM Rsp: tag=0, data=0

             9045000: MEM Rd Req: addr=80000ec0, tag=0, byteen=x

             9047000: MEM Rsp: tag=0, data=0

             9221000: MEM Rd Req: addr=80000f00, tag=0, byteen=x

             9223000: MEM Rsp: tag=0, data=0

             9397000: MEM Rd Req: addr=80000f40, tag=0, byteen=x

             9399000: MEM Rsp: tag=0, data=0

             9573000: MEM Rd Req: addr=80000f80, tag=0, byteen=x

             9575000: MEM Rsp: tag=0, data=0

             9749000: MEM Rd Req: addr=80000fc0, tag=0, byteen=x

             9751000: MEM Rsp: tag=0, data=0

             9925000: MEM Rd Req: addr=80001000, tag=0, byteen=x

             9927000: MEM Rsp: tag=0, data=0

            10101000: MEM Rd Req: addr=80001040, tag=0, byteen=x

            10103000: MEM Rsp: tag=0, data=0

            10277000: MEM Rd Req: addr=80001080, tag=0, byteen=x

            10279000: MEM Rsp: tag=0, data=0

            10453000: MEM Rd Req: addr=800010c0, tag=0, byteen=x

            10455000: MEM Rsp: tag=0, data=0

            10629000: MEM Rd Req: addr=80001100, tag=0, byteen=x

            10631000: MEM Rsp: tag=0, data=0

            10805000: MEM Rd Req: addr=80001140, tag=0, byteen=x

            10807000: MEM Rsp: tag=0, data=0

            10981000: MEM Rd Req: addr=80001180, tag=0, byteen=x

            10983000: MEM Rsp: tag=0, data=0

            11157000: MEM Rd Req: addr=800011c0, tag=0, byteen=x

            11159000: MEM Rsp: tag=0, data=0

            11333000: MEM Rd Req: addr=80001200, tag=0, byteen=x

            11335000: MEM Rsp: tag=0, data=0

            11509000: MEM Rd Req: addr=80001240, tag=0, byteen=x

            11511000: MEM Rsp: tag=0, data=0

            11685000: MEM Rd Req: addr=80001280, tag=0, byteen=x

            11687000: MEM Rsp: tag=0, data=0

            11861000: MEM Rd Req: addr=800012c0, tag=0, byteen=x

            11863000: MEM Rsp: tag=0, data=0

            12037000: MEM Rd Req: addr=80001300, tag=0, byteen=x

            12039000: MEM Rsp: tag=0, data=0

            12213000: MEM Rd Req: addr=80001340, tag=0, byteen=x

            12215000: MEM Rsp: tag=0, data=0

            12389000: MEM Rd Req: addr=80001380, tag=0, byteen=x

            12391000: MEM Rsp: tag=0, data=0

            12565000: MEM Rd Req: addr=800013c0, tag=0, byteen=x

            12567000: MEM Rsp: tag=0, data=0

            12741000: MEM Rd Req: addr=80001400, tag=0, byteen=x

            12743000: MEM Rsp: tag=0, data=0

            12917000: MEM Rd Req: addr=80001440, tag=0, byteen=x

            12919000: MEM Rsp: tag=0, data=0

            13093000: MEM Rd Req: addr=80001480, tag=0, byteen=x

            13095000: MEM Rsp: tag=0, data=0

            13269000: MEM Rd Req: addr=800014c0, tag=0, byteen=x

            13271000: MEM Rsp: tag=0, data=0

            13445000: MEM Rd Req: addr=80001500, tag=0, byteen=x

            13447000: MEM Rsp: tag=0, data=0

            13621000: MEM Rd Req: addr=80001540, tag=0, byteen=x

            13623000: MEM Rsp: tag=0, data=0

            13797000: MEM Rd Req: addr=80001580, tag=0, byteen=x

            13799000: MEM Rsp: tag=0, data=0

            13973000: MEM Rd Req: addr=800015c0, tag=0, byteen=x

            13975000: MEM Rsp: tag=0, data=0

            14149000: MEM Rd Req: addr=80001600, tag=0, byteen=x

            14151000: MEM Rsp: tag=0, data=0

            14325000: MEM Rd Req: addr=80001640, tag=0, byteen=x

            14327000: MEM Rsp: tag=0, data=0

            14501000: MEM Rd Req: addr=80001680, tag=0, byteen=x

            14503000: MEM Rsp: tag=0, data=0

            14677000: MEM Rd Req: addr=800016c0, tag=0, byteen=x

            14679000: MEM Rsp: tag=0, data=0

            14853000: MEM Rd Req: addr=80001700, tag=0, byteen=x

            14855000: MEM Rsp: tag=0, data=0

            15029000: MEM Rd Req: addr=80001740, tag=0, byteen=x

            15031000: MEM Rsp: tag=0, data=0

            15205000: MEM Rd Req: addr=80001780, tag=0, byteen=x

            15207000: MEM Rsp: tag=0, data=0

            15381000: MEM Rd Req: addr=800017c0, tag=0, byteen=x

            15383000: MEM Rsp: tag=0, data=0

            15557000: MEM Rd Req: addr=80001800, tag=0, byteen=x

            15559000: MEM Rsp: tag=0, data=0

            15733000: MEM Rd Req: addr=80001840, tag=0, byteen=x

            15735000: MEM Rsp: tag=0, data=0

            15909000: MEM Rd Req: addr=80001880, tag=0, byteen=x

            15911000: MEM Rsp: tag=0, data=0

            16085000: MEM Rd Req: addr=800018c0, tag=0, byteen=x

            16087000: MEM Rsp: tag=0, data=0

            16261000: MEM Rd Req: addr=80001900, tag=0, byteen=x

            16263000: MEM Rsp: tag=0, data=0

            16437000: MEM Rd Req: addr=80001940, tag=0, byteen=x

            16439000: MEM Rsp: tag=0, data=0

            16613000: MEM Rd Req: addr=80001980, tag=0, byteen=x

            16615000: MEM Rsp: tag=0, data=0

            16789000: MEM Rd Req: addr=800019c0, tag=0, byteen=x

            16791000: MEM Rsp: tag=0, data=0

            16965000: MEM Rd Req: addr=80001a00, tag=0, byteen=x

            16967000: MEM Rsp: tag=0, data=0

            17141000: MEM Rd Req: addr=80001a40, tag=0, byteen=x

            17143000: MEM Rsp: tag=0, data=0

            17317000: MEM Rd Req: addr=80001a80, tag=0, byteen=x

            17319000: MEM Rsp: tag=0, data=0

            17493000: MEM Rd Req: addr=80001ac0, tag=0, byteen=x

            17495000: MEM Rsp: tag=0, data=0

            17669000: MEM Rd Req: addr=80001b00, tag=0, byteen=x

            17671000: MEM Rsp: tag=0, data=0

            17845000: MEM Rd Req: addr=80001b40, tag=0, byteen=x

            17847000: MEM Rsp: tag=0, data=0

            18021000: MEM Rd Req: addr=80001b80, tag=0, byteen=x

            18023000: MEM Rsp: tag=0, data=0

            18197000: MEM Rd Req: addr=80001bc0, tag=0, byteen=x

            18199000: MEM Rsp: tag=0, data=0

            18373000: MEM Rd Req: addr=80001c00, tag=0, byteen=x

            18375000: MEM Rsp: tag=0, data=0

            18549000: MEM Rd Req: addr=80001c40, tag=0, byteen=x

            18551000: MEM Rsp: tag=0, data=0

            18725000: MEM Rd Req: addr=80001c80, tag=0, byteen=x

            18727000: MEM Rsp: tag=0, data=0

            18901000: MEM Rd Req: addr=80001cc0, tag=0, byteen=x

            18903000: MEM Rsp: tag=0, data=0

            19077000: MEM Rd Req: addr=80001d00, tag=0, byteen=x

            19079000: MEM Rsp: tag=0, data=0

            19253000: MEM Rd Req: addr=80001d40, tag=0, byteen=x

            19255000: MEM Rsp: tag=0, data=0

            19429000: MEM Rd Req: addr=80001d80, tag=0, byteen=x

            19431000: MEM Rsp: tag=0, data=0

            19605000: MEM Rd Req: addr=80001dc0, tag=0, byteen=x

            19607000: MEM Rsp: tag=0, data=0

            19781000: MEM Rd Req: addr=80001e00, tag=0, byteen=x

            19783000: MEM Rsp: tag=0, data=0

            19957000: MEM Rd Req: addr=80001e40, tag=0, byteen=x

            19959000: MEM Rsp: tag=0, data=0

            20133000: MEM Rd Req: addr=80001e80, tag=0, byteen=x

            20135000: MEM Rsp: tag=0, data=0

            20309000: MEM Rd Req: addr=80001ec0, tag=0, byteen=x

            20311000: MEM Rsp: tag=0, data=0

            20485000: MEM Rd Req: addr=80001f00, tag=0, byteen=x

            20487000: MEM Rsp: tag=0, data=0

            20661000: MEM Rd Req: addr=80001f40, tag=0, byteen=x

            20663000: MEM Rsp: tag=0, data=0

            20837000: MEM Rd Req: addr=80001f80, tag=0, byteen=x

            20839000: MEM Rsp: tag=0, data=0

            21013000: MEM Rd Req: addr=80001fc0, tag=0, byteen=x

            21015000: MEM Rsp: tag=0, data=0

            21189000: MEM Rd Req: addr=80002000, tag=0, byteen=x

            21191000: MEM Rsp: tag=0, data=c09348000000000000000000000000003ff199999999999ac0934c6666666666400c00000000000000000000000000003ff00000000000004004000000000000

            21365000: MEM Rd Req: addr=80002040, tag=0, byteen=x

            21367000: MEM Rsp: tag=0, data=3ff800000000000000000000000000003ff00000000000004004000000000000400921fb55206ddf00000000000000003e45798ee2308c3a400921fb53c8d4f1

            21541000: MEM Rd Req: addr=80002080, tag=0, byteen=x

            21543000: MEM Rsp: tag=0, data=400921fb52713c0300000000000000003e45798ee2308c3a400921fb53c8d4f1c0934800000000000000000000000000bff199999999999ac0934c6666666666

            21717000: MEM Rd Req: addr=800020c0, tag=0, byteen=x

            21719000: MEM Rsp: tag=0, data=40953a70a3d70a3d0000000000000000bff199999999999ac0934c6666666666400400000000000000000000000000003ff00000000000004004000000000000

            21893000: MEM Rd Req: addr=80002100, tag=0, byteen=x

            21895000: MEM Rsp: tag=0, data=7ff800000000000000000000000000007ff00000000000007ff00000000000003e60ddc5a5c1ff0900000000000000003e45798ee2308c3a400921fb53c8d4f1

            22069000: MEM Rd Req: addr=80002140, tag=0, byteen=x

            22071000: MEM Rsp: tag=0, data=0

            22245000: MEM Rd Req: addr=80002180, tag=0, byteen=x

            22247000: MEM Rsp: tag=0, data=0

            22421000: MEM Rd Req: addr=800021c0, tag=0, byteen=x

            22423000: MEM Rsp: tag=0, data=0

            22597000: MEM Rd Req: addr=80002200, tag=0, byteen=x

            22599000: MEM Rsp: tag=0, data=0

            22773000: MEM Rd Req: addr=80002240, tag=0, byteen=x

            22775000: MEM Rsp: tag=0, data=0

            22949000: MEM Rd Req: addr=80002280, tag=0, byteen=x

            22951000: MEM Rsp: tag=0, data=0

            23125000: MEM Rd Req: addr=800022c0, tag=0, byteen=x

            23127000: MEM Rsp: tag=0, data=0

            23301000: MEM Rd Req: addr=80002300, tag=0, byteen=x

            23303000: MEM Rsp: tag=0, data=0

            23477000: MEM Rd Req: addr=80002340, tag=0, byteen=x

            23479000: MEM Rsp: tag=0, data=0

            23653000: MEM Rd Req: addr=80002380, tag=0, byteen=x

            23655000: MEM Rsp: tag=0, data=0

            23829000: MEM Rd Req: addr=800023c0, tag=0, byteen=x

            23831000: MEM Rsp: tag=0, data=0

            24005000: MEM Rd Req: addr=80002400, tag=0, byteen=x

            24007000: MEM Rsp: tag=0, data=0

            24181000: MEM Rd Req: addr=80002440, tag=0, byteen=x

            24183000: MEM Rsp: tag=0, data=0

            24357000: MEM Rd Req: addr=80002480, tag=0, byteen=x

            24359000: MEM Rsp: tag=0, data=0

            24533000: MEM Rd Req: addr=800024c0, tag=0, byteen=x

            24535000: MEM Rsp: tag=0, data=0

            24709000: MEM Rd Req: addr=80002500, tag=0, byteen=x

            24711000: MEM Rsp: tag=0, data=0

            24885000: MEM Rd Req: addr=80002540, tag=0, byteen=x

            24887000: MEM Rsp: tag=0, data=0

            25061000: MEM Rd Req: addr=80002580, tag=0, byteen=x

            25063000: MEM Rsp: tag=0, data=0

            25237000: MEM Rd Req: addr=800025c0, tag=0, byteen=x

            25239000: MEM Rsp: tag=0, data=0

            25413000: MEM Rd Req: addr=80002600, tag=0, byteen=x

            25415000: MEM Rsp: tag=0, data=0

            25589000: MEM Rd Req: addr=80002640, tag=0, byteen=x

            25591000: MEM Rsp: tag=0, data=0

            25765000: MEM Rd Req: addr=80002680, tag=0, byteen=x

            25767000: MEM Rsp: tag=0, data=0

            25941000: MEM Rd Req: addr=800026c0, tag=0, byteen=x

            25943000: MEM Rsp: tag=0, data=0

            26117000: MEM Rd Req: addr=80002700, tag=0, byteen=x

            26119000: MEM Rsp: tag=0, data=0

            26293000: MEM Rd Req: addr=80002740, tag=0, byteen=x

            26295000: MEM Rsp: tag=0, data=0

            26469000: MEM Rd Req: addr=80002780, tag=0, byteen=x

            26471000: MEM Rsp: tag=0, data=0

            26645000: MEM Rd Req: addr=800027c0, tag=0, byteen=x

            26647000: MEM Rsp: tag=0, data=0

            26821000: MEM Rd Req: addr=80002800, tag=0, byteen=x

            26823000: MEM Rsp: tag=0, data=0

            26997000: MEM Rd Req: addr=80002840, tag=0, byteen=x

            26999000: MEM Rsp: tag=0, data=0

            27173000: MEM Rd Req: addr=80002880, tag=0, byteen=x

            27175000: MEM Rsp: tag=0, data=0

            27349000: MEM Rd Req: addr=800028c0, tag=0, byteen=x

            27351000: MEM Rsp: tag=0, data=0

            27525000: MEM Rd Req: addr=80002900, tag=0, byteen=x

            27527000: MEM Rsp: tag=0, data=0

            27701000: MEM Rd Req: addr=80002940, tag=0, byteen=x

            27703000: MEM Rsp: tag=0, data=0

            27877000: MEM Rd Req: addr=80002980, tag=0, byteen=x

            27879000: MEM Rsp: tag=0, data=0

            28053000: MEM Rd Req: addr=800029c0, tag=0, byteen=x

            28055000: MEM Rsp: tag=0, data=0

            28229000: MEM Rd Req: addr=80002a00, tag=0, byteen=x

            28231000: MEM Rsp: tag=0, data=0

            28405000: MEM Rd Req: addr=80002a40, tag=0, byteen=x

            28407000: MEM Rsp: tag=0, data=0

            28581000: MEM Rd Req: addr=80002a80, tag=0, byteen=x

            28583000: MEM Rsp: tag=0, data=0

            28757000: MEM Rd Req: addr=80002ac0, tag=0, byteen=x

            28759000: MEM Rsp: tag=0, data=0

            28933000: MEM Rd Req: addr=80002b00, tag=0, byteen=x

            28935000: MEM Rsp: tag=0, data=0

            29109000: MEM Rd Req: addr=80002b40, tag=0, byteen=x

            29111000: MEM Rsp: tag=0, data=0

            29285000: MEM Rd Req: addr=80002b80, tag=0, byteen=x

            29287000: MEM Rsp: tag=0, data=0

            29461000: MEM Rd Req: addr=80002bc0, tag=0, byteen=x

            29463000: MEM Rsp: tag=0, data=0

            29637000: MEM Rd Req: addr=80002c00, tag=0, byteen=x

            29639000: MEM Rsp: tag=0, data=0

            29813000: MEM Rd Req: addr=80002c40, tag=0, byteen=x

            29815000: MEM Rsp: tag=0, data=0

            29989000: MEM Rd Req: addr=80002c80, tag=0, byteen=x

            29991000: MEM Rsp: tag=0, data=0

            30165000: MEM Rd Req: addr=80002cc0, tag=0, byteen=x

            30167000: MEM Rsp: tag=0, data=0

            30341000: MEM Rd Req: addr=80002d00, tag=0, byteen=x

            30343000: MEM Rsp: tag=0, data=0

            30517000: MEM Rd Req: addr=80002d40, tag=0, byteen=x

            30519000: MEM Rsp: tag=0, data=0

            30693000: MEM Rd Req: addr=80002d80, tag=0, byteen=x

            30695000: MEM Rsp: tag=0, data=0

            30869000: MEM Rd Req: addr=80002dc0, tag=0, byteen=x

            30871000: MEM Rsp: tag=0, data=0

            31045000: MEM Rd Req: addr=80002e00, tag=0, byteen=x

            31047000: MEM Rsp: tag=0, data=0

            31221000: MEM Rd Req: addr=80002e40, tag=0, byteen=x

            31223000: MEM Rsp: tag=0, data=0

            31397000: MEM Rd Req: addr=80002e80, tag=0, byteen=x

            31399000: MEM Rsp: tag=0, data=0

            31573000: MEM Rd Req: addr=80002ec0, tag=0, byteen=x

            31575000: MEM Rsp: tag=0, data=0

            31749000: MEM Rd Req: addr=80002f00, tag=0, byteen=x

            31751000: MEM Rsp: tag=0, data=0

            31925000: MEM Rd Req: addr=80002f40, tag=0, byteen=x

            31927000: MEM Rsp: tag=0, data=0

            32101000: MEM Rd Req: addr=80002f80, tag=0, byteen=x

            32103000: MEM Rsp: tag=0, data=0

            32277000: MEM Rd Req: addr=80002fc0, tag=0, byteen=x

            32279000: MEM Rsp: tag=0, data=0

            32453000: MEM Rd Req: addr=80003000, tag=0, byteen=x

            32455000: MEM Rsp: tag=0, data=0

            32629000: MEM Rd Req: addr=80003040, tag=0, byteen=x

            32631000: MEM Rsp: tag=0, data=0

            32805000: MEM Rd Req: addr=80003080, tag=0, byteen=x

            32807000: MEM Rsp: tag=0, data=0

            32981000: MEM Rd Req: addr=800030c0, tag=0, byteen=x

            32983000: MEM Rsp: tag=0, data=0

            33157000: MEM Rd Req: addr=80003100, tag=0, byteen=x

            33159000: MEM Rsp: tag=0, data=0

            33333000: MEM Rd Req: addr=80003140, tag=0, byteen=x

            33335000: MEM Rsp: tag=0, data=0

            33509000: MEM Rd Req: addr=80003180, tag=0, byteen=x

            33511000: MEM Rsp: tag=0, data=0

            33685000: MEM Rd Req: addr=800031c0, tag=0, byteen=x

            33687000: MEM Rsp: tag=0, data=0

            33861000: MEM Rd Req: addr=80003200, tag=0, byteen=x

            33863000: MEM Rsp: tag=0, data=0

            34037000: MEM Rd Req: addr=80003240, tag=0, byteen=x

            34039000: MEM Rsp: tag=0, data=0

            34213000: MEM Rd Req: addr=80003280, tag=0, byteen=x

            34215000: MEM Rsp: tag=0, data=0

            34389000: MEM Rd Req: addr=800032c0, tag=0, byteen=x

            34391000: MEM Rsp: tag=0, data=0

            34565000: MEM Rd Req: addr=80003300, tag=0, byteen=x

            34567000: MEM Rsp: tag=0, data=0

            34741000: MEM Rd Req: addr=80003340, tag=0, byteen=x

            34743000: MEM Rsp: tag=0, data=0

            34917000: MEM Rd Req: addr=80003380, tag=0, byteen=x

            34919000: MEM Rsp: tag=0, data=0

            35093000: MEM Rd Req: addr=800033c0, tag=0, byteen=x

            35095000: MEM Rsp: tag=0, data=0

            35269000: MEM Rd Req: addr=80003400, tag=0, byteen=x

            35271000: MEM Rsp: tag=0, data=0

            35445000: MEM Rd Req: addr=80003440, tag=0, byteen=x

            35447000: MEM Rsp: tag=0, data=0

            35621000: MEM Rd Req: addr=80003480, tag=0, byteen=x

            35623000: MEM Rsp: tag=0, data=0

            35797000: MEM Rd Req: addr=800034c0, tag=0, byteen=x

            35799000: MEM Rsp: tag=0, data=0

            35973000: MEM Rd Req: addr=80003500, tag=0, byteen=x

            35975000: MEM Rsp: tag=0, data=0

            36149000: MEM Rd Req: addr=80003540, tag=0, byteen=x

            36151000: MEM Rsp: tag=0, data=0

            36325000: MEM Rd Req: addr=80003580, tag=0, byteen=x

            36327000: MEM Rsp: tag=0, data=0

            36501000: MEM Rd Req: addr=800035c0, tag=0, byteen=x

            36503000: MEM Rsp: tag=0, data=0

            36677000: MEM Rd Req: addr=80003600, tag=0, byteen=x

            36679000: MEM Rsp: tag=0, data=0

            36853000: MEM Rd Req: addr=80003640, tag=0, byteen=x

            36855000: MEM Rsp: tag=0, data=0

            37029000: MEM Rd Req: addr=80003680, tag=0, byteen=x

            37031000: MEM Rsp: tag=0, data=0

            37205000: MEM Rd Req: addr=800036c0, tag=0, byteen=x

            37207000: MEM Rsp: tag=0, data=0

            37381000: MEM Rd Req: addr=80003700, tag=0, byteen=x

            37383000: MEM Rsp: tag=0, data=0

            37557000: MEM Rd Req: addr=80003740, tag=0, byteen=x

            37559000: MEM Rsp: tag=0, data=0

            37733000: MEM Rd Req: addr=80003780, tag=0, byteen=x

            37735000: MEM Rsp: tag=0, data=0

            37909000: MEM Rd Req: addr=800037c0, tag=0, byteen=x

            37911000: MEM Rsp: tag=0, data=0

            38085000: MEM Rd Req: addr=80003800, tag=0, byteen=x

            38087000: MEM Rsp: tag=0, data=0

            38261000: MEM Rd Req: addr=80003840, tag=0, byteen=x

            38263000: MEM Rsp: tag=0, data=0

            38437000: MEM Rd Req: addr=80003880, tag=0, byteen=x

            38439000: MEM Rsp: tag=0, data=0

            38613000: MEM Rd Req: addr=800038c0, tag=0, byteen=x

            38615000: MEM Rsp: tag=0, data=0

            38789000: MEM Rd Req: addr=80003900, tag=0, byteen=x

            38791000: MEM Rsp: tag=0, data=0

            38965000: MEM Rd Req: addr=80003940, tag=0, byteen=x

            38967000: MEM Rsp: tag=0, data=0

            39141000: MEM Rd Req: addr=80003980, tag=0, byteen=x

            39143000: MEM Rsp: tag=0, data=0

            39317000: MEM Rd Req: addr=800039c0, tag=0, byteen=x

            39319000: MEM Rsp: tag=0, data=0

            39493000: MEM Rd Req: addr=80003a00, tag=0, byteen=x

            39495000: MEM Rsp: tag=0, data=0

            39669000: MEM Rd Req: addr=80003a40, tag=0, byteen=x

            39671000: MEM Rsp: tag=0, data=0

            39845000: MEM Rd Req: addr=80003a80, tag=0, byteen=x

            39847000: MEM Rsp: tag=0, data=0

            40021000: MEM Rd Req: addr=80003ac0, tag=0, byteen=x

            40023000: MEM Rsp: tag=0, data=0

            40197000: MEM Rd Req: addr=80003b00, tag=0, byteen=x

            40199000: MEM Rsp: tag=0, data=0

            40373000: MEM Rd Req: addr=80003b40, tag=0, byteen=x

            40375000: MEM Rsp: tag=0, data=0

            40549000: MEM Rd Req: addr=80003b80, tag=0, byteen=x

            40551000: MEM Rsp: tag=0, data=0

            40725000: MEM Rd Req: addr=80003bc0, tag=0, byteen=x

            40727000: MEM Rsp: tag=0, data=0

            40901000: MEM Rd Req: addr=80003c00, tag=0, byteen=x

            40903000: MEM Rsp: tag=0, data=0

            41077000: MEM Rd Req: addr=80003c40, tag=0, byteen=x

            41079000: MEM Rsp: tag=0, data=0

            41253000: MEM Rd Req: addr=80003c80, tag=0, byteen=x

            41255000: MEM Rsp: tag=0, data=0

            41429000: MEM Rd Req: addr=80003cc0, tag=0, byteen=x

            41431000: MEM Rsp: tag=0, data=0

            41605000: MEM Rd Req: addr=80003d00, tag=0, byteen=x

            41607000: MEM Rsp: tag=0, data=0

            41781000: MEM Rd Req: addr=80003d40, tag=0, byteen=x

            41783000: MEM Rsp: tag=0, data=0

            41957000: MEM Rd Req: addr=80003d80, tag=0, byteen=x

            41959000: MEM Rsp: tag=0, data=0

            42133000: MEM Rd Req: addr=80003dc0, tag=0, byteen=x

            42135000: MEM Rsp: tag=0, data=0

            42309000: MEM Rd Req: addr=80003e00, tag=0, byteen=x

            42311000: MEM Rsp: tag=0, data=0

            42485000: MEM Rd Req: addr=80003e40, tag=0, byteen=x

            42487000: MEM Rsp: tag=0, data=0

            42661000: MEM Rd Req: addr=80003e80, tag=0, byteen=x

            42663000: MEM Rsp: tag=0, data=0

            42837000: MEM Rd Req: addr=80003ec0, tag=0, byteen=x

            42839000: MEM Rsp: tag=0, data=0

            43013000: MEM Rd Req: addr=80003f00, tag=0, byteen=x

            43015000: MEM Rsp: tag=0, data=0

            43189000: MEM Rd Req: addr=80003f40, tag=0, byteen=x

            43191000: MEM Rsp: tag=0, data=0

            43365000: MEM Rd Req: addr=80003f80, tag=0, byteen=x

            43367000: MEM Rsp: tag=0, data=0

            43541000: MEM Rd Req: addr=80003fc0, tag=0, byteen=x

            43543000: MEM Rsp: tag=0, data=0

            43717000: MEM Rd Req: addr=80004000, tag=0, byteen=x

            43719000: MEM Rsp: tag=0, data=1f175391e1930040006f000f546334202f73000f0067000f046300000f1303ff006300b00f9303ff046300900f9303ff086300800f9334202f730480006f

            43749000: MEM Rd Req: addr=80004040, tag=0, byteen=x

            43751000: MEM Rsp: tag=0, data=71300000693000006130000059300000513000004930000041300000393000003130000029300000213000001930000011300000093ff9ff06ffc3f2223

            43905000: MEM Rd Req: addr=80004080, tag=0, byteen=x

            43907000: MEM Rsp: tag=0, data=f1300000e9300000e1300000d9300000d1300000c9300000c1300000b9300000b1300000a9300000a130000099300000913000008930000081300000793

