all memory transactions:
1: MEM Rd Req: addr=80000000 tag=0
2: MEM Rsp: tag=0 data=40850513000015170005006b00100513114000ef00b5106b1205859300000597fc1025730005006b00100513090000ef00b5106b09c5859300000597fc102573
3: MEM Rd Req: addr=80000080 tag=0
4: MEM Rsp: tag=0 data=40b1013300a51593cc102573ff00013776018193000011970005006bfff005130005006b0000051300040193000080670fd0006f230505138000053700078863
5: MEM Rd Req: addr=800000c0 tag=0
6: MEM Rsp: tag=0 data=0000051300008067fff0051300008067fff00513000080670005006b0000051300068663cc3026f3fc02721300a20233437202130000121702b5053300000593
7: MEM Rd Req: addr=80000140 tag=0
8: MEM Rsp: tag=0 data=171000ef00a40533000005930000061300000513069000ef00020413ea4585930000159700020513000006130007806bfff007930081242300112623ff010113
9: MEM Rd Req: addr=800009c0 tag=0
10: MEM Rsp: tag=0 data=08f76c63fe060793ffc8f61306079863000507130035779304c7fe63003007930607926300c508b30037f79300a5c7b3ec8ff0ef00040513000780e700078463
11: MEM Rd Req: addr=80000a40 tag=0
12: MEM Rsp: tag=0 data=001707130005c683f80780e300158593fed70fa300377793001707130005c68300008067ff1768e3fef70fa300158593001707130005c783ff157ce300050713
13: MEM Rd Req: addr=80000a00 tag=0
14: MEM Rsp: tag=0 data=000080670117686300f585b300f7073300478793ffc7f79340e787b3fff60793fec7e8e3ff07ae2300468693004787930006a803000707930005869302c77c63
15: MEM Rd Req: addr=80000ac0 tag=0
16: MEM Rsp: tag=0 data=0a07906300f7779302c37e630005071300f00313f19ff06ffaf768e3024585930247071302d7202301072e2300672c2301c72a2301d7282301e7262301f72423
17: MEM Rd Req: addr=80000b00 tag=0
18: MEM Rsp: tag=0 data=005686b3000002970026969340c306b30000806700061463fed766e30107071300b7262300b7242300b7222300b7202300e686b300f67613ff06769308059263
19: MEM Rd Req: addr=80000b40 tag=0
20: MEM Rsp: tag=0 data=00b7002300b700a300b7012300b701a300b7022300b702a300b7032300b703a300b7042300b704a300b7052300b705a300b7062300b706a300b7072300c68067
21: MEM Rd Req: addr=80000b80 tag=0
22: MEM Rsp: tag=0 data=00f6063340f70733ff07879300028093fa0680e700008293005686b30000029700279693f6dff06f00d5e5b30105969300d5e5b3008596930ff5f59300008067
23: MEM Rd Req: addr=80000180 tag=0
24: MEM Rsp: tag=0 data=0011262340890933e509091300001917e5840413000014170121202300812423ff01011300008067010101130081240300c120830007806b0017b793cc3027f3
25: MEM Rd Req: addr=80000040 tag=0
26: MEM Rsp: tag=0 data=0000079300008067000005130007806bfff007931350006f008000ef13c000ef12d000ef1dc505130000051729d000ef0000059340a606334806061300001617
27: MEM Wr Req: addr=80001440 tag=22 byteen=000000000000000f data=xxxxxxxxxxxxxxxxxxxxxxxxxxxxxxxxxxxxxxxxxxxxxxxxxxxxxxxxxxxxxxxxxxxxxxxxxxxxxxxxxxxxxxxxxxxxxxxxxxxxxxxxxxxxxxxxxxxxxxxx00000000
28: MEM Wr Req: addr=80001440 tag=22 byteen=00000000000000f0 data=xxxxxxxxxxxxxxxxxxxxxxxxxxxxxxxxxxxxxxxxxxxxxxxxxxxxxxxxxxxxxxxxxxxxxxxxxxxxxxxxxxxxxxxxxxxxxxxxxxxxxxxxxxxxxxxx00000000xxxxxxxx
29: MEM Wr Req: addr=80001440 tag=22 byteen=0000000000000f00 data=xxxxxxxxxxxxxxxxxxxxxxxxxxxxxxxxxxxxxxxxxxxxxxxxxxxxxxxxxxxxxxxxxxxxxxxxxxxxxxxxxxxxxxxxxxxxxxxxxxxxxxxx00000000xxxxxxxxxxxxxxxx
30: MEM Wr Req: addr=80001440 tag=22 byteen=000000000000f000 data=xxxxxxxxxxxxxxxxxxxxxxxxxxxxxxxxxxxxxxxxxxxxxxxxxxxxxxxxxxxxxxxxxxxxxxxxxxxxxxxxxxxxxxxxxxxxxxxx00000000xxxxxxxxxxxxxxxxxxxxxxxx
31: MEM Wr Req: addr=80001440 tag=22 byteen=00000000000f0000 data=xxxxxxxxxxxxxxxxxxxxxxxxxxxxxxxxxxxxxxxxxxxxxxxxxxxxxxxxxxxxxxxxxxxxxxxxxxxxxxxxxxxxxxxx00000000xxxxxxxxxxxxxxxxxxxxxxxxxxxxxxxx
32: MEM Wr Req: addr=80001440 tag=22 byteen=0000000000f00000 data=xxxxxxxxxxxxxxxxxxxxxxxxxxxxxxxxxxxxxxxxxxxxxxxxxxxxxxxxxxxxxxxxxxxxxxxxxxxxxxxx00000000xxxxxxxxxxxxxxxxxxxxxxxxxxxxxxxxxxxxxxxx
33: MEM Wr Req: addr=80001440 tag=22 byteen=000000000f000000 data=xxxxxxxxxxxxxxxxxxxxxxxxxxxxxxxxxxxxxxxxxxxxxxxxxxxxxxxxxxxxxxxxxxxxxxxx00000000xxxxxxxxxxxxxxxxxxxxxxxxxxxxxxxxxxxxxxxxxxxxxxxx
34: MEM Wr Req: addr=80001440 tag=22 byteen=00000000f0000000 data=xxxxxxxxxxxxxxxxxxxxxxxxxxxxxxxxxxxxxxxxxxxxxxxxxxxxxxxxxxxxxxxx00000000xxxxxxxxxxxxxxxxxxxxxxxxxxxxxxxxxxxxxxxxxxxxxxxxxxxxxxxx
35: MEM Wr Req: addr=80001440 tag=22 byteen=0000000f00000000 data=xxxxxxxxxxxxxxxxxxxxxxxxxxxxxxxxxxxxxxxxxxxxxxxxxxxxxxxx00000000xxxxxxxxxxxxxxxxxxxxxxxxxxxxxxxxxxxxxxxxxxxxxxxxxxxxxxxxxxxxxxxx
36: MEM Wr Req: addr=80001440 tag=22 byteen=000000f000000000 data=xxxxxxxxxxxxxxxxxxxxxxxxxxxxxxxxxxxxxxxxxxxxxxxx00000000xxxxxxxxxxxxxxxxxxxxxxxxxxxxxxxxxxxxxxxxxxxxxxxxxxxxxxxxxxxxxxxxxxxxxxxx
37: MEM Wr Req: addr=80001440 tag=22 byteen=00000f0000000000 data=xxxxxxxxxxxxxxxxxxxxxxxxxxxxxxxxxxxxxxxx00000000xxxxxxxxxxxxxxxxxxxxxxxxxxxxxxxxxxxxxxxxxxxxxxxxxxxxxxxxxxxxxxxxxxxxxxxxxxxxxxxx
38: MEM Wr Req: addr=80001440 tag=22 byteen=0000f00000000000 data=xxxxxxxxxxxxxxxxxxxxxxxxxxxxxxxx00000000xxxxxxxxxxxxxxxxxxxxxxxxxxxxxxxxxxxxxxxxxxxxxxxxxxxxxxxxxxxxxxxxxxxxxxxxxxxxxxxxxxxxxxxx
39: MEM Wr Req: addr=80001440 tag=22 byteen=000f000000000000 data=xxxxxxxxxxxxxxxxxxxxxxxx00000000xxxxxxxxxxxxxxxxxxxxxxxxxxxxxxxxxxxxxxxxxxxxxxxxxxxxxxxxxxxxxxxxxxxxxxxxxxxxxxxxxxxxxxxxxxxxxxxx
40: MEM Wr Req: addr=80001440 tag=22 byteen=00f0000000000000 data=xxxxxxxxxxxxxxxx00000000xxxxxxxxxxxxxxxxxxxxxxxxxxxxxxxxxxxxxxxxxxxxxxxxxxxxxxxxxxxxxxxxxxxxxxxxxxxxxxxxxxxxxxxxxxxxxxxxxxxxxxxx
41: MEM Wr Req: addr=80001440 tag=22 byteen=0f00000000000000 data=xxxxxxxx00000000xxxxxxxxxxxxxxxxxxxxxxxxxxxxxxxxxxxxxxxxxxxxxxxxxxxxxxxxxxxxxxxxxxxxxxxxxxxxxxxxxxxxxxxxxxxxxxxxxxxxxxxxxxxxxxxx
42: MEM Wr Req: addr=80001440 tag=22 byteen=f000000000000000 data=00000000xxxxxxxxxxxxxxxxxxxxxxxxxxxxxxxxxxxxxxxxxxxxxxxxxxxxxxxxxxxxxxxxxxxxxxxxxxxxxxxxxxxxxxxxxxxxxxxxxxxxxxxxxxxxxxxxxxxxxxxx
43: MEM Wr Req: addr=80001480 tag=42 byteen=000000000000000f data=xxxxxxxxxxxxxxxxxxxxxxxxxxxxxxxxxxxxxxxxxxxxxxxxxxxxxxxxxxxxxxxxxxxxxxxxxxxxxxxxxxxxxxxxxxxxxxxxxxxxxxxxxxxxxxxxxxxxxxxx00000000
44: MEM Wr Req: addr=80001480 tag=42 byteen=00000000000000f0 data=xxxxxxxxxxxxxxxxxxxxxxxxxxxxxxxxxxxxxxxxxxxxxxxxxxxxxxxxxxxxxxxxxxxxxxxxxxxxxxxxxxxxxxxxxxxxxxxxxxxxxxxxxxxxxxxx00000000xxxxxxxx
45: MEM Wr Req: addr=80001480 tag=42 byteen=0000000000000f00 data=xxxxxxxxxxxxxxxxxxxxxxxxxxxxxxxxxxxxxxxxxxxxxxxxxxxxxxxxxxxxxxxxxxxxxxxxxxxxxxxxxxxxxxxxxxxxxxxxxxxxxxxx00000000xxxxxxxxxxxxxxxx
46: MEM Wr Req: addr=80001480 tag=42 byteen=000000000000f000 data=xxxxxxxxxxxxxxxxxxxxxxxxxxxxxxxxxxxxxxxxxxxxxxxxxxxxxxxxxxxxxxxxxxxxxxxxxxxxxxxxxxxxxxxxxxxxxxxx00000000xxxxxxxxxxxxxxxxxxxxxxxx
47: MEM Wr Req: addr=80001480 tag=42 byteen=00000000000f0000 data=xxxxxxxxxxxxxxxxxxxxxxxxxxxxxxxxxxxxxxxxxxxxxxxxxxxxxxxxxxxxxxxxxxxxxxxxxxxxxxxxxxxxxxxx00000000xxxxxxxxxxxxxxxxxxxxxxxxxxxxxxxx
48: MEM Wr Req: addr=80001480 tag=42 byteen=0000000000f00000 data=xxxxxxxxxxxxxxxxxxxxxxxxxxxxxxxxxxxxxxxxxxxxxxxxxxxxxxxxxxxxxxxxxxxxxxxxxxxxxxxx00000000xxxxxxxxxxxxxxxxxxxxxxxxxxxxxxxxxxxxxxxx
49: MEM Wr Req: addr=80001480 tag=42 byteen=000000000f000000 data=xxxxxxxxxxxxxxxxxxxxxxxxxxxxxxxxxxxxxxxxxxxxxxxxxxxxxxxxxxxxxxxxxxxxxxxx00000000xxxxxxxxxxxxxxxxxxxxxxxxxxxxxxxxxxxxxxxxxxxxxxxx
50: MEM Wr Req: addr=80001480 tag=42 byteen=00000000f0000000 data=xxxxxxxxxxxxxxxxxxxxxxxxxxxxxxxxxxxxxxxxxxxxxxxxxxxxxxxxxxxxxxxx00000000xxxxxxxxxxxxxxxxxxxxxxxxxxxxxxxxxxxxxxxxxxxxxxxxxxxxxxxx
51: MEM Wr Req: addr=80001480 tag=42 byteen=0000000f00000000 data=xxxxxxxxxxxxxxxxxxxxxxxxxxxxxxxxxxxxxxxxxxxxxxxxxxxxxxxx00000000xxxxxxxxxxxxxxxxxxxxxxxxxxxxxxxxxxxxxxxxxxxxxxxxxxxxxxxxxxxxxxxx
52: MEM Wr Req: addr=80001480 tag=42 byteen=000000f000000000 data=xxxxxxxxxxxxxxxxxxxxxxxxxxxxxxxxxxxxxxxxxxxxxxxx00000000xxxxxxxxxxxxxxxxxxxxxxxxxxxxxxxxxxxxxxxxxxxxxxxxxxxxxxxxxxxxxxxxxxxxxxxx
53: MEM Wr Req: addr=80001480 tag=42 byteen=00000f0000000000 data=xxxxxxxxxxxxxxxxxxxxxxxxxxxxxxxxxxxxxxxx00000000xxxxxxxxxxxxxxxxxxxxxxxxxxxxxxxxxxxxxxxxxxxxxxxxxxxxxxxxxxxxxxxxxxxxxxxxxxxxxxxx
54: MEM Wr Req: addr=80001480 tag=42 byteen=0000f00000000000 data=xxxxxxxxxxxxxxxxxxxxxxxxxxxxxxxx00000000xxxxxxxxxxxxxxxxxxxxxxxxxxxxxxxxxxxxxxxxxxxxxxxxxxxxxxxxxxxxxxxxxxxxxxxxxxxxxxxxxxxxxxxx
55: MEM Wr Req: addr=80001480 tag=42 byteen=000f000000000000 data=xxxxxxxxxxxxxxxxxxxxxxxx00000000xxxxxxxxxxxxxxxxxxxxxxxxxxxxxxxxxxxxxxxxxxxxxxxxxxxxxxxxxxxxxxxxxxxxxxxxxxxxxxxxxxxxxxxxxxxxxxxx
56: MEM Wr Req: addr=80001480 tag=42 byteen=00f0000000000000 data=xxxxxxxxxxxxxxxx00000000xxxxxxxxxxxxxxxxxxxxxxxxxxxxxxxxxxxxxxxxxxxxxxxxxxxxxxxxxxxxxxxxxxxxxxxxxxxxxxxxxxxxxxxxxxxxxxxxxxxxxxxx
57: MEM Wr Req: addr=80001480 tag=42 byteen=0f00000000000000 data=xxxxxxxx00000000xxxxxxxxxxxxxxxxxxxxxxxxxxxxxxxxxxxxxxxxxxxxxxxxxxxxxxxxxxxxxxxxxxxxxxxxxxxxxxxxxxxxxxxxxxxxxxxxxxxxxxxxxxxxxxxx
58: MEM Wr Req: addr=80001480 tag=42 byteen=f000000000000000 data=00000000xxxxxxxxxxxxxxxxxxxxxxxxxxxxxxxxxxxxxxxxxxxxxxxxxxxxxxxxxxxxxxxxxxxxxxxxxxxxxxxxxxxxxxxxxxxxxxxxxxxxxxxxxxxxxxxxxxxxxxxx
59: MEM Rd Req: addr=80000980 tag=0
60: MEM Rsp: tag=0 data=03c527834387a503800017b72b4000ef00050413001126230081242300000593ff0101132300006f0000051300000613000006930005059300008067fff00513
61: MEM Rd Req: addr=80000bc0 tag=0
62: MEM Rsp: tag=0 data=00e61633001006131887a88308c3242301078333020506630027181306e84e6301f008130047a70304078c63148727834387a703800017b7f3dff06ff6c378e3
63: MEM Rd Req: addr=80001400 tag=2
64: MEM Rsp: tag=2 data=80001010800010100000000000000000000000000000000000000000000000000000000000000000000000000000000000000000000000000000000000000000
65: MEM Rd Req: addr=80001140 tag=22
66: MEM Rsp: tag=22 data=00000000000000000000000000000000000000000000000000000000000000000000000000000000000000000000000000000000000000000000000000000000
67: MEM Rd Req: addr=80000c00 tag=0
68: MEM Rsp: tag=0 data=0017071318c7a683fa5ff06f14f7242314c70793000080670000051300b7a423010787b300e7a2230017071302d504630020069310d324231917a42300c8e8b3
69: MEM Wr Req: addr=80001140 tag=22 byteen=000000000f000000 data=xxxxxxxxxxxxxxxxxxxxxxxxxxxxxxxxxxxxxxxxxxxxxxxxxxxxxxxxxxxxxxxxxxxxxxxx8000115cxxxxxxxxxxxxxxxxxxxxxxxxxxxxxxxxxxxxxxxxxxxxxxxx
70: MEM Wr Req: addr=80001140 tag=22 byteen=0000000f00000000 data=xxxxxxxxxxxxxxxxxxxxxxxxxxxxxxxxxxxxxxxxxxxxxxxxxxxxxxxx00000001xxxxxxxxxxxxxxxxxxxxxxxxxxxxxxxxxxxxxxxxxxxxxxxxxxxxxxxxxxxxxxxx
71: MEM Wr Req: addr=80001140 tag=22 byteen=000000f000000000 data=xxxxxxxxxxxxxxxxxxxxxxxxxxxxxxxxxxxxxxxxxxxxxxxx80000230xxxxxxxxxxxxxxxxxxxxxxxxxxxxxxxxxxxxxxxxxxxxxxxxxxxxxxxxxxxxxxxxxxxxxxxx
72: MEM Rd Req: addr=800001c0 tag=0
73: MEM Rsp: tag=0 data=00090e634029591340890933e189091300001917e1c4041300001417fe9918e3000780e70044041300148493000427830000049300090e634029591300912223
74: MEM Rd Req: addr=80000200 tag=0
75: MEM Rsp: tag=0 data=dcc787930000179700812423ff010113000080670101011300012903004124830081240300c12083fe9918e3000780e700440413001484930004278300000493
76: MEM Rd Req: addr=80001000 tag=2
77: MEM Rsp: tag=2 data=0000000000000000000000000000000000000000000000000000000000000000800013cc80001364800012fc000000000000000000000000baadf00d8000007c
78: MEM Rd Req: addr=80000c40 tag=0
79: MEM Rsp: tag=0 data=148a290302112623032120234387aa0301412c23800017b7fd01011300008067fff00513000080670000051300b7a423010787b318c7a62300c6e63300e7a223
80: MEM Rd Req: addr=80000c80 tag=0
81: MEM Rsp: tag=0 data=0024949302044263fff4841300492483fff0099300100a9300058b9300050b130409006301812423017126230161282301512a2301312e230291222302812423
82: MEM Rd Req: addr=80000cc0 tag=0
83: MEM Rsp: tag=0 data=00c12b8301012b0301412a8301812a0301c1298302012903024124830281240302c12083ff3416e3ffc48493fff40413057780631044a783040b8463009904b3
84: MEM Rd Req: addr=80000d00 tag=0
85: MEM Rsp: tag=0 data=00492703000680e70207926300f777b300492c03008a973318892783fa0688e30004a22304878e63fff787930044a68300492783000080670301011300812c03
86: MEM Rd Req: addr=80000d40 tag=0
87: MEM Rsp: tag=0 data=00058513fa9ff06f00892223fcdff06f000680e7000b051300071c6300f777330844a58318c92783f5dff06f00078913f80788e3f8f904e301871463148a2783
88: MEM Wr Req: addr=80001140 tag=22 byteen=0000000f00000000 data=xxxxxxxxxxxxxxxxxxxxxxxxxxxxxxxxxxxxxxxxxxxxxxxxxxxxxxxx00000000xxxxxxxxxxxxxxxxxxxxxxxxxxxxxxxxxxxxxxxxxxxxxxxxxxxxxxxxxxxxxxxx
89: MEM Rd Req: addr=800012c0 tag=62
90: MEM Rsp: tag=62 data=00000000000000000000000000000000000000000000000000000000000000000000000000000000000000000000000000000000000000000000000000000000
91: MEM Rd Req: addr=80000240 tag=0
92: MEM Rsp: tag=0 data=0081240300c12083fe0498e3000780e7ffc40413fff484930004278300878433ffc78793020480634027d4930011262300912223408787b3dc44041300001417
93: MEM Rd Req: addr=80000280 tag=0
94: MEM Rsp: tag=0 data=00c787b318c787930000179700279613fc0025f3cc0026f3cc302773cc5027f301212023009122230081242300112623ff010113000080670101011300412483
95: MEM Rd Req: addr=80001040 tag=22
96: MEM Rsp: tag=22 data=00000000000000000000000000000000000000000000000000000000000000000000000000000000000000000000000000000000000000000000000000000000

memory read request transactions:
1: MEM Rd Req: addr=80000000 tag=0
2: MEM Rd Req: addr=80000080 tag=0
3: MEM Rd Req: addr=800000c0 tag=0
4: MEM Rd Req: addr=80000140 tag=0
5: MEM Rd Req: addr=800009c0 tag=0
6: MEM Rd Req: addr=80000a40 tag=0
7: MEM Rd Req: addr=80000a00 tag=0
8: MEM Rd Req: addr=80000ac0 tag=0
9: MEM Rd Req: addr=80000b00 tag=0
10: MEM Rd Req: addr=80000b40 tag=0
11: MEM Rd Req: addr=80000b80 tag=0
12: MEM Rd Req: addr=80000180 tag=0
13: MEM Rd Req: addr=80000040 tag=0
14: MEM Rd Req: addr=80000980 tag=0
15: MEM Rd Req: addr=80000bc0 tag=0
16: MEM Rd Req: addr=80001400 tag=2
17: MEM Rd Req: addr=80001140 tag=22
18: MEM Rd Req: addr=80000c00 tag=0
19: MEM Rd Req: addr=800001c0 tag=0
20: MEM Rd Req: addr=80000200 tag=0
21: MEM Rd Req: addr=80001000 tag=2
22: MEM Rd Req: addr=80000c40 tag=0
23: MEM Rd Req: addr=80000c80 tag=0
24: MEM Rd Req: addr=80000cc0 tag=0
25: MEM Rd Req: addr=80000d00 tag=0
26: MEM Rd Req: addr=80000d40 tag=0
27: MEM Rd Req: addr=800012c0 tag=62
28: MEM Rd Req: addr=80000240 tag=0
29: MEM Rd Req: addr=80000280 tag=0
30: MEM Rd Req: addr=80001040 tag=22

memory write request transactions:
1: MEM Wr Req: addr=80001440 tag=22 byteen=000000000000000f data=xxxxxxxxxxxxxxxxxxxxxxxxxxxxxxxxxxxxxxxxxxxxxxxxxxxxxxxxxxxxxxxxxxxxxxxxxxxxxxxxxxxxxxxxxxxxxxxxxxxxxxxxxxxxxxxxxxxxxxxx00000000
2: MEM Wr Req: addr=80001440 tag=22 byteen=00000000000000f0 data=xxxxxxxxxxxxxxxxxxxxxxxxxxxxxxxxxxxxxxxxxxxxxxxxxxxxxxxxxxxxxxxxxxxxxxxxxxxxxxxxxxxxxxxxxxxxxxxxxxxxxxxxxxxxxxxx00000000xxxxxxxx
3: MEM Wr Req: addr=80001440 tag=22 byteen=0000000000000f00 data=xxxxxxxxxxxxxxxxxxxxxxxxxxxxxxxxxxxxxxxxxxxxxxxxxxxxxxxxxxxxxxxxxxxxxxxxxxxxxxxxxxxxxxxxxxxxxxxxxxxxxxxx00000000xxxxxxxxxxxxxxxx
4: MEM Wr Req: addr=80001440 tag=22 byteen=000000000000f000 data=xxxxxxxxxxxxxxxxxxxxxxxxxxxxxxxxxxxxxxxxxxxxxxxxxxxxxxxxxxxxxxxxxxxxxxxxxxxxxxxxxxxxxxxxxxxxxxxx00000000xxxxxxxxxxxxxxxxxxxxxxxx
5: MEM Wr Req: addr=80001440 tag=22 byteen=00000000000f0000 data=xxxxxxxxxxxxxxxxxxxxxxxxxxxxxxxxxxxxxxxxxxxxxxxxxxxxxxxxxxxxxxxxxxxxxxxxxxxxxxxxxxxxxxxx00000000xxxxxxxxxxxxxxxxxxxxxxxxxxxxxxxx
6: MEM Wr Req: addr=80001440 tag=22 byteen=0000000000f00000 data=xxxxxxxxxxxxxxxxxxxxxxxxxxxxxxxxxxxxxxxxxxxxxxxxxxxxxxxxxxxxxxxxxxxxxxxxxxxxxxxx00000000xxxxxxxxxxxxxxxxxxxxxxxxxxxxxxxxxxxxxxxx
7: MEM Wr Req: addr=80001440 tag=22 byteen=000000000f000000 data=xxxxxxxxxxxxxxxxxxxxxxxxxxxxxxxxxxxxxxxxxxxxxxxxxxxxxxxxxxxxxxxxxxxxxxxx00000000xxxxxxxxxxxxxxxxxxxxxxxxxxxxxxxxxxxxxxxxxxxxxxxx
8: MEM Wr Req: addr=80001440 tag=22 byteen=00000000f0000000 data=xxxxxxxxxxxxxxxxxxxxxxxxxxxxxxxxxxxxxxxxxxxxxxxxxxxxxxxxxxxxxxxx00000000xxxxxxxxxxxxxxxxxxxxxxxxxxxxxxxxxxxxxxxxxxxxxxxxxxxxxxxx
9: MEM Wr Req: addr=80001440 tag=22 byteen=0000000f00000000 data=xxxxxxxxxxxxxxxxxxxxxxxxxxxxxxxxxxxxxxxxxxxxxxxxxxxxxxxx00000000xxxxxxxxxxxxxxxxxxxxxxxxxxxxxxxxxxxxxxxxxxxxxxxxxxxxxxxxxxxxxxxx
10: MEM Wr Req: addr=80001440 tag=22 byteen=000000f000000000 data=xxxxxxxxxxxxxxxxxxxxxxxxxxxxxxxxxxxxxxxxxxxxxxxx00000000xxxxxxxxxxxxxxxxxxxxxxxxxxxxxxxxxxxxxxxxxxxxxxxxxxxxxxxxxxxxxxxxxxxxxxxx
11: MEM Wr Req: addr=80001440 tag=22 byteen=00000f0000000000 data=xxxxxxxxxxxxxxxxxxxxxxxxxxxxxxxxxxxxxxxx00000000xxxxxxxxxxxxxxxxxxxxxxxxxxxxxxxxxxxxxxxxxxxxxxxxxxxxxxxxxxxxxxxxxxxxxxxxxxxxxxxx
12: MEM Wr Req: addr=80001440 tag=22 byteen=0000f00000000000 data=xxxxxxxxxxxxxxxxxxxxxxxxxxxxxxxx00000000xxxxxxxxxxxxxxxxxxxxxxxxxxxxxxxxxxxxxxxxxxxxxxxxxxxxxxxxxxxxxxxxxxxxxxxxxxxxxxxxxxxxxxxx
13: MEM Wr Req: addr=80001440 tag=22 byteen=000f000000000000 data=xxxxxxxxxxxxxxxxxxxxxxxx00000000xxxxxxxxxxxxxxxxxxxxxxxxxxxxxxxxxxxxxxxxxxxxxxxxxxxxxxxxxxxxxxxxxxxxxxxxxxxxxxxxxxxxxxxxxxxxxxxx
14: MEM Wr Req: addr=80001440 tag=22 byteen=00f0000000000000 data=xxxxxxxxxxxxxxxx00000000xxxxxxxxxxxxxxxxxxxxxxxxxxxxxxxxxxxxxxxxxxxxxxxxxxxxxxxxxxxxxxxxxxxxxxxxxxxxxxxxxxxxxxxxxxxxxxxxxxxxxxxx
15: MEM Wr Req: addr=80001440 tag=22 byteen=0f00000000000000 data=xxxxxxxx00000000xxxxxxxxxxxxxxxxxxxxxxxxxxxxxxxxxxxxxxxxxxxxxxxxxxxxxxxxxxxxxxxxxxxxxxxxxxxxxxxxxxxxxxxxxxxxxxxxxxxxxxxxxxxxxxxx
16: MEM Wr Req: addr=80001440 tag=22 byteen=f000000000000000 data=00000000xxxxxxxxxxxxxxxxxxxxxxxxxxxxxxxxxxxxxxxxxxxxxxxxxxxxxxxxxxxxxxxxxxxxxxxxxxxxxxxxxxxxxxxxxxxxxxxxxxxxxxxxxxxxxxxxxxxxxxxx
17: MEM Wr Req: addr=80001480 tag=42 byteen=000000000000000f data=xxxxxxxxxxxxxxxxxxxxxxxxxxxxxxxxxxxxxxxxxxxxxxxxxxxxxxxxxxxxxxxxxxxxxxxxxxxxxxxxxxxxxxxxxxxxxxxxxxxxxxxxxxxxxxxxxxxxxxxx00000000
18: MEM Wr Req: addr=80001480 tag=42 byteen=00000000000000f0 data=xxxxxxxxxxxxxxxxxxxxxxxxxxxxxxxxxxxxxxxxxxxxxxxxxxxxxxxxxxxxxxxxxxxxxxxxxxxxxxxxxxxxxxxxxxxxxxxxxxxxxxxxxxxxxxxx00000000xxxxxxxx
19: MEM Wr Req: addr=80001480 tag=42 byteen=0000000000000f00 data=xxxxxxxxxxxxxxxxxxxxxxxxxxxxxxxxxxxxxxxxxxxxxxxxxxxxxxxxxxxxxxxxxxxxxxxxxxxxxxxxxxxxxxxxxxxxxxxxxxxxxxxx00000000xxxxxxxxxxxxxxxx
20: MEM Wr Req: addr=80001480 tag=42 byteen=000000000000f000 data=xxxxxxxxxxxxxxxxxxxxxxxxxxxxxxxxxxxxxxxxxxxxxxxxxxxxxxxxxxxxxxxxxxxxxxxxxxxxxxxxxxxxxxxxxxxxxxxx00000000xxxxxxxxxxxxxxxxxxxxxxxx
21: MEM Wr Req: addr=80001480 tag=42 byteen=00000000000f0000 data=xxxxxxxxxxxxxxxxxxxxxxxxxxxxxxxxxxxxxxxxxxxxxxxxxxxxxxxxxxxxxxxxxxxxxxxxxxxxxxxxxxxxxxxx00000000xxxxxxxxxxxxxxxxxxxxxxxxxxxxxxxx
22: MEM Wr Req: addr=80001480 tag=42 byteen=0000000000f00000 data=xxxxxxxxxxxxxxxxxxxxxxxxxxxxxxxxxxxxxxxxxxxxxxxxxxxxxxxxxxxxxxxxxxxxxxxxxxxxxxxx00000000xxxxxxxxxxxxxxxxxxxxxxxxxxxxxxxxxxxxxxxx
23: MEM Wr Req: addr=80001480 tag=42 byteen=000000000f000000 data=xxxxxxxxxxxxxxxxxxxxxxxxxxxxxxxxxxxxxxxxxxxxxxxxxxxxxxxxxxxxxxxxxxxxxxxx00000000xxxxxxxxxxxxxxxxxxxxxxxxxxxxxxxxxxxxxxxxxxxxxxxx
24: MEM Wr Req: addr=80001480 tag=42 byteen=00000000f0000000 data=xxxxxxxxxxxxxxxxxxxxxxxxxxxxxxxxxxxxxxxxxxxxxxxxxxxxxxxxxxxxxxxx00000000xxxxxxxxxxxxxxxxxxxxxxxxxxxxxxxxxxxxxxxxxxxxxxxxxxxxxxxx
25: MEM Wr Req: addr=80001480 tag=42 byteen=0000000f00000000 data=xxxxxxxxxxxxxxxxxxxxxxxxxxxxxxxxxxxxxxxxxxxxxxxxxxxxxxxx00000000xxxxxxxxxxxxxxxxxxxxxxxxxxxxxxxxxxxxxxxxxxxxxxxxxxxxxxxxxxxxxxxx
26: MEM Wr Req: addr=80001480 tag=42 byteen=000000f000000000 data=xxxxxxxxxxxxxxxxxxxxxxxxxxxxxxxxxxxxxxxxxxxxxxxx00000000xxxxxxxxxxxxxxxxxxxxxxxxxxxxxxxxxxxxxxxxxxxxxxxxxxxxxxxxxxxxxxxxxxxxxxxx
27: MEM Wr Req: addr=80001480 tag=42 byteen=00000f0000000000 data=xxxxxxxxxxxxxxxxxxxxxxxxxxxxxxxxxxxxxxxx00000000xxxxxxxxxxxxxxxxxxxxxxxxxxxxxxxxxxxxxxxxxxxxxxxxxxxxxxxxxxxxxxxxxxxxxxxxxxxxxxxx
28: MEM Wr Req: addr=80001480 tag=42 byteen=0000f00000000000 data=xxxxxxxxxxxxxxxxxxxxxxxxxxxxxxxx00000000xxxxxxxxxxxxxxxxxxxxxxxxxxxxxxxxxxxxxxxxxxxxxxxxxxxxxxxxxxxxxxxxxxxxxxxxxxxxxxxxxxxxxxxx
29: MEM Wr Req: addr=80001480 tag=42 byteen=000f000000000000 data=xxxxxxxxxxxxxxxxxxxxxxxx00000000xxxxxxxxxxxxxxxxxxxxxxxxxxxxxxxxxxxxxxxxxxxxxxxxxxxxxxxxxxxxxxxxxxxxxxxxxxxxxxxxxxxxxxxxxxxxxxxx
30: MEM Wr Req: addr=80001480 tag=42 byteen=00f0000000000000 data=xxxxxxxxxxxxxxxx00000000xxxxxxxxxxxxxxxxxxxxxxxxxxxxxxxxxxxxxxxxxxxxxxxxxxxxxxxxxxxxxxxxxxxxxxxxxxxxxxxxxxxxxxxxxxxxxxxxxxxxxxxx
31: MEM Wr Req: addr=80001480 tag=42 byteen=0f00000000000000 data=xxxxxxxx00000000xxxxxxxxxxxxxxxxxxxxxxxxxxxxxxxxxxxxxxxxxxxxxxxxxxxxxxxxxxxxxxxxxxxxxxxxxxxxxxxxxxxxxxxxxxxxxxxxxxxxxxxxxxxxxxxx
32: MEM Wr Req: addr=80001480 tag=42 byteen=f000000000000000 data=00000000xxxxxxxxxxxxxxxxxxxxxxxxxxxxxxxxxxxxxxxxxxxxxxxxxxxxxxxxxxxxxxxxxxxxxxxxxxxxxxxxxxxxxxxxxxxxxxxxxxxxxxxxxxxxxxxxxxxxxxxx
33: MEM Wr Req: addr=80001140 tag=22 byteen=000000000f000000 data=xxxxxxxxxxxxxxxxxxxxxxxxxxxxxxxxxxxxxxxxxxxxxxxxxxxxxxxxxxxxxxxxxxxxxxxx8000115cxxxxxxxxxxxxxxxxxxxxxxxxxxxxxxxxxxxxxxxxxxxxxxxx
34: MEM Wr Req: addr=80001140 tag=22 byteen=0000000f00000000 data=xxxxxxxxxxxxxxxxxxxxxxxxxxxxxxxxxxxxxxxxxxxxxxxxxxxxxxxx00000001xxxxxxxxxxxxxxxxxxxxxxxxxxxxxxxxxxxxxxxxxxxxxxxxxxxxxxxxxxxxxxxx
35: MEM Wr Req: addr=80001140 tag=22 byteen=000000f000000000 data=xxxxxxxxxxxxxxxxxxxxxxxxxxxxxxxxxxxxxxxxxxxxxxxx80000230xxxxxxxxxxxxxxxxxxxxxxxxxxxxxxxxxxxxxxxxxxxxxxxxxxxxxxxxxxxxxxxxxxxxxxxx
36: MEM Wr Req: addr=80001140 tag=22 byteen=0000000f00000000 data=xxxxxxxxxxxxxxxxxxxxxxxxxxxxxxxxxxxxxxxxxxxxxxxxxxxxxxxx00000000xxxxxxxxxxxxxxxxxxxxxxxxxxxxxxxxxxxxxxxxxxxxxxxxxxxxxxxxxxxxxxxx

memory response transactions:
1: MEM Rsp: tag=0 data=40850513000015170005006b00100513114000ef00b5106b1205859300000597fc1025730005006b00100513090000ef00b5106b09c5859300000597fc102573
2: MEM Rsp: tag=0 data=40b1013300a51593cc102573ff00013776018193000011970005006bfff005130005006b0000051300040193000080670fd0006f230505138000053700078863
3: MEM Rsp: tag=0 data=0000051300008067fff0051300008067fff00513000080670005006b0000051300068663cc3026f3fc02721300a20233437202130000121702b5053300000593
4: MEM Rsp: tag=0 data=171000ef00a40533000005930000061300000513069000ef00020413ea4585930000159700020513000006130007806bfff007930081242300112623ff010113
5: MEM Rsp: tag=0 data=08f76c63fe060793ffc8f61306079863000507130035779304c7fe63003007930607926300c508b30037f79300a5c7b3ec8ff0ef00040513000780e700078463
6: MEM Rsp: tag=0 data=001707130005c683f80780e300158593fed70fa300377793001707130005c68300008067ff1768e3fef70fa300158593001707130005c783ff157ce300050713
7: MEM Rsp: tag=0 data=000080670117686300f585b300f7073300478793ffc7f79340e787b3fff60793fec7e8e3ff07ae2300468693004787930006a803000707930005869302c77c63
8: MEM Rsp: tag=0 data=0a07906300f7779302c37e630005071300f00313f19ff06ffaf768e3024585930247071302d7202301072e2300672c2301c72a2301d7282301e7262301f72423
9: MEM Rsp: tag=0 data=005686b3000002970026969340c306b30000806700061463fed766e30107071300b7262300b7242300b7222300b7202300e686b300f67613ff06769308059263
10: MEM Rsp: tag=0 data=00b7002300b700a300b7012300b701a300b7022300b702a300b7032300b703a300b7042300b704a300b7052300b705a300b7062300b706a300b7072300c68067
11: MEM Rsp: tag=0 data=00f6063340f70733ff07879300028093fa0680e700008293005686b30000029700279693f6dff06f00d5e5b30105969300d5e5b3008596930ff5f59300008067
12: MEM Rsp: tag=0 data=0011262340890933e509091300001917e5840413000014170121202300812423ff01011300008067010101130081240300c120830007806b0017b793cc3027f3
13: MEM Rsp: tag=0 data=0000079300008067000005130007806bfff007931350006f008000ef13c000ef12d000ef1dc505130000051729d000ef0000059340a606334806061300001617
14: MEM Rsp: tag=0 data=03c527834387a503800017b72b4000ef00050413001126230081242300000593ff0101132300006f0000051300000613000006930005059300008067fff00513
15: MEM Rsp: tag=0 data=00e61633001006131887a88308c3242301078333020506630027181306e84e6301f008130047a70304078c63148727834387a703800017b7f3dff06ff6c378e3
16: MEM Rsp: tag=2 data=80001010800010100000000000000000000000000000000000000000000000000000000000000000000000000000000000000000000000000000000000000000
17: MEM Rsp: tag=22 data=00000000000000000000000000000000000000000000000000000000000000000000000000000000000000000000000000000000000000000000000000000000
18: MEM Rsp: tag=0 data=0017071318c7a683fa5ff06f14f7242314c70793000080670000051300b7a423010787b300e7a2230017071302d504630020069310d324231917a42300c8e8b3
19: MEM Rsp: tag=0 data=00090e634029591340890933e189091300001917e1c4041300001417fe9918e3000780e70044041300148493000427830000049300090e634029591300912223
20: MEM Rsp: tag=0 data=dcc787930000179700812423ff010113000080670101011300012903004124830081240300c12083fe9918e3000780e700440413001484930004278300000493
21: MEM Rsp: tag=2 data=0000000000000000000000000000000000000000000000000000000000000000800013cc80001364800012fc000000000000000000000000baadf00d8000007c
22: MEM Rsp: tag=0 data=148a290302112623032120234387aa0301412c23800017b7fd01011300008067fff00513000080670000051300b7a423010787b318c7a62300c6e63300e7a223
23: MEM Rsp: tag=0 data=0024949302044263fff4841300492483fff0099300100a9300058b9300050b130409006301812423017126230161282301512a2301312e230291222302812423
24: MEM Rsp: tag=0 data=00c12b8301012b0301412a8301812a0301c1298302012903024124830281240302c12083ff3416e3ffc48493fff40413057780631044a783040b8463009904b3
25: MEM Rsp: tag=0 data=00492703000680e70207926300f777b300492c03008a973318892783fa0688e30004a22304878e63fff787930044a68300492783000080670301011300812c03
26: MEM Rsp: tag=0 data=00058513fa9ff06f00892223fcdff06f000680e7000b051300071c6300f777330844a58318c92783f5dff06f00078913f80788e3f8f904e301871463148a2783
27: MEM Rsp: tag=62 data=00000000000000000000000000000000000000000000000000000000000000000000000000000000000000000000000000000000000000000000000000000000
28: MEM Rsp: tag=0 data=0081240300c12083fe0498e3000780e7ffc40413fff484930004278300878433ffc78793020480634027d4930011262300912223408787b3dc44041300001417
29: MEM Rsp: tag=0 data=00c787b318c787930000179700279613fc0025f3cc0026f3cc302773cc5027f301212023009122230081242300112623ff010113000080670101011300412483
30: MEM Rsp: tag=22 data=00000000000000000000000000000000000000000000000000000000000000000000000000000000000000000000000000000000000000000000000000000000

