              555000: MEM Rd Req: addr=80000000, tag=0, byteen=x

              557000: MEM Rsp: tag=0, data=40850513000015170005006b00100513114000ef00b5106b1205859300000597fc1025730005006b00100513090000ef00b5106b09c5859300000597fc102573

              617000: MEM Rd Req: addr=80000080, tag=0, byteen=x

              619000: MEM Rsp: tag=0, data=40b1013300a51593cc102573ff00013776018193000011970005006bfff005130005006b0000051300040193000080670fd0006f230505138000053700078863

              719000: MEM Rd Req: addr=800000c0, tag=0, byteen=x

              721000: MEM Rsp: tag=0, data=51300008067fff0051300008067fff00513000080670005006b0000051300068663cc3026f3fc02721300a20233437202130000121702b5053300000593

              915000: MEM Rd Req: addr=80000140, tag=0, byteen=x

              917000: MEM Rsp: tag=0, data=171000ef00a40533000005930000061300000513069000ef00020413ea4585930000159700020513000006130007806bfff007930081242300112623ff010113

             1053000: MEM Rd Req: addr=800009c0, tag=0, byteen=x

             1055000: MEM Rsp: tag=0, data=8f76c63fe060793ffc8f61306079863000507130035779304c7fe63003007930607926300c508b30037f79300a5c7b3ec8ff0ef00040513000780e700078463

             1141000: MEM Rd Req: addr=80000a40, tag=0, byteen=x

             1143000: MEM Rsp: tag=0, data=1707130005c683f80780e300158593fed70fa300377793001707130005c68300008067ff1768e3fef70fa300158593001707130005c783ff157ce300050713

             1183000: MEM Rd Req: addr=80000a00, tag=0, byteen=x

             1185000: MEM Rsp: tag=0, data=80670117686300f585b300f7073300478793ffc7f79340e787b3fff60793fec7e8e3ff07ae2300468693004787930006a803000707930005869302c77c63

             1271000: MEM Rd Req: addr=80000ac0, tag=0, byteen=x

             1273000: MEM Rsp: tag=0, data=a07906300f7779302c37e630005071300f00313f19ff06ffaf768e3024585930247071302d7202301072e2300672c2301c72a2301d7282301e7262301f72423

             1323000: MEM Rd Req: addr=80000b00, tag=0, byteen=x

             1325000: MEM Rsp: tag=0, data=5686b3000002970026969340c306b30000806700061463fed766e30107071300b7262300b7242300b7222300b7202300e686b300f67613ff06769308059263

             1379000: MEM Rd Req: addr=80000b40, tag=0, byteen=x

             1381000: MEM Rsp: tag=0, data=b7002300b700a300b7012300b701a300b7022300b702a300b7032300b703a300b7042300b704a300b7052300b705a300b7062300b706a300b7072300c68067

             1411000: MEM Rd Req: addr=80000b80, tag=0, byteen=x

             1413000: MEM Rsp: tag=0, data=f6063340f70733ff07879300028093fa0680e700008293005686b30000029700279693f6dff06f00d5e5b30105969300d5e5b3008596930ff5f59300008067

             1443000: MEM Rd Req: addr=80000180, tag=0, byteen=x

             1445000: MEM Rsp: tag=0, data=11262340890933e509091300001917e5840413000014170121202300812423ff01011300008067010101130081240300c120830007806b0017b793cc3027f3

             1593000: MEM Rd Req: addr=80000040, tag=0, byteen=x

             1595000: MEM Rsp: tag=0, data=79300008067000005130007806bfff007931350006f008000ef13c000ef12d000ef1dc505130000051729d000ef0000059340a606334806061300001617

             1789000: MEM Wr Req: addr=80001440, tag=22, byteen=f data=x00000000

             1799000: MEM Wr Req: addr=80001440, tag=22, byteen=f0 data=x00000000xxxxxxxx

             1809000: MEM Wr Req: addr=80001440, tag=22, byteen=f00 data=x00000000xxxxxxxxxxxxxxxx

             1819000: MEM Wr Req: addr=80001440, tag=22, byteen=f000 data=x00000000xxxxxxxxxxxxxxxxxxxxxxxx

             1855000: MEM Wr Req: addr=80001440, tag=22, byteen=f0000 data=x00000000xxxxxxxxxxxxxxxxxxxxxxxxxxxxxxxx

             1865000: MEM Wr Req: addr=80001440, tag=22, byteen=f00000 data=x00000000xxxxxxxxxxxxxxxxxxxxxxxxxxxxxxxxxxxxxxxx

             1875000: MEM Wr Req: addr=80001440, tag=22, byteen=f000000 data=x00000000xxxxxxxxxxxxxxxxxxxxxxxxxxxxxxxxxxxxxxxxxxxxxxxx

             1885000: MEM Wr Req: addr=80001440, tag=22, byteen=f0000000 data=x00000000xxxxxxxxxxxxxxxxxxxxxxxxxxxxxxxxxxxxxxxxxxxxxxxxxxxxxxxx

             1921000: MEM Wr Req: addr=80001440, tag=22, byteen=f00000000 data=x00000000xxxxxxxxxxxxxxxxxxxxxxxxxxxxxxxxxxxxxxxxxxxxxxxxxxxxxxxxxxxxxxxx

             1931000: MEM Wr Req: addr=80001440, tag=22, byteen=f000000000 data=x00000000xxxxxxxxxxxxxxxxxxxxxxxxxxxxxxxxxxxxxxxxxxxxxxxxxxxxxxxxxxxxxxxxxxxxxxxx

             1941000: MEM Wr Req: addr=80001440, tag=22, byteen=f0000000000 data=x00000000xxxxxxxxxxxxxxxxxxxxxxxxxxxxxxxxxxxxxxxxxxxxxxxxxxxxxxxxxxxxxxxxxxxxxxxxxxxxxxxx

             1951000: MEM Wr Req: addr=80001440, tag=22, byteen=f00000000000 data=x00000000xxxxxxxxxxxxxxxxxxxxxxxxxxxxxxxxxxxxxxxxxxxxxxxxxxxxxxxxxxxxxxxxxxxxxxxxxxxxxxxxxxxxxxxx

             1987000: MEM Wr Req: addr=80001440, tag=22, byteen=f000000000000 data=x00000000xxxxxxxxxxxxxxxxxxxxxxxxxxxxxxxxxxxxxxxxxxxxxxxxxxxxxxxxxxxxxxxxxxxxxxxxxxxxxxxxxxxxxxxxxxxxxxxx

             1997000: MEM Wr Req: addr=80001440, tag=22, byteen=f0000000000000 data=x00000000xxxxxxxxxxxxxxxxxxxxxxxxxxxxxxxxxxxxxxxxxxxxxxxxxxxxxxxxxxxxxxxxxxxxxxxxxxxxxxxxxxxxxxxxxxxxxxxxxxxxxxxx

             2007000: MEM Wr Req: addr=80001440, tag=22, byteen=f00000000000000 data=x00000000xxxxxxxxxxxxxxxxxxxxxxxxxxxxxxxxxxxxxxxxxxxxxxxxxxxxxxxxxxxxxxxxxxxxxxxxxxxxxxxxxxxxxxxxxxxxxxxxxxxxxxxxxxxxxxxx

             2017000: MEM Wr Req: addr=80001440, tag=22, byteen=f000000000000000 data=0xxxxxxxxxxxxxxxxxxxxxxxxxxxxxxxxxxxxxxxxxxxxxxxxxxxxxxxxxxxxxxxxxxxxxxxxxxxxxxxxxxxxxxxxxxxxxxxxxxxxxxxxxxxxxxxxxxxxxxxx

             2053000: MEM Wr Req: addr=80001480, tag=42, byteen=f data=x00000000

             2063000: MEM Wr Req: addr=80001480, tag=42, byteen=f0 data=x00000000xxxxxxxx

             2073000: MEM Wr Req: addr=80001480, tag=42, byteen=f00 data=x00000000xxxxxxxxxxxxxxxx

             2083000: MEM Wr Req: addr=80001480, tag=42, byteen=f000 data=x00000000xxxxxxxxxxxxxxxxxxxxxxxx

             2119000: MEM Wr Req: addr=80001480, tag=42, byteen=f0000 data=x00000000xxxxxxxxxxxxxxxxxxxxxxxxxxxxxxxx

             2129000: MEM Wr Req: addr=80001480, tag=42, byteen=f00000 data=x00000000xxxxxxxxxxxxxxxxxxxxxxxxxxxxxxxxxxxxxxxx

             2139000: MEM Wr Req: addr=80001480, tag=42, byteen=f000000 data=x00000000xxxxxxxxxxxxxxxxxxxxxxxxxxxxxxxxxxxxxxxxxxxxxxxx

             2149000: MEM Wr Req: addr=80001480, tag=42, byteen=f0000000 data=x00000000xxxxxxxxxxxxxxxxxxxxxxxxxxxxxxxxxxxxxxxxxxxxxxxxxxxxxxxx

             2185000: MEM Wr Req: addr=80001480, tag=42, byteen=f00000000 data=x00000000xxxxxxxxxxxxxxxxxxxxxxxxxxxxxxxxxxxxxxxxxxxxxxxxxxxxxxxxxxxxxxxx

             2195000: MEM Wr Req: addr=80001480, tag=42, byteen=f000000000 data=x00000000xxxxxxxxxxxxxxxxxxxxxxxxxxxxxxxxxxxxxxxxxxxxxxxxxxxxxxxxxxxxxxxxxxxxxxxx

             2205000: MEM Wr Req: addr=80001480, tag=42, byteen=f0000000000 data=x00000000xxxxxxxxxxxxxxxxxxxxxxxxxxxxxxxxxxxxxxxxxxxxxxxxxxxxxxxxxxxxxxxxxxxxxxxxxxxxxxxx

             2215000: MEM Wr Req: addr=80001480, tag=42, byteen=f00000000000 data=x00000000xxxxxxxxxxxxxxxxxxxxxxxxxxxxxxxxxxxxxxxxxxxxxxxxxxxxxxxxxxxxxxxxxxxxxxxxxxxxxxxxxxxxxxxx

             2251000: MEM Wr Req: addr=80001480, tag=42, byteen=f000000000000 data=x00000000xxxxxxxxxxxxxxxxxxxxxxxxxxxxxxxxxxxxxxxxxxxxxxxxxxxxxxxxxxxxxxxxxxxxxxxxxxxxxxxxxxxxxxxxxxxxxxxx

             2261000: MEM Wr Req: addr=80001480, tag=42, byteen=f0000000000000 data=x00000000xxxxxxxxxxxxxxxxxxxxxxxxxxxxxxxxxxxxxxxxxxxxxxxxxxxxxxxxxxxxxxxxxxxxxxxxxxxxxxxxxxxxxxxxxxxxxxxxxxxxxxxx

             2271000: MEM Wr Req: addr=80001480, tag=42, byteen=f00000000000000 data=x00000000xxxxxxxxxxxxxxxxxxxxxxxxxxxxxxxxxxxxxxxxxxxxxxxxxxxxxxxxxxxxxxxxxxxxxxxxxxxxxxxxxxxxxxxxxxxxxxxxxxxxxxxxxxxxxxxx

             2281000: MEM Wr Req: addr=80001480, tag=42, byteen=f000000000000000 data=0xxxxxxxxxxxxxxxxxxxxxxxxxxxxxxxxxxxxxxxxxxxxxxxxxxxxxxxxxxxxxxxxxxxxxxxxxxxxxxxxxxxxxxxxxxxxxxxxxxxxxxxxxxxxxxxxxxxxxxxx

             2369000: MEM Rd Req: addr=80000980, tag=0, byteen=x

             2371000: MEM Rsp: tag=0, data=3c527834387a503800017b72b4000ef00050413001126230081242300000593ff0101132300006f0000051300000613000006930005059300008067fff00513

             2441000: MEM Rd Req: addr=80000bc0, tag=0, byteen=x

             2443000: MEM Rsp: tag=0, data=e61633001006131887a88308c3242301078333020506630027181306e84e6301f008130047a70304078c63148727834387a703800017b7f3dff06ff6c378e3

             2483000: MEM Rd Req: addr=80001400, tag=2, byteen=f00000000000000

             2485000: MEM Rsp: tag=2, data=80001010800010100000000000000000000000000000000000000000000000000000000000000000000000000000000000000000000000000000000000000000

             2525000: MEM Rd Req: addr=80001140, tag=22, byteen=f000000

             2527000: MEM Rsp: tag=22, data=0

             2567000: MEM Rd Req: addr=80000c00, tag=0, byteen=x

             2569000: MEM Rsp: tag=0, data=17071318c7a683fa5ff06f14f7242314c70793000080670000051300b7a423010787b300e7a2230017071302d504630020069310d324231917a42300c8e8b3

             2609000: MEM Wr Req: addr=80001140, tag=22, byteen=f000000 data=x8000115cxxxxxxxxxxxxxxxxxxxxxxxxxxxxxxxxxxxxxxxxxxxxxxxx

             2711000: MEM Wr Req: addr=80001140, tag=22, byteen=f00000000 data=x00000001xxxxxxxxxxxxxxxxxxxxxxxxxxxxxxxxxxxxxxxxxxxxxxxxxxxxxxxxxxxxxxxx

             2731000: MEM Wr Req: addr=80001140, tag=22, byteen=f000000000 data=x80000230xxxxxxxxxxxxxxxxxxxxxxxxxxxxxxxxxxxxxxxxxxxxxxxxxxxxxxxxxxxxxxxxxxxxxxxx

             2857000: MEM Rd Req: addr=800001c0, tag=0, byteen=x

             2859000: MEM Rsp: tag=0, data=90e634029591340890933e189091300001917e1c4041300001417fe9918e3000780e70044041300148493000427830000049300090e634029591300912223

             2985000: MEM Rd Req: addr=80000200, tag=0, byteen=x

             2987000: MEM Rsp: tag=0, data=dcc787930000179700812423ff010113000080670101011300012903004124830081240300c12083fe9918e3000780e700440413001484930004278300000493

             3027000: MEM Rd Req: addr=80001000, tag=2, byteen=f

             3029000: MEM Rsp: tag=2, data=800013cc80001364800012fc000000000000000000000000000000008000007c

             3343000: MEM Rd Req: addr=80000c40, tag=0, byteen=x

             3345000: MEM Rsp: tag=0, data=148a290302112623032120234387aa0301412c23800017b7fd01011300008067fff00513000080670000051300b7a423010787b318c7a62300c6e63300e7a223

             3429000: MEM Rd Req: addr=80000c80, tag=0, byteen=x

             3431000: MEM Rsp: tag=0, data=24949302044263fff4841300492483fff0099300100a9300058b9300050b130409006301812423017126230161282301512a2301312e230291222302812423

             3631000: MEM Rd Req: addr=80000cc0, tag=0, byteen=x

             3633000: MEM Rsp: tag=0, data=c12b8301012b0301412a8301812a0301c1298302012903024124830281240302c12083ff3416e3ffc48493fff40413057780631044a783040b8463009904b3

             3673000: MEM Rd Req: addr=80000d00, tag=0, byteen=x

             3675000: MEM Rsp: tag=0, data=492703000680e70207926300f777b300492c03008a973318892783fa0688e30004a22304878e63fff787930044a68300492783000080670301011300812c03

             3739000: MEM Rd Req: addr=80000d40, tag=0, byteen=x

             3741000: MEM Rsp: tag=0, data=58513fa9ff06f00892223fcdff06f000680e7000b051300071c6300f777330844a58318c92783f5dff06f00078913f80788e3f8f904e301871463148a2783

             3771000: MEM Wr Req: addr=80001140, tag=22, byteen=f00000000 data=x00000000xxxxxxxxxxxxxxxxxxxxxxxxxxxxxxxxxxxxxxxxxxxxxxxxxxxxxxxxxxxxxxxx

             3813000: MEM Rd Req: addr=800012c0, tag=62, byteen=f000000000

             3815000: MEM Rsp: tag=62, data=0

             3921000: MEM Rd Req: addr=80000240, tag=0, byteen=x

             3923000: MEM Rsp: tag=0, data=81240300c12083fe0498e3000780e7ffc40413fff484930004278300878433ffc78793020480634027d4930011262300912223408787b3dc44041300001417

             4033000: MEM Rd Req: addr=80000280, tag=0, byteen=x

             4035000: MEM Rsp: tag=0, data=c787b318c787930000179700279613fc0025f3cc0026f3cc302773cc5027f301212023009122230081242300112623ff010113000080670101011300412483

             4353000: MEM Rd Req: addr=80001040, tag=22, byteen=f000

             4355000: MEM Rsp: tag=22, data=0

