              555000: MEM Rd Req: addr=80000000, tag=0, byteen=x

              557000: MEM Rsp: tag=0, data=41050513000015170005006b00100513134000ef00b5106b1405859300000597fc1025730005006b001005130b0000ef00b5106b0bc5859300000597fc102573

              617000: MEM Rd Req: addr=800000c0, tag=0, byteen=x

              619000: MEM Rsp: tag=0, data=68663cc3026f3fc02721300a2023341f202130000121702b505330000059340b1013300a51593cc102573ff00013774018193000011970005006bfff00513

              805000: MEM Rd Req: addr=80000100, tag=0, byteen=x

              807000: MEM Rsp: tag=0, data=10007300008067fff0051300008067fff005130000806700000513000080670000051300008067fff0051300008067fff00513000080670005006b00000513

              915000: MEM Rd Req: addr=80000140, tag=0, byteen=x

              917000: MEM Rsp: tag=0, data=159700020513000006130007806bfff007930081242300112623ff01011300008067f140257300008067fff0051300008067000605130000806700000513

             1017000: MEM Rd Req: addr=80000180, tag=0, byteen=x

             1019000: MEM Rsp: tag=0, data=ff01011300008067010101130081240300c120830007806b0017b793cc3027f3171000ef00a40533000005930000061300000513069000ef00020413e8458593

             1069000: MEM Rd Req: addr=800009c0, tag=0, byteen=x

             1071000: MEM Rsp: tag=0, data=607926300c508b30037f79300a5c7b3ec8ff0ef00040513000780e70007846303c527834387a503800017b72b4000ef00050413001126230081242300000593

             1131000: MEM Rd Req: addr=80000a00, tag=0, byteen=x

             1133000: MEM Rsp: tag=0, data=fec7e8e3ff07ae2300468693004787930006a803000707930005869302c77c6308f76c63fe060793ffc8f61306079863000507130035779304c7fe6300300793

             1173000: MEM Rd Req: addr=80000a40, tag=0, byteen=x

             1175000: MEM Rsp: tag=0, data=8067ff1768e3fef70fa300158593001707130005c783ff157ce300050713000080670117686300f585b300f7073300478793ffc7f79340e787b3fff60793

             1287000: MEM Rd Req: addr=80000b00, tag=0, byteen=x

             1289000: MEM Rsp: tag=0, data=b7262300b7242300b7222300b7202300e686b300f67613ff067693080592630a07906300f7779302c37e630005071300f00313f19ff06ffaf768e302458593

             1339000: MEM Rd Req: addr=80000b40, tag=0, byteen=x

             1341000: MEM Rsp: tag=0, data=b7042300b704a300b7052300b705a300b7062300b706a300b7072300c68067005686b3000002970026969340c306b30000806700061463fed766e301070713

             1411000: MEM Rd Req: addr=80000b80, tag=0, byteen=x

             1413000: MEM Rsp: tag=0, data=279693f6dff06f00d5e5b30105969300d5e5b3008596930ff5f5930000806700b7002300b700a300b7012300b701a300b7022300b702a300b7032300b703a3

             1577000: MEM Rd Req: addr=80000040, tag=0, byteen=x

             1579000: MEM Rsp: tag=0, data=87879300278693000727833d470713000017171550006f008000ef15c000ef14d000ef1fc50513000005172bd000ef0000059340a606334886061300001617

             1721000: MEM Rd Req: addr=80000bc0, tag=0, byteen=x

             1723000: MEM Rsp: tag=0, data=1f008130047a70304078c63148727834387a703800017b7f3dff06ff6c378e300f6063340f70733ff07879300028093fa0680e700008293005686b300000297

             1799000: MEM Wr Req: addr=80001440, tag=22, byteen=8000 data=x00000000xxxxxxxxxxxxxxxxxxxxxxxx

             1809000: MEM Wr Req: addr=80001440, tag=22, byteen=4000 data=x00000000xxxxxxxxxxxxxxxxxxxxxxxx

             1819000: MEM Wr Req: addr=80001440, tag=22, byteen=2000 data=x00000000xxxxxxxxxxxxxxxxxxxxxxxx

             1829000: MEM Wr Req: addr=80001440, tag=22, byteen=1000 data=x00000000xxxxxxxxxxxxxxxxxxxxxxxx

             1839000: MEM Wr Req: addr=80001440, tag=22, byteen=800 data=x00000000xxxxxxxxxxxxxxxx

             1849000: MEM Wr Req: addr=80001440, tag=22, byteen=400 data=x00000000xxxxxxxxxxxxxxxx

             1859000: MEM Wr Req: addr=80001440, tag=22, byteen=200 data=x00000000xxxxxxxxxxxxxxxx

             1869000: MEM Wr Req: addr=80001440, tag=22, byteen=100 data=x00000000xxxxxxxxxxxxxxxx

             2013000: MEM Wr Req: addr=80001440, tag=22, byteen=f0000 data=x00000000xxxxxxxxxxxxxxxxxxxxxxxxxxxxxxxx

             2023000: MEM Wr Req: addr=80001440, tag=22, byteen=f00000 data=x00000000xxxxxxxxxxxxxxxxxxxxxxxxxxxxxxxxxxxxxxxx

             2033000: MEM Wr Req: addr=80001440, tag=22, byteen=f000000 data=x00000000xxxxxxxxxxxxxxxxxxxxxxxxxxxxxxxxxxxxxxxxxxxxxxxx

             2043000: MEM Wr Req: addr=80001440, tag=22, byteen=f0000000 data=x00000000xxxxxxxxxxxxxxxxxxxxxxxxxxxxxxxxxxxxxxxxxxxxxxxxxxxxxxxx

             2079000: MEM Wr Req: addr=80001440, tag=22, byteen=f00000000 data=x00000000xxxxxxxxxxxxxxxxxxxxxxxxxxxxxxxxxxxxxxxxxxxxxxxxxxxxxxxxxxxxxxxx

             2089000: MEM Wr Req: addr=80001440, tag=22, byteen=f000000000 data=x00000000xxxxxxxxxxxxxxxxxxxxxxxxxxxxxxxxxxxxxxxxxxxxxxxxxxxxxxxxxxxxxxxxxxxxxxxx

             2099000: MEM Wr Req: addr=80001440, tag=22, byteen=f0000000000 data=x00000000xxxxxxxxxxxxxxxxxxxxxxxxxxxxxxxxxxxxxxxxxxxxxxxxxxxxxxxxxxxxxxxxxxxxxxxxxxxxxxxx

             2109000: MEM Wr Req: addr=80001440, tag=22, byteen=f00000000000 data=x00000000xxxxxxxxxxxxxxxxxxxxxxxxxxxxxxxxxxxxxxxxxxxxxxxxxxxxxxxxxxxxxxxxxxxxxxxxxxxxxxxxxxxxxxxx

             2145000: MEM Wr Req: addr=80001440, tag=22, byteen=f000000000000 data=x00000000xxxxxxxxxxxxxxxxxxxxxxxxxxxxxxxxxxxxxxxxxxxxxxxxxxxxxxxxxxxxxxxxxxxxxxxxxxxxxxxxxxxxxxxxxxxxxxxx

             2155000: MEM Wr Req: addr=80001440, tag=22, byteen=f0000000000000 data=x00000000xxxxxxxxxxxxxxxxxxxxxxxxxxxxxxxxxxxxxxxxxxxxxxxxxxxxxxxxxxxxxxxxxxxxxxxxxxxxxxxxxxxxxxxxxxxxxxxxxxxxxxxx

             2165000: MEM Wr Req: addr=80001440, tag=22, byteen=f00000000000000 data=x00000000xxxxxxxxxxxxxxxxxxxxxxxxxxxxxxxxxxxxxxxxxxxxxxxxxxxxxxxxxxxxxxxxxxxxxxxxxxxxxxxxxxxxxxxxxxxxxxxxxxxxxxxxxxxxxxxx

             2175000: MEM Wr Req: addr=80001440, tag=22, byteen=f000000000000000 data=0xxxxxxxxxxxxxxxxxxxxxxxxxxxxxxxxxxxxxxxxxxxxxxxxxxxxxxxxxxxxxxxxxxxxxxxxxxxxxxxxxxxxxxxxxxxxxxxxxxxxxxxxxxxxxxxxxxxxxxxx

             2211000: MEM Wr Req: addr=80001480, tag=42, byteen=f data=x00000000

             2221000: MEM Wr Req: addr=80001480, tag=42, byteen=f0 data=x00000000xxxxxxxx

             2231000: MEM Wr Req: addr=80001480, tag=42, byteen=f00 data=x00000000xxxxxxxxxxxxxxxx

             2241000: MEM Wr Req: addr=80001480, tag=42, byteen=f000 data=x00000000xxxxxxxxxxxxxxxxxxxxxxxx

             2277000: MEM Wr Req: addr=80001480, tag=42, byteen=f0000 data=x00000000xxxxxxxxxxxxxxxxxxxxxxxxxxxxxxxx

             2287000: MEM Wr Req: addr=80001480, tag=42, byteen=f00000 data=x00000000xxxxxxxxxxxxxxxxxxxxxxxxxxxxxxxxxxxxxxxx

             2297000: MEM Wr Req: addr=80001480, tag=42, byteen=f000000 data=x00000000xxxxxxxxxxxxxxxxxxxxxxxxxxxxxxxxxxxxxxxxxxxxxxxx

             2307000: MEM Wr Req: addr=80001480, tag=42, byteen=f0000000 data=x00000000xxxxxxxxxxxxxxxxxxxxxxxxxxxxxxxxxxxxxxxxxxxxxxxxxxxxxxxx

             2343000: MEM Wr Req: addr=80001480, tag=42, byteen=f00000000 data=x00000000xxxxxxxxxxxxxxxxxxxxxxxxxxxxxxxxxxxxxxxxxxxxxxxxxxxxxxxxxxxxxxxx

             2353000: MEM Wr Req: addr=80001480, tag=42, byteen=f000000000 data=x00000000xxxxxxxxxxxxxxxxxxxxxxxxxxxxxxxxxxxxxxxxxxxxxxxxxxxxxxxxxxxxxxxxxxxxxxxx

             2363000: MEM Wr Req: addr=80001480, tag=42, byteen=f0000000000 data=x00000000xxxxxxxxxxxxxxxxxxxxxxxxxxxxxxxxxxxxxxxxxxxxxxxxxxxxxxxxxxxxxxxxxxxxxxxxxxxxxxxx

             2373000: MEM Wr Req: addr=80001480, tag=42, byteen=f00000000000 data=x00000000xxxxxxxxxxxxxxxxxxxxxxxxxxxxxxxxxxxxxxxxxxxxxxxxxxxxxxxxxxxxxxxxxxxxxxxxxxxxxxxxxxxxxxxx

             2409000: MEM Wr Req: addr=80001480, tag=42, byteen=f000000000000 data=x00000000xxxxxxxxxxxxxxxxxxxxxxxxxxxxxxxxxxxxxxxxxxxxxxxxxxxxxxxxxxxxxxxxxxxxxxxxxxxxxxxxxxxxxxxxxxxxxxxx

             2419000: MEM Wr Req: addr=80001480, tag=42, byteen=f0000000000000 data=x00000000xxxxxxxxxxxxxxxxxxxxxxxxxxxxxxxxxxxxxxxxxxxxxxxxxxxxxxxxxxxxxxxxxxxxxxxxxxxxxxxxxxxxxxxxxxxxxxxxxxxxxxxx

             2429000: MEM Wr Req: addr=80001480, tag=42, byteen=f00000000000000 data=x00000000xxxxxxxxxxxxxxxxxxxxxxxxxxxxxxxxxxxxxxxxxxxxxxxxxxxxxxxxxxxxxxxxxxxxxxxxxxxxxxxxxxxxxxxxxxxxxxxxxxxxxxxxxxxxxxxx

             2439000: MEM Wr Req: addr=80001480, tag=42, byteen=f000000000000000 data=0xxxxxxxxxxxxxxxxxxxxxxxxxxxxxxxxxxxxxxxxxxxxxxxxxxxxxxxxxxxxxxxxxxxxxxxxxxxxxxxxxxxxxxxxxxxxxxxxxxxxxxxxxxxxxxxxxxxxxxxx

             2547000: MEM Wr Req: addr=800014c0, tag=62, byteen=80 data=x00000000xxxxxxxx

             2557000: MEM Wr Req: addr=800014c0, tag=62, byteen=40 data=x00000000xxxxxxxx

             2567000: MEM Wr Req: addr=800014c0, tag=62, byteen=20 data=x00000000xxxxxxxx

             2577000: MEM Wr Req: addr=800014c0, tag=62, byteen=10 data=x00000000xxxxxxxx

             2587000: MEM Wr Req: addr=800014c0, tag=62, byteen=8 data=x00000000

             2597000: MEM Wr Req: addr=800014c0, tag=62, byteen=4 data=x00000000

             2607000: MEM Wr Req: addr=800014c0, tag=62, byteen=2 data=x00000000

             2617000: MEM Wr Req: addr=800014c0, tag=62, byteen=1 data=x00000000

             2663000: MEM Rd Req: addr=80000980, tag=0, byteen=x

             2665000: MEM Rsp: tag=0, data=ff0101132300006f0000051300000613000006930005059300008067fff0051300008067fff0051300008067fff0051300008067fff0051300008067fff00513

             2761000: MEM Rd Req: addr=80001400, tag=2, byteen=f00000000000000

             2763000: MEM Rsp: tag=2, data=5800010100000000000000000000000000000000000000000000000000000000000000000000000000000000000000000000000000000000000000000

             2803000: MEM Rd Req: addr=80001140, tag=22, byteen=f000000

             2805000: MEM Rsp: tag=22, data=0

             2845000: MEM Rd Req: addr=80000c40, tag=0, byteen=x

             2847000: MEM Rsp: tag=0, data=fff00513000080670000051300b7a423010787b318c7a62300c6e63300e7a2230017071318c7a683fa5ff06f14f7242314c70793000080670000051300b7a423

             2887000: MEM Wr Req: addr=80001140, tag=22, byteen=f000000 data=x8000115cxxxxxxxxxxxxxxxxxxxxxxxxxxxxxxxxxxxxxxxxxxxxxxxx

             2917000: MEM Rd Req: addr=80000c00, tag=0, byteen=x

             2919000: MEM Rsp: tag=0, data=10787b300e7a2230017071302d504630020069310d324231917a42300c8e8b300e61633001006131887a88308c3242301078333020506630027181306e84e63

             3001000: MEM Wr Req: addr=80001140, tag=22, byteen=f00000000 data=x00000001xxxxxxxxxxxxxxxxxxxxxxxxxxxxxxxxxxxxxxxxxxxxxxxxxxxxxxxxxxxxxxxx

             3021000: MEM Wr Req: addr=80001140, tag=22, byteen=f000000000 data=x80000250xxxxxxxxxxxxxxxxxxxxxxxxxxxxxxxxxxxxxxxxxxxxxxxxxxxxxxxxxxxxxxxxxxxxxxxx

             3067000: MEM Rd Req: addr=800001c0, tag=0, byteen=x

             3069000: MEM Rsp: tag=0, data=780e70044041300148493000427830000049300090e6340295913009122230011262340890933e309091300001917e3840413000014170121202300812423

             3199000: MEM Rd Req: addr=80000200, tag=0, byteen=x

             3201000: MEM Rsp: tag=0, data=81240300c12083fe9918e3000780e70044041300148493000427830000049300090e634029591340890933df89091300001917dfc4041300001417fe9918e3

             3317000: MEM Rd Req: addr=80001000, tag=2, byteen=f

             3319000: MEM Rsp: tag=2, data=800013cc80001364800012fc000000000000000000000000000000008000009c

             3359000: MEM Rd Req: addr=80000080, tag=0, byteen=x

             3361000: MEM Rsp: tag=0, data=5006b0000051300040193000080670fd0006f2505051380000537000788630000079300008067001005130007806bfff007933ad62c230000161700f72023

             3453000: MEM Rd Req: addr=80000240, tag=0, byteen=x

             3455000: MEM Rsp: tag=0, data=ffc78793020480634027d4930011262300912223408787b3da44041300001417dac787930000179700812423ff01011300008067010101130001290300412483

             3567000: MEM Rd Req: addr=80001440, tag=22, byteen=f

             3569000: MEM Rsp: tag=22, data=8000101000000003

             3621000: MEM Wr Req: addr=80001440, tag=22, byteen=f data=x0000000b

             3633000: MEM Wr Req: addr=80001400, tag=2, byteen=f000000000000000 data=5xxxxxxxxxxxxxxxxxxxxxxxxxxxxxxxxxxxxxxxxxxxxxxxxxxxxxxxxxxxxxxxxxxxxxxxxxxxxxxxxxxxxxxxxxxxxxxxxxxxxxxxxxxxxxxxxxxxxxxxx

             3753000: MEM Rd Req: addr=80000c80, tag=0, byteen=x

             3755000: MEM Rsp: tag=0, data=409006301812423017126230161282301512a2301312e230291222302812423148a290302112623032120234387aa0301412c23800017b7fd01011300008067

             3925000: MEM Rd Req: addr=80000cc0, tag=0, byteen=x

             3927000: MEM Rsp: tag=0, data=2c12083ff3416e3ffc48493fff40413057780631044a783040b8463009904b30024949302044263fff4841300492483fff0099300100a9300058b9300050b13

             4067000: MEM Rd Req: addr=80000d00, tag=0, byteen=x

             4069000: MEM Rsp: tag=0, data=4a22304878e63fff787930044a68300492783000080670301011300812c0300c12b8301012b0301412a8301812a0301c12983020129030241248302812403

             4133000: MEM Rd Req: addr=80000d80, tag=0, byteen=x

             4135000: MEM Rsp: tag=0, data=1000020d1b01017c0100527a030000000000000010fb9ff06f000680e700058513fa9ff06f00892223fcdff06f000680e7000b051300071c6300f77733

             4165000: MEM Wr Req: addr=80001140, tag=22, byteen=f00000000 data=x00000000xxxxxxxxxxxxxxxxxxxxxxxxxxxxxxxxxxxxxxxxxxxxxxxxxxxxxxxxxxxxxxxx

             4175000: MEM Rd Req: addr=80000d40, tag=0, byteen=x

             4177000: MEM Rsp: tag=0, data=844a58318c92783f5dff06f00078913f80788e3f8f904e301871463148a278300492703000680e70207926300f777b300492c03008a973318892783fa0688e3

             4223000: MEM Rd Req: addr=800012c0, tag=62, byteen=f000000000

             4225000: MEM Rsp: tag=62, data=0

             4407000: MEM Rd Req: addr=80000280, tag=0, byteen=x

             4409000: MEM Rsp: tag=0, data=1212023009122230081242300112623ff0101130000806701010113004124830081240300c12083fe0498e3000780e7ffc40413fff484930004278300878433

             4747000: MEM Rd Req: addr=80001040, tag=22, byteen=f000

             4749000: MEM Rsp: tag=22, data=0

