all memory transactions:
1: MEM Rd Req: addr=80000000 tag=0
2: MEM Rsp: tag=0 data=41050513000015170005006b00100513134000ef00b5106b1405859300000597fc1025730005006b001005130b0000ef00b5106b0bc5859300000597fc102573
3: MEM Rd Req: addr=800000c0 tag=0
4: MEM Rsp: tag=0 data=00068663cc3026f3fc02721300a2023341f202130000121702b505330000059340b1013300a51593cc102573ff00013774018193000011970005006bfff00513
5: MEM Rd Req: addr=80000100 tag=0
6: MEM Rsp: tag=0 data=0010007300008067fff0051300008067fff005130000806700000513000080670000051300008067fff0051300008067fff00513000080670005006b00000513
7: MEM Rd Req: addr=80000140 tag=0
8: MEM Rsp: tag=0 data=0000159700020513000006130007806bfff007930081242300112623ff01011300008067f140257300008067fff0051300008067000605130000806700000513
9: MEM Rd Req: addr=80000180 tag=0
10: MEM Rsp: tag=0 data=ff01011300008067010101130081240300c120830007806b0017b793cc3027f3171000ef00a40533000005930000061300000513069000ef00020413e8458593
11: MEM Rd Req: addr=800009c0 tag=0
12: MEM Rsp: tag=0 data=0607926300c508b30037f79300a5c7b3ec8ff0ef00040513000780e70007846303c527834387a503800017b72b4000ef00050413001126230081242300000593
13: MEM Rd Req: addr=80000a00 tag=0
14: MEM Rsp: tag=0 data=fec7e8e3ff07ae2300468693004787930006a803000707930005869302c77c6308f76c63fe060793ffc8f61306079863000507130035779304c7fe6300300793
15: MEM Rd Req: addr=80000a40 tag=0
16: MEM Rsp: tag=0 data=00008067ff1768e3fef70fa300158593001707130005c783ff157ce300050713000080670117686300f585b300f7073300478793ffc7f79340e787b3fff60793
17: MEM Rd Req: addr=80000b00 tag=0
18: MEM Rsp: tag=0 data=00b7262300b7242300b7222300b7202300e686b300f67613ff067693080592630a07906300f7779302c37e630005071300f00313f19ff06ffaf768e302458593
19: MEM Rd Req: addr=80000b40 tag=0
20: MEM Rsp: tag=0 data=00b7042300b704a300b7052300b705a300b7062300b706a300b7072300c68067005686b3000002970026969340c306b30000806700061463fed766e301070713
21: MEM Rd Req: addr=80000b80 tag=0
22: MEM Rsp: tag=0 data=00279693f6dff06f00d5e5b30105969300d5e5b3008596930ff5f5930000806700b7002300b700a300b7012300b701a300b7022300b702a300b7032300b703a3
23: MEM Rd Req: addr=80000040 tag=0
24: MEM Rsp: tag=0 data=0087879300278693000727833d470713000017171550006f008000ef15c000ef14d000ef1fc50513000005172bd000ef0000059340a606334886061300001617
25: MEM Rd Req: addr=80000bc0 tag=0
26: MEM Rsp: tag=0 data=01f008130047a70304078c63148727834387a703800017b7f3dff06ff6c378e300f6063340f70733ff07879300028093fa0680e700008293005686b300000297
27: MEM Wr Req: addr=80001440 tag=22 byteen=0000000000008000 data=xxxxxxxxxxxxxxxxxxxxxxxxxxxxxxxxxxxxxxxxxxxxxxxxxxxxxxxxxxxxxxxxxxxxxxxxxxxxxxxxxxxxxxxxxxxxxxxx00xxxxxxxxxxxxxxxxxxxxxxxxxxxxxx
28: MEM Wr Req: addr=80001440 tag=22 byteen=0000000000004000 data=xxxxxxxxxxxxxxxxxxxxxxxxxxxxxxxxxxxxxxxxxxxxxxxxxxxxxxxxxxxxxxxxxxxxxxxxxxxxxxxxxxxxxxxxxxxxxxxxxx00xxxxxxxxxxxxxxxxxxxxxxxxxxxx
29: MEM Wr Req: addr=80001440 tag=22 byteen=0000000000002000 data=xxxxxxxxxxxxxxxxxxxxxxxxxxxxxxxxxxxxxxxxxxxxxxxxxxxxxxxxxxxxxxxxxxxxxxxxxxxxxxxxxxxxxxxxxxxxxxxxxxxx00xxxxxxxxxxxxxxxxxxxxxxxxxx
30: MEM Wr Req: addr=80001440 tag=22 byteen=0000000000001000 data=xxxxxxxxxxxxxxxxxxxxxxxxxxxxxxxxxxxxxxxxxxxxxxxxxxxxxxxxxxxxxxxxxxxxxxxxxxxxxxxxxxxxxxxxxxxxxxxxxxxxxx00xxxxxxxxxxxxxxxxxxxxxxxx
31: MEM Wr Req: addr=80001440 tag=22 byteen=0000000000000800 data=xxxxxxxxxxxxxxxxxxxxxxxxxxxxxxxxxxxxxxxxxxxxxxxxxxxxxxxxxxxxxxxxxxxxxxxxxxxxxxxxxxxxxxxxxxxxxxxxxxxxxxxx00xxxxxxxxxxxxxxxxxxxxxx
32: MEM Wr Req: addr=80001440 tag=22 byteen=0000000000000400 data=xxxxxxxxxxxxxxxxxxxxxxxxxxxxxxxxxxxxxxxxxxxxxxxxxxxxxxxxxxxxxxxxxxxxxxxxxxxxxxxxxxxxxxxxxxxxxxxxxxxxxxxxxx00xxxxxxxxxxxxxxxxxxxx
33: MEM Wr Req: addr=80001440 tag=22 byteen=0000000000000200 data=xxxxxxxxxxxxxxxxxxxxxxxxxxxxxxxxxxxxxxxxxxxxxxxxxxxxxxxxxxxxxxxxxxxxxxxxxxxxxxxxxxxxxxxxxxxxxxxxxxxxxxxxxxxx00xxxxxxxxxxxxxxxxxx
34: MEM Wr Req: addr=80001440 tag=22 byteen=0000000000000100 data=xxxxxxxxxxxxxxxxxxxxxxxxxxxxxxxxxxxxxxxxxxxxxxxxxxxxxxxxxxxxxxxxxxxxxxxxxxxxxxxxxxxxxxxxxxxxxxxxxxxxxxxxxxxxxx00xxxxxxxxxxxxxxxx
35: MEM Wr Req: addr=80001440 tag=22 byteen=00000000000f0000 data=xxxxxxxxxxxxxxxxxxxxxxxxxxxxxxxxxxxxxxxxxxxxxxxxxxxxxxxxxxxxxxxxxxxxxxxxxxxxxxxxxxxxxxxx00000000xxxxxxxxxxxxxxxxxxxxxxxxxxxxxxxx
36: MEM Wr Req: addr=80001440 tag=22 byteen=0000000000f00000 data=xxxxxxxxxxxxxxxxxxxxxxxxxxxxxxxxxxxxxxxxxxxxxxxxxxxxxxxxxxxxxxxxxxxxxxxxxxxxxxxx00000000xxxxxxxxxxxxxxxxxxxxxxxxxxxxxxxxxxxxxxxx
37: MEM Wr Req: addr=80001440 tag=22 byteen=000000000f000000 data=xxxxxxxxxxxxxxxxxxxxxxxxxxxxxxxxxxxxxxxxxxxxxxxxxxxxxxxxxxxxxxxxxxxxxxxx00000000xxxxxxxxxxxxxxxxxxxxxxxxxxxxxxxxxxxxxxxxxxxxxxxx
38: MEM Wr Req: addr=80001440 tag=22 byteen=00000000f0000000 data=xxxxxxxxxxxxxxxxxxxxxxxxxxxxxxxxxxxxxxxxxxxxxxxxxxxxxxxxxxxxxxxx00000000xxxxxxxxxxxxxxxxxxxxxxxxxxxxxxxxxxxxxxxxxxxxxxxxxxxxxxxx
39: MEM Wr Req: addr=80001440 tag=22 byteen=0000000f00000000 data=xxxxxxxxxxxxxxxxxxxxxxxxxxxxxxxxxxxxxxxxxxxxxxxxxxxxxxxx00000000xxxxxxxxxxxxxxxxxxxxxxxxxxxxxxxxxxxxxxxxxxxxxxxxxxxxxxxxxxxxxxxx
40: MEM Wr Req: addr=80001440 tag=22 byteen=000000f000000000 data=xxxxxxxxxxxxxxxxxxxxxxxxxxxxxxxxxxxxxxxxxxxxxxxx00000000xxxxxxxxxxxxxxxxxxxxxxxxxxxxxxxxxxxxxxxxxxxxxxxxxxxxxxxxxxxxxxxxxxxxxxxx
41: MEM Wr Req: addr=80001440 tag=22 byteen=00000f0000000000 data=xxxxxxxxxxxxxxxxxxxxxxxxxxxxxxxxxxxxxxxx00000000xxxxxxxxxxxxxxxxxxxxxxxxxxxxxxxxxxxxxxxxxxxxxxxxxxxxxxxxxxxxxxxxxxxxxxxxxxxxxxxx
42: MEM Wr Req: addr=80001440 tag=22 byteen=0000f00000000000 data=xxxxxxxxxxxxxxxxxxxxxxxxxxxxxxxx00000000xxxxxxxxxxxxxxxxxxxxxxxxxxxxxxxxxxxxxxxxxxxxxxxxxxxxxxxxxxxxxxxxxxxxxxxxxxxxxxxxxxxxxxxx
43: MEM Wr Req: addr=80001440 tag=22 byteen=000f000000000000 data=xxxxxxxxxxxxxxxxxxxxxxxx00000000xxxxxxxxxxxxxxxxxxxxxxxxxxxxxxxxxxxxxxxxxxxxxxxxxxxxxxxxxxxxxxxxxxxxxxxxxxxxxxxxxxxxxxxxxxxxxxxx
44: MEM Wr Req: addr=80001440 tag=22 byteen=00f0000000000000 data=xxxxxxxxxxxxxxxx00000000xxxxxxxxxxxxxxxxxxxxxxxxxxxxxxxxxxxxxxxxxxxxxxxxxxxxxxxxxxxxxxxxxxxxxxxxxxxxxxxxxxxxxxxxxxxxxxxxxxxxxxxx
45: MEM Wr Req: addr=80001440 tag=22 byteen=0f00000000000000 data=xxxxxxxx00000000xxxxxxxxxxxxxxxxxxxxxxxxxxxxxxxxxxxxxxxxxxxxxxxxxxxxxxxxxxxxxxxxxxxxxxxxxxxxxxxxxxxxxxxxxxxxxxxxxxxxxxxxxxxxxxxx
46: MEM Wr Req: addr=80001440 tag=22 byteen=f000000000000000 data=00000000xxxxxxxxxxxxxxxxxxxxxxxxxxxxxxxxxxxxxxxxxxxxxxxxxxxxxxxxxxxxxxxxxxxxxxxxxxxxxxxxxxxxxxxxxxxxxxxxxxxxxxxxxxxxxxxxxxxxxxxx
47: MEM Wr Req: addr=80001480 tag=42 byteen=000000000000000f data=xxxxxxxxxxxxxxxxxxxxxxxxxxxxxxxxxxxxxxxxxxxxxxxxxxxxxxxxxxxxxxxxxxxxxxxxxxxxxxxxxxxxxxxxxxxxxxxxxxxxxxxxxxxxxxxxxxxxxxxx00000000
48: MEM Wr Req: addr=80001480 tag=42 byteen=00000000000000f0 data=xxxxxxxxxxxxxxxxxxxxxxxxxxxxxxxxxxxxxxxxxxxxxxxxxxxxxxxxxxxxxxxxxxxxxxxxxxxxxxxxxxxxxxxxxxxxxxxxxxxxxxxxxxxxxxxx00000000xxxxxxxx
49: MEM Wr Req: addr=80001480 tag=42 byteen=0000000000000f00 data=xxxxxxxxxxxxxxxxxxxxxxxxxxxxxxxxxxxxxxxxxxxxxxxxxxxxxxxxxxxxxxxxxxxxxxxxxxxxxxxxxxxxxxxxxxxxxxxxxxxxxxxx00000000xxxxxxxxxxxxxxxx
50: MEM Wr Req: addr=80001480 tag=42 byteen=000000000000f000 data=xxxxxxxxxxxxxxxxxxxxxxxxxxxxxxxxxxxxxxxxxxxxxxxxxxxxxxxxxxxxxxxxxxxxxxxxxxxxxxxxxxxxxxxxxxxxxxxx00000000xxxxxxxxxxxxxxxxxxxxxxxx
51: MEM Wr Req: addr=80001480 tag=42 byteen=00000000000f0000 data=xxxxxxxxxxxxxxxxxxxxxxxxxxxxxxxxxxxxxxxxxxxxxxxxxxxxxxxxxxxxxxxxxxxxxxxxxxxxxxxxxxxxxxxx00000000xxxxxxxxxxxxxxxxxxxxxxxxxxxxxxxx
52: MEM Wr Req: addr=80001480 tag=42 byteen=0000000000f00000 data=xxxxxxxxxxxxxxxxxxxxxxxxxxxxxxxxxxxxxxxxxxxxxxxxxxxxxxxxxxxxxxxxxxxxxxxxxxxxxxxx00000000xxxxxxxxxxxxxxxxxxxxxxxxxxxxxxxxxxxxxxxx
53: MEM Wr Req: addr=80001480 tag=42 byteen=000000000f000000 data=xxxxxxxxxxxxxxxxxxxxxxxxxxxxxxxxxxxxxxxxxxxxxxxxxxxxxxxxxxxxxxxxxxxxxxxx00000000xxxxxxxxxxxxxxxxxxxxxxxxxxxxxxxxxxxxxxxxxxxxxxxx
54: MEM Wr Req: addr=80001480 tag=42 byteen=00000000f0000000 data=xxxxxxxxxxxxxxxxxxxxxxxxxxxxxxxxxxxxxxxxxxxxxxxxxxxxxxxxxxxxxxxx00000000xxxxxxxxxxxxxxxxxxxxxxxxxxxxxxxxxxxxxxxxxxxxxxxxxxxxxxxx
55: MEM Wr Req: addr=80001480 tag=42 byteen=0000000f00000000 data=xxxxxxxxxxxxxxxxxxxxxxxxxxxxxxxxxxxxxxxxxxxxxxxxxxxxxxxx00000000xxxxxxxxxxxxxxxxxxxxxxxxxxxxxxxxxxxxxxxxxxxxxxxxxxxxxxxxxxxxxxxx
56: MEM Wr Req: addr=80001480 tag=42 byteen=000000f000000000 data=xxxxxxxxxxxxxxxxxxxxxxxxxxxxxxxxxxxxxxxxxxxxxxxx00000000xxxxxxxxxxxxxxxxxxxxxxxxxxxxxxxxxxxxxxxxxxxxxxxxxxxxxxxxxxxxxxxxxxxxxxxx
57: MEM Wr Req: addr=80001480 tag=42 byteen=00000f0000000000 data=xxxxxxxxxxxxxxxxxxxxxxxxxxxxxxxxxxxxxxxx00000000xxxxxxxxxxxxxxxxxxxxxxxxxxxxxxxxxxxxxxxxxxxxxxxxxxxxxxxxxxxxxxxxxxxxxxxxxxxxxxxx
58: MEM Wr Req: addr=80001480 tag=42 byteen=0000f00000000000 data=xxxxxxxxxxxxxxxxxxxxxxxxxxxxxxxx00000000xxxxxxxxxxxxxxxxxxxxxxxxxxxxxxxxxxxxxxxxxxxxxxxxxxxxxxxxxxxxxxxxxxxxxxxxxxxxxxxxxxxxxxxx
59: MEM Wr Req: addr=80001480 tag=42 byteen=000f000000000000 data=xxxxxxxxxxxxxxxxxxxxxxxx00000000xxxxxxxxxxxxxxxxxxxxxxxxxxxxxxxxxxxxxxxxxxxxxxxxxxxxxxxxxxxxxxxxxxxxxxxxxxxxxxxxxxxxxxxxxxxxxxxx
60: MEM Wr Req: addr=80001480 tag=42 byteen=00f0000000000000 data=xxxxxxxxxxxxxxxx00000000xxxxxxxxxxxxxxxxxxxxxxxxxxxxxxxxxxxxxxxxxxxxxxxxxxxxxxxxxxxxxxxxxxxxxxxxxxxxxxxxxxxxxxxxxxxxxxxxxxxxxxxx
61: MEM Wr Req: addr=80001480 tag=42 byteen=0f00000000000000 data=xxxxxxxx00000000xxxxxxxxxxxxxxxxxxxxxxxxxxxxxxxxxxxxxxxxxxxxxxxxxxxxxxxxxxxxxxxxxxxxxxxxxxxxxxxxxxxxxxxxxxxxxxxxxxxxxxxxxxxxxxxx
62: MEM Wr Req: addr=80001480 tag=42 byteen=f000000000000000 data=00000000xxxxxxxxxxxxxxxxxxxxxxxxxxxxxxxxxxxxxxxxxxxxxxxxxxxxxxxxxxxxxxxxxxxxxxxxxxxxxxxxxxxxxxxxxxxxxxxxxxxxxxxxxxxxxxxxxxxxxxxx
63: MEM Wr Req: addr=800014c0 tag=62 byteen=0000000000000080 data=xxxxxxxxxxxxxxxxxxxxxxxxxxxxxxxxxxxxxxxxxxxxxxxxxxxxxxxxxxxxxxxxxxxxxxxxxxxxxxxxxxxxxxxxxxxxxxxxxxxxxxxxxxxxxxxx00xxxxxxxxxxxxxx
64: MEM Wr Req: addr=800014c0 tag=62 byteen=0000000000000040 data=xxxxxxxxxxxxxxxxxxxxxxxxxxxxxxxxxxxxxxxxxxxxxxxxxxxxxxxxxxxxxxxxxxxxxxxxxxxxxxxxxxxxxxxxxxxxxxxxxxxxxxxxxxxxxxxxxx00xxxxxxxxxxxx
65: MEM Wr Req: addr=800014c0 tag=62 byteen=0000000000000020 data=xxxxxxxxxxxxxxxxxxxxxxxxxxxxxxxxxxxxxxxxxxxxxxxxxxxxxxxxxxxxxxxxxxxxxxxxxxxxxxxxxxxxxxxxxxxxxxxxxxxxxxxxxxxxxxxxxxxx00xxxxxxxxxx
66: MEM Wr Req: addr=800014c0 tag=62 byteen=0000000000000010 data=xxxxxxxxxxxxxxxxxxxxxxxxxxxxxxxxxxxxxxxxxxxxxxxxxxxxxxxxxxxxxxxxxxxxxxxxxxxxxxxxxxxxxxxxxxxxxxxxxxxxxxxxxxxxxxxxxxxxxx00xxxxxxxx
67: MEM Wr Req: addr=800014c0 tag=62 byteen=0000000000000008 data=xxxxxxxxxxxxxxxxxxxxxxxxxxxxxxxxxxxxxxxxxxxxxxxxxxxxxxxxxxxxxxxxxxxxxxxxxxxxxxxxxxxxxxxxxxxxxxxxxxxxxxxxxxxxxxxxxxxxxxxx00xxxxxx
68: MEM Wr Req: addr=800014c0 tag=62 byteen=0000000000000004 data=xxxxxxxxxxxxxxxxxxxxxxxxxxxxxxxxxxxxxxxxxxxxxxxxxxxxxxxxxxxxxxxxxxxxxxxxxxxxxxxxxxxxxxxxxxxxxxxxxxxxxxxxxxxxxxxxxxxxxxxxxx00xxxx
69: MEM Wr Req: addr=800014c0 tag=62 byteen=0000000000000002 data=xxxxxxxxxxxxxxxxxxxxxxxxxxxxxxxxxxxxxxxxxxxxxxxxxxxxxxxxxxxxxxxxxxxxxxxxxxxxxxxxxxxxxxxxxxxxxxxxxxxxxxxxxxxxxxxxxxxxxxxxxxxx00xx
70: MEM Wr Req: addr=800014c0 tag=62 byteen=0000000000000001 data=xxxxxxxxxxxxxxxxxxxxxxxxxxxxxxxxxxxxxxxxxxxxxxxxxxxxxxxxxxxxxxxxxxxxxxxxxxxxxxxxxxxxxxxxxxxxxxxxxxxxxxxxxxxxxxxxxxxxxxxxxxxxxx00
71: MEM Rd Req: addr=80000980 tag=0
72: MEM Rsp: tag=0 data=ff0101132300006f0000051300000613000006930005059300008067fff0051300008067fff0051300008067fff0051300008067fff0051300008067fff00513
73: MEM Rd Req: addr=80001400 tag=2
74: MEM Rsp: tag=2 data=00000005800010100000000000000000000000000000000000000000000000000000000000000000000000000000000000000000000000000000000000000000
75: MEM Rd Req: addr=80001140 tag=22
76: MEM Rsp: tag=22 data=00000000000000000000000000000000000000000000000000000000000000000000000000000000000000000000000000000000000000000000000000000000
77: MEM Rd Req: addr=80000c40 tag=0
78: MEM Rsp: tag=0 data=fff00513000080670000051300b7a423010787b318c7a62300c6e63300e7a2230017071318c7a683fa5ff06f14f7242314c70793000080670000051300b7a423
79: MEM Wr Req: addr=80001140 tag=22 byteen=000000000f000000 data=xxxxxxxxxxxxxxxxxxxxxxxxxxxxxxxxxxxxxxxxxxxxxxxxxxxxxxxxxxxxxxxxxxxxxxxx8000115cxxxxxxxxxxxxxxxxxxxxxxxxxxxxxxxxxxxxxxxxxxxxxxxx
80: MEM Rd Req: addr=80000c00 tag=0
81: MEM Rsp: tag=0 data=010787b300e7a2230017071302d504630020069310d324231917a42300c8e8b300e61633001006131887a88308c3242301078333020506630027181306e84e63
82: MEM Wr Req: addr=80001140 tag=22 byteen=0000000f00000000 data=xxxxxxxxxxxxxxxxxxxxxxxxxxxxxxxxxxxxxxxxxxxxxxxxxxxxxxxx00000001xxxxxxxxxxxxxxxxxxxxxxxxxxxxxxxxxxxxxxxxxxxxxxxxxxxxxxxxxxxxxxxx
83: MEM Wr Req: addr=80001140 tag=22 byteen=000000f000000000 data=xxxxxxxxxxxxxxxxxxxxxxxxxxxxxxxxxxxxxxxxxxxxxxxx80000250xxxxxxxxxxxxxxxxxxxxxxxxxxxxxxxxxxxxxxxxxxxxxxxxxxxxxxxxxxxxxxxxxxxxxxxx
84: MEM Rd Req: addr=800001c0 tag=0
85: MEM Rsp: tag=0 data=000780e70044041300148493000427830000049300090e6340295913009122230011262340890933e309091300001917e3840413000014170121202300812423
86: MEM Rd Req: addr=80000200 tag=0
87: MEM Rsp: tag=0 data=0081240300c12083fe9918e3000780e70044041300148493000427830000049300090e634029591340890933df89091300001917dfc4041300001417fe9918e3
88: MEM Rd Req: addr=80001000 tag=2
89: MEM Rsp: tag=2 data=0000000000000000000000000000000000000000000000000000000000000000800013cc80001364800012fc000000000000000000000000000000008000009c
90: MEM Rd Req: addr=80000080 tag=0
91: MEM Rsp: tag=0 data=0005006b0000051300040193000080670fd0006f2505051380000537000788630000079300008067001005130007806bfff007933ad62c230000161700f72023
92: MEM Rd Req: addr=80000240 tag=0
93: MEM Rsp: tag=0 data=ffc78793020480634027d4930011262300912223408787b3da44041300001417dac787930000179700812423ff01011300008067010101130001290300412483
94: MEM Rd Req: addr=80001440 tag=22
95: MEM Rsp: tag=22 data=00000000000000000000000000000000000000000000000000000000000000000000000000000000000000000000000000000000000000008000101000000003
96: MEM Wr Req: addr=80001440 tag=22 byteen=000000000000000f data=xxxxxxxxxxxxxxxxxxxxxxxxxxxxxxxxxxxxxxxxxxxxxxxxxxxxxxxxxxxxxxxxxxxxxxxxxxxxxxxxxxxxxxxxxxxxxxxxxxxxxxxxxxxxxxxxxxxxxxxx0000000b
97: MEM Wr Req: addr=80001400 tag=2 byteen=f000000000000000 data=00000005xxxxxxxxxxxxxxxxxxxxxxxxxxxxxxxxxxxxxxxxxxxxxxxxxxxxxxxxxxxxxxxxxxxxxxxxxxxxxxxxxxxxxxxxxxxxxxxxxxxxxxxxxxxxxxxxxxxxxxxx
98: MEM Rd Req: addr=80000c80 tag=0
99: MEM Rsp: tag=0 data=0409006301812423017126230161282301512a2301312e230291222302812423148a290302112623032120234387aa0301412c23800017b7fd01011300008067
100: MEM Rd Req: addr=80000cc0 tag=0
101: MEM Rsp: tag=0 data=02c12083ff3416e3ffc48493fff40413057780631044a783040b8463009904b30024949302044263fff4841300492483fff0099300100a9300058b9300050b13
102: MEM Rd Req: addr=80000d00 tag=0
103: MEM Rsp: tag=0 data=0004a22304878e63fff787930044a68300492783000080670301011300812c0300c12b8301012b0301412a8301812a0301c12983020129030241248302812403
104: MEM Rd Req: addr=80000d80 tag=0
105: MEM Rsp: tag=0 data=0000001000020d1b01017c0100527a030000000000000010fb9ff06f000680e700058513fa9ff06f00892223fcdff06f000680e7000b051300071c6300f77733
106: MEM Wr Req: addr=80001140 tag=22 byteen=0000000f00000000 data=xxxxxxxxxxxxxxxxxxxxxxxxxxxxxxxxxxxxxxxxxxxxxxxxxxxxxxxx00000000xxxxxxxxxxxxxxxxxxxxxxxxxxxxxxxxxxxxxxxxxxxxxxxxxxxxxxxxxxxxxxxx
107: MEM Rd Req: addr=80000d40 tag=0
108: MEM Rsp: tag=0 data=0844a58318c92783f5dff06f00078913f80788e3f8f904e301871463148a278300492703000680e70207926300f777b300492c03008a973318892783fa0688e3
109: MEM Rd Req: addr=800012c0 tag=62
110: MEM Rsp: tag=62 data=00000000000000000000000000000000000000000000000000000000000000000000000000000000000000000000000000000000000000000000000000000000
111: MEM Rd Req: addr=80000280 tag=0
112: MEM Rsp: tag=0 data=01212023009122230081242300112623ff0101130000806701010113004124830081240300c12083fe0498e3000780e7ffc40413fff484930004278300878433
113: MEM Rd Req: addr=80001040 tag=22
114: MEM Rsp: tag=22 data=00000000000000000000000000000000000000000000000000000000000000000000000000000000000000000000000000000000000000000000000000000000

memory read request transactions:
1: MEM Rd Req: addr=80000000 tag=0
2: MEM Rd Req: addr=800000c0 tag=0
3: MEM Rd Req: addr=80000100 tag=0
4: MEM Rd Req: addr=80000140 tag=0
5: MEM Rd Req: addr=80000180 tag=0
6: MEM Rd Req: addr=800009c0 tag=0
7: MEM Rd Req: addr=80000a00 tag=0
8: MEM Rd Req: addr=80000a40 tag=0
9: MEM Rd Req: addr=80000b00 tag=0
10: MEM Rd Req: addr=80000b40 tag=0
11: MEM Rd Req: addr=80000b80 tag=0
12: MEM Rd Req: addr=80000040 tag=0
13: MEM Rd Req: addr=80000bc0 tag=0
14: MEM Rd Req: addr=80000980 tag=0
15: MEM Rd Req: addr=80001400 tag=2
16: MEM Rd Req: addr=80001140 tag=22
17: MEM Rd Req: addr=80000c40 tag=0
18: MEM Rd Req: addr=80000c00 tag=0
19: MEM Rd Req: addr=800001c0 tag=0
20: MEM Rd Req: addr=80000200 tag=0
21: MEM Rd Req: addr=80001000 tag=2
22: MEM Rd Req: addr=80000080 tag=0
23: MEM Rd Req: addr=80000240 tag=0
24: MEM Rd Req: addr=80001440 tag=22
25: MEM Rd Req: addr=80000c80 tag=0
26: MEM Rd Req: addr=80000cc0 tag=0
27: MEM Rd Req: addr=80000d00 tag=0
28: MEM Rd Req: addr=80000d80 tag=0
29: MEM Rd Req: addr=80000d40 tag=0
30: MEM Rd Req: addr=800012c0 tag=62
31: MEM Rd Req: addr=80000280 tag=0
32: MEM Rd Req: addr=80001040 tag=22

memory write request transactions:
1: MEM Wr Req: addr=80001440 tag=22 byteen=0000000000008000 data=xxxxxxxxxxxxxxxxxxxxxxxxxxxxxxxxxxxxxxxxxxxxxxxxxxxxxxxxxxxxxxxxxxxxxxxxxxxxxxxxxxxxxxxxxxxxxxxx00xxxxxxxxxxxxxxxxxxxxxxxxxxxxxx
2: MEM Wr Req: addr=80001440 tag=22 byteen=0000000000004000 data=xxxxxxxxxxxxxxxxxxxxxxxxxxxxxxxxxxxxxxxxxxxxxxxxxxxxxxxxxxxxxxxxxxxxxxxxxxxxxxxxxxxxxxxxxxxxxxxxxx00xxxxxxxxxxxxxxxxxxxxxxxxxxxx
3: MEM Wr Req: addr=80001440 tag=22 byteen=0000000000002000 data=xxxxxxxxxxxxxxxxxxxxxxxxxxxxxxxxxxxxxxxxxxxxxxxxxxxxxxxxxxxxxxxxxxxxxxxxxxxxxxxxxxxxxxxxxxxxxxxxxxxx00xxxxxxxxxxxxxxxxxxxxxxxxxx
4: MEM Wr Req: addr=80001440 tag=22 byteen=0000000000001000 data=xxxxxxxxxxxxxxxxxxxxxxxxxxxxxxxxxxxxxxxxxxxxxxxxxxxxxxxxxxxxxxxxxxxxxxxxxxxxxxxxxxxxxxxxxxxxxxxxxxxxxx00xxxxxxxxxxxxxxxxxxxxxxxx
5: MEM Wr Req: addr=80001440 tag=22 byteen=0000000000000800 data=xxxxxxxxxxxxxxxxxxxxxxxxxxxxxxxxxxxxxxxxxxxxxxxxxxxxxxxxxxxxxxxxxxxxxxxxxxxxxxxxxxxxxxxxxxxxxxxxxxxxxxxx00xxxxxxxxxxxxxxxxxxxxxx
6: MEM Wr Req: addr=80001440 tag=22 byteen=0000000000000400 data=xxxxxxxxxxxxxxxxxxxxxxxxxxxxxxxxxxxxxxxxxxxxxxxxxxxxxxxxxxxxxxxxxxxxxxxxxxxxxxxxxxxxxxxxxxxxxxxxxxxxxxxxxx00xxxxxxxxxxxxxxxxxxxx
7: MEM Wr Req: addr=80001440 tag=22 byteen=0000000000000200 data=xxxxxxxxxxxxxxxxxxxxxxxxxxxxxxxxxxxxxxxxxxxxxxxxxxxxxxxxxxxxxxxxxxxxxxxxxxxxxxxxxxxxxxxxxxxxxxxxxxxxxxxxxxxx00xxxxxxxxxxxxxxxxxx
8: MEM Wr Req: addr=80001440 tag=22 byteen=0000000000000100 data=xxxxxxxxxxxxxxxxxxxxxxxxxxxxxxxxxxxxxxxxxxxxxxxxxxxxxxxxxxxxxxxxxxxxxxxxxxxxxxxxxxxxxxxxxxxxxxxxxxxxxxxxxxxxxx00xxxxxxxxxxxxxxxx
9: MEM Wr Req: addr=80001440 tag=22 byteen=00000000000f0000 data=xxxxxxxxxxxxxxxxxxxxxxxxxxxxxxxxxxxxxxxxxxxxxxxxxxxxxxxxxxxxxxxxxxxxxxxxxxxxxxxxxxxxxxxx00000000xxxxxxxxxxxxxxxxxxxxxxxxxxxxxxxx
10: MEM Wr Req: addr=80001440 tag=22 byteen=0000000000f00000 data=xxxxxxxxxxxxxxxxxxxxxxxxxxxxxxxxxxxxxxxxxxxxxxxxxxxxxxxxxxxxxxxxxxxxxxxxxxxxxxxx00000000xxxxxxxxxxxxxxxxxxxxxxxxxxxxxxxxxxxxxxxx
11: MEM Wr Req: addr=80001440 tag=22 byteen=000000000f000000 data=xxxxxxxxxxxxxxxxxxxxxxxxxxxxxxxxxxxxxxxxxxxxxxxxxxxxxxxxxxxxxxxxxxxxxxxx00000000xxxxxxxxxxxxxxxxxxxxxxxxxxxxxxxxxxxxxxxxxxxxxxxx
12: MEM Wr Req: addr=80001440 tag=22 byteen=00000000f0000000 data=xxxxxxxxxxxxxxxxxxxxxxxxxxxxxxxxxxxxxxxxxxxxxxxxxxxxxxxxxxxxxxxx00000000xxxxxxxxxxxxxxxxxxxxxxxxxxxxxxxxxxxxxxxxxxxxxxxxxxxxxxxx
13: MEM Wr Req: addr=80001440 tag=22 byteen=0000000f00000000 data=xxxxxxxxxxxxxxxxxxxxxxxxxxxxxxxxxxxxxxxxxxxxxxxxxxxxxxxx00000000xxxxxxxxxxxxxxxxxxxxxxxxxxxxxxxxxxxxxxxxxxxxxxxxxxxxxxxxxxxxxxxx
14: MEM Wr Req: addr=80001440 tag=22 byteen=000000f000000000 data=xxxxxxxxxxxxxxxxxxxxxxxxxxxxxxxxxxxxxxxxxxxxxxxx00000000xxxxxxxxxxxxxxxxxxxxxxxxxxxxxxxxxxxxxxxxxxxxxxxxxxxxxxxxxxxxxxxxxxxxxxxx
15: MEM Wr Req: addr=80001440 tag=22 byteen=00000f0000000000 data=xxxxxxxxxxxxxxxxxxxxxxxxxxxxxxxxxxxxxxxx00000000xxxxxxxxxxxxxxxxxxxxxxxxxxxxxxxxxxxxxxxxxxxxxxxxxxxxxxxxxxxxxxxxxxxxxxxxxxxxxxxx
16: MEM Wr Req: addr=80001440 tag=22 byteen=0000f00000000000 data=xxxxxxxxxxxxxxxxxxxxxxxxxxxxxxxx00000000xxxxxxxxxxxxxxxxxxxxxxxxxxxxxxxxxxxxxxxxxxxxxxxxxxxxxxxxxxxxxxxxxxxxxxxxxxxxxxxxxxxxxxxx
17: MEM Wr Req: addr=80001440 tag=22 byteen=000f000000000000 data=xxxxxxxxxxxxxxxxxxxxxxxx00000000xxxxxxxxxxxxxxxxxxxxxxxxxxxxxxxxxxxxxxxxxxxxxxxxxxxxxxxxxxxxxxxxxxxxxxxxxxxxxxxxxxxxxxxxxxxxxxxx
18: MEM Wr Req: addr=80001440 tag=22 byteen=00f0000000000000 data=xxxxxxxxxxxxxxxx00000000xxxxxxxxxxxxxxxxxxxxxxxxxxxxxxxxxxxxxxxxxxxxxxxxxxxxxxxxxxxxxxxxxxxxxxxxxxxxxxxxxxxxxxxxxxxxxxxxxxxxxxxx
19: MEM Wr Req: addr=80001440 tag=22 byteen=0f00000000000000 data=xxxxxxxx00000000xxxxxxxxxxxxxxxxxxxxxxxxxxxxxxxxxxxxxxxxxxxxxxxxxxxxxxxxxxxxxxxxxxxxxxxxxxxxxxxxxxxxxxxxxxxxxxxxxxxxxxxxxxxxxxxx
20: MEM Wr Req: addr=80001440 tag=22 byteen=f000000000000000 data=00000000xxxxxxxxxxxxxxxxxxxxxxxxxxxxxxxxxxxxxxxxxxxxxxxxxxxxxxxxxxxxxxxxxxxxxxxxxxxxxxxxxxxxxxxxxxxxxxxxxxxxxxxxxxxxxxxxxxxxxxxx
21: MEM Wr Req: addr=80001480 tag=42 byteen=000000000000000f data=xxxxxxxxxxxxxxxxxxxxxxxxxxxxxxxxxxxxxxxxxxxxxxxxxxxxxxxxxxxxxxxxxxxxxxxxxxxxxxxxxxxxxxxxxxxxxxxxxxxxxxxxxxxxxxxxxxxxxxxx00000000
22: MEM Wr Req: addr=80001480 tag=42 byteen=00000000000000f0 data=xxxxxxxxxxxxxxxxxxxxxxxxxxxxxxxxxxxxxxxxxxxxxxxxxxxxxxxxxxxxxxxxxxxxxxxxxxxxxxxxxxxxxxxxxxxxxxxxxxxxxxxxxxxxxxxx00000000xxxxxxxx
23: MEM Wr Req: addr=80001480 tag=42 byteen=0000000000000f00 data=xxxxxxxxxxxxxxxxxxxxxxxxxxxxxxxxxxxxxxxxxxxxxxxxxxxxxxxxxxxxxxxxxxxxxxxxxxxxxxxxxxxxxxxxxxxxxxxxxxxxxxxx00000000xxxxxxxxxxxxxxxx
24: MEM Wr Req: addr=80001480 tag=42 byteen=000000000000f000 data=xxxxxxxxxxxxxxxxxxxxxxxxxxxxxxxxxxxxxxxxxxxxxxxxxxxxxxxxxxxxxxxxxxxxxxxxxxxxxxxxxxxxxxxxxxxxxxxx00000000xxxxxxxxxxxxxxxxxxxxxxxx
25: MEM Wr Req: addr=80001480 tag=42 byteen=00000000000f0000 data=xxxxxxxxxxxxxxxxxxxxxxxxxxxxxxxxxxxxxxxxxxxxxxxxxxxxxxxxxxxxxxxxxxxxxxxxxxxxxxxxxxxxxxxx00000000xxxxxxxxxxxxxxxxxxxxxxxxxxxxxxxx
26: MEM Wr Req: addr=80001480 tag=42 byteen=0000000000f00000 data=xxxxxxxxxxxxxxxxxxxxxxxxxxxxxxxxxxxxxxxxxxxxxxxxxxxxxxxxxxxxxxxxxxxxxxxxxxxxxxxx00000000xxxxxxxxxxxxxxxxxxxxxxxxxxxxxxxxxxxxxxxx
27: MEM Wr Req: addr=80001480 tag=42 byteen=000000000f000000 data=xxxxxxxxxxxxxxxxxxxxxxxxxxxxxxxxxxxxxxxxxxxxxxxxxxxxxxxxxxxxxxxxxxxxxxxx00000000xxxxxxxxxxxxxxxxxxxxxxxxxxxxxxxxxxxxxxxxxxxxxxxx
28: MEM Wr Req: addr=80001480 tag=42 byteen=00000000f0000000 data=xxxxxxxxxxxxxxxxxxxxxxxxxxxxxxxxxxxxxxxxxxxxxxxxxxxxxxxxxxxxxxxx00000000xxxxxxxxxxxxxxxxxxxxxxxxxxxxxxxxxxxxxxxxxxxxxxxxxxxxxxxx
29: MEM Wr Req: addr=80001480 tag=42 byteen=0000000f00000000 data=xxxxxxxxxxxxxxxxxxxxxxxxxxxxxxxxxxxxxxxxxxxxxxxxxxxxxxxx00000000xxxxxxxxxxxxxxxxxxxxxxxxxxxxxxxxxxxxxxxxxxxxxxxxxxxxxxxxxxxxxxxx
30: MEM Wr Req: addr=80001480 tag=42 byteen=000000f000000000 data=xxxxxxxxxxxxxxxxxxxxxxxxxxxxxxxxxxxxxxxxxxxxxxxx00000000xxxxxxxxxxxxxxxxxxxxxxxxxxxxxxxxxxxxxxxxxxxxxxxxxxxxxxxxxxxxxxxxxxxxxxxx
31: MEM Wr Req: addr=80001480 tag=42 byteen=00000f0000000000 data=xxxxxxxxxxxxxxxxxxxxxxxxxxxxxxxxxxxxxxxx00000000xxxxxxxxxxxxxxxxxxxxxxxxxxxxxxxxxxxxxxxxxxxxxxxxxxxxxxxxxxxxxxxxxxxxxxxxxxxxxxxx
32: MEM Wr Req: addr=80001480 tag=42 byteen=0000f00000000000 data=xxxxxxxxxxxxxxxxxxxxxxxxxxxxxxxx00000000xxxxxxxxxxxxxxxxxxxxxxxxxxxxxxxxxxxxxxxxxxxxxxxxxxxxxxxxxxxxxxxxxxxxxxxxxxxxxxxxxxxxxxxx
33: MEM Wr Req: addr=80001480 tag=42 byteen=000f000000000000 data=xxxxxxxxxxxxxxxxxxxxxxxx00000000xxxxxxxxxxxxxxxxxxxxxxxxxxxxxxxxxxxxxxxxxxxxxxxxxxxxxxxxxxxxxxxxxxxxxxxxxxxxxxxxxxxxxxxxxxxxxxxx
34: MEM Wr Req: addr=80001480 tag=42 byteen=00f0000000000000 data=xxxxxxxxxxxxxxxx00000000xxxxxxxxxxxxxxxxxxxxxxxxxxxxxxxxxxxxxxxxxxxxxxxxxxxxxxxxxxxxxxxxxxxxxxxxxxxxxxxxxxxxxxxxxxxxxxxxxxxxxxxx
35: MEM Wr Req: addr=80001480 tag=42 byteen=0f00000000000000 data=xxxxxxxx00000000xxxxxxxxxxxxxxxxxxxxxxxxxxxxxxxxxxxxxxxxxxxxxxxxxxxxxxxxxxxxxxxxxxxxxxxxxxxxxxxxxxxxxxxxxxxxxxxxxxxxxxxxxxxxxxxx
36: MEM Wr Req: addr=80001480 tag=42 byteen=f000000000000000 data=00000000xxxxxxxxxxxxxxxxxxxxxxxxxxxxxxxxxxxxxxxxxxxxxxxxxxxxxxxxxxxxxxxxxxxxxxxxxxxxxxxxxxxxxxxxxxxxxxxxxxxxxxxxxxxxxxxxxxxxxxxx
37: MEM Wr Req: addr=800014c0 tag=62 byteen=0000000000000080 data=xxxxxxxxxxxxxxxxxxxxxxxxxxxxxxxxxxxxxxxxxxxxxxxxxxxxxxxxxxxxxxxxxxxxxxxxxxxxxxxxxxxxxxxxxxxxxxxxxxxxxxxxxxxxxxxx00xxxxxxxxxxxxxx
38: MEM Wr Req: addr=800014c0 tag=62 byteen=0000000000000040 data=xxxxxxxxxxxxxxxxxxxxxxxxxxxxxxxxxxxxxxxxxxxxxxxxxxxxxxxxxxxxxxxxxxxxxxxxxxxxxxxxxxxxxxxxxxxxxxxxxxxxxxxxxxxxxxxxxx00xxxxxxxxxxxx
39: MEM Wr Req: addr=800014c0 tag=62 byteen=0000000000000020 data=xxxxxxxxxxxxxxxxxxxxxxxxxxxxxxxxxxxxxxxxxxxxxxxxxxxxxxxxxxxxxxxxxxxxxxxxxxxxxxxxxxxxxxxxxxxxxxxxxxxxxxxxxxxxxxxxxxxx00xxxxxxxxxx
40: MEM Wr Req: addr=800014c0 tag=62 byteen=0000000000000010 data=xxxxxxxxxxxxxxxxxxxxxxxxxxxxxxxxxxxxxxxxxxxxxxxxxxxxxxxxxxxxxxxxxxxxxxxxxxxxxxxxxxxxxxxxxxxxxxxxxxxxxxxxxxxxxxxxxxxxxx00xxxxxxxx
41: MEM Wr Req: addr=800014c0 tag=62 byteen=0000000000000008 data=xxxxxxxxxxxxxxxxxxxxxxxxxxxxxxxxxxxxxxxxxxxxxxxxxxxxxxxxxxxxxxxxxxxxxxxxxxxxxxxxxxxxxxxxxxxxxxxxxxxxxxxxxxxxxxxxxxxxxxxx00xxxxxx
42: MEM Wr Req: addr=800014c0 tag=62 byteen=0000000000000004 data=xxxxxxxxxxxxxxxxxxxxxxxxxxxxxxxxxxxxxxxxxxxxxxxxxxxxxxxxxxxxxxxxxxxxxxxxxxxxxxxxxxxxxxxxxxxxxxxxxxxxxxxxxxxxxxxxxxxxxxxxxx00xxxx
43: MEM Wr Req: addr=800014c0 tag=62 byteen=0000000000000002 data=xxxxxxxxxxxxxxxxxxxxxxxxxxxxxxxxxxxxxxxxxxxxxxxxxxxxxxxxxxxxxxxxxxxxxxxxxxxxxxxxxxxxxxxxxxxxxxxxxxxxxxxxxxxxxxxxxxxxxxxxxxxx00xx
44: MEM Wr Req: addr=800014c0 tag=62 byteen=0000000000000001 data=xxxxxxxxxxxxxxxxxxxxxxxxxxxxxxxxxxxxxxxxxxxxxxxxxxxxxxxxxxxxxxxxxxxxxxxxxxxxxxxxxxxxxxxxxxxxxxxxxxxxxxxxxxxxxxxxxxxxxxxxxxxxxx00
45: MEM Wr Req: addr=80001140 tag=22 byteen=000000000f000000 data=xxxxxxxxxxxxxxxxxxxxxxxxxxxxxxxxxxxxxxxxxxxxxxxxxxxxxxxxxxxxxxxxxxxxxxxx8000115cxxxxxxxxxxxxxxxxxxxxxxxxxxxxxxxxxxxxxxxxxxxxxxxx
46: MEM Wr Req: addr=80001140 tag=22 byteen=0000000f00000000 data=xxxxxxxxxxxxxxxxxxxxxxxxxxxxxxxxxxxxxxxxxxxxxxxxxxxxxxxx00000001xxxxxxxxxxxxxxxxxxxxxxxxxxxxxxxxxxxxxxxxxxxxxxxxxxxxxxxxxxxxxxxx
47: MEM Wr Req: addr=80001140 tag=22 byteen=000000f000000000 data=xxxxxxxxxxxxxxxxxxxxxxxxxxxxxxxxxxxxxxxxxxxxxxxx80000250xxxxxxxxxxxxxxxxxxxxxxxxxxxxxxxxxxxxxxxxxxxxxxxxxxxxxxxxxxxxxxxxxxxxxxxx
48: MEM Wr Req: addr=80001440 tag=22 byteen=000000000000000f data=xxxxxxxxxxxxxxxxxxxxxxxxxxxxxxxxxxxxxxxxxxxxxxxxxxxxxxxxxxxxxxxxxxxxxxxxxxxxxxxxxxxxxxxxxxxxxxxxxxxxxxxxxxxxxxxxxxxxxxxx0000000b
49: MEM Wr Req: addr=80001400 tag=2 byteen=f000000000000000 data=00000005xxxxxxxxxxxxxxxxxxxxxxxxxxxxxxxxxxxxxxxxxxxxxxxxxxxxxxxxxxxxxxxxxxxxxxxxxxxxxxxxxxxxxxxxxxxxxxxxxxxxxxxxxxxxxxxxxxxxxxxx
50: MEM Wr Req: addr=80001140 tag=22 byteen=0000000f00000000 data=xxxxxxxxxxxxxxxxxxxxxxxxxxxxxxxxxxxxxxxxxxxxxxxxxxxxxxxx00000000xxxxxxxxxxxxxxxxxxxxxxxxxxxxxxxxxxxxxxxxxxxxxxxxxxxxxxxxxxxxxxxx

memory response transactions:
1: MEM Rsp: tag=0 data=41050513000015170005006b00100513134000ef00b5106b1405859300000597fc1025730005006b001005130b0000ef00b5106b0bc5859300000597fc102573
2: MEM Rsp: tag=0 data=00068663cc3026f3fc02721300a2023341f202130000121702b505330000059340b1013300a51593cc102573ff00013774018193000011970005006bfff00513
3: MEM Rsp: tag=0 data=0010007300008067fff0051300008067fff005130000806700000513000080670000051300008067fff0051300008067fff00513000080670005006b00000513
4: MEM Rsp: tag=0 data=0000159700020513000006130007806bfff007930081242300112623ff01011300008067f140257300008067fff0051300008067000605130000806700000513
5: MEM Rsp: tag=0 data=ff01011300008067010101130081240300c120830007806b0017b793cc3027f3171000ef00a40533000005930000061300000513069000ef00020413e8458593
6: MEM Rsp: tag=0 data=0607926300c508b30037f79300a5c7b3ec8ff0ef00040513000780e70007846303c527834387a503800017b72b4000ef00050413001126230081242300000593
7: MEM Rsp: tag=0 data=fec7e8e3ff07ae2300468693004787930006a803000707930005869302c77c6308f76c63fe060793ffc8f61306079863000507130035779304c7fe6300300793
8: MEM Rsp: tag=0 data=00008067ff1768e3fef70fa300158593001707130005c783ff157ce300050713000080670117686300f585b300f7073300478793ffc7f79340e787b3fff60793
9: MEM Rsp: tag=0 data=00b7262300b7242300b7222300b7202300e686b300f67613ff067693080592630a07906300f7779302c37e630005071300f00313f19ff06ffaf768e302458593
10: MEM Rsp: tag=0 data=00b7042300b704a300b7052300b705a300b7062300b706a300b7072300c68067005686b3000002970026969340c306b30000806700061463fed766e301070713
11: MEM Rsp: tag=0 data=00279693f6dff06f00d5e5b30105969300d5e5b3008596930ff5f5930000806700b7002300b700a300b7012300b701a300b7022300b702a300b7032300b703a3
12: MEM Rsp: tag=0 data=0087879300278693000727833d470713000017171550006f008000ef15c000ef14d000ef1fc50513000005172bd000ef0000059340a606334886061300001617
13: MEM Rsp: tag=0 data=01f008130047a70304078c63148727834387a703800017b7f3dff06ff6c378e300f6063340f70733ff07879300028093fa0680e700008293005686b300000297
14: MEM Rsp: tag=0 data=ff0101132300006f0000051300000613000006930005059300008067fff0051300008067fff0051300008067fff0051300008067fff0051300008067fff00513
15: MEM Rsp: tag=2 data=00000005800010100000000000000000000000000000000000000000000000000000000000000000000000000000000000000000000000000000000000000000
16: MEM Rsp: tag=22 data=00000000000000000000000000000000000000000000000000000000000000000000000000000000000000000000000000000000000000000000000000000000
17: MEM Rsp: tag=0 data=fff00513000080670000051300b7a423010787b318c7a62300c6e63300e7a2230017071318c7a683fa5ff06f14f7242314c70793000080670000051300b7a423
18: MEM Rsp: tag=0 data=010787b300e7a2230017071302d504630020069310d324231917a42300c8e8b300e61633001006131887a88308c3242301078333020506630027181306e84e63
19: MEM Rsp: tag=0 data=000780e70044041300148493000427830000049300090e6340295913009122230011262340890933e309091300001917e3840413000014170121202300812423
20: MEM Rsp: tag=0 data=0081240300c12083fe9918e3000780e70044041300148493000427830000049300090e634029591340890933df89091300001917dfc4041300001417fe9918e3
21: MEM Rsp: tag=2 data=0000000000000000000000000000000000000000000000000000000000000000800013cc80001364800012fc000000000000000000000000000000008000009c
22: MEM Rsp: tag=0 data=0005006b0000051300040193000080670fd0006f2505051380000537000788630000079300008067001005130007806bfff007933ad62c230000161700f72023
23: MEM Rsp: tag=0 data=ffc78793020480634027d4930011262300912223408787b3da44041300001417dac787930000179700812423ff01011300008067010101130001290300412483
24: MEM Rsp: tag=22 data=00000000000000000000000000000000000000000000000000000000000000000000000000000000000000000000000000000000000000008000101000000003
25: MEM Rsp: tag=0 data=0409006301812423017126230161282301512a2301312e230291222302812423148a290302112623032120234387aa0301412c23800017b7fd01011300008067
26: MEM Rsp: tag=0 data=02c12083ff3416e3ffc48493fff40413057780631044a783040b8463009904b30024949302044263fff4841300492483fff0099300100a9300058b9300050b13
27: MEM Rsp: tag=0 data=0004a22304878e63fff787930044a68300492783000080670301011300812c0300c12b8301012b0301412a8301812a0301c12983020129030241248302812403
28: MEM Rsp: tag=0 data=0000001000020d1b01017c0100527a030000000000000010fb9ff06f000680e700058513fa9ff06f00892223fcdff06f000680e7000b051300071c6300f77733
29: MEM Rsp: tag=0 data=0844a58318c92783f5dff06f00078913f80788e3f8f904e301871463148a278300492703000680e70207926300f777b300492c03008a973318892783fa0688e3
30: MEM Rsp: tag=62 data=00000000000000000000000000000000000000000000000000000000000000000000000000000000000000000000000000000000000000000000000000000000
31: MEM Rsp: tag=0 data=01212023009122230081242300112623ff0101130000806701010113004124830081240300c12083fe0498e3000780e7ffc40413fff484930004278300878433
32: MEM Rsp: tag=22 data=00000000000000000000000000000000000000000000000000000000000000000000000000000000000000000000000000000000000000000000000000000000

