all memory transactions:
1: MEM Rd Req: addr=80000000 tag=0
2: MEM Rsp: tag=0 data=40850513000015170005006b00100513120000ef00b5106b12c5859300000597fc1025730005006b0010051309c000ef00b5106b0a85859300000597fc102573
3: MEM Rd Req: addr=80000080 tag=0
4: MEM Rsp: tag=0 data=ff00013775418193000011970005006bfff005130005006b0000051300040193000080670fd0006f23c505138000053700078863000007930000806700000513
5: MEM Rd Req: addr=800000c0 tag=0
6: MEM Rsp: tag=0 data=00008067fff00513000080670005006b0000051300068663cc3026f3fc02721300a2023342f202130000121702b505330000059340b1013300a51593cc102573
7: MEM Rd Req: addr=80000140 tag=0
8: MEM Rsp: tag=0 data=0000061300000513069000ef00020413e98585930000159700020513000006130007806bfff007930081242300112623ff01011300008067f140257300008067
9: MEM Rd Req: addr=800009c0 tag=0
10: MEM Rsp: tag=0 data=06079863000507130035779304c7fe63003007930607926300c508b30037f79300a5c7b3ec8ff0ef00040513000780e70007846303c527834387a503800017b7
11: MEM Rd Req: addr=80000a40 tag=0
12: MEM Rsp: tag=0 data=00158593fed70fa300377793001707130005c68300008067ff1768e3fef70fa300158593001707130005c783ff157ce300050713000080670117686300f585b3
13: MEM Rd Req: addr=80000180 tag=0
14: MEM Rsp: tag=0 data=00001917e4c40413000014170121202300812423ff01011300008067010101130081240300c120830007806b0017b793cc3027f3171000ef00a4053300000593
15: MEM Rd Req: addr=80000ac0 tag=0
16: MEM Rsp: tag=0 data=0005071300f00313f19ff06ffaf768e3024585930247071302d7202301072e2300672c2301c72a2301d7282301e7262301f72423005720230205a68300d72223
17: MEM Rd Req: addr=80000b00 tag=0
18: MEM Rsp: tag=0 data=40c306b30000806700061463fed766e30107071300b7262300b7242300b7222300b7202300e686b300f67613ff067693080592630a07906300f7779302c37e63
19: MEM Rd Req: addr=80000b40 tag=0
20: MEM Rsp: tag=0 data=00b701a300b7022300b702a300b7032300b703a300b7042300b704a300b7052300b705a300b7062300b706a300b7072300c68067005686b30000029700269693
21: MEM Rd Req: addr=80000b80 tag=0
22: MEM Rsp: tag=0 data=00028093fa0680e700008293005686b30000029700279693f6dff06f00d5e5b30105969300d5e5b3008596930ff5f5930000806700b7002300b700a300b70123
23: MEM Rd Req: addr=80000040 tag=0
24: MEM Rsp: tag=0 data=0007806bfff007933cf7282300001717003007931410006f008000ef148000ef139000ef1e850513000005172a9000ef0000059340a606334846061300001617
25: MEM Wr Req: addr=80001440 tag=22 byteen=000000000000000f data=xxxxxxxxxxxxxxxxxxxxxxxxxxxxxxxxxxxxxxxxxxxxxxxxxxxxxxxxxxxxxxxxxxxxxxxxxxxxxxxxxxxxxxxxxxxxxxxxxxxxxxxxxxxxxxxxxxxxxxxx00000000
26: MEM Wr Req: addr=80001440 tag=22 byteen=00000000000000f0 data=xxxxxxxxxxxxxxxxxxxxxxxxxxxxxxxxxxxxxxxxxxxxxxxxxxxxxxxxxxxxxxxxxxxxxxxxxxxxxxxxxxxxxxxxxxxxxxxxxxxxxxxxxxxxxxxx00000000xxxxxxxx
27: MEM Wr Req: addr=80001440 tag=22 byteen=0000000000000f00 data=xxxxxxxxxxxxxxxxxxxxxxxxxxxxxxxxxxxxxxxxxxxxxxxxxxxxxxxxxxxxxxxxxxxxxxxxxxxxxxxxxxxxxxxxxxxxxxxxxxxxxxxx00000000xxxxxxxxxxxxxxxx
28: MEM Wr Req: addr=80001440 tag=22 byteen=000000000000f000 data=xxxxxxxxxxxxxxxxxxxxxxxxxxxxxxxxxxxxxxxxxxxxxxxxxxxxxxxxxxxxxxxxxxxxxxxxxxxxxxxxxxxxxxxxxxxxxxxx00000000xxxxxxxxxxxxxxxxxxxxxxxx
29: MEM Wr Req: addr=80001440 tag=22 byteen=00000000000f0000 data=xxxxxxxxxxxxxxxxxxxxxxxxxxxxxxxxxxxxxxxxxxxxxxxxxxxxxxxxxxxxxxxxxxxxxxxxxxxxxxxxxxxxxxxx00000000xxxxxxxxxxxxxxxxxxxxxxxxxxxxxxxx
30: MEM Wr Req: addr=80001440 tag=22 byteen=0000000000f00000 data=xxxxxxxxxxxxxxxxxxxxxxxxxxxxxxxxxxxxxxxxxxxxxxxxxxxxxxxxxxxxxxxxxxxxxxxxxxxxxxxx00000000xxxxxxxxxxxxxxxxxxxxxxxxxxxxxxxxxxxxxxxx
31: MEM Wr Req: addr=80001440 tag=22 byteen=000000000f000000 data=xxxxxxxxxxxxxxxxxxxxxxxxxxxxxxxxxxxxxxxxxxxxxxxxxxxxxxxxxxxxxxxxxxxxxxxx00000000xxxxxxxxxxxxxxxxxxxxxxxxxxxxxxxxxxxxxxxxxxxxxxxx
32: MEM Wr Req: addr=80001440 tag=22 byteen=00000000f0000000 data=xxxxxxxxxxxxxxxxxxxxxxxxxxxxxxxxxxxxxxxxxxxxxxxxxxxxxxxxxxxxxxxx00000000xxxxxxxxxxxxxxxxxxxxxxxxxxxxxxxxxxxxxxxxxxxxxxxxxxxxxxxx
33: MEM Wr Req: addr=80001440 tag=22 byteen=0000000f00000000 data=xxxxxxxxxxxxxxxxxxxxxxxxxxxxxxxxxxxxxxxxxxxxxxxxxxxxxxxx00000000xxxxxxxxxxxxxxxxxxxxxxxxxxxxxxxxxxxxxxxxxxxxxxxxxxxxxxxxxxxxxxxx
34: MEM Wr Req: addr=80001440 tag=22 byteen=000000f000000000 data=xxxxxxxxxxxxxxxxxxxxxxxxxxxxxxxxxxxxxxxxxxxxxxxx00000000xxxxxxxxxxxxxxxxxxxxxxxxxxxxxxxxxxxxxxxxxxxxxxxxxxxxxxxxxxxxxxxxxxxxxxxx
35: MEM Wr Req: addr=80001440 tag=22 byteen=00000f0000000000 data=xxxxxxxxxxxxxxxxxxxxxxxxxxxxxxxxxxxxxxxx00000000xxxxxxxxxxxxxxxxxxxxxxxxxxxxxxxxxxxxxxxxxxxxxxxxxxxxxxxxxxxxxxxxxxxxxxxxxxxxxxxx
36: MEM Wr Req: addr=80001440 tag=22 byteen=0000f00000000000 data=xxxxxxxxxxxxxxxxxxxxxxxxxxxxxxxx00000000xxxxxxxxxxxxxxxxxxxxxxxxxxxxxxxxxxxxxxxxxxxxxxxxxxxxxxxxxxxxxxxxxxxxxxxxxxxxxxxxxxxxxxxx
37: MEM Wr Req: addr=80001440 tag=22 byteen=000f000000000000 data=xxxxxxxxxxxxxxxxxxxxxxxx00000000xxxxxxxxxxxxxxxxxxxxxxxxxxxxxxxxxxxxxxxxxxxxxxxxxxxxxxxxxxxxxxxxxxxxxxxxxxxxxxxxxxxxxxxxxxxxxxxx
38: MEM Wr Req: addr=80001440 tag=22 byteen=00f0000000000000 data=xxxxxxxxxxxxxxxx00000000xxxxxxxxxxxxxxxxxxxxxxxxxxxxxxxxxxxxxxxxxxxxxxxxxxxxxxxxxxxxxxxxxxxxxxxxxxxxxxxxxxxxxxxxxxxxxxxxxxxxxxxx
39: MEM Wr Req: addr=80001440 tag=22 byteen=0f00000000000000 data=xxxxxxxx00000000xxxxxxxxxxxxxxxxxxxxxxxxxxxxxxxxxxxxxxxxxxxxxxxxxxxxxxxxxxxxxxxxxxxxxxxxxxxxxxxxxxxxxxxxxxxxxxxxxxxxxxxxxxxxxxxx
40: MEM Wr Req: addr=80001440 tag=22 byteen=f000000000000000 data=00000000xxxxxxxxxxxxxxxxxxxxxxxxxxxxxxxxxxxxxxxxxxxxxxxxxxxxxxxxxxxxxxxxxxxxxxxxxxxxxxxxxxxxxxxxxxxxxxxxxxxxxxxxxxxxxxxxxxxxxxxx
41: MEM Wr Req: addr=80001480 tag=42 byteen=000000000000000f data=xxxxxxxxxxxxxxxxxxxxxxxxxxxxxxxxxxxxxxxxxxxxxxxxxxxxxxxxxxxxxxxxxxxxxxxxxxxxxxxxxxxxxxxxxxxxxxxxxxxxxxxxxxxxxxxxxxxxxxxx00000000
42: MEM Wr Req: addr=80001480 tag=42 byteen=00000000000000f0 data=xxxxxxxxxxxxxxxxxxxxxxxxxxxxxxxxxxxxxxxxxxxxxxxxxxxxxxxxxxxxxxxxxxxxxxxxxxxxxxxxxxxxxxxxxxxxxxxxxxxxxxxxxxxxxxxx00000000xxxxxxxx
43: MEM Wr Req: addr=80001480 tag=42 byteen=0000000000000f00 data=xxxxxxxxxxxxxxxxxxxxxxxxxxxxxxxxxxxxxxxxxxxxxxxxxxxxxxxxxxxxxxxxxxxxxxxxxxxxxxxxxxxxxxxxxxxxxxxxxxxxxxxx00000000xxxxxxxxxxxxxxxx
44: MEM Wr Req: addr=80001480 tag=42 byteen=000000000000f000 data=xxxxxxxxxxxxxxxxxxxxxxxxxxxxxxxxxxxxxxxxxxxxxxxxxxxxxxxxxxxxxxxxxxxxxxxxxxxxxxxxxxxxxxxxxxxxxxxx00000000xxxxxxxxxxxxxxxxxxxxxxxx
45: MEM Wr Req: addr=80001480 tag=42 byteen=00000000000f0000 data=xxxxxxxxxxxxxxxxxxxxxxxxxxxxxxxxxxxxxxxxxxxxxxxxxxxxxxxxxxxxxxxxxxxxxxxxxxxxxxxxxxxxxxxx00000000xxxxxxxxxxxxxxxxxxxxxxxxxxxxxxxx
46: MEM Wr Req: addr=80001480 tag=42 byteen=0000000000f00000 data=xxxxxxxxxxxxxxxxxxxxxxxxxxxxxxxxxxxxxxxxxxxxxxxxxxxxxxxxxxxxxxxxxxxxxxxxxxxxxxxx00000000xxxxxxxxxxxxxxxxxxxxxxxxxxxxxxxxxxxxxxxx
47: MEM Wr Req: addr=80001480 tag=42 byteen=000000000f000000 data=xxxxxxxxxxxxxxxxxxxxxxxxxxxxxxxxxxxxxxxxxxxxxxxxxxxxxxxxxxxxxxxxxxxxxxxx00000000xxxxxxxxxxxxxxxxxxxxxxxxxxxxxxxxxxxxxxxxxxxxxxxx
48: MEM Wr Req: addr=80001480 tag=42 byteen=00000000f0000000 data=xxxxxxxxxxxxxxxxxxxxxxxxxxxxxxxxxxxxxxxxxxxxxxxxxxxxxxxxxxxxxxxx00000000xxxxxxxxxxxxxxxxxxxxxxxxxxxxxxxxxxxxxxxxxxxxxxxxxxxxxxxx
49: MEM Wr Req: addr=80001480 tag=42 byteen=0000000f00000000 data=xxxxxxxxxxxxxxxxxxxxxxxxxxxxxxxxxxxxxxxxxxxxxxxxxxxxxxxx00000000xxxxxxxxxxxxxxxxxxxxxxxxxxxxxxxxxxxxxxxxxxxxxxxxxxxxxxxxxxxxxxxx
50: MEM Wr Req: addr=80001480 tag=42 byteen=000000f000000000 data=xxxxxxxxxxxxxxxxxxxxxxxxxxxxxxxxxxxxxxxxxxxxxxxx00000000xxxxxxxxxxxxxxxxxxxxxxxxxxxxxxxxxxxxxxxxxxxxxxxxxxxxxxxxxxxxxxxxxxxxxxxx
51: MEM Wr Req: addr=80001480 tag=42 byteen=00000f0000000000 data=xxxxxxxxxxxxxxxxxxxxxxxxxxxxxxxxxxxxxxxx00000000xxxxxxxxxxxxxxxxxxxxxxxxxxxxxxxxxxxxxxxxxxxxxxxxxxxxxxxxxxxxxxxxxxxxxxxxxxxxxxxx
52: MEM Wr Req: addr=80001480 tag=42 byteen=0000f00000000000 data=xxxxxxxxxxxxxxxxxxxxxxxxxxxxxxxx00000000xxxxxxxxxxxxxxxxxxxxxxxxxxxxxxxxxxxxxxxxxxxxxxxxxxxxxxxxxxxxxxxxxxxxxxxxxxxxxxxxxxxxxxxx
53: MEM Wr Req: addr=80001480 tag=42 byteen=000f000000000000 data=xxxxxxxxxxxxxxxxxxxxxxxx00000000xxxxxxxxxxxxxxxxxxxxxxxxxxxxxxxxxxxxxxxxxxxxxxxxxxxxxxxxxxxxxxxxxxxxxxxxxxxxxxxxxxxxxxxxxxxxxxxx
54: MEM Wr Req: addr=80001480 tag=42 byteen=00f0000000000000 data=xxxxxxxxxxxxxxxx00000000xxxxxxxxxxxxxxxxxxxxxxxxxxxxxxxxxxxxxxxxxxxxxxxxxxxxxxxxxxxxxxxxxxxxxxxxxxxxxxxxxxxxxxxxxxxxxxxxxxxxxxxx
55: MEM Wr Req: addr=80001480 tag=42 byteen=0f00000000000000 data=xxxxxxxx00000000xxxxxxxxxxxxxxxxxxxxxxxxxxxxxxxxxxxxxxxxxxxxxxxxxxxxxxxxxxxxxxxxxxxxxxxxxxxxxxxxxxxxxxxxxxxxxxxxxxxxxxxxxxxxxxxx
56: MEM Wr Req: addr=80001480 tag=42 byteen=f000000000000000 data=00000000xxxxxxxxxxxxxxxxxxxxxxxxxxxxxxxxxxxxxxxxxxxxxxxxxxxxxxxxxxxxxxxxxxxxxxxxxxxxxxxxxxxxxxxxxxxxxxxxxxxxxxxxxxxxxxxxxxxxxxxx
57: MEM Wr Req: addr=800014c0 tag=62 byteen=0000000000000008 data=xxxxxxxxxxxxxxxxxxxxxxxxxxxxxxxxxxxxxxxxxxxxxxxxxxxxxxxxxxxxxxxxxxxxxxxxxxxxxxxxxxxxxxxxxxxxxxxxxxxxxxxxxxxxxxxxxxxxxxxx00xxxxxx
58: MEM Wr Req: addr=800014c0 tag=62 byteen=0000000000000004 data=xxxxxxxxxxxxxxxxxxxxxxxxxxxxxxxxxxxxxxxxxxxxxxxxxxxxxxxxxxxxxxxxxxxxxxxxxxxxxxxxxxxxxxxxxxxxxxxxxxxxxxxxxxxxxxxxxxxxxxxxxx00xxxx
59: MEM Wr Req: addr=800014c0 tag=62 byteen=0000000000000002 data=xxxxxxxxxxxxxxxxxxxxxxxxxxxxxxxxxxxxxxxxxxxxxxxxxxxxxxxxxxxxxxxxxxxxxxxxxxxxxxxxxxxxxxxxxxxxxxxxxxxxxxxxxxxxxxxxxxxxxxxxxxxx00xx
60: MEM Wr Req: addr=800014c0 tag=62 byteen=0000000000000001 data=xxxxxxxxxxxxxxxxxxxxxxxxxxxxxxxxxxxxxxxxxxxxxxxxxxxxxxxxxxxxxxxxxxxxxxxxxxxxxxxxxxxxxxxxxxxxxxxxxxxxxxxxxxxxxxxxxxxxxxxxxxxxxx00
61: MEM Rd Req: addr=80000980 tag=0
62: MEM Rsp: tag=0 data=2b4000ef00050413001126230081242300000593ff0101132300006f0000051300000613000006930005059300008067fff0051300008067fff0051300008067
63: MEM Rd Req: addr=80000bc0 tag=0
64: MEM Rsp: tag=0 data=08c3242301078333020506630027181306e84e6301f008130047a70304078c63148727834387a703800017b7f3dff06ff6c378e300f6063340f70733ff078793
65: MEM Rd Req: addr=80001400 tag=2
66: MEM Rsp: tag=2 data=80001010800010100000000000000000000000000000000000000000000000000000000000000000000000000000000000000000000000000000000000000000
67: MEM Rd Req: addr=80001140 tag=22
68: MEM Rsp: tag=22 data=00000000000000000000000000000000000000000000000000000000000000000000000000000000000000000000000000000000000000000000000000000000
69: MEM Rd Req: addr=80000c00 tag=0
70: MEM Rsp: tag=0 data=14f7242314c70793000080670000051300b7a423010787b300e7a2230017071302d504630020069310d324231917a42300c8e8b300e61633001006131887a883
71: MEM Rd Req: addr=80000c40 tag=0
72: MEM Rsp: tag=0 data=4387aa0301412c23800017b7fd01011300008067fff00513000080670000051300b7a423010787b318c7a62300c6e63300e7a2230017071318c7a683fa5ff06f
73: MEM Wr Req: addr=80001140 tag=22 byteen=000000000f000000 data=xxxxxxxxxxxxxxxxxxxxxxxxxxxxxxxxxxxxxxxxxxxxxxxxxxxxxxxxxxxxxxxxxxxxxxxx8000115cxxxxxxxxxxxxxxxxxxxxxxxxxxxxxxxxxxxxxxxxxxxxxxxx
74: MEM Wr Req: addr=80001140 tag=22 byteen=0000000f00000000 data=xxxxxxxxxxxxxxxxxxxxxxxxxxxxxxxxxxxxxxxxxxxxxxxxxxxxxxxx00000001xxxxxxxxxxxxxxxxxxxxxxxxxxxxxxxxxxxxxxxxxxxxxxxxxxxxxxxxxxxxxxxx
75: MEM Wr Req: addr=80001140 tag=22 byteen=000000f000000000 data=xxxxxxxxxxxxxxxxxxxxxxxxxxxxxxxxxxxxxxxxxxxxxxxx8000023cxxxxxxxxxxxxxxxxxxxxxxxxxxxxxxxxxxxxxxxxxxxxxxxxxxxxxxxxxxxxxxxxxxxxxxxx
76: MEM Rd Req: addr=800001c0 tag=0
77: MEM Rsp: tag=0 data=e0c9091300001917e104041300001417fe9918e3000780e70044041300148493000427830000049300090e6340295913009122230011262340890933e4490913
78: MEM Rd Req: addr=80000200 tag=0
79: MEM Rsp: tag=0 data=ff010113000080670101011300012903004124830081240300c12083fe9918e3000780e70044041300148493000427830000049300090e634029591340890933
80: MEM Rd Req: addr=80001000 tag=2
81: MEM Rsp: tag=2 data=0000000000000000000000000000000000000000000000000000000000000000800013cc80001364800012fc0000000000000000000000000000000080000088
82: MEM Wr Req: addr=80001440 tag=22 byteen=000000000000000f data=xxxxxxxxxxxxxxxxxxxxxxxxxxxxxxxxxxxxxxxxxxxxxxxxxxxxxxxxxxxxxxxxxxxxxxxxxxxxxxxxxxxxxxxxxxxxxxxxxxxxxxxxxxxxxxxxxxxxxxxx00000003
83: MEM Rd Req: addr=80000c80 tag=0
84: MEM Rsp: tag=0 data=00492483fff0099300100a9300058b9300050b130409006301812423017126230161282301512a2301312e230291222302812423148a29030211262303212023
85: MEM Rd Req: addr=80000cc0 tag=0
86: MEM Rsp: tag=0 data=01812a0301c1298302012903024124830281240302c12083ff3416e3ffc48493fff40413057780631044a783040b8463009904b30024949302044263fff48413
87: MEM Rd Req: addr=80000d00 tag=0
88: MEM Rsp: tag=0 data=00f777b300492c03008a973318892783fa0688e30004a22304878e63fff787930044a68300492783000080670301011300812c0300c12b8301012b0301412a83
89: MEM Rd Req: addr=80000d80 tag=0
90: MEM Rsp: tag=0 data=000000100000000000000008fffffb84000000180000001000020d1b01017c0100527a030000000000000010fb9ff06f000680e700058513fa9ff06f00892223
91: MEM Wr Req: addr=80001140 tag=22 byteen=0000000f00000000 data=xxxxxxxxxxxxxxxxxxxxxxxxxxxxxxxxxxxxxxxxxxxxxxxxxxxxxxxx00000000xxxxxxxxxxxxxxxxxxxxxxxxxxxxxxxxxxxxxxxxxxxxxxxxxxxxxxxxxxxxxxxx
92: MEM Rd Req: addr=800012c0 tag=62
93: MEM Rsp: tag=62 data=00000000000000000000000000000000000000000000000000000000000000000000000000000000000000000000000000000000000000000000000000000000
94: MEM Rd Req: addr=80000d40 tag=0
95: MEM Rsp: tag=0 data=fcdff06f000680e7000b051300071c6300f777330844a58318c92783f5dff06f00078913f80788e3f8f904e301871463148a278300492703000680e702079263
96: MEM Rd Req: addr=80000240 tag=0
97: MEM Rsp: tag=0 data=000780e7ffc40413fff484930004278300878433ffc78793020480634027d4930011262300912223408787b3db84041300001417dc0787930000179700812423
98: MEM Rd Req: addr=80000280 tag=0
99: MEM Rsp: tag=0 data=00279613fc0025f3cc0026f3cc302773cc5027f301212023009122230081242300112623ff0101130000806701010113004124830081240300c12083fe0498e3
100: MEM Rd Req: addr=80001040 tag=22
101: MEM Rsp: tag=22 data=00000000000000000000000000000000000000000000000000000000000000000000000000000000000000000000000000000000000000000000000000000000

memory read request transactions:
1: MEM Rd Req: addr=80000000 tag=0
2: MEM Rd Req: addr=80000080 tag=0
3: MEM Rd Req: addr=800000c0 tag=0
4: MEM Rd Req: addr=80000140 tag=0
5: MEM Rd Req: addr=800009c0 tag=0
6: MEM Rd Req: addr=80000a40 tag=0
7: MEM Rd Req: addr=80000180 tag=0
8: MEM Rd Req: addr=80000ac0 tag=0
9: MEM Rd Req: addr=80000b00 tag=0
10: MEM Rd Req: addr=80000b40 tag=0
11: MEM Rd Req: addr=80000b80 tag=0
12: MEM Rd Req: addr=80000040 tag=0
13: MEM Rd Req: addr=80000980 tag=0
14: MEM Rd Req: addr=80000bc0 tag=0
15: MEM Rd Req: addr=80001400 tag=2
16: MEM Rd Req: addr=80001140 tag=22
17: MEM Rd Req: addr=80000c00 tag=0
18: MEM Rd Req: addr=80000c40 tag=0
19: MEM Rd Req: addr=800001c0 tag=0
20: MEM Rd Req: addr=80000200 tag=0
21: MEM Rd Req: addr=80001000 tag=2
22: MEM Rd Req: addr=80000c80 tag=0
23: MEM Rd Req: addr=80000cc0 tag=0
24: MEM Rd Req: addr=80000d00 tag=0
25: MEM Rd Req: addr=80000d80 tag=0
26: MEM Rd Req: addr=800012c0 tag=62
27: MEM Rd Req: addr=80000d40 tag=0
28: MEM Rd Req: addr=80000240 tag=0
29: MEM Rd Req: addr=80000280 tag=0
30: MEM Rd Req: addr=80001040 tag=22

memory write request transactions:
1: MEM Wr Req: addr=80001440 tag=22 byteen=000000000000000f data=xxxxxxxxxxxxxxxxxxxxxxxxxxxxxxxxxxxxxxxxxxxxxxxxxxxxxxxxxxxxxxxxxxxxxxxxxxxxxxxxxxxxxxxxxxxxxxxxxxxxxxxxxxxxxxxxxxxxxxxx00000000
2: MEM Wr Req: addr=80001440 tag=22 byteen=00000000000000f0 data=xxxxxxxxxxxxxxxxxxxxxxxxxxxxxxxxxxxxxxxxxxxxxxxxxxxxxxxxxxxxxxxxxxxxxxxxxxxxxxxxxxxxxxxxxxxxxxxxxxxxxxxxxxxxxxxx00000000xxxxxxxx
3: MEM Wr Req: addr=80001440 tag=22 byteen=0000000000000f00 data=xxxxxxxxxxxxxxxxxxxxxxxxxxxxxxxxxxxxxxxxxxxxxxxxxxxxxxxxxxxxxxxxxxxxxxxxxxxxxxxxxxxxxxxxxxxxxxxxxxxxxxxx00000000xxxxxxxxxxxxxxxx
4: MEM Wr Req: addr=80001440 tag=22 byteen=000000000000f000 data=xxxxxxxxxxxxxxxxxxxxxxxxxxxxxxxxxxxxxxxxxxxxxxxxxxxxxxxxxxxxxxxxxxxxxxxxxxxxxxxxxxxxxxxxxxxxxxxx00000000xxxxxxxxxxxxxxxxxxxxxxxx
5: MEM Wr Req: addr=80001440 tag=22 byteen=00000000000f0000 data=xxxxxxxxxxxxxxxxxxxxxxxxxxxxxxxxxxxxxxxxxxxxxxxxxxxxxxxxxxxxxxxxxxxxxxxxxxxxxxxxxxxxxxxx00000000xxxxxxxxxxxxxxxxxxxxxxxxxxxxxxxx
6: MEM Wr Req: addr=80001440 tag=22 byteen=0000000000f00000 data=xxxxxxxxxxxxxxxxxxxxxxxxxxxxxxxxxxxxxxxxxxxxxxxxxxxxxxxxxxxxxxxxxxxxxxxxxxxxxxxx00000000xxxxxxxxxxxxxxxxxxxxxxxxxxxxxxxxxxxxxxxx
7: MEM Wr Req: addr=80001440 tag=22 byteen=000000000f000000 data=xxxxxxxxxxxxxxxxxxxxxxxxxxxxxxxxxxxxxxxxxxxxxxxxxxxxxxxxxxxxxxxxxxxxxxxx00000000xxxxxxxxxxxxxxxxxxxxxxxxxxxxxxxxxxxxxxxxxxxxxxxx
8: MEM Wr Req: addr=80001440 tag=22 byteen=00000000f0000000 data=xxxxxxxxxxxxxxxxxxxxxxxxxxxxxxxxxxxxxxxxxxxxxxxxxxxxxxxxxxxxxxxx00000000xxxxxxxxxxxxxxxxxxxxxxxxxxxxxxxxxxxxxxxxxxxxxxxxxxxxxxxx
9: MEM Wr Req: addr=80001440 tag=22 byteen=0000000f00000000 data=xxxxxxxxxxxxxxxxxxxxxxxxxxxxxxxxxxxxxxxxxxxxxxxxxxxxxxxx00000000xxxxxxxxxxxxxxxxxxxxxxxxxxxxxxxxxxxxxxxxxxxxxxxxxxxxxxxxxxxxxxxx
10: MEM Wr Req: addr=80001440 tag=22 byteen=000000f000000000 data=xxxxxxxxxxxxxxxxxxxxxxxxxxxxxxxxxxxxxxxxxxxxxxxx00000000xxxxxxxxxxxxxxxxxxxxxxxxxxxxxxxxxxxxxxxxxxxxxxxxxxxxxxxxxxxxxxxxxxxxxxxx
11: MEM Wr Req: addr=80001440 tag=22 byteen=00000f0000000000 data=xxxxxxxxxxxxxxxxxxxxxxxxxxxxxxxxxxxxxxxx00000000xxxxxxxxxxxxxxxxxxxxxxxxxxxxxxxxxxxxxxxxxxxxxxxxxxxxxxxxxxxxxxxxxxxxxxxxxxxxxxxx
12: MEM Wr Req: addr=80001440 tag=22 byteen=0000f00000000000 data=xxxxxxxxxxxxxxxxxxxxxxxxxxxxxxxx00000000xxxxxxxxxxxxxxxxxxxxxxxxxxxxxxxxxxxxxxxxxxxxxxxxxxxxxxxxxxxxxxxxxxxxxxxxxxxxxxxxxxxxxxxx
13: MEM Wr Req: addr=80001440 tag=22 byteen=000f000000000000 data=xxxxxxxxxxxxxxxxxxxxxxxx00000000xxxxxxxxxxxxxxxxxxxxxxxxxxxxxxxxxxxxxxxxxxxxxxxxxxxxxxxxxxxxxxxxxxxxxxxxxxxxxxxxxxxxxxxxxxxxxxxx
14: MEM Wr Req: addr=80001440 tag=22 byteen=00f0000000000000 data=xxxxxxxxxxxxxxxx00000000xxxxxxxxxxxxxxxxxxxxxxxxxxxxxxxxxxxxxxxxxxxxxxxxxxxxxxxxxxxxxxxxxxxxxxxxxxxxxxxxxxxxxxxxxxxxxxxxxxxxxxxx
15: MEM Wr Req: addr=80001440 tag=22 byteen=0f00000000000000 data=xxxxxxxx00000000xxxxxxxxxxxxxxxxxxxxxxxxxxxxxxxxxxxxxxxxxxxxxxxxxxxxxxxxxxxxxxxxxxxxxxxxxxxxxxxxxxxxxxxxxxxxxxxxxxxxxxxxxxxxxxxx
16: MEM Wr Req: addr=80001440 tag=22 byteen=f000000000000000 data=00000000xxxxxxxxxxxxxxxxxxxxxxxxxxxxxxxxxxxxxxxxxxxxxxxxxxxxxxxxxxxxxxxxxxxxxxxxxxxxxxxxxxxxxxxxxxxxxxxxxxxxxxxxxxxxxxxxxxxxxxxx
17: MEM Wr Req: addr=80001480 tag=42 byteen=000000000000000f data=xxxxxxxxxxxxxxxxxxxxxxxxxxxxxxxxxxxxxxxxxxxxxxxxxxxxxxxxxxxxxxxxxxxxxxxxxxxxxxxxxxxxxxxxxxxxxxxxxxxxxxxxxxxxxxxxxxxxxxxx00000000
18: MEM Wr Req: addr=80001480 tag=42 byteen=00000000000000f0 data=xxxxxxxxxxxxxxxxxxxxxxxxxxxxxxxxxxxxxxxxxxxxxxxxxxxxxxxxxxxxxxxxxxxxxxxxxxxxxxxxxxxxxxxxxxxxxxxxxxxxxxxxxxxxxxxx00000000xxxxxxxx
19: MEM Wr Req: addr=80001480 tag=42 byteen=0000000000000f00 data=xxxxxxxxxxxxxxxxxxxxxxxxxxxxxxxxxxxxxxxxxxxxxxxxxxxxxxxxxxxxxxxxxxxxxxxxxxxxxxxxxxxxxxxxxxxxxxxxxxxxxxxx00000000xxxxxxxxxxxxxxxx
20: MEM Wr Req: addr=80001480 tag=42 byteen=000000000000f000 data=xxxxxxxxxxxxxxxxxxxxxxxxxxxxxxxxxxxxxxxxxxxxxxxxxxxxxxxxxxxxxxxxxxxxxxxxxxxxxxxxxxxxxxxxxxxxxxxx00000000xxxxxxxxxxxxxxxxxxxxxxxx
21: MEM Wr Req: addr=80001480 tag=42 byteen=00000000000f0000 data=xxxxxxxxxxxxxxxxxxxxxxxxxxxxxxxxxxxxxxxxxxxxxxxxxxxxxxxxxxxxxxxxxxxxxxxxxxxxxxxxxxxxxxxx00000000xxxxxxxxxxxxxxxxxxxxxxxxxxxxxxxx
22: MEM Wr Req: addr=80001480 tag=42 byteen=0000000000f00000 data=xxxxxxxxxxxxxxxxxxxxxxxxxxxxxxxxxxxxxxxxxxxxxxxxxxxxxxxxxxxxxxxxxxxxxxxxxxxxxxxx00000000xxxxxxxxxxxxxxxxxxxxxxxxxxxxxxxxxxxxxxxx
23: MEM Wr Req: addr=80001480 tag=42 byteen=000000000f000000 data=xxxxxxxxxxxxxxxxxxxxxxxxxxxxxxxxxxxxxxxxxxxxxxxxxxxxxxxxxxxxxxxxxxxxxxxx00000000xxxxxxxxxxxxxxxxxxxxxxxxxxxxxxxxxxxxxxxxxxxxxxxx
24: MEM Wr Req: addr=80001480 tag=42 byteen=00000000f0000000 data=xxxxxxxxxxxxxxxxxxxxxxxxxxxxxxxxxxxxxxxxxxxxxxxxxxxxxxxxxxxxxxxx00000000xxxxxxxxxxxxxxxxxxxxxxxxxxxxxxxxxxxxxxxxxxxxxxxxxxxxxxxx
25: MEM Wr Req: addr=80001480 tag=42 byteen=0000000f00000000 data=xxxxxxxxxxxxxxxxxxxxxxxxxxxxxxxxxxxxxxxxxxxxxxxxxxxxxxxx00000000xxxxxxxxxxxxxxxxxxxxxxxxxxxxxxxxxxxxxxxxxxxxxxxxxxxxxxxxxxxxxxxx
26: MEM Wr Req: addr=80001480 tag=42 byteen=000000f000000000 data=xxxxxxxxxxxxxxxxxxxxxxxxxxxxxxxxxxxxxxxxxxxxxxxx00000000xxxxxxxxxxxxxxxxxxxxxxxxxxxxxxxxxxxxxxxxxxxxxxxxxxxxxxxxxxxxxxxxxxxxxxxx
27: MEM Wr Req: addr=80001480 tag=42 byteen=00000f0000000000 data=xxxxxxxxxxxxxxxxxxxxxxxxxxxxxxxxxxxxxxxx00000000xxxxxxxxxxxxxxxxxxxxxxxxxxxxxxxxxxxxxxxxxxxxxxxxxxxxxxxxxxxxxxxxxxxxxxxxxxxxxxxx
28: MEM Wr Req: addr=80001480 tag=42 byteen=0000f00000000000 data=xxxxxxxxxxxxxxxxxxxxxxxxxxxxxxxx00000000xxxxxxxxxxxxxxxxxxxxxxxxxxxxxxxxxxxxxxxxxxxxxxxxxxxxxxxxxxxxxxxxxxxxxxxxxxxxxxxxxxxxxxxx
29: MEM Wr Req: addr=80001480 tag=42 byteen=000f000000000000 data=xxxxxxxxxxxxxxxxxxxxxxxx00000000xxxxxxxxxxxxxxxxxxxxxxxxxxxxxxxxxxxxxxxxxxxxxxxxxxxxxxxxxxxxxxxxxxxxxxxxxxxxxxxxxxxxxxxxxxxxxxxx
30: MEM Wr Req: addr=80001480 tag=42 byteen=00f0000000000000 data=xxxxxxxxxxxxxxxx00000000xxxxxxxxxxxxxxxxxxxxxxxxxxxxxxxxxxxxxxxxxxxxxxxxxxxxxxxxxxxxxxxxxxxxxxxxxxxxxxxxxxxxxxxxxxxxxxxxxxxxxxxx
31: MEM Wr Req: addr=80001480 tag=42 byteen=0f00000000000000 data=xxxxxxxx00000000xxxxxxxxxxxxxxxxxxxxxxxxxxxxxxxxxxxxxxxxxxxxxxxxxxxxxxxxxxxxxxxxxxxxxxxxxxxxxxxxxxxxxxxxxxxxxxxxxxxxxxxxxxxxxxxx
32: MEM Wr Req: addr=80001480 tag=42 byteen=f000000000000000 data=00000000xxxxxxxxxxxxxxxxxxxxxxxxxxxxxxxxxxxxxxxxxxxxxxxxxxxxxxxxxxxxxxxxxxxxxxxxxxxxxxxxxxxxxxxxxxxxxxxxxxxxxxxxxxxxxxxxxxxxxxxx
33: MEM Wr Req: addr=800014c0 tag=62 byteen=0000000000000008 data=xxxxxxxxxxxxxxxxxxxxxxxxxxxxxxxxxxxxxxxxxxxxxxxxxxxxxxxxxxxxxxxxxxxxxxxxxxxxxxxxxxxxxxxxxxxxxxxxxxxxxxxxxxxxxxxxxxxxxxxx00xxxxxx
34: MEM Wr Req: addr=800014c0 tag=62 byteen=0000000000000004 data=xxxxxxxxxxxxxxxxxxxxxxxxxxxxxxxxxxxxxxxxxxxxxxxxxxxxxxxxxxxxxxxxxxxxxxxxxxxxxxxxxxxxxxxxxxxxxxxxxxxxxxxxxxxxxxxxxxxxxxxxxx00xxxx
35: MEM Wr Req: addr=800014c0 tag=62 byteen=0000000000000002 data=xxxxxxxxxxxxxxxxxxxxxxxxxxxxxxxxxxxxxxxxxxxxxxxxxxxxxxxxxxxxxxxxxxxxxxxxxxxxxxxxxxxxxxxxxxxxxxxxxxxxxxxxxxxxxxxxxxxxxxxxxxxx00xx
36: MEM Wr Req: addr=800014c0 tag=62 byteen=0000000000000001 data=xxxxxxxxxxxxxxxxxxxxxxxxxxxxxxxxxxxxxxxxxxxxxxxxxxxxxxxxxxxxxxxxxxxxxxxxxxxxxxxxxxxxxxxxxxxxxxxxxxxxxxxxxxxxxxxxxxxxxxxxxxxxxx00
37: MEM Wr Req: addr=80001140 tag=22 byteen=000000000f000000 data=xxxxxxxxxxxxxxxxxxxxxxxxxxxxxxxxxxxxxxxxxxxxxxxxxxxxxxxxxxxxxxxxxxxxxxxx8000115cxxxxxxxxxxxxxxxxxxxxxxxxxxxxxxxxxxxxxxxxxxxxxxxx
38: MEM Wr Req: addr=80001140 tag=22 byteen=0000000f00000000 data=xxxxxxxxxxxxxxxxxxxxxxxxxxxxxxxxxxxxxxxxxxxxxxxxxxxxxxxx00000001xxxxxxxxxxxxxxxxxxxxxxxxxxxxxxxxxxxxxxxxxxxxxxxxxxxxxxxxxxxxxxxx
39: MEM Wr Req: addr=80001140 tag=22 byteen=000000f000000000 data=xxxxxxxxxxxxxxxxxxxxxxxxxxxxxxxxxxxxxxxxxxxxxxxx8000023cxxxxxxxxxxxxxxxxxxxxxxxxxxxxxxxxxxxxxxxxxxxxxxxxxxxxxxxxxxxxxxxxxxxxxxxx
40: MEM Wr Req: addr=80001440 tag=22 byteen=000000000000000f data=xxxxxxxxxxxxxxxxxxxxxxxxxxxxxxxxxxxxxxxxxxxxxxxxxxxxxxxxxxxxxxxxxxxxxxxxxxxxxxxxxxxxxxxxxxxxxxxxxxxxxxxxxxxxxxxxxxxxxxxx00000003
41: MEM Wr Req: addr=80001140 tag=22 byteen=0000000f00000000 data=xxxxxxxxxxxxxxxxxxxxxxxxxxxxxxxxxxxxxxxxxxxxxxxxxxxxxxxx00000000xxxxxxxxxxxxxxxxxxxxxxxxxxxxxxxxxxxxxxxxxxxxxxxxxxxxxxxxxxxxxxxx

memory response transactions:
1: MEM Rsp: tag=0 data=40850513000015170005006b00100513120000ef00b5106b12c5859300000597fc1025730005006b0010051309c000ef00b5106b0a85859300000597fc102573
2: MEM Rsp: tag=0 data=ff00013775418193000011970005006bfff005130005006b0000051300040193000080670fd0006f23c505138000053700078863000007930000806700000513
3: MEM Rsp: tag=0 data=00008067fff00513000080670005006b0000051300068663cc3026f3fc02721300a2023342f202130000121702b505330000059340b1013300a51593cc102573
4: MEM Rsp: tag=0 data=0000061300000513069000ef00020413e98585930000159700020513000006130007806bfff007930081242300112623ff01011300008067f140257300008067
5: MEM Rsp: tag=0 data=06079863000507130035779304c7fe63003007930607926300c508b30037f79300a5c7b3ec8ff0ef00040513000780e70007846303c527834387a503800017b7
6: MEM Rsp: tag=0 data=00158593fed70fa300377793001707130005c68300008067ff1768e3fef70fa300158593001707130005c783ff157ce300050713000080670117686300f585b3
7: MEM Rsp: tag=0 data=00001917e4c40413000014170121202300812423ff01011300008067010101130081240300c120830007806b0017b793cc3027f3171000ef00a4053300000593
8: MEM Rsp: tag=0 data=0005071300f00313f19ff06ffaf768e3024585930247071302d7202301072e2300672c2301c72a2301d7282301e7262301f72423005720230205a68300d72223
9: MEM Rsp: tag=0 data=40c306b30000806700061463fed766e30107071300b7262300b7242300b7222300b7202300e686b300f67613ff067693080592630a07906300f7779302c37e63
10: MEM Rsp: tag=0 data=00b701a300b7022300b702a300b7032300b703a300b7042300b704a300b7052300b705a300b7062300b706a300b7072300c68067005686b30000029700269693
11: MEM Rsp: tag=0 data=00028093fa0680e700008293005686b30000029700279693f6dff06f00d5e5b30105969300d5e5b3008596930ff5f5930000806700b7002300b700a300b70123
12: MEM Rsp: tag=0 data=0007806bfff007933cf7282300001717003007931410006f008000ef148000ef139000ef1e850513000005172a9000ef0000059340a606334846061300001617
13: MEM Rsp: tag=0 data=2b4000ef00050413001126230081242300000593ff0101132300006f0000051300000613000006930005059300008067fff0051300008067fff0051300008067
14: MEM Rsp: tag=0 data=08c3242301078333020506630027181306e84e6301f008130047a70304078c63148727834387a703800017b7f3dff06ff6c378e300f6063340f70733ff078793
15: MEM Rsp: tag=2 data=80001010800010100000000000000000000000000000000000000000000000000000000000000000000000000000000000000000000000000000000000000000
16: MEM Rsp: tag=22 data=00000000000000000000000000000000000000000000000000000000000000000000000000000000000000000000000000000000000000000000000000000000
17: MEM Rsp: tag=0 data=14f7242314c70793000080670000051300b7a423010787b300e7a2230017071302d504630020069310d324231917a42300c8e8b300e61633001006131887a883
18: MEM Rsp: tag=0 data=4387aa0301412c23800017b7fd01011300008067fff00513000080670000051300b7a423010787b318c7a62300c6e63300e7a2230017071318c7a683fa5ff06f
19: MEM Rsp: tag=0 data=e0c9091300001917e104041300001417fe9918e3000780e70044041300148493000427830000049300090e6340295913009122230011262340890933e4490913
20: MEM Rsp: tag=0 data=ff010113000080670101011300012903004124830081240300c12083fe9918e3000780e70044041300148493000427830000049300090e634029591340890933
21: MEM Rsp: tag=2 data=0000000000000000000000000000000000000000000000000000000000000000800013cc80001364800012fc0000000000000000000000000000000080000088
22: MEM Rsp: tag=0 data=00492483fff0099300100a9300058b9300050b130409006301812423017126230161282301512a2301312e230291222302812423148a29030211262303212023
23: MEM Rsp: tag=0 data=01812a0301c1298302012903024124830281240302c12083ff3416e3ffc48493fff40413057780631044a783040b8463009904b30024949302044263fff48413
24: MEM Rsp: tag=0 data=00f777b300492c03008a973318892783fa0688e30004a22304878e63fff787930044a68300492783000080670301011300812c0300c12b8301012b0301412a83
25: MEM Rsp: tag=0 data=000000100000000000000008fffffb84000000180000001000020d1b01017c0100527a030000000000000010fb9ff06f000680e700058513fa9ff06f00892223
26: MEM Rsp: tag=62 data=00000000000000000000000000000000000000000000000000000000000000000000000000000000000000000000000000000000000000000000000000000000
27: MEM Rsp: tag=0 data=fcdff06f000680e7000b051300071c6300f777330844a58318c92783f5dff06f00078913f80788e3f8f904e301871463148a278300492703000680e702079263
28: MEM Rsp: tag=0 data=000780e7ffc40413fff484930004278300878433ffc78793020480634027d4930011262300912223408787b3db84041300001417dc0787930000179700812423
29: MEM Rsp: tag=0 data=00279613fc0025f3cc0026f3cc302773cc5027f301212023009122230081242300112623ff0101130000806701010113004124830081240300c12083fe0498e3
30: MEM Rsp: tag=22 data=00000000000000000000000000000000000000000000000000000000000000000000000000000000000000000000000000000000000000000000000000000000

