              555000: MEM Rd Req: addr=80000000, tag=0, byteen=x

              557000: MEM Rsp: tag=0, data=44850513000015170005006b001005131a0000ef00b5106b1ac5859300000597fc1025730005006b0010051311c000ef00b5106b1285859300000597fc102573

              617000: MEM Rd Req: addr=80000100, tag=0, byteen=x

              619000: MEM Rsp: tag=0, data=ff0001376d418193000011970005006bfff005130005006b00000513000401930000806700e7a02300c6873300f707b3000626030006a6830085a70300f60633

              689000: MEM Rd Req: addr=80000140, tag=0, byteen=x

              691000: MEM Rsp: tag=0, data=8067fff00513000080670005006b0000051300068663cc3026f3fc02721300a2023340b202130000121702b505330000059340b1013300a51593cc102573

              915000: MEM Rd Req: addr=800001c0, tag=0, byteen=x

              917000: MEM Rsp: tag=0, data=61300000513069000ef00020413e18585930000159700020513000006130007806bfff007930081242300112623ff01011300008067f140257300008067

             1053000: MEM Rd Req: addr=80000a40, tag=0, byteen=x

             1055000: MEM Rsp: tag=0, data=6079863000507130035779304c7fe63003007930607926300c508b30037f79300a5c7b3ec8ff0ef00040513000780e70007846303c527834787a503800017b7

             1141000: MEM Rd Req: addr=80000ac0, tag=0, byteen=x

             1143000: MEM Rsp: tag=0, data=158593fed70fa300377793001707130005c68300008067ff1768e3fef70fa300158593001707130005c783ff157ce300050713000080670117686300f585b3

             1219000: MEM Rd Req: addr=80000200, tag=0, byteen=x

             1221000: MEM Rsp: tag=0, data=1917dcc40413000014170121202300812423ff01011300008067010101130081240300c120830007806b0017b793cc3027f3171000ef00a4053300000593

             1271000: MEM Rd Req: addr=80000b40, tag=0, byteen=x

             1273000: MEM Rsp: tag=0, data=5071300f00313f19ff06ffaf768e3024585930247071302d7202301072e2300672c2301c72a2301d7282301e7262301f72423005720230205a68300d72223

             1307000: MEM Rd Req: addr=80000b80, tag=0, byteen=x

             1309000: MEM Rsp: tag=0, data=40c306b30000806700061463fed766e30107071300b7262300b7242300b7222300b7202300e686b300f67613ff067693080592630a07906300f7779302c37e63

             1349000: MEM Rd Req: addr=80000bc0, tag=0, byteen=x

             1351000: MEM Rsp: tag=0, data=b701a300b7022300b702a300b7032300b703a300b7042300b704a300b7052300b705a300b7062300b706a300b7072300c68067005686b30000029700269693

             1411000: MEM Rd Req: addr=80000c00, tag=0, byteen=x

             1413000: MEM Rsp: tag=0, data=28093fa0680e700008293005686b30000029700279693f6dff06f00d5e5b30105969300d5e5b3008596930ff5f5930000806700b7002300b700a300b70123

             1577000: MEM Rd Req: addr=80000040, tag=0, byteen=x

             1579000: MEM Rsp: tag=0, data=179702f12e2300f1262300100793fb0101131c10006f008000ef1c8000ef1b9000ef2685051300000517329000ef0000059340a606334e06061300001617

             1773000: MEM Wr Req: addr=80001480, tag=42, byteen=f data=x00000000

             1783000: MEM Wr Req: addr=80001480, tag=42, byteen=f0 data=x00000000xxxxxxxx

             1793000: MEM Wr Req: addr=80001480, tag=42, byteen=f00 data=x00000000xxxxxxxxxxxxxxxx

             1803000: MEM Wr Req: addr=80001480, tag=42, byteen=f000 data=x00000000xxxxxxxxxxxxxxxxxxxxxxxx

             1839000: MEM Wr Req: addr=80001480, tag=42, byteen=f0000 data=x00000000xxxxxxxxxxxxxxxxxxxxxxxxxxxxxxxx

             1849000: MEM Wr Req: addr=80001480, tag=42, byteen=f00000 data=x00000000xxxxxxxxxxxxxxxxxxxxxxxxxxxxxxxxxxxxxxxx

             1859000: MEM Wr Req: addr=80001480, tag=42, byteen=f000000 data=x00000000xxxxxxxxxxxxxxxxxxxxxxxxxxxxxxxxxxxxxxxxxxxxxxxx

             1869000: MEM Wr Req: addr=80001480, tag=42, byteen=f0000000 data=x00000000xxxxxxxxxxxxxxxxxxxxxxxxxxxxxxxxxxxxxxxxxxxxxxxxxxxxxxxx

             1905000: MEM Wr Req: addr=80001480, tag=42, byteen=f00000000 data=x00000000xxxxxxxxxxxxxxxxxxxxxxxxxxxxxxxxxxxxxxxxxxxxxxxxxxxxxxxxxxxxxxxx

             1915000: MEM Wr Req: addr=80001480, tag=42, byteen=f000000000 data=x00000000xxxxxxxxxxxxxxxxxxxxxxxxxxxxxxxxxxxxxxxxxxxxxxxxxxxxxxxxxxxxxxxxxxxxxxxx

             1925000: MEM Wr Req: addr=80001480, tag=42, byteen=f0000000000 data=x00000000xxxxxxxxxxxxxxxxxxxxxxxxxxxxxxxxxxxxxxxxxxxxxxxxxxxxxxxxxxxxxxxxxxxxxxxxxxxxxxxx

             1935000: MEM Wr Req: addr=80001480, tag=42, byteen=f00000000000 data=x00000000xxxxxxxxxxxxxxxxxxxxxxxxxxxxxxxxxxxxxxxxxxxxxxxxxxxxxxxxxxxxxxxxxxxxxxxxxxxxxxxxxxxxxxxx

             1971000: MEM Wr Req: addr=80001480, tag=42, byteen=f000000000000 data=x00000000xxxxxxxxxxxxxxxxxxxxxxxxxxxxxxxxxxxxxxxxxxxxxxxxxxxxxxxxxxxxxxxxxxxxxxxxxxxxxxxxxxxxxxxxxxxxxxxx

             1981000: MEM Wr Req: addr=80001480, tag=42, byteen=f0000000000000 data=x00000000xxxxxxxxxxxxxxxxxxxxxxxxxxxxxxxxxxxxxxxxxxxxxxxxxxxxxxxxxxxxxxxxxxxxxxxxxxxxxxxxxxxxxxxxxxxxxxxxxxxxxxxx

             1991000: MEM Wr Req: addr=80001480, tag=42, byteen=f00000000000000 data=x00000000xxxxxxxxxxxxxxxxxxxxxxxxxxxxxxxxxxxxxxxxxxxxxxxxxxxxxxxxxxxxxxxxxxxxxxxxxxxxxxxxxxxxxxxxxxxxxxxxxxxxxxxxxxxxxxxx

             2001000: MEM Wr Req: addr=80001480, tag=42, byteen=f000000000000000 data=0xxxxxxxxxxxxxxxxxxxxxxxxxxxxxxxxxxxxxxxxxxxxxxxxxxxxxxxxxxxxxxxxxxxxxxxxxxxxxxxxxxxxxxxxxxxxxxxxxxxxxxxxxxxxxxxxxxxxxxxx

             2037000: MEM Wr Req: addr=800014c0, tag=62, byteen=f data=x00000000

             2047000: MEM Wr Req: addr=800014c0, tag=62, byteen=f0 data=x00000000xxxxxxxx

             2057000: MEM Wr Req: addr=800014c0, tag=62, byteen=f00 data=x00000000xxxxxxxxxxxxxxxx

             2067000: MEM Wr Req: addr=800014c0, tag=62, byteen=f000 data=x00000000xxxxxxxxxxxxxxxxxxxxxxxx

             2103000: MEM Wr Req: addr=800014c0, tag=62, byteen=f0000 data=x00000000xxxxxxxxxxxxxxxxxxxxxxxxxxxxxxxx

             2113000: MEM Wr Req: addr=800014c0, tag=62, byteen=f00000 data=x00000000xxxxxxxxxxxxxxxxxxxxxxxxxxxxxxxxxxxxxxxx

             2123000: MEM Wr Req: addr=800014c0, tag=62, byteen=f000000 data=x00000000xxxxxxxxxxxxxxxxxxxxxxxxxxxxxxxxxxxxxxxxxxxxxxxx

             2133000: MEM Wr Req: addr=800014c0, tag=62, byteen=f0000000 data=x00000000xxxxxxxxxxxxxxxxxxxxxxxxxxxxxxxxxxxxxxxxxxxxxxxxxxxxxxxx

             2169000: MEM Wr Req: addr=800014c0, tag=62, byteen=f00000000 data=x00000000xxxxxxxxxxxxxxxxxxxxxxxxxxxxxxxxxxxxxxxxxxxxxxxxxxxxxxxxxxxxxxxx

             2179000: MEM Wr Req: addr=800014c0, tag=62, byteen=f000000000 data=x00000000xxxxxxxxxxxxxxxxxxxxxxxxxxxxxxxxxxxxxxxxxxxxxxxxxxxxxxxxxxxxxxxxxxxxxxxx

             2189000: MEM Wr Req: addr=800014c0, tag=62, byteen=f0000000000 data=x00000000xxxxxxxxxxxxxxxxxxxxxxxxxxxxxxxxxxxxxxxxxxxxxxxxxxxxxxxxxxxxxxxxxxxxxxxxxxxxxxxx

             2199000: MEM Wr Req: addr=800014c0, tag=62, byteen=f00000000000 data=x00000000xxxxxxxxxxxxxxxxxxxxxxxxxxxxxxxxxxxxxxxxxxxxxxxxxxxxxxxxxxxxxxxxxxxxxxxxxxxxxxxxxxxxxxxx

             2235000: MEM Wr Req: addr=800014c0, tag=62, byteen=f000000000000 data=x00000000xxxxxxxxxxxxxxxxxxxxxxxxxxxxxxxxxxxxxxxxxxxxxxxxxxxxxxxxxxxxxxxxxxxxxxxxxxxxxxxxxxxxxxxxxxxxxxxx

             2245000: MEM Wr Req: addr=800014c0, tag=62, byteen=f0000000000000 data=x00000000xxxxxxxxxxxxxxxxxxxxxxxxxxxxxxxxxxxxxxxxxxxxxxxxxxxxxxxxxxxxxxxxxxxxxxxxxxxxxxxxxxxxxxxxxxxxxxxxxxxxxxxx

             2255000: MEM Wr Req: addr=800014c0, tag=62, byteen=f00000000000000 data=x00000000xxxxxxxxxxxxxxxxxxxxxxxxxxxxxxxxxxxxxxxxxxxxxxxxxxxxxxxxxxxxxxxxxxxxxxxxxxxxxxxxxxxxxxxxxxxxxxxxxxxxxxxxxxxxxxxx

             2265000: MEM Wr Req: addr=800014c0, tag=62, byteen=f000000000000000 data=0xxxxxxxxxxxxxxxxxxxxxxxxxxxxxxxxxxxxxxxxxxxxxxxxxxxxxxxxxxxxxxxxxxxxxxxxxxxxxxxxxxxxxxxxxxxxxxxxxxxxxxxxxxxxxxxxxxxxxxxx

             2301000: MEM Wr Req: addr=80001500, tag=2, byteen=f data=x00000000

             2311000: MEM Wr Req: addr=80001500, tag=2, byteen=f0 data=x00000000xxxxxxxx

             2321000: MEM Wr Req: addr=80001500, tag=2, byteen=f00 data=x00000000xxxxxxxxxxxxxxxx

             2331000: MEM Wr Req: addr=80001500, tag=2, byteen=f000 data=x00000000xxxxxxxxxxxxxxxxxxxxxxxx

             2367000: MEM Wr Req: addr=80001500, tag=2, byteen=f0000 data=x00000000xxxxxxxxxxxxxxxxxxxxxxxxxxxxxxxx

             2377000: MEM Wr Req: addr=80001500, tag=2, byteen=f00000 data=x00000000xxxxxxxxxxxxxxxxxxxxxxxxxxxxxxxxxxxxxxxx

             2387000: MEM Wr Req: addr=80001500, tag=2, byteen=f000000 data=x00000000xxxxxxxxxxxxxxxxxxxxxxxxxxxxxxxxxxxxxxxxxxxxxxxx

             2397000: MEM Wr Req: addr=80001500, tag=2, byteen=f0000000 data=x00000000xxxxxxxxxxxxxxxxxxxxxxxxxxxxxxxxxxxxxxxxxxxxxxxxxxxxxxxx

             2485000: MEM Rd Req: addr=80000a00, tag=0, byteen=x

             2487000: MEM Rsp: tag=0, data=2b4000ef00050413001126230081242300000593ff0101132300006f0000051300000613000006930005059300008067fff0051300008067fff0051300008067

             2557000: MEM Rd Req: addr=80000c40, tag=0, byteen=x

             2559000: MEM Rsp: tag=0, data=8c3242301078333020506630027181306e84e6301f008130047a70304078c63148727834787a703800017b7f3dff06ff6c378e300f6063340f70733ff078793

             2599000: MEM Rd Req: addr=80001440, tag=22, byteen=f00000000000000

             2601000: MEM Rsp: tag=22, data=80001050800010500000000000000000000000000000000000000000000000000000000000000000000000000000000000000000000000000000000000000000

             2641000: MEM Rd Req: addr=80001180, tag=42, byteen=f000000

             2643000: MEM Rsp: tag=42, data=0

             2683000: MEM Rd Req: addr=80000c80, tag=0, byteen=x

             2685000: MEM Rsp: tag=0, data=14f7242314c70793000080670000051300b7a423010787b300e7a2230017071302d504630020069310d324231917a42300c8e8b300e61633001006131887a883

             2719000: MEM Rd Req: addr=80000cc0, tag=0, byteen=x

             2721000: MEM Rsp: tag=0, data=4787aa0301412c23800017b7fd01011300008067fff00513000080670000051300b7a423010787b318c7a62300c6e63300e7a2230017071318c7a683fa5ff06f

             2725000: MEM Wr Req: addr=80001180, tag=42, byteen=f000000 data=x8000119cxxxxxxxxxxxxxxxxxxxxxxxxxxxxxxxxxxxxxxxxxxxxxxxx

             2843000: MEM Wr Req: addr=80001180, tag=42, byteen=f00000000 data=x00000001xxxxxxxxxxxxxxxxxxxxxxxxxxxxxxxxxxxxxxxxxxxxxxxxxxxxxxxxxxxxxxxx

             2863000: MEM Wr Req: addr=80001180, tag=42, byteen=f000000000 data=x800002bcxxxxxxxxxxxxxxxxxxxxxxxxxxxxxxxxxxxxxxxxxxxxxxxxxxxxxxxxxxxxxxxxxxxxxxxx

             2959000: MEM Rd Req: addr=80000240, tag=0, byteen=x

             2961000: MEM Rsp: tag=0, data=d8c9091300001917d904041300001417fe9918e3000780e70044041300148493000427830000049300090e6340295913009122230011262340890933dc490913

             3081000: MEM Rd Req: addr=80000280, tag=0, byteen=x

             3083000: MEM Rsp: tag=0, data=ff010113000080670101011300012903004124830081240300c12083fe9918e3000780e70044041300148493000427830000049300090e634029591340890933

             3159000: MEM Rd Req: addr=80001000, tag=2, byteen=f

             3161000: MEM Rsp: tag=2, data=50000000900000002000000080000000200000003000000070000000600000005000000040000000500000003000000010000000000000000800000d4

             3201000: MEM Rd Req: addr=800000c0, tag=0, byteen=x

             3203000: MEM Rsp: tag=0, data=f686b3002797930045a6030005a683cc2027f3000080671310006f2bc5051380000537000788630000079300008067050101130000051304c120836cc000ef

             3407000: MEM Rd Req: addr=80000080, tag=0, byteen=x

             3409000: MEM Rsp: tag=0, data=f1242302e1222300012c230411262304458593000005973e07879300001797008007130001061300f1222300c10513fa0787930000179700f12023f8c78793

             3599000: MEM Rd Req: addr=80000780, tag=0, byteen=x

             3601000: MEM Rsp: tag=0, data=45268300052e030ef7466301f00713cc5027f3fc0024f3fc102373fc2028f303212023029122230281242302112623fd010113000080670301011302012903

             3751000: MEM Rd Req: addr=800007c0, tag=0, byteen=x

             3753000: MEM Rsp: tag=0, data=294493301e7043302e8673300f89663000f041302e84f33fff888930ce7d0630ce8ce6303d84733010ed4630306883302de06b30010071302930eb300852803

             4087000: MEM Rd Req: addr=80000800, tag=0, byteen=x

             4089000: MEM Rsp: tag=0, data=41785813e007875301c8fe3300def6b3d00e77d3e0078853fff68e93fffe0893d006f7d302696fb3000f8293000f866302694fb3001002930c69406302946433

             4481000: MEM Rd Req: addr=80000840, tag=0, byteen=x

             4483000: MEM Rsp: tag=0, data=1010f2301c10ea300d10e2300012c2301f12a230051282300c1242300b1222300a12023f8170713f8180813001e3e130016b69341775713c608889300001897

             4657000: MEM Rd Req: addr=80000880, tag=0, byteen=x

             4659000: MEM Rsp: tag=0, data=f2e7c4e300088713000080670301011302012903024124830281240302c120830604166303204c6301e126230027a02300f887b30027979302ff0f3300e10fa3

             4729000: MEM Wr Req: addr=80001480, tag=42, byteen=f00000000 data=xfeffff80xxxxxxxxxxxxxxxxxxxxxxxxxxxxxxxxxxxxxxxxxxxxxxxxxxxxxxxxxxxxxxxx

             4999000: MEM Rd Req: addr=80000d00, tag=0, byteen=x

             5001000: MEM Rsp: tag=0, data=492483fff0099300100a9300058b9300050b130409006301812423017126230161282301512a2301312e230291222302812423148a29030211262303212023

             5181000: MEM Rd Req: addr=80000d40, tag=0, byteen=x

             5183000: MEM Rsp: tag=0, data=1812a0301c1298302012903024124830281240302c12083ff3416e3ffc48493fff40413057780631044a783040b8463009904b30024949302044263fff48413

             5259000: MEM Rd Req: addr=80000d80, tag=0, byteen=x

             5261000: MEM Rsp: tag=0, data=f777b300492c03008a973318892783fa0688e30004a22304878e63fff787930044a68300492783000080670301011300812c0300c12b8301012b0301412a83

             5325000: MEM Rd Req: addr=80000e00, tag=0, byteen=x

             5327000: MEM Rsp: tag=0, data=100000000000000008fffffb84000000180000001000020d1b01017c0100527a030000000000000010fb9ff06f000680e700058513fa9ff06f00892223

             5357000: MEM Wr Req: addr=80001180, tag=42, byteen=f00000000 data=x00000000xxxxxxxxxxxxxxxxxxxxxxxxxxxxxxxxxxxxxxxxxxxxxxxxxxxxxxxxxxxxxxxx

             5399000: MEM Rd Req: addr=80001300, tag=2, byteen=f000000000

             5401000: MEM Rsp: tag=2, data=0

             5423000: MEM Rd Req: addr=80000dc0, tag=0, byteen=x

             5425000: MEM Rsp: tag=0, data=fcdff06f000680e7000b051300071c6300f777330844a58318c92783f5dff06f00078913f80788e3f8f904e301871463148a278300492703000680e702079263

             5481000: MEM Rd Req: addr=800002c0, tag=0, byteen=x

             5483000: MEM Rsp: tag=0, data=780e7ffc40413fff484930004278300878433ffc78793020480634027d4930011262300912223408787b3d384041300001417d40787930000179700812423

             5603000: MEM Rd Req: addr=80000300, tag=0, byteen=x

             5605000: MEM Rsp: tag=0, data=279613fc0025f3cc0026f3cc302773cc5027f301212023009122230081242300112623ff0101130000806701010113004124830081240300c12083fe0498e3

             5943000: MEM Rd Req: addr=80001080, tag=42, byteen=f000

             5945000: MEM Rsp: tag=42, data=0

